/home/sujeong/rokey2_D1_Driving1/install/driving1/lib/python3.10/site-packages/driving1/db_handler.py
/home/sujeong/rokey2_D1_Driving1/install/driving1/lib/python3.10/site-packages/driving1/jokfinal4.py
/home/sujeong/rokey2_D1_Driving1/install/driving1/lib/python3.10/site-packages/driving1/today_stock_forced.py
/home/sujeong/rokey2_D1_Driving1/install/driving1/lib/python3.10/site-packages/driving1/__init__.py
/home/sujeong/rokey2_D1_Driving1/install/driving1/lib/python3.10/site-packages/driving1/kitchen_gui.py
/home/sujeong/rokey2_D1_Driving1/install/driving1/lib/python3.10/site-packages/driving1/kitchen_main.py
/home/sujeong/rokey2_D1_Driving1/install/driving1/lib/python3.10/site-packages/driving1/ros_kitchen_nodes.py
/home/sujeong/rokey2_D1_Driving1/install/driving1/lib/python3.10/site-packages/driving1/ui_order.py
/home/sujeong/rokey2_D1_Driving1/install/driving1/lib/python3.10/site-packages/driving1/__pycache__/db_handler.cpython-310.pyc
/home/sujeong/rokey2_D1_Driving1/install/driving1/lib/python3.10/site-packages/driving1/__pycache__/jokfinal4.cpython-310.pyc
/home/sujeong/rokey2_D1_Driving1/install/driving1/lib/python3.10/site-packages/driving1/__pycache__/today_stock_forced.cpython-310.pyc
/home/sujeong/rokey2_D1_Driving1/install/driving1/lib/python3.10/site-packages/driving1/__pycache__/__init__.cpython-310.pyc
/home/sujeong/rokey2_D1_Driving1/install/driving1/lib/python3.10/site-packages/driving1/__pycache__/kitchen_gui.cpython-310.pyc
/home/sujeong/rokey2_D1_Driving1/install/driving1/lib/python3.10/site-packages/driving1/__pycache__/kitchen_main.cpython-310.pyc
/home/sujeong/rokey2_D1_Driving1/install/driving1/lib/python3.10/site-packages/driving1/__pycache__/ros_kitchen_nodes.cpython-310.pyc
/home/sujeong/rokey2_D1_Driving1/install/driving1/lib/python3.10/site-packages/driving1/__pycache__/ui_order.cpython-310.pyc
/home/sujeong/rokey2_D1_Driving1/install/driving1/share/ament_index/resource_index/packages/driving1
/home/sujeong/rokey2_D1_Driving1/install/driving1/share/driving1/package.xml
/home/sujeong/rokey2_D1_Driving1/install/driving1/lib/python3.10/site-packages/driving1-0.0.0-py3.10.egg-info/top_level.txt
/home/sujeong/rokey2_D1_Driving1/install/driving1/lib/python3.10/site-packages/driving1-0.0.0-py3.10.egg-info/PKG-INFO
/home/sujeong/rokey2_D1_Driving1/install/driving1/lib/python3.10/site-packages/driving1-0.0.0-py3.10.egg-info/entry_points.txt
/home/sujeong/rokey2_D1_Driving1/install/driving1/lib/python3.10/site-packages/driving1-0.0.0-py3.10.egg-info/zip-safe
/home/sujeong/rokey2_D1_Driving1/install/driving1/lib/python3.10/site-packages/driving1-0.0.0-py3.10.egg-info/SOURCES.txt
/home/sujeong/rokey2_D1_Driving1/install/driving1/lib/python3.10/site-packages/driving1-0.0.0-py3.10.egg-info/requires.txt
/home/sujeong/rokey2_D1_Driving1/install/driving1/lib/python3.10/site-packages/driving1-0.0.0-py3.10.egg-info/dependency_links.txt
/home/sujeong/rokey2_D1_Driving1/install/driving1/lib/driving1/kitchen_gui
