-- Found ament_cmake: 1.3.10 (/opt/ros/humble/share/ament_cmake/cmake)
-- Found rosidl_default_generators: 1.2.0 (/opt/ros/humble/share/rosidl_default_generators/cmake)
-- Using all available rosidl_typesupport_c: rosidl_typesupport_fastrtps_c;rosidl_typesupport_introspection_c
-- Found rosidl_adapter: 3.1.5 (/opt/ros/humble/share/rosidl_adapter/cmake)
-- Using all available rosidl_typesupport_cpp: rosidl_typesupport_fastrtps_cpp;rosidl_typesupport_introspection_cpp
-- Found ament_cmake_ros: 0.10.0 (/opt/ros/humble/share/ament_cmake_ros/cmake)
-- Using all available rosidl_typesupport_c: rosidl_typesupport_fastrtps_c;rosidl_typesupport_introspection_c
-- Using all available rosidl_typesupport_cpp: rosidl_typesupport_fastrtps_cpp;rosidl_typesupport_introspection_cpp
-- Found python_cmake_module: 0.10.0 (/opt/ros/humble/share/python_cmake_module/cmake)
-- Using PYTHON_EXECUTABLE: /usr/bin/python3
-- Using PYTHON_INCLUDE_DIRS: /usr/include/python3.10
-- Using PYTHON_LIBRARIES: /usr/lib/x86_64-linux-gnu/libpython3.10.so
-- Found ament_lint_auto: 0.12.11 (/opt/ros/humble/share/ament_lint_auto/cmake)
-- Added test 'lint_cmake' to check CMake code style
-- Added test 'xmllint' to check XML markup files
-- Configuring done
-- Generating done
-- Build files have been written to: /home/yeonho/project3_ws/build/project3_interfaces
[  3%] [34m[1mGenerating C code for ROS interfaces[0m
[  6%] [34m[1mGenerating C++ code for ROS interfaces[0m
[  6%] Built target ament_cmake_python_copy_project3_interfaces
[35m[1mConsolidate compiler generated dependencies of target project3_interfaces__rosidl_generator_c[0m
[  6%] Built target project3_interfaces__cpp
[  9%] [32mBuilding C object CMakeFiles/project3_interfaces__rosidl_generator_c.dir/rosidl_generator_c/project3_interfaces/msg/detail/table_command__functions.c.o[0m
[ 19%] [34m[1mGenerating C++ type support for eProsima Fast-RTPS[0m
[ 19%] [34m[1mGenerating C++ introspection for ROS interfaces[0m
[ 19%] [34m[1mGenerating C++ type support dispatch for ROS interfaces[0m
[ 22%] [32m[1mLinking C shared library libproject3_interfaces__rosidl_generator_c.so[0m
running egg_info
writing project3_interfaces.egg-info/PKG-INFO
writing dependency_links to project3_interfaces.egg-info/dependency_links.txt
writing top-level names to project3_interfaces.egg-info/top_level.txt
reading manifest file 'project3_interfaces.egg-info/SOURCES.txt'
writing manifest file 'project3_interfaces.egg-info/SOURCES.txt'
[ 22%] Built target project3_interfaces__rosidl_generator_c
[ 25%] [34m[1mGenerating C type support for eProsima Fast-RTPS[0m
[ 25%] Built target ament_cmake_python_build_project3_interfaces_egg
[ 29%] [34m[1mGenerating C introspection for ROS interfaces[0m
[ 32%] [34m[1mGenerating C type support dispatch for ROS interfaces[0m
[35m[1mConsolidate compiler generated dependencies of target project3_interfaces__rosidl_typesupport_cpp[0m
[ 35%] [32mBuilding CXX object CMakeFiles/project3_interfaces__rosidl_typesupport_cpp.dir/rosidl_typesupport_cpp/project3_interfaces/msg/table_command__type_support.cpp.o[0m
[35m[1mConsolidate compiler generated dependencies of target project3_interfaces__rosidl_typesupport_introspection_cpp[0m
[ 38%] [32mBuilding CXX object CMakeFiles/project3_interfaces__rosidl_typesupport_introspection_cpp.dir/rosidl_typesupport_introspection_cpp/project3_interfaces/msg/detail/table_command__type_support.cpp.o[0m
[35m[1mConsolidate compiler generated dependencies of target project3_interfaces__rosidl_typesupport_fastrtps_cpp[0m
[ 41%] [32mBuilding CXX object CMakeFiles/project3_interfaces__rosidl_typesupport_fastrtps_cpp.dir/rosidl_typesupport_fastrtps_cpp/project3_interfaces/msg/detail/dds_fastrtps/table_command__type_support.cpp.o[0m
[35m[1mConsolidate compiler generated dependencies of target project3_interfaces__rosidl_typesupport_introspection_c[0m
[35m[1mConsolidate compiler generated dependencies of target project3_interfaces__rosidl_typesupport_fastrtps_c[0m
[ 45%] [32mBuilding C object CMakeFiles/project3_interfaces__rosidl_typesupport_introspection_c.dir/rosidl_typesupport_introspection_c/project3_interfaces/msg/detail/table_command__type_support.c.o[0m
[ 48%] [32mBuilding CXX object CMakeFiles/project3_interfaces__rosidl_typesupport_fastrtps_c.dir/rosidl_typesupport_fastrtps_c/project3_interfaces/msg/detail/table_command__type_support_c.cpp.o[0m
[ 51%] [32m[1mLinking C shared library libproject3_interfaces__rosidl_typesupport_introspection_c.so[0m
[35m[1mConsolidate compiler generated dependencies of target project3_interfaces__rosidl_typesupport_c[0m
[ 54%] [32mBuilding CXX object CMakeFiles/project3_interfaces__rosidl_typesupport_c.dir/rosidl_typesupport_c/project3_interfaces/msg/table_command__type_support.cpp.o[0m
[ 54%] Built target project3_interfaces__rosidl_typesupport_introspection_c
[ 58%] [32m[1mLinking CXX shared library libproject3_interfaces__rosidl_typesupport_c.so[0m
[ 61%] [32m[1mLinking CXX shared library libproject3_interfaces__rosidl_typesupport_cpp.so[0m
[ 61%] Built target project3_interfaces__rosidl_typesupport_c
[ 61%] Built target project3_interfaces__rosidl_typesupport_cpp
[ 64%] [32m[1mLinking CXX shared library libproject3_interfaces__rosidl_typesupport_introspection_cpp.so[0m
[ 67%] [32m[1mLinking CXX shared library libproject3_interfaces__rosidl_typesupport_fastrtps_cpp.so[0m
[ 70%] [32m[1mLinking CXX shared library libproject3_interfaces__rosidl_typesupport_fastrtps_c.so[0m
[ 70%] Built target project3_interfaces__rosidl_typesupport_introspection_cpp
[ 70%] Built target project3_interfaces__rosidl_typesupport_fastrtps_cpp
[ 70%] Built target project3_interfaces__rosidl_typesupport_fastrtps_c
[ 70%] Built target project3_interfaces
[ 74%] [34m[1mGenerating Python code for ROS interfaces[0m
[ 74%] Built target project3_interfaces__py
[35m[1mConsolidate compiler generated dependencies of target project3_interfaces__rosidl_generator_py[0m
[ 77%] [32mBuilding C object CMakeFiles/project3_interfaces__rosidl_generator_py.dir/rosidl_generator_py/project3_interfaces/msg/_table_command_s.c.o[0m
[ 80%] [32m[1mLinking C shared library rosidl_generator_py/project3_interfaces/libproject3_interfaces__rosidl_generator_py.so[0m
[ 80%] Built target project3_interfaces__rosidl_generator_py
[35m[1mConsolidate compiler generated dependencies of target project3_interfaces__rosidl_typesupport_c__pyext[0m
[35m[1mConsolidate compiler generated dependencies of target project3_interfaces__rosidl_typesupport_introspection_c__pyext[0m
[35m[1mConsolidate compiler generated dependencies of target project3_interfaces__rosidl_typesupport_fastrtps_c__pyext[0m
[ 90%] [32mBuilding C object CMakeFiles/project3_interfaces__rosidl_typesupport_fastrtps_c__pyext.dir/rosidl_generator_py/project3_interfaces/_project3_interfaces_s.ep.rosidl_typesupport_fastrtps_c.c.o[0m
[ 90%] [32mBuilding C object CMakeFiles/project3_interfaces__rosidl_typesupport_c__pyext.dir/rosidl_generator_py/project3_interfaces/_project3_interfaces_s.ep.rosidl_typesupport_c.c.o[0m
[ 90%] [32mBuilding C object CMakeFiles/project3_interfaces__rosidl_typesupport_introspection_c__pyext.dir/rosidl_generator_py/project3_interfaces/_project3_interfaces_s.ep.rosidl_typesupport_introspection_c.c.o[0m
[ 96%] [32m[1mLinking C shared library rosidl_generator_py/project3_interfaces/project3_interfaces_s__rosidl_typesupport_c.cpython-310-x86_64-linux-gnu.so[0m
[ 96%] [32m[1mLinking C shared library rosidl_generator_py/project3_interfaces/project3_interfaces_s__rosidl_typesupport_introspection_c.cpython-310-x86_64-linux-gnu.so[0m
[100%] [32m[1mLinking C shared library rosidl_generator_py/project3_interfaces/project3_interfaces_s__rosidl_typesupport_fastrtps_c.cpython-310-x86_64-linux-gnu.so[0m
[100%] Built target project3_interfaces__rosidl_typesupport_c__pyext
[100%] Built target project3_interfaces__rosidl_typesupport_introspection_c__pyext
[100%] Built target project3_interfaces__rosidl_typesupport_fastrtps_c__pyext
-- Install configuration: ""
-- Up-to-date: /home/yeonho/project3_ws/install/project3_interfaces/share/ament_index/resource_index/rosidl_interfaces/project3_interfaces
-- Up-to-date: /home/yeonho/project3_ws/install/project3_interfaces/include/project3_interfaces/project3_interfaces
-- Up-to-date: /home/yeonho/project3_ws/install/project3_interfaces/include/project3_interfaces/project3_interfaces/msg
-- Up-to-date: /home/yeonho/project3_ws/install/project3_interfaces/include/project3_interfaces/project3_interfaces/msg/rosidl_generator_c__visibility_control.h
-- Installing: /home/yeonho/project3_ws/install/project3_interfaces/include/project3_interfaces/project3_interfaces/msg/table_command.h
-- Up-to-date: /home/yeonho/project3_ws/install/project3_interfaces/include/project3_interfaces/project3_interfaces/msg/detail
-- Installing: /home/yeonho/project3_ws/install/project3_interfaces/include/project3_interfaces/project3_interfaces/msg/detail/table_command__functions.h
-- Installing: /home/yeonho/project3_ws/install/project3_interfaces/include/project3_interfaces/project3_interfaces/msg/detail/table_command__struct.h
-- Installing: /home/yeonho/project3_ws/install/project3_interfaces/include/project3_interfaces/project3_interfaces/msg/detail/table_command__type_support.h
-- Installing: /home/yeonho/project3_ws/install/project3_interfaces/include/project3_interfaces/project3_interfaces/msg/detail/table_command__functions.c
-- Up-to-date: /home/yeonho/project3_ws/install/project3_interfaces/share/project3_interfaces/environment/library_path.sh
-- Installing: /home/yeonho/project3_ws/install/project3_interfaces/share/project3_interfaces/environment/library_path.dsv
-- Installing: /home/yeonho/project3_ws/install/project3_interfaces/lib/libproject3_interfaces__rosidl_generator_c.so
-- Set runtime path of "/home/yeonho/project3_ws/install/project3_interfaces/lib/libproject3_interfaces__rosidl_generator_c.so" to ""
-- Up-to-date: /home/yeonho/project3_ws/install/project3_interfaces/include/project3_interfaces/project3_interfaces
-- Up-to-date: /home/yeonho/project3_ws/install/project3_interfaces/include/project3_interfaces/project3_interfaces/msg
-- Up-to-date: /home/yeonho/project3_ws/install/project3_interfaces/include/project3_interfaces/project3_interfaces/msg/rosidl_typesupport_fastrtps_c__visibility_control.h
-- Up-to-date: /home/yeonho/project3_ws/install/project3_interfaces/include/project3_interfaces/project3_interfaces/msg/detail
-- Installing: /home/yeonho/project3_ws/install/project3_interfaces/include/project3_interfaces/project3_interfaces/msg/detail/table_command__rosidl_typesupport_fastrtps_c.h
-- Installing: /home/yeonho/project3_ws/install/project3_interfaces/lib/libproject3_interfaces__rosidl_typesupport_fastrtps_c.so
-- Set runtime path of "/home/yeonho/project3_ws/install/project3_interfaces/lib/libproject3_interfaces__rosidl_typesupport_fastrtps_c.so" to ""
-- Up-to-date: /home/yeonho/project3_ws/install/project3_interfaces/include/project3_interfaces/project3_interfaces
-- Up-to-date: /home/yeonho/project3_ws/install/project3_interfaces/include/project3_interfaces/project3_interfaces/msg
-- Up-to-date: /home/yeonho/project3_ws/install/project3_interfaces/include/project3_interfaces/project3_interfaces/msg/rosidl_typesupport_introspection_c__visibility_control.h
-- Up-to-date: /home/yeonho/project3_ws/install/project3_interfaces/include/project3_interfaces/project3_interfaces/msg/detail
-- Installing: /home/yeonho/project3_ws/install/project3_interfaces/include/project3_interfaces/project3_interfaces/msg/detail/table_command__rosidl_typesupport_introspection_c.h
-- Installing: /home/yeonho/project3_ws/install/project3_interfaces/include/project3_interfaces/project3_interfaces/msg/detail/table_command__type_support.c
-- Installing: /home/yeonho/project3_ws/install/project3_interfaces/lib/libproject3_interfaces__rosidl_typesupport_introspection_c.so
-- Set runtime path of "/home/yeonho/project3_ws/install/project3_interfaces/lib/libproject3_interfaces__rosidl_typesupport_introspection_c.so" to ""
-- Installing: /home/yeonho/project3_ws/install/project3_interfaces/lib/libproject3_interfaces__rosidl_typesupport_c.so
-- Set runtime path of "/home/yeonho/project3_ws/install/project3_interfaces/lib/libproject3_interfaces__rosidl_typesupport_c.so" to ""
-- Up-to-date: /home/yeonho/project3_ws/install/project3_interfaces/include/project3_interfaces/project3_interfaces
-- Up-to-date: /home/yeonho/project3_ws/install/project3_interfaces/include/project3_interfaces/project3_interfaces/msg
-- Installing: /home/yeonho/project3_ws/install/project3_interfaces/include/project3_interfaces/project3_interfaces/msg/table_command.hpp
-- Up-to-date: /home/yeonho/project3_ws/install/project3_interfaces/include/project3_interfaces/project3_interfaces/msg/detail
-- Installing: /home/yeonho/project3_ws/install/project3_interfaces/include/project3_interfaces/project3_interfaces/msg/detail/table_command__builder.hpp
-- Installing: /home/yeonho/project3_ws/install/project3_interfaces/include/project3_interfaces/project3_interfaces/msg/detail/table_command__traits.hpp
-- Installing: /home/yeonho/project3_ws/install/project3_interfaces/include/project3_interfaces/project3_interfaces/msg/detail/table_command__struct.hpp
-- Up-to-date: /home/yeonho/project3_ws/install/project3_interfaces/include/project3_interfaces/project3_interfaces
-- Up-to-date: /home/yeonho/project3_ws/install/project3_interfaces/include/project3_interfaces/project3_interfaces/msg
-- Up-to-date: /home/yeonho/project3_ws/install/project3_interfaces/include/project3_interfaces/project3_interfaces/msg/rosidl_typesupport_fastrtps_cpp__visibility_control.h
-- Up-to-date: /home/yeonho/project3_ws/install/project3_interfaces/include/project3_interfaces/project3_interfaces/msg/detail
-- Installing: /home/yeonho/project3_ws/install/project3_interfaces/include/project3_interfaces/project3_interfaces/msg/detail/table_command__rosidl_typesupport_fastrtps_cpp.hpp
-- Up-to-date: /home/yeonho/project3_ws/install/project3_interfaces/include/project3_interfaces/project3_interfaces/msg/detail/dds_fastrtps
-- Installing: /home/yeonho/project3_ws/install/project3_interfaces/lib/libproject3_interfaces__rosidl_typesupport_fastrtps_cpp.so
-- Set runtime path of "/home/yeonho/project3_ws/install/project3_interfaces/lib/libproject3_interfaces__rosidl_typesupport_fastrtps_cpp.so" to ""
-- Up-to-date: /home/yeonho/project3_ws/install/project3_interfaces/include/project3_interfaces/project3_interfaces
-- Up-to-date: /home/yeonho/project3_ws/install/project3_interfaces/include/project3_interfaces/project3_interfaces/msg
-- Up-to-date: /home/yeonho/project3_ws/install/project3_interfaces/include/project3_interfaces/project3_interfaces/msg/detail
-- Installing: /home/yeonho/project3_ws/install/project3_interfaces/include/project3_interfaces/project3_interfaces/msg/detail/table_command__rosidl_typesupport_introspection_cpp.hpp
-- Installing: /home/yeonho/project3_ws/install/project3_interfaces/include/project3_interfaces/project3_interfaces/msg/detail/table_command__type_support.cpp
-- Installing: /home/yeonho/project3_ws/install/project3_interfaces/lib/libproject3_interfaces__rosidl_typesupport_introspection_cpp.so
-- Set runtime path of "/home/yeonho/project3_ws/install/project3_interfaces/lib/libproject3_interfaces__rosidl_typesupport_introspection_cpp.so" to ""
-- Installing: /home/yeonho/project3_ws/install/project3_interfaces/lib/libproject3_interfaces__rosidl_typesupport_cpp.so
-- Set runtime path of "/home/yeonho/project3_ws/install/project3_interfaces/lib/libproject3_interfaces__rosidl_typesupport_cpp.so" to ""
-- Up-to-date: /home/yeonho/project3_ws/install/project3_interfaces/share/project3_interfaces/environment/pythonpath.sh
-- Installing: /home/yeonho/project3_ws/install/project3_interfaces/share/project3_interfaces/environment/pythonpath.dsv
-- Up-to-date: /home/yeonho/project3_ws/install/project3_interfaces/local/lib/python3.10/dist-packages/project3_interfaces-0.0.0-py3.10.egg-info
-- Installing: /home/yeonho/project3_ws/install/project3_interfaces/local/lib/python3.10/dist-packages/project3_interfaces-0.0.0-py3.10.egg-info/PKG-INFO
-- Installing: /home/yeonho/project3_ws/install/project3_interfaces/local/lib/python3.10/dist-packages/project3_interfaces-0.0.0-py3.10.egg-info/SOURCES.txt
-- Installing: /home/yeonho/project3_ws/install/project3_interfaces/local/lib/python3.10/dist-packages/project3_interfaces-0.0.0-py3.10.egg-info/top_level.txt
-- Installing: /home/yeonho/project3_ws/install/project3_interfaces/local/lib/python3.10/dist-packages/project3_interfaces-0.0.0-py3.10.egg-info/dependency_links.txt
-- Up-to-date: /home/yeonho/project3_ws/install/project3_interfaces/local/lib/python3.10/dist-packages/project3_interfaces
-- Installing: /home/yeonho/project3_ws/install/project3_interfaces/local/lib/python3.10/dist-packages/project3_interfaces/project3_interfaces_s__rosidl_typesupport_introspection_c.cpython-310-x86_64-linux-gnu.so
-- Installing: /home/yeonho/project3_ws/install/project3_interfaces/local/lib/python3.10/dist-packages/project3_interfaces/libproject3_interfaces__rosidl_generator_py.so
-- Installing: /home/yeonho/project3_ws/install/project3_interfaces/local/lib/python3.10/dist-packages/project3_interfaces/__init__.py
-- Installing: /home/yeonho/project3_ws/install/project3_interfaces/local/lib/python3.10/dist-packages/project3_interfaces/project3_interfaces_s__rosidl_typesupport_fastrtps_c.cpython-310-x86_64-linux-gnu.so
-- Installing: /home/yeonho/project3_ws/install/project3_interfaces/local/lib/python3.10/dist-packages/project3_interfaces/_project3_interfaces_s.ep.rosidl_typesupport_fastrtps_c.c
-- Up-to-date: /home/yeonho/project3_ws/install/project3_interfaces/local/lib/python3.10/dist-packages/project3_interfaces/msg
-- Installing: /home/yeonho/project3_ws/install/project3_interfaces/local/lib/python3.10/dist-packages/project3_interfaces/msg/_table_command_s.c
-- Installing: /home/yeonho/project3_ws/install/project3_interfaces/local/lib/python3.10/dist-packages/project3_interfaces/msg/__init__.py
-- Installing: /home/yeonho/project3_ws/install/project3_interfaces/local/lib/python3.10/dist-packages/project3_interfaces/msg/_table_command.py
-- Installing: /home/yeonho/project3_ws/install/project3_interfaces/local/lib/python3.10/dist-packages/project3_interfaces/_project3_interfaces_s.ep.rosidl_typesupport_introspection_c.c
-- Installing: /home/yeonho/project3_ws/install/project3_interfaces/local/lib/python3.10/dist-packages/project3_interfaces/_project3_interfaces_s.ep.rosidl_typesupport_c.c
-- Installing: /home/yeonho/project3_ws/install/project3_interfaces/local/lib/python3.10/dist-packages/project3_interfaces/project3_interfaces_s__rosidl_typesupport_c.cpython-310-x86_64-linux-gnu.so
Listing '/home/yeonho/project3_ws/install/project3_interfaces/local/lib/python3.10/dist-packages/project3_interfaces'...
Compiling '/home/yeonho/project3_ws/install/project3_interfaces/local/lib/python3.10/dist-packages/project3_interfaces/__init__.py'...
Listing '/home/yeonho/project3_ws/install/project3_interfaces/local/lib/python3.10/dist-packages/project3_interfaces/msg'...
Compiling '/home/yeonho/project3_ws/install/project3_interfaces/local/lib/python3.10/dist-packages/project3_interfaces/msg/__init__.py'...
Compiling '/home/yeonho/project3_ws/install/project3_interfaces/local/lib/python3.10/dist-packages/project3_interfaces/msg/_table_command.py'...
-- Installing: /home/yeonho/project3_ws/install/project3_interfaces/local/lib/python3.10/dist-packages/project3_interfaces/project3_interfaces_s__rosidl_typesupport_fastrtps_c.cpython-310-x86_64-linux-gnu.so
-- Set runtime path of "/home/yeonho/project3_ws/install/project3_interfaces/local/lib/python3.10/dist-packages/project3_interfaces/project3_interfaces_s__rosidl_typesupport_fastrtps_c.cpython-310-x86_64-linux-gnu.so" to ""
-- Installing: /home/yeonho/project3_ws/install/project3_interfaces/local/lib/python3.10/dist-packages/project3_interfaces/project3_interfaces_s__rosidl_typesupport_introspection_c.cpython-310-x86_64-linux-gnu.so
-- Set runtime path of "/home/yeonho/project3_ws/install/project3_interfaces/local/lib/python3.10/dist-packages/project3_interfaces/project3_interfaces_s__rosidl_typesupport_introspection_c.cpython-310-x86_64-linux-gnu.so" to ""
-- Installing: /home/yeonho/project3_ws/install/project3_interfaces/local/lib/python3.10/dist-packages/project3_interfaces/project3_interfaces_s__rosidl_typesupport_c.cpython-310-x86_64-linux-gnu.so
-- Set runtime path of "/home/yeonho/project3_ws/install/project3_interfaces/local/lib/python3.10/dist-packages/project3_interfaces/project3_interfaces_s__rosidl_typesupport_c.cpython-310-x86_64-linux-gnu.so" to ""
-- Installing: /home/yeonho/project3_ws/install/project3_interfaces/lib/libproject3_interfaces__rosidl_generator_py.so
-- Set runtime path of "/home/yeonho/project3_ws/install/project3_interfaces/lib/libproject3_interfaces__rosidl_generator_py.so" to ""
-- Installing: /home/yeonho/project3_ws/install/project3_interfaces/share/project3_interfaces/msg/TableCommand.idl
-- Installing: /home/yeonho/project3_ws/install/project3_interfaces/share/project3_interfaces/msg/TableCommand.msg
-- Up-to-date: /home/yeonho/project3_ws/install/project3_interfaces/share/ament_index/resource_index/package_run_dependencies/project3_interfaces
-- Installing: /home/yeonho/project3_ws/install/project3_interfaces/share/ament_index/resource_index/parent_prefix_path/project3_interfaces
-- Up-to-date: /home/yeonho/project3_ws/install/project3_interfaces/share/project3_interfaces/environment/ament_prefix_path.sh
-- Installing: /home/yeonho/project3_ws/install/project3_interfaces/share/project3_interfaces/environment/ament_prefix_path.dsv
-- Up-to-date: /home/yeonho/project3_ws/install/project3_interfaces/share/project3_interfaces/environment/path.sh
-- Installing: /home/yeonho/project3_ws/install/project3_interfaces/share/project3_interfaces/environment/path.dsv
-- Up-to-date: /home/yeonho/project3_ws/install/project3_interfaces/share/project3_interfaces/local_setup.bash
-- Up-to-date: /home/yeonho/project3_ws/install/project3_interfaces/share/project3_interfaces/local_setup.sh
-- Up-to-date: /home/yeonho/project3_ws/install/project3_interfaces/share/project3_interfaces/local_setup.zsh
-- Installing: /home/yeonho/project3_ws/install/project3_interfaces/share/project3_interfaces/local_setup.dsv
-- Installing: /home/yeonho/project3_ws/install/project3_interfaces/share/project3_interfaces/package.dsv
-- Up-to-date: /home/yeonho/project3_ws/install/project3_interfaces/share/ament_index/resource_index/packages/project3_interfaces
-- Up-to-date: /home/yeonho/project3_ws/install/project3_interfaces/share/project3_interfaces/cmake/export_project3_interfaces__rosidl_generator_cExport.cmake
-- Up-to-date: /home/yeonho/project3_ws/install/project3_interfaces/share/project3_interfaces/cmake/export_project3_interfaces__rosidl_generator_cExport-noconfig.cmake
-- Up-to-date: /home/yeonho/project3_ws/install/project3_interfaces/share/project3_interfaces/cmake/export_project3_interfaces__rosidl_typesupport_fastrtps_cExport.cmake
-- Up-to-date: /home/yeonho/project3_ws/install/project3_interfaces/share/project3_interfaces/cmake/export_project3_interfaces__rosidl_typesupport_fastrtps_cExport-noconfig.cmake
-- Up-to-date: /home/yeonho/project3_ws/install/project3_interfaces/share/project3_interfaces/cmake/project3_interfaces__rosidl_typesupport_introspection_cExport.cmake
-- Up-to-date: /home/yeonho/project3_ws/install/project3_interfaces/share/project3_interfaces/cmake/project3_interfaces__rosidl_typesupport_introspection_cExport-noconfig.cmake
-- Up-to-date: /home/yeonho/project3_ws/install/project3_interfaces/share/project3_interfaces/cmake/project3_interfaces__rosidl_typesupport_cExport.cmake
-- Up-to-date: /home/yeonho/project3_ws/install/project3_interfaces/share/project3_interfaces/cmake/project3_interfaces__rosidl_typesupport_cExport-noconfig.cmake
-- Up-to-date: /home/yeonho/project3_ws/install/project3_interfaces/share/project3_interfaces/cmake/export_project3_interfaces__rosidl_generator_cppExport.cmake
-- Up-to-date: /home/yeonho/project3_ws/install/project3_interfaces/share/project3_interfaces/cmake/export_project3_interfaces__rosidl_typesupport_fastrtps_cppExport.cmake
-- Up-to-date: /home/yeonho/project3_ws/install/project3_interfaces/share/project3_interfaces/cmake/export_project3_interfaces__rosidl_typesupport_fastrtps_cppExport-noconfig.cmake
-- Up-to-date: /home/yeonho/project3_ws/install/project3_interfaces/share/project3_interfaces/cmake/project3_interfaces__rosidl_typesupport_introspection_cppExport.cmake
-- Up-to-date: /home/yeonho/project3_ws/install/project3_interfaces/share/project3_interfaces/cmake/project3_interfaces__rosidl_typesupport_introspection_cppExport-noconfig.cmake
-- Up-to-date: /home/yeonho/project3_ws/install/project3_interfaces/share/project3_interfaces/cmake/project3_interfaces__rosidl_typesupport_cppExport.cmake
-- Up-to-date: /home/yeonho/project3_ws/install/project3_interfaces/share/project3_interfaces/cmake/project3_interfaces__rosidl_typesupport_cppExport-noconfig.cmake
-- Up-to-date: /home/yeonho/project3_ws/install/project3_interfaces/share/project3_interfaces/cmake/export_project3_interfaces__rosidl_generator_pyExport.cmake
-- Up-to-date: /home/yeonho/project3_ws/install/project3_interfaces/share/project3_interfaces/cmake/export_project3_interfaces__rosidl_generator_pyExport-noconfig.cmake
-- Up-to-date: /home/yeonho/project3_ws/install/project3_interfaces/share/project3_interfaces/cmake/rosidl_cmake-extras.cmake
-- Up-to-date: /home/yeonho/project3_ws/install/project3_interfaces/share/project3_interfaces/cmake/ament_cmake_export_include_directories-extras.cmake
-- Up-to-date: /home/yeonho/project3_ws/install/project3_interfaces/share/project3_interfaces/cmake/ament_cmake_export_libraries-extras.cmake
-- Up-to-date: /home/yeonho/project3_ws/install/project3_interfaces/share/project3_interfaces/cmake/ament_cmake_export_targets-extras.cmake
-- Up-to-date: /home/yeonho/project3_ws/install/project3_interfaces/share/project3_interfaces/cmake/rosidl_cmake_export_typesupport_targets-extras.cmake
-- Up-to-date: /home/yeonho/project3_ws/install/project3_interfaces/share/project3_interfaces/cmake/ament_cmake_export_dependencies-extras.cmake
-- Up-to-date: /home/yeonho/project3_ws/install/project3_interfaces/share/project3_interfaces/cmake/rosidl_cmake_export_typesupport_libraries-extras.cmake
-- Up-to-date: /home/yeonho/project3_ws/install/project3_interfaces/share/project3_interfaces/cmake/project3_interfacesConfig.cmake
-- Up-to-date: /home/yeonho/project3_ws/install/project3_interfaces/share/project3_interfaces/cmake/project3_interfacesConfig-version.cmake
-- Up-to-date: /home/yeonho/project3_ws/install/project3_interfaces/share/project3_interfaces/package.xml
