[0.010s] Invoking command in '/home/yeonho/project3_ws/build/project3_interfaces': CMAKE_PREFIX_PATH=${CMAKE_PREFIX_PATH}:/home/yeonho/project3_ws/install/project3:/opt/ros/humble /usr/bin/cmake --build /home/yeonho/project3_ws/build/project3_interfaces -- -j12 -l12
[0.032s] -- Found ament_cmake: 1.3.10 (/opt/ros/humble/share/ament_cmake/cmake)
[0.132s] -- Found rosidl_default_generators: 1.2.0 (/opt/ros/humble/share/rosidl_default_generators/cmake)
[0.134s] -- Using all available rosidl_typesupport_c: rosidl_typesupport_fastrtps_c;rosidl_typesupport_introspection_c
[0.136s] -- Found rosidl_adapter: 3.1.5 (/opt/ros/humble/share/rosidl_adapter/cmake)
[0.160s] -- Using all available rosidl_typesupport_cpp: rosidl_typesupport_fastrtps_cpp;rosidl_typesupport_introspection_cpp
[0.367s] -- Found ament_cmake_ros: 0.10.0 (/opt/ros/humble/share/ament_cmake_ros/cmake)
[0.521s] -- Using all available rosidl_typesupport_c: rosidl_typesupport_fastrtps_c;rosidl_typesupport_introspection_c
[0.709s] -- Using all available rosidl_typesupport_cpp: rosidl_typesupport_fastrtps_cpp;rosidl_typesupport_introspection_cpp
[0.727s] -- Found python_cmake_module: 0.10.0 (/opt/ros/humble/share/python_cmake_module/cmake)
[0.746s] -- Using PYTHON_EXECUTABLE: /usr/bin/python3
[0.746s] -- Using PYTHON_INCLUDE_DIRS: /usr/include/python3.10
[0.747s] -- Using PYTHON_LIBRARIES: /usr/lib/x86_64-linux-gnu/libpython3.10.so
[0.755s] -- Found ament_lint_auto: 0.12.11 (/opt/ros/humble/share/ament_lint_auto/cmake)
[0.762s] -- Added test 'lint_cmake' to check CMake code style
[0.763s] -- Added test 'xmllint' to check XML markup files
[0.764s] -- Configuring done
[0.788s] -- Generating done
[0.797s] -- Build files have been written to: /home/yeonho/project3_ws/build/project3_interfaces
[0.821s] [  3%] [34m[1mGenerating C code for ROS interfaces[0m
[0.830s] [  6%] [34m[1mGenerating C++ code for ROS interfaces[0m
[0.841s] [  6%] Built target ament_cmake_python_copy_project3_interfaces
[1.007s] [35m[1mConsolidate compiler generated dependencies of target project3_interfaces__rosidl_generator_c[0m
[1.016s] [  6%] Built target project3_interfaces__cpp
[1.017s] [  9%] [32mBuilding C object CMakeFiles/project3_interfaces__rosidl_generator_c.dir/rosidl_generator_c/project3_interfaces/msg/detail/table_command__functions.c.o[0m
[1.026s] [ 19%] [34m[1mGenerating C++ type support for eProsima Fast-RTPS[0m
[1.026s] [ 19%] [34m[1mGenerating C++ introspection for ROS interfaces[0m
[1.026s] [ 19%] [34m[1mGenerating C++ type support dispatch for ROS interfaces[0m
[1.058s] [ 22%] [32m[1mLinking C shared library libproject3_interfaces__rosidl_generator_c.so[0m
[1.068s] running egg_info
[1.068s] writing project3_interfaces.egg-info/PKG-INFO
[1.069s] writing dependency_links to project3_interfaces.egg-info/dependency_links.txt
[1.069s] writing top-level names to project3_interfaces.egg-info/top_level.txt
[1.071s] reading manifest file 'project3_interfaces.egg-info/SOURCES.txt'
[1.072s] writing manifest file 'project3_interfaces.egg-info/SOURCES.txt'
[1.093s] [ 22%] Built target project3_interfaces__rosidl_generator_c
[1.104s] [ 25%] [34m[1mGenerating C type support for eProsima Fast-RTPS[0m
[1.104s] [ 25%] Built target ament_cmake_python_build_project3_interfaces_egg
[1.106s] [ 29%] [34m[1mGenerating C introspection for ROS interfaces[0m
[1.106s] [ 32%] [34m[1mGenerating C type support dispatch for ROS interfaces[0m
[1.194s] [35m[1mConsolidate compiler generated dependencies of target project3_interfaces__rosidl_typesupport_cpp[0m
[1.207s] [ 35%] [32mBuilding CXX object CMakeFiles/project3_interfaces__rosidl_typesupport_cpp.dir/rosidl_typesupport_cpp/project3_interfaces/msg/table_command__type_support.cpp.o[0m
[1.207s] [35m[1mConsolidate compiler generated dependencies of target project3_interfaces__rosidl_typesupport_introspection_cpp[0m
[1.220s] [ 38%] [32mBuilding CXX object CMakeFiles/project3_interfaces__rosidl_typesupport_introspection_cpp.dir/rosidl_typesupport_introspection_cpp/project3_interfaces/msg/detail/table_command__type_support.cpp.o[0m
[1.225s] [35m[1mConsolidate compiler generated dependencies of target project3_interfaces__rosidl_typesupport_fastrtps_cpp[0m
[1.242s] [ 41%] [32mBuilding CXX object CMakeFiles/project3_interfaces__rosidl_typesupport_fastrtps_cpp.dir/rosidl_typesupport_fastrtps_cpp/project3_interfaces/msg/detail/dds_fastrtps/table_command__type_support.cpp.o[0m
[1.301s] [35m[1mConsolidate compiler generated dependencies of target project3_interfaces__rosidl_typesupport_introspection_c[0m
[1.307s] [35m[1mConsolidate compiler generated dependencies of target project3_interfaces__rosidl_typesupport_fastrtps_c[0m
[1.313s] [ 45%] [32mBuilding C object CMakeFiles/project3_interfaces__rosidl_typesupport_introspection_c.dir/rosidl_typesupport_introspection_c/project3_interfaces/msg/detail/table_command__type_support.c.o[0m
[1.321s] [ 48%] [32mBuilding CXX object CMakeFiles/project3_interfaces__rosidl_typesupport_fastrtps_c.dir/rosidl_typesupport_fastrtps_c/project3_interfaces/msg/detail/table_command__type_support_c.cpp.o[0m
[1.356s] [ 51%] [32m[1mLinking C shared library libproject3_interfaces__rosidl_typesupport_introspection_c.so[0m
[1.358s] [35m[1mConsolidate compiler generated dependencies of target project3_interfaces__rosidl_typesupport_c[0m
[1.375s] [ 54%] [32mBuilding CXX object CMakeFiles/project3_interfaces__rosidl_typesupport_c.dir/rosidl_typesupport_c/project3_interfaces/msg/table_command__type_support.cpp.o[0m
[1.390s] [ 54%] Built target project3_interfaces__rosidl_typesupport_introspection_c
[1.413s] [ 58%] [32m[1mLinking CXX shared library libproject3_interfaces__rosidl_typesupport_c.so[0m
[1.438s] [ 61%] [32m[1mLinking CXX shared library libproject3_interfaces__rosidl_typesupport_cpp.so[0m
[1.456s] [ 61%] Built target project3_interfaces__rosidl_typesupport_c
[1.480s] [ 61%] Built target project3_interfaces__rosidl_typesupport_cpp
[1.541s] [ 64%] [32m[1mLinking CXX shared library libproject3_interfaces__rosidl_typesupport_introspection_cpp.so[0m
[1.572s] [ 67%] [32m[1mLinking CXX shared library libproject3_interfaces__rosidl_typesupport_fastrtps_cpp.so[0m
[1.597s] [ 70%] [32m[1mLinking CXX shared library libproject3_interfaces__rosidl_typesupport_fastrtps_c.so[0m
[1.599s] [ 70%] Built target project3_interfaces__rosidl_typesupport_introspection_cpp
[1.639s] [ 70%] Built target project3_interfaces__rosidl_typesupport_fastrtps_cpp
[1.662s] [ 70%] Built target project3_interfaces__rosidl_typesupport_fastrtps_c
[1.682s] [ 70%] Built target project3_interfaces
[1.701s] [ 74%] [34m[1mGenerating Python code for ROS interfaces[0m
[1.912s] [ 74%] Built target project3_interfaces__py
[1.922s] [35m[1mConsolidate compiler generated dependencies of target project3_interfaces__rosidl_generator_py[0m
[1.935s] [ 77%] [32mBuilding C object CMakeFiles/project3_interfaces__rosidl_generator_py.dir/rosidl_generator_py/project3_interfaces/msg/_table_command_s.c.o[0m
[2.011s] [ 80%] [32m[1mLinking C shared library rosidl_generator_py/project3_interfaces/libproject3_interfaces__rosidl_generator_py.so[0m
[2.047s] [ 80%] Built target project3_interfaces__rosidl_generator_py
[2.056s] [35m[1mConsolidate compiler generated dependencies of target project3_interfaces__rosidl_typesupport_c__pyext[0m
[2.056s] [35m[1mConsolidate compiler generated dependencies of target project3_interfaces__rosidl_typesupport_introspection_c__pyext[0m
[2.057s] [35m[1mConsolidate compiler generated dependencies of target project3_interfaces__rosidl_typesupport_fastrtps_c__pyext[0m
[2.069s] [ 90%] [32mBuilding C object CMakeFiles/project3_interfaces__rosidl_typesupport_fastrtps_c__pyext.dir/rosidl_generator_py/project3_interfaces/_project3_interfaces_s.ep.rosidl_typesupport_fastrtps_c.c.o[0m
[2.069s] [ 90%] [32mBuilding C object CMakeFiles/project3_interfaces__rosidl_typesupport_c__pyext.dir/rosidl_generator_py/project3_interfaces/_project3_interfaces_s.ep.rosidl_typesupport_c.c.o[0m
[2.070s] [ 90%] [32mBuilding C object CMakeFiles/project3_interfaces__rosidl_typesupport_introspection_c__pyext.dir/rosidl_generator_py/project3_interfaces/_project3_interfaces_s.ep.rosidl_typesupport_introspection_c.c.o[0m
[2.144s] [ 96%] [32m[1mLinking C shared library rosidl_generator_py/project3_interfaces/project3_interfaces_s__rosidl_typesupport_c.cpython-310-x86_64-linux-gnu.so[0m
[2.144s] [ 96%] [32m[1mLinking C shared library rosidl_generator_py/project3_interfaces/project3_interfaces_s__rosidl_typesupport_introspection_c.cpython-310-x86_64-linux-gnu.so[0m
[2.147s] [100%] [32m[1mLinking C shared library rosidl_generator_py/project3_interfaces/project3_interfaces_s__rosidl_typesupport_fastrtps_c.cpython-310-x86_64-linux-gnu.so[0m
[2.176s] [100%] Built target project3_interfaces__rosidl_typesupport_c__pyext
[2.176s] [100%] Built target project3_interfaces__rosidl_typesupport_introspection_c__pyext
[2.180s] [100%] Built target project3_interfaces__rosidl_typesupport_fastrtps_c__pyext
[2.193s] Invoked command in '/home/yeonho/project3_ws/build/project3_interfaces' returned '0': CMAKE_PREFIX_PATH=${CMAKE_PREFIX_PATH}:/home/yeonho/project3_ws/install/project3:/opt/ros/humble /usr/bin/cmake --build /home/yeonho/project3_ws/build/project3_interfaces -- -j12 -l12
[2.203s] Invoking command in '/home/yeonho/project3_ws/build/project3_interfaces': CMAKE_PREFIX_PATH=${CMAKE_PREFIX_PATH}:/home/yeonho/project3_ws/install/project3:/opt/ros/humble /usr/bin/cmake --install /home/yeonho/project3_ws/build/project3_interfaces
[2.211s] -- Install configuration: ""
[2.211s] -- Up-to-date: /home/yeonho/project3_ws/install/project3_interfaces/share/ament_index/resource_index/rosidl_interfaces/project3_interfaces
[2.211s] -- Up-to-date: /home/yeonho/project3_ws/install/project3_interfaces/include/project3_interfaces/project3_interfaces
[2.211s] -- Up-to-date: /home/yeonho/project3_ws/install/project3_interfaces/include/project3_interfaces/project3_interfaces/msg
[2.211s] -- Up-to-date: /home/yeonho/project3_ws/install/project3_interfaces/include/project3_interfaces/project3_interfaces/msg/rosidl_generator_c__visibility_control.h
[2.211s] -- Installing: /home/yeonho/project3_ws/install/project3_interfaces/include/project3_interfaces/project3_interfaces/msg/table_command.h
[2.212s] -- Up-to-date: /home/yeonho/project3_ws/install/project3_interfaces/include/project3_interfaces/project3_interfaces/msg/detail
[2.212s] -- Installing: /home/yeonho/project3_ws/install/project3_interfaces/include/project3_interfaces/project3_interfaces/msg/detail/table_command__functions.h
[2.212s] -- Installing: /home/yeonho/project3_ws/install/project3_interfaces/include/project3_interfaces/project3_interfaces/msg/detail/table_command__struct.h
[2.212s] -- Installing: /home/yeonho/project3_ws/install/project3_interfaces/include/project3_interfaces/project3_interfaces/msg/detail/table_command__type_support.h
[2.212s] -- Installing: /home/yeonho/project3_ws/install/project3_interfaces/include/project3_interfaces/project3_interfaces/msg/detail/table_command__functions.c
[2.212s] -- Up-to-date: /home/yeonho/project3_ws/install/project3_interfaces/share/project3_interfaces/environment/library_path.sh
[2.212s] -- Installing: /home/yeonho/project3_ws/install/project3_interfaces/share/project3_interfaces/environment/library_path.dsv
[2.213s] -- Installing: /home/yeonho/project3_ws/install/project3_interfaces/lib/libproject3_interfaces__rosidl_generator_c.so
[2.213s] -- Set runtime path of "/home/yeonho/project3_ws/install/project3_interfaces/lib/libproject3_interfaces__rosidl_generator_c.so" to ""
[2.213s] -- Up-to-date: /home/yeonho/project3_ws/install/project3_interfaces/include/project3_interfaces/project3_interfaces
[2.213s] -- Up-to-date: /home/yeonho/project3_ws/install/project3_interfaces/include/project3_interfaces/project3_interfaces/msg
[2.214s] -- Up-to-date: /home/yeonho/project3_ws/install/project3_interfaces/include/project3_interfaces/project3_interfaces/msg/rosidl_typesupport_fastrtps_c__visibility_control.h
[2.214s] -- Up-to-date: /home/yeonho/project3_ws/install/project3_interfaces/include/project3_interfaces/project3_interfaces/msg/detail
[2.214s] -- Installing: /home/yeonho/project3_ws/install/project3_interfaces/include/project3_interfaces/project3_interfaces/msg/detail/table_command__rosidl_typesupport_fastrtps_c.h
[2.214s] -- Installing: /home/yeonho/project3_ws/install/project3_interfaces/lib/libproject3_interfaces__rosidl_typesupport_fastrtps_c.so
[2.215s] -- Set runtime path of "/home/yeonho/project3_ws/install/project3_interfaces/lib/libproject3_interfaces__rosidl_typesupport_fastrtps_c.so" to ""
[2.215s] -- Up-to-date: /home/yeonho/project3_ws/install/project3_interfaces/include/project3_interfaces/project3_interfaces
[2.215s] -- Up-to-date: /home/yeonho/project3_ws/install/project3_interfaces/include/project3_interfaces/project3_interfaces/msg
[2.215s] -- Up-to-date: /home/yeonho/project3_ws/install/project3_interfaces/include/project3_interfaces/project3_interfaces/msg/rosidl_typesupport_introspection_c__visibility_control.h
[2.215s] -- Up-to-date: /home/yeonho/project3_ws/install/project3_interfaces/include/project3_interfaces/project3_interfaces/msg/detail
[2.215s] -- Installing: /home/yeonho/project3_ws/install/project3_interfaces/include/project3_interfaces/project3_interfaces/msg/detail/table_command__rosidl_typesupport_introspection_c.h
[2.215s] -- Installing: /home/yeonho/project3_ws/install/project3_interfaces/include/project3_interfaces/project3_interfaces/msg/detail/table_command__type_support.c
[2.215s] -- Installing: /home/yeonho/project3_ws/install/project3_interfaces/lib/libproject3_interfaces__rosidl_typesupport_introspection_c.so
[2.216s] -- Set runtime path of "/home/yeonho/project3_ws/install/project3_interfaces/lib/libproject3_interfaces__rosidl_typesupport_introspection_c.so" to ""
[2.216s] -- Installing: /home/yeonho/project3_ws/install/project3_interfaces/lib/libproject3_interfaces__rosidl_typesupport_c.so
[2.216s] -- Set runtime path of "/home/yeonho/project3_ws/install/project3_interfaces/lib/libproject3_interfaces__rosidl_typesupport_c.so" to ""
[2.216s] -- Up-to-date: /home/yeonho/project3_ws/install/project3_interfaces/include/project3_interfaces/project3_interfaces
[2.216s] -- Up-to-date: /home/yeonho/project3_ws/install/project3_interfaces/include/project3_interfaces/project3_interfaces/msg
[2.216s] -- Installing: /home/yeonho/project3_ws/install/project3_interfaces/include/project3_interfaces/project3_interfaces/msg/table_command.hpp
[2.217s] -- Up-to-date: /home/yeonho/project3_ws/install/project3_interfaces/include/project3_interfaces/project3_interfaces/msg/detail
[2.217s] -- Installing: /home/yeonho/project3_ws/install/project3_interfaces/include/project3_interfaces/project3_interfaces/msg/detail/table_command__builder.hpp
[2.217s] -- Installing: /home/yeonho/project3_ws/install/project3_interfaces/include/project3_interfaces/project3_interfaces/msg/detail/table_command__traits.hpp
[2.217s] -- Installing: /home/yeonho/project3_ws/install/project3_interfaces/include/project3_interfaces/project3_interfaces/msg/detail/table_command__struct.hpp
[2.217s] -- Up-to-date: /home/yeonho/project3_ws/install/project3_interfaces/include/project3_interfaces/project3_interfaces
[2.217s] -- Up-to-date: /home/yeonho/project3_ws/install/project3_interfaces/include/project3_interfaces/project3_interfaces/msg
[2.217s] -- Up-to-date: /home/yeonho/project3_ws/install/project3_interfaces/include/project3_interfaces/project3_interfaces/msg/rosidl_typesupport_fastrtps_cpp__visibility_control.h
[2.217s] -- Up-to-date: /home/yeonho/project3_ws/install/project3_interfaces/include/project3_interfaces/project3_interfaces/msg/detail
[2.217s] -- Installing: /home/yeonho/project3_ws/install/project3_interfaces/include/project3_interfaces/project3_interfaces/msg/detail/table_command__rosidl_typesupport_fastrtps_cpp.hpp
[2.217s] -- Up-to-date: /home/yeonho/project3_ws/install/project3_interfaces/include/project3_interfaces/project3_interfaces/msg/detail/dds_fastrtps
[2.217s] -- Installing: /home/yeonho/project3_ws/install/project3_interfaces/lib/libproject3_interfaces__rosidl_typesupport_fastrtps_cpp.so
[2.218s] -- Set runtime path of "/home/yeonho/project3_ws/install/project3_interfaces/lib/libproject3_interfaces__rosidl_typesupport_fastrtps_cpp.so" to ""
[2.218s] -- Up-to-date: /home/yeonho/project3_ws/install/project3_interfaces/include/project3_interfaces/project3_interfaces
[2.218s] -- Up-to-date: /home/yeonho/project3_ws/install/project3_interfaces/include/project3_interfaces/project3_interfaces/msg
[2.218s] -- Up-to-date: /home/yeonho/project3_ws/install/project3_interfaces/include/project3_interfaces/project3_interfaces/msg/detail
[2.218s] -- Installing: /home/yeonho/project3_ws/install/project3_interfaces/include/project3_interfaces/project3_interfaces/msg/detail/table_command__rosidl_typesupport_introspection_cpp.hpp
[2.218s] -- Installing: /home/yeonho/project3_ws/install/project3_interfaces/include/project3_interfaces/project3_interfaces/msg/detail/table_command__type_support.cpp
[2.218s] -- Installing: /home/yeonho/project3_ws/install/project3_interfaces/lib/libproject3_interfaces__rosidl_typesupport_introspection_cpp.so
[2.219s] -- Set runtime path of "/home/yeonho/project3_ws/install/project3_interfaces/lib/libproject3_interfaces__rosidl_typesupport_introspection_cpp.so" to ""
[2.219s] -- Installing: /home/yeonho/project3_ws/install/project3_interfaces/lib/libproject3_interfaces__rosidl_typesupport_cpp.so
[2.219s] -- Set runtime path of "/home/yeonho/project3_ws/install/project3_interfaces/lib/libproject3_interfaces__rosidl_typesupport_cpp.so" to ""
[2.220s] -- Up-to-date: /home/yeonho/project3_ws/install/project3_interfaces/share/project3_interfaces/environment/pythonpath.sh
[2.220s] -- Installing: /home/yeonho/project3_ws/install/project3_interfaces/share/project3_interfaces/environment/pythonpath.dsv
[2.220s] -- Up-to-date: /home/yeonho/project3_ws/install/project3_interfaces/local/lib/python3.10/dist-packages/project3_interfaces-0.0.0-py3.10.egg-info
[2.220s] -- Installing: /home/yeonho/project3_ws/install/project3_interfaces/local/lib/python3.10/dist-packages/project3_interfaces-0.0.0-py3.10.egg-info/PKG-INFO
[2.220s] -- Installing: /home/yeonho/project3_ws/install/project3_interfaces/local/lib/python3.10/dist-packages/project3_interfaces-0.0.0-py3.10.egg-info/SOURCES.txt
[2.220s] -- Installing: /home/yeonho/project3_ws/install/project3_interfaces/local/lib/python3.10/dist-packages/project3_interfaces-0.0.0-py3.10.egg-info/top_level.txt
[2.220s] -- Installing: /home/yeonho/project3_ws/install/project3_interfaces/local/lib/python3.10/dist-packages/project3_interfaces-0.0.0-py3.10.egg-info/dependency_links.txt
[2.220s] -- Up-to-date: /home/yeonho/project3_ws/install/project3_interfaces/local/lib/python3.10/dist-packages/project3_interfaces
[2.220s] -- Installing: /home/yeonho/project3_ws/install/project3_interfaces/local/lib/python3.10/dist-packages/project3_interfaces/project3_interfaces_s__rosidl_typesupport_introspection_c.cpython-310-x86_64-linux-gnu.so
[2.221s] -- Installing: /home/yeonho/project3_ws/install/project3_interfaces/local/lib/python3.10/dist-packages/project3_interfaces/libproject3_interfaces__rosidl_generator_py.so
[2.221s] -- Installing: /home/yeonho/project3_ws/install/project3_interfaces/local/lib/python3.10/dist-packages/project3_interfaces/__init__.py
[2.221s] -- Installing: /home/yeonho/project3_ws/install/project3_interfaces/local/lib/python3.10/dist-packages/project3_interfaces/project3_interfaces_s__rosidl_typesupport_fastrtps_c.cpython-310-x86_64-linux-gnu.so
[2.221s] -- Installing: /home/yeonho/project3_ws/install/project3_interfaces/local/lib/python3.10/dist-packages/project3_interfaces/_project3_interfaces_s.ep.rosidl_typesupport_fastrtps_c.c
[2.221s] -- Up-to-date: /home/yeonho/project3_ws/install/project3_interfaces/local/lib/python3.10/dist-packages/project3_interfaces/msg
[2.221s] -- Installing: /home/yeonho/project3_ws/install/project3_interfaces/local/lib/python3.10/dist-packages/project3_interfaces/msg/_table_command_s.c
[2.221s] -- Installing: /home/yeonho/project3_ws/install/project3_interfaces/local/lib/python3.10/dist-packages/project3_interfaces/msg/__init__.py
[2.222s] -- Installing: /home/yeonho/project3_ws/install/project3_interfaces/local/lib/python3.10/dist-packages/project3_interfaces/msg/_table_command.py
[2.222s] -- Installing: /home/yeonho/project3_ws/install/project3_interfaces/local/lib/python3.10/dist-packages/project3_interfaces/_project3_interfaces_s.ep.rosidl_typesupport_introspection_c.c
[2.222s] -- Installing: /home/yeonho/project3_ws/install/project3_interfaces/local/lib/python3.10/dist-packages/project3_interfaces/_project3_interfaces_s.ep.rosidl_typesupport_c.c
[2.222s] -- Installing: /home/yeonho/project3_ws/install/project3_interfaces/local/lib/python3.10/dist-packages/project3_interfaces/project3_interfaces_s__rosidl_typesupport_c.cpython-310-x86_64-linux-gnu.so
[2.252s] Listing '/home/yeonho/project3_ws/install/project3_interfaces/local/lib/python3.10/dist-packages/project3_interfaces'...
[2.252s] Compiling '/home/yeonho/project3_ws/install/project3_interfaces/local/lib/python3.10/dist-packages/project3_interfaces/__init__.py'...
[2.252s] Listing '/home/yeonho/project3_ws/install/project3_interfaces/local/lib/python3.10/dist-packages/project3_interfaces/msg'...
[2.252s] Compiling '/home/yeonho/project3_ws/install/project3_interfaces/local/lib/python3.10/dist-packages/project3_interfaces/msg/__init__.py'...
[2.252s] Compiling '/home/yeonho/project3_ws/install/project3_interfaces/local/lib/python3.10/dist-packages/project3_interfaces/msg/_table_command.py'...
[2.256s] -- Installing: /home/yeonho/project3_ws/install/project3_interfaces/local/lib/python3.10/dist-packages/project3_interfaces/project3_interfaces_s__rosidl_typesupport_fastrtps_c.cpython-310-x86_64-linux-gnu.so
[2.256s] -- Set runtime path of "/home/yeonho/project3_ws/install/project3_interfaces/local/lib/python3.10/dist-packages/project3_interfaces/project3_interfaces_s__rosidl_typesupport_fastrtps_c.cpython-310-x86_64-linux-gnu.so" to ""
[2.257s] -- Installing: /home/yeonho/project3_ws/install/project3_interfaces/local/lib/python3.10/dist-packages/project3_interfaces/project3_interfaces_s__rosidl_typesupport_introspection_c.cpython-310-x86_64-linux-gnu.so
[2.257s] -- Set runtime path of "/home/yeonho/project3_ws/install/project3_interfaces/local/lib/python3.10/dist-packages/project3_interfaces/project3_interfaces_s__rosidl_typesupport_introspection_c.cpython-310-x86_64-linux-gnu.so" to ""
[2.257s] -- Installing: /home/yeonho/project3_ws/install/project3_interfaces/local/lib/python3.10/dist-packages/project3_interfaces/project3_interfaces_s__rosidl_typesupport_c.cpython-310-x86_64-linux-gnu.so
[2.258s] -- Set runtime path of "/home/yeonho/project3_ws/install/project3_interfaces/local/lib/python3.10/dist-packages/project3_interfaces/project3_interfaces_s__rosidl_typesupport_c.cpython-310-x86_64-linux-gnu.so" to ""
[2.258s] -- Installing: /home/yeonho/project3_ws/install/project3_interfaces/lib/libproject3_interfaces__rosidl_generator_py.so
[2.258s] -- Set runtime path of "/home/yeonho/project3_ws/install/project3_interfaces/lib/libproject3_interfaces__rosidl_generator_py.so" to ""
[2.258s] -- Installing: /home/yeonho/project3_ws/install/project3_interfaces/share/project3_interfaces/msg/TableCommand.idl
[2.259s] -- Installing: /home/yeonho/project3_ws/install/project3_interfaces/share/project3_interfaces/msg/TableCommand.msg
[2.259s] -- Up-to-date: /home/yeonho/project3_ws/install/project3_interfaces/share/ament_index/resource_index/package_run_dependencies/project3_interfaces
[2.259s] -- Installing: /home/yeonho/project3_ws/install/project3_interfaces/share/ament_index/resource_index/parent_prefix_path/project3_interfaces
[2.259s] -- Up-to-date: /home/yeonho/project3_ws/install/project3_interfaces/share/project3_interfaces/environment/ament_prefix_path.sh
[2.259s] -- Installing: /home/yeonho/project3_ws/install/project3_interfaces/share/project3_interfaces/environment/ament_prefix_path.dsv
[2.259s] -- Up-to-date: /home/yeonho/project3_ws/install/project3_interfaces/share/project3_interfaces/environment/path.sh
[2.259s] -- Installing: /home/yeonho/project3_ws/install/project3_interfaces/share/project3_interfaces/environment/path.dsv
[2.259s] -- Up-to-date: /home/yeonho/project3_ws/install/project3_interfaces/share/project3_interfaces/local_setup.bash
[2.259s] -- Up-to-date: /home/yeonho/project3_ws/install/project3_interfaces/share/project3_interfaces/local_setup.sh
[2.260s] -- Up-to-date: /home/yeonho/project3_ws/install/project3_interfaces/share/project3_interfaces/local_setup.zsh
[2.260s] -- Installing: /home/yeonho/project3_ws/install/project3_interfaces/share/project3_interfaces/local_setup.dsv
[2.260s] -- Installing: /home/yeonho/project3_ws/install/project3_interfaces/share/project3_interfaces/package.dsv
[2.260s] -- Up-to-date: /home/yeonho/project3_ws/install/project3_interfaces/share/ament_index/resource_index/packages/project3_interfaces
[2.260s] -- Up-to-date: /home/yeonho/project3_ws/install/project3_interfaces/share/project3_interfaces/cmake/export_project3_interfaces__rosidl_generator_cExport.cmake
[2.260s] -- Up-to-date: /home/yeonho/project3_ws/install/project3_interfaces/share/project3_interfaces/cmake/export_project3_interfaces__rosidl_generator_cExport-noconfig.cmake
[2.260s] -- Up-to-date: /home/yeonho/project3_ws/install/project3_interfaces/share/project3_interfaces/cmake/export_project3_interfaces__rosidl_typesupport_fastrtps_cExport.cmake
[2.260s] -- Up-to-date: /home/yeonho/project3_ws/install/project3_interfaces/share/project3_interfaces/cmake/export_project3_interfaces__rosidl_typesupport_fastrtps_cExport-noconfig.cmake
[2.260s] -- Up-to-date: /home/yeonho/project3_ws/install/project3_interfaces/share/project3_interfaces/cmake/project3_interfaces__rosidl_typesupport_introspection_cExport.cmake
[2.260s] -- Up-to-date: /home/yeonho/project3_ws/install/project3_interfaces/share/project3_interfaces/cmake/project3_interfaces__rosidl_typesupport_introspection_cExport-noconfig.cmake
[2.260s] -- Up-to-date: /home/yeonho/project3_ws/install/project3_interfaces/share/project3_interfaces/cmake/project3_interfaces__rosidl_typesupport_cExport.cmake
[2.260s] -- Up-to-date: /home/yeonho/project3_ws/install/project3_interfaces/share/project3_interfaces/cmake/project3_interfaces__rosidl_typesupport_cExport-noconfig.cmake
[2.261s] -- Up-to-date: /home/yeonho/project3_ws/install/project3_interfaces/share/project3_interfaces/cmake/export_project3_interfaces__rosidl_generator_cppExport.cmake
[2.261s] -- Up-to-date: /home/yeonho/project3_ws/install/project3_interfaces/share/project3_interfaces/cmake/export_project3_interfaces__rosidl_typesupport_fastrtps_cppExport.cmake
[2.261s] -- Up-to-date: /home/yeonho/project3_ws/install/project3_interfaces/share/project3_interfaces/cmake/export_project3_interfaces__rosidl_typesupport_fastrtps_cppExport-noconfig.cmake
[2.261s] -- Up-to-date: /home/yeonho/project3_ws/install/project3_interfaces/share/project3_interfaces/cmake/project3_interfaces__rosidl_typesupport_introspection_cppExport.cmake
[2.261s] -- Up-to-date: /home/yeonho/project3_ws/install/project3_interfaces/share/project3_interfaces/cmake/project3_interfaces__rosidl_typesupport_introspection_cppExport-noconfig.cmake
[2.261s] -- Up-to-date: /home/yeonho/project3_ws/install/project3_interfaces/share/project3_interfaces/cmake/project3_interfaces__rosidl_typesupport_cppExport.cmake
[2.261s] -- Up-to-date: /home/yeonho/project3_ws/install/project3_interfaces/share/project3_interfaces/cmake/project3_interfaces__rosidl_typesupport_cppExport-noconfig.cmake
[2.261s] -- Up-to-date: /home/yeonho/project3_ws/install/project3_interfaces/share/project3_interfaces/cmake/export_project3_interfaces__rosidl_generator_pyExport.cmake
[2.261s] -- Up-to-date: /home/yeonho/project3_ws/install/project3_interfaces/share/project3_interfaces/cmake/export_project3_interfaces__rosidl_generator_pyExport-noconfig.cmake
[2.261s] -- Up-to-date: /home/yeonho/project3_ws/install/project3_interfaces/share/project3_interfaces/cmake/rosidl_cmake-extras.cmake
[2.261s] -- Up-to-date: /home/yeonho/project3_ws/install/project3_interfaces/share/project3_interfaces/cmake/ament_cmake_export_include_directories-extras.cmake
[2.261s] -- Up-to-date: /home/yeonho/project3_ws/install/project3_interfaces/share/project3_interfaces/cmake/ament_cmake_export_libraries-extras.cmake
[2.261s] -- Up-to-date: /home/yeonho/project3_ws/install/project3_interfaces/share/project3_interfaces/cmake/ament_cmake_export_targets-extras.cmake
[2.262s] -- Up-to-date: /home/yeonho/project3_ws/install/project3_interfaces/share/project3_interfaces/cmake/rosidl_cmake_export_typesupport_targets-extras.cmake
[2.262s] -- Up-to-date: /home/yeonho/project3_ws/install/project3_interfaces/share/project3_interfaces/cmake/ament_cmake_export_dependencies-extras.cmake
[2.262s] -- Up-to-date: /home/yeonho/project3_ws/install/project3_interfaces/share/project3_interfaces/cmake/rosidl_cmake_export_typesupport_libraries-extras.cmake
[2.262s] -- Up-to-date: /home/yeonho/project3_ws/install/project3_interfaces/share/project3_interfaces/cmake/project3_interfacesConfig.cmake
[2.262s] -- Up-to-date: /home/yeonho/project3_ws/install/project3_interfaces/share/project3_interfaces/cmake/project3_interfacesConfig-version.cmake
[2.262s] -- Up-to-date: /home/yeonho/project3_ws/install/project3_interfaces/share/project3_interfaces/package.xml
[2.264s] Invoked command in '/home/yeonho/project3_ws/build/project3_interfaces' returned '0': CMAKE_PREFIX_PATH=${CMAKE_PREFIX_PATH}:/home/yeonho/project3_ws/install/project3:/opt/ros/humble /usr/bin/cmake --install /home/yeonho/project3_ws/build/project3_interfaces
