[0.011s] Invoking command in '/home/sujeong/rokey2_D1_Driving1/src/build/driving1_interfaces': /usr/bin/cmake /home/sujeong/rokey2_D1_Driving1/src/driving1_interfaces -DCATKIN_INSTALL_INTO_PREFIX_ROOT=0 -DCMAKE_INSTALL_PREFIX=/home/sujeong/rokey2_D1_Driving1/src/install/driving1_interfaces
[0.101s] -- The C compiler identification is GNU 11.4.0
[0.154s] -- The CXX compiler identification is GNU 11.4.0
[0.160s] -- Detecting C compiler ABI info
[0.217s] -- Detecting C compiler ABI info - done
[0.224s] -- Check for working C compiler: /usr/bin/cc - skipped
[0.224s] -- Detecting C compile features
[0.225s] -- Detecting C compile features - done
[0.227s] -- Detecting CXX compiler ABI info
[0.317s] -- Detecting CXX compiler ABI info - done
[0.326s] -- Check for working CXX compiler: /usr/bin/c++ - skipped
[0.326s] -- Detecting CXX compile features
[0.327s] -- Detecting CXX compile features - done
[0.330s] -- Found ament_cmake: 1.3.11 (/opt/ros/humble/share/ament_cmake/cmake)
[0.622s] -- Found Python3: /usr/local/bin/python3 (found version "3.10.12") found components: Interpreter 
[0.703s] -- Found rosidl_default_generators: 1.2.0 (/opt/ros/humble/share/rosidl_default_generators/cmake)
[0.707s] -- Using all available rosidl_typesupport_c: rosidl_typesupport_fastrtps_c;rosidl_typesupport_introspection_c
[0.712s] -- Found rosidl_adapter: 3.1.6 (/opt/ros/humble/share/rosidl_adapter/cmake)
[0.744s] -- Using all available rosidl_typesupport_cpp: rosidl_typesupport_fastrtps_cpp;rosidl_typesupport_introspection_cpp
[0.769s] -- Found std_msgs: 4.2.4 (/opt/ros/humble/share/std_msgs/cmake)
[1.021s] -- Found ament_cmake_ros: 0.10.0 (/opt/ros/humble/share/ament_cmake_ros/cmake)
[1.195s] -- Using all available rosidl_typesupport_c: rosidl_typesupport_fastrtps_c;rosidl_typesupport_introspection_c
[1.408s] -- Using all available rosidl_typesupport_cpp: rosidl_typesupport_fastrtps_cpp;rosidl_typesupport_introspection_cpp
[1.453s] -- Found PythonInterp: /usr/local/bin/python3 (found suitable version "3.10.12", minimum required is "3.6") 
[1.456s] -- Found python_cmake_module: 0.10.0 (/opt/ros/humble/share/python_cmake_module/cmake)
[1.476s] -- Found PythonLibs: /usr/local/lib/libpython3.10.so (found suitable version "3.10.12", minimum required is "3.5") 
[1.477s] -- Using PYTHON_EXECUTABLE: /usr/local/bin/python3
[1.477s] -- Using PYTHON_INCLUDE_DIRS: /usr/local/include/python3.10
[1.477s] -- Using PYTHON_LIBRARIES: /usr/local/lib/libpython3.10.so
[1.495s] -- Found PythonExtra: .so  
[1.648s] -- Using numpy include directory: /home/sujeong/.local/lib/python3.10/site-packages/numpy/_core/include
[1.661s] -- Configuring done
[1.673s] [33mCMake Warning at /opt/ros/humble/share/rosidl_generator_py/cmake/rosidl_generator_py_generate_interfaces.cmake:166 (add_library):
[1.673s]   Cannot generate a safe runtime search path for target
[1.673s]   driving1_interfaces__rosidl_generator_py because files in some directories
[1.673s]   may conflict with libraries in implicit directories:
[1.673s] 
[1.673s]     runtime library [libpython3.10.so.1.0] in /usr/lib/x86_64-linux-gnu may be hidden by files in:
[1.673s]       /usr/local/lib
[1.673s] 
[1.674s]   Some of these libraries may not be found correctly.
[1.674s] Call Stack (most recent call first):
[1.674s]   /opt/ros/humble/share/ament_cmake_core/cmake/core/ament_execute_extensions.cmake:48 (include)
[1.674s]   /opt/ros/humble/share/rosidl_cmake/cmake/rosidl_generate_interfaces.cmake:286 (ament_execute_extensions)
[1.674s]   CMakeLists.txt:10 (rosidl_generate_interfaces)
[1.674s] 
[1.674s] [0m
[1.674s] [33mCMake Warning at /opt/ros/humble/share/rosidl_generator_py/cmake/rosidl_generator_py_generate_interfaces.cmake:226 (add_library):
[1.674s]   Cannot generate a safe runtime search path for target
[1.674s]   driving1_interfaces__rosidl_typesupport_fastrtps_c__pyext because files in
[1.674s]   some directories may conflict with libraries in implicit directories:
[1.675s] 
[1.675s]     runtime library [libpython3.10.so.1.0] in /usr/lib/x86_64-linux-gnu may be hidden by files in:
[1.675s]       /usr/local/lib
[1.675s] 
[1.675s]   Some of these libraries may not be found correctly.
[1.675s] Call Stack (most recent call first):
[1.675s]   /opt/ros/humble/share/ament_cmake_core/cmake/core/ament_execute_extensions.cmake:48 (include)
[1.675s]   /opt/ros/humble/share/rosidl_cmake/cmake/rosidl_generate_interfaces.cmake:286 (ament_execute_extensions)
[1.675s]   CMakeLists.txt:10 (rosidl_generate_interfaces)
[1.675s] 
[1.675s] [0m
[1.676s] [33mCMake Warning at /opt/ros/humble/share/rosidl_generator_py/cmake/rosidl_generator_py_generate_interfaces.cmake:226 (add_library):
[1.676s]   Cannot generate a safe runtime search path for target
[1.676s]   driving1_interfaces__rosidl_typesupport_introspection_c__pyext because
[1.676s]   files in some directories may conflict with libraries in implicit
[1.676s]   directories:
[1.676s] 
[1.676s]     runtime library [libpython3.10.so.1.0] in /usr/lib/x86_64-linux-gnu may be hidden by files in:
[1.676s]       /usr/local/lib
[1.676s] 
[1.676s]   Some of these libraries may not be found correctly.
[1.676s] Call Stack (most recent call first):
[1.677s]   /opt/ros/humble/share/ament_cmake_core/cmake/core/ament_execute_extensions.cmake:48 (include)
[1.677s]   /opt/ros/humble/share/rosidl_cmake/cmake/rosidl_generate_interfaces.cmake:286 (ament_execute_extensions)
[1.677s]   CMakeLists.txt:10 (rosidl_generate_interfaces)
[1.677s] 
[1.677s] [0m
[1.677s] [33mCMake Warning at /opt/ros/humble/share/rosidl_generator_py/cmake/rosidl_generator_py_generate_interfaces.cmake:226 (add_library):
[1.677s]   Cannot generate a safe runtime search path for target
[1.677s]   driving1_interfaces__rosidl_typesupport_c__pyext because files in some
[1.677s]   directories may conflict with libraries in implicit directories:
[1.677s] 
[1.677s]     runtime library [libpython3.10.so.1.0] in /usr/lib/x86_64-linux-gnu may be hidden by files in:
[1.677s]       /usr/local/lib
[1.677s] 
[1.677s]   Some of these libraries may not be found correctly.
[1.677s] Call Stack (most recent call first):
[1.677s]   /opt/ros/humble/share/ament_cmake_core/cmake/core/ament_execute_extensions.cmake:48 (include)
[1.677s]   /opt/ros/humble/share/rosidl_cmake/cmake/rosidl_generate_interfaces.cmake:286 (ament_execute_extensions)
[1.677s]   CMakeLists.txt:10 (rosidl_generate_interfaces)
[1.677s] 
[1.678s] [0m
[1.680s] -- Generating done
[1.681s] [33mCMake Warning:
[1.681s]   Manually-specified variables were not used by the project:
[1.681s] 
[1.681s]     CATKIN_INSTALL_INTO_PREFIX_ROOT
[1.681s] 
[1.681s] [0m
[1.687s] -- Build files have been written to: /home/sujeong/rokey2_D1_Driving1/src/build/driving1_interfaces
[1.691s] Invoked command in '/home/sujeong/rokey2_D1_Driving1/src/build/driving1_interfaces' returned '0': /usr/bin/cmake /home/sujeong/rokey2_D1_Driving1/src/driving1_interfaces -DCATKIN_INSTALL_INTO_PREFIX_ROOT=0 -DCMAKE_INSTALL_PREFIX=/home/sujeong/rokey2_D1_Driving1/src/install/driving1_interfaces
[1.693s] Invoking command in '/home/sujeong/rokey2_D1_Driving1/src/build/driving1_interfaces': /usr/bin/cmake --build /home/sujeong/rokey2_D1_Driving1/src/build/driving1_interfaces -- -j16 -l16
[1.735s] [  3%] [34m[1mGenerating C code for ROS interfaces[0m
[1.745s] [  6%] [34m[1mGenerating C++ code for ROS interfaces[0m
[1.757s] [  6%] Built target ament_cmake_python_copy_driving1_interfaces
[1.916s] running egg_info
[1.925s] creating driving1_interfaces.egg-info
[1.925s] writing driving1_interfaces.egg-info/PKG-INFO
[1.926s] writing dependency_links to driving1_interfaces.egg-info/dependency_links.txt
[1.926s] writing top-level names to driving1_interfaces.egg-info/top_level.txt
[1.926s] writing manifest file 'driving1_interfaces.egg-info/SOURCES.txt'
[1.953s] reading manifest file 'driving1_interfaces.egg-info/SOURCES.txt'
[1.954s] writing manifest file 'driving1_interfaces.egg-info/SOURCES.txt'
[1.976s] [  6%] Built target ament_cmake_python_build_driving1_interfaces_egg
[2.040s] [  6%] Built target driving1_interfaces__cpp
[2.047s] [  9%] [34m[1mGenerating C++ type support for eProsima Fast-RTPS[0m
[2.052s] [ 16%] [34m[1mGenerating C++ type support dispatch for ROS interfaces[0m
[2.052s] [ 16%] [34m[1mGenerating C++ introspection for ROS interfaces[0m
[2.227s] [ 19%] [32mBuilding C object CMakeFiles/driving1_interfaces__rosidl_generator_c.dir/rosidl_generator_c/driving1_interfaces/srv/detail/notify_soldout__functions.c.o[0m
[2.290s] [ 22%] [32m[1mLinking C shared library libdriving1_interfaces__rosidl_generator_c.so[0m
[2.323s] [ 22%] Built target driving1_interfaces__rosidl_generator_c
[2.344s] [ 25%] [34m[1mGenerating C introspection for ROS interfaces[0m
[2.348s] [ 32%] [34m[1mGenerating C type support dispatch for ROS interfaces[0m
[2.348s] [ 32%] [34m[1mGenerating C type support for eProsima Fast-RTPS[0m
[2.354s] [ 35%] [32mBuilding CXX object CMakeFiles/driving1_interfaces__rosidl_typesupport_introspection_cpp.dir/rosidl_typesupport_introspection_cpp/driving1_interfaces/srv/detail/notify_soldout__type_support.cpp.o[0m
[2.358s] [ 38%] [32mBuilding CXX object CMakeFiles/driving1_interfaces__rosidl_typesupport_cpp.dir/rosidl_typesupport_cpp/driving1_interfaces/srv/notify_soldout__type_support.cpp.o[0m
[2.410s] [ 41%] [32mBuilding CXX object CMakeFiles/driving1_interfaces__rosidl_typesupport_fastrtps_cpp.dir/rosidl_typesupport_fastrtps_cpp/driving1_interfaces/srv/detail/dds_fastrtps/notify_soldout__type_support.cpp.o[0m
[2.593s] [ 45%] [32mBuilding C object CMakeFiles/driving1_interfaces__rosidl_typesupport_introspection_c.dir/rosidl_typesupport_introspection_c/driving1_interfaces/srv/detail/notify_soldout__type_support.c.o[0m
[2.596s] [ 48%] [32mBuilding CXX object CMakeFiles/driving1_interfaces__rosidl_typesupport_fastrtps_c.dir/rosidl_typesupport_fastrtps_c/driving1_interfaces/srv/detail/notify_soldout__type_support_c.cpp.o[0m
[2.623s] [ 51%] [32m[1mLinking C shared library libdriving1_interfaces__rosidl_typesupport_introspection_c.so[0m
[2.661s] [ 51%] Built target driving1_interfaces__rosidl_typesupport_introspection_c
[2.673s] [ 54%] [32m[1mLinking CXX shared library libdriving1_interfaces__rosidl_typesupport_cpp.so[0m
[2.691s] [ 58%] [32m[1mLinking CXX shared library libdriving1_interfaces__rosidl_typesupport_fastrtps_cpp.so[0m
[2.706s] [ 61%] [32mBuilding CXX object CMakeFiles/driving1_interfaces__rosidl_typesupport_c.dir/rosidl_typesupport_c/driving1_interfaces/srv/notify_soldout__type_support.cpp.o[0m
[2.708s] [ 61%] Built target driving1_interfaces__rosidl_typesupport_cpp
[2.742s] [ 64%] [32m[1mLinking CXX shared library libdriving1_interfaces__rosidl_typesupport_c.so[0m
[2.754s] [ 64%] Built target driving1_interfaces__rosidl_typesupport_fastrtps_cpp
[2.779s] [ 64%] Built target driving1_interfaces__rosidl_typesupport_c
[2.821s] [ 67%] [32m[1mLinking CXX shared library libdriving1_interfaces__rosidl_typesupport_introspection_cpp.so[0m
[2.838s] [ 70%] [32m[1mLinking CXX shared library libdriving1_interfaces__rosidl_typesupport_fastrtps_c.so[0m
[2.879s] [ 70%] Built target driving1_interfaces__rosidl_typesupport_introspection_cpp
[2.903s] [ 70%] Built target driving1_interfaces__rosidl_typesupport_fastrtps_c
[2.921s] [ 70%] Built target driving1_interfaces
[2.942s] [ 74%] [34m[1mGenerating Python code for ROS interfaces[0m
[3.240s] [ 74%] Built target driving1_interfaces__py
[3.261s] [ 77%] [32mBuilding C object CMakeFiles/driving1_interfaces__rosidl_generator_py.dir/rosidl_generator_py/driving1_interfaces/srv/_notify_soldout_s.c.o[0m
[3.348s] [ 80%] [32m[1mLinking C shared library rosidl_generator_py/driving1_interfaces/libdriving1_interfaces__rosidl_generator_py.so[0m
[3.383s] [ 80%] Built target driving1_interfaces__rosidl_generator_py
[3.400s] [ 83%] [32mBuilding C object CMakeFiles/driving1_interfaces__rosidl_typesupport_fastrtps_c__pyext.dir/rosidl_generator_py/driving1_interfaces/_driving1_interfaces_s.ep.rosidl_typesupport_fastrtps_c.c.o[0m
[3.401s] [ 87%] [32mBuilding C object CMakeFiles/driving1_interfaces__rosidl_typesupport_c__pyext.dir/rosidl_generator_py/driving1_interfaces/_driving1_interfaces_s.ep.rosidl_typesupport_c.c.o[0m
[3.403s] [ 90%] [32mBuilding C object CMakeFiles/driving1_interfaces__rosidl_typesupport_introspection_c__pyext.dir/rosidl_generator_py/driving1_interfaces/_driving1_interfaces_s.ep.rosidl_typesupport_introspection_c.c.o[0m
[3.466s] [ 93%] [32m[1mLinking C shared library rosidl_generator_py/driving1_interfaces/driving1_interfaces_s__rosidl_typesupport_fastrtps_c.cpython-310-x86_64-linux-gnu.so[0m
[3.466s] [ 96%] [32m[1mLinking C shared library rosidl_generator_py/driving1_interfaces/driving1_interfaces_s__rosidl_typesupport_c.cpython-310-x86_64-linux-gnu.so[0m
[3.472s] [100%] [32m[1mLinking C shared library rosidl_generator_py/driving1_interfaces/driving1_interfaces_s__rosidl_typesupport_introspection_c.cpython-310-x86_64-linux-gnu.so[0m
[3.495s] [100%] Built target driving1_interfaces__rosidl_typesupport_c__pyext
[3.498s] [100%] Built target driving1_interfaces__rosidl_typesupport_fastrtps_c__pyext
[3.515s] [100%] Built target driving1_interfaces__rosidl_typesupport_introspection_c__pyext
[3.532s] Invoked command in '/home/sujeong/rokey2_D1_Driving1/src/build/driving1_interfaces' returned '0': /usr/bin/cmake --build /home/sujeong/rokey2_D1_Driving1/src/build/driving1_interfaces -- -j16 -l16
[3.535s] Invoking command in '/home/sujeong/rokey2_D1_Driving1/src/build/driving1_interfaces': /usr/bin/cmake --install /home/sujeong/rokey2_D1_Driving1/src/build/driving1_interfaces
[3.546s] -- Install configuration: ""
[3.547s] -- Installing: /home/sujeong/rokey2_D1_Driving1/src/install/driving1_interfaces/share/ament_index/resource_index/rosidl_interfaces/driving1_interfaces
[3.547s] -- Installing: /home/sujeong/rokey2_D1_Driving1/src/install/driving1_interfaces/include/driving1_interfaces/driving1_interfaces
[3.547s] -- Installing: /home/sujeong/rokey2_D1_Driving1/src/install/driving1_interfaces/include/driving1_interfaces/driving1_interfaces/srv
[3.547s] -- Installing: /home/sujeong/rokey2_D1_Driving1/src/install/driving1_interfaces/include/driving1_interfaces/driving1_interfaces/srv/detail
[3.547s] -- Installing: /home/sujeong/rokey2_D1_Driving1/src/install/driving1_interfaces/include/driving1_interfaces/driving1_interfaces/srv/detail/notify_soldout__functions.h
[3.547s] -- Installing: /home/sujeong/rokey2_D1_Driving1/src/install/driving1_interfaces/include/driving1_interfaces/driving1_interfaces/srv/detail/notify_soldout__functions.c
[3.547s] -- Installing: /home/sujeong/rokey2_D1_Driving1/src/install/driving1_interfaces/include/driving1_interfaces/driving1_interfaces/srv/detail/notify_soldout__type_support.h
[3.547s] -- Installing: /home/sujeong/rokey2_D1_Driving1/src/install/driving1_interfaces/include/driving1_interfaces/driving1_interfaces/srv/detail/notify_soldout__struct.h
[3.548s] -- Installing: /home/sujeong/rokey2_D1_Driving1/src/install/driving1_interfaces/include/driving1_interfaces/driving1_interfaces/srv/notify_soldout.h
[3.548s] -- Installing: /home/sujeong/rokey2_D1_Driving1/src/install/driving1_interfaces/include/driving1_interfaces/driving1_interfaces/msg
[3.548s] -- Installing: /home/sujeong/rokey2_D1_Driving1/src/install/driving1_interfaces/include/driving1_interfaces/driving1_interfaces/msg/rosidl_generator_c__visibility_control.h
[3.548s] -- Installing: /home/sujeong/rokey2_D1_Driving1/src/install/driving1_interfaces/share/driving1_interfaces/environment/library_path.sh
[3.548s] -- Installing: /home/sujeong/rokey2_D1_Driving1/src/install/driving1_interfaces/share/driving1_interfaces/environment/library_path.dsv
[3.548s] -- Installing: /home/sujeong/rokey2_D1_Driving1/src/install/driving1_interfaces/lib/libdriving1_interfaces__rosidl_generator_c.so
[3.548s] -- Set runtime path of "/home/sujeong/rokey2_D1_Driving1/src/install/driving1_interfaces/lib/libdriving1_interfaces__rosidl_generator_c.so" to ""
[3.548s] -- Up-to-date: /home/sujeong/rokey2_D1_Driving1/src/install/driving1_interfaces/include/driving1_interfaces/driving1_interfaces
[3.548s] -- Up-to-date: /home/sujeong/rokey2_D1_Driving1/src/install/driving1_interfaces/include/driving1_interfaces/driving1_interfaces/srv
[3.548s] -- Up-to-date: /home/sujeong/rokey2_D1_Driving1/src/install/driving1_interfaces/include/driving1_interfaces/driving1_interfaces/srv/detail
[3.548s] -- Installing: /home/sujeong/rokey2_D1_Driving1/src/install/driving1_interfaces/include/driving1_interfaces/driving1_interfaces/srv/detail/notify_soldout__rosidl_typesupport_fastrtps_c.h
[3.548s] -- Up-to-date: /home/sujeong/rokey2_D1_Driving1/src/install/driving1_interfaces/include/driving1_interfaces/driving1_interfaces/msg
[3.548s] -- Installing: /home/sujeong/rokey2_D1_Driving1/src/install/driving1_interfaces/include/driving1_interfaces/driving1_interfaces/msg/rosidl_typesupport_fastrtps_c__visibility_control.h
[3.548s] -- Installing: /home/sujeong/rokey2_D1_Driving1/src/install/driving1_interfaces/lib/libdriving1_interfaces__rosidl_typesupport_fastrtps_c.so
[3.548s] -- Set runtime path of "/home/sujeong/rokey2_D1_Driving1/src/install/driving1_interfaces/lib/libdriving1_interfaces__rosidl_typesupport_fastrtps_c.so" to ""
[3.548s] -- Up-to-date: /home/sujeong/rokey2_D1_Driving1/src/install/driving1_interfaces/include/driving1_interfaces/driving1_interfaces
[3.549s] -- Up-to-date: /home/sujeong/rokey2_D1_Driving1/src/install/driving1_interfaces/include/driving1_interfaces/driving1_interfaces/srv
[3.549s] -- Up-to-date: /home/sujeong/rokey2_D1_Driving1/src/install/driving1_interfaces/include/driving1_interfaces/driving1_interfaces/srv/detail
[3.549s] -- Installing: /home/sujeong/rokey2_D1_Driving1/src/install/driving1_interfaces/include/driving1_interfaces/driving1_interfaces/srv/detail/notify_soldout__type_support.c
[3.549s] -- Installing: /home/sujeong/rokey2_D1_Driving1/src/install/driving1_interfaces/include/driving1_interfaces/driving1_interfaces/srv/detail/notify_soldout__rosidl_typesupport_introspection_c.h
[3.549s] -- Up-to-date: /home/sujeong/rokey2_D1_Driving1/src/install/driving1_interfaces/include/driving1_interfaces/driving1_interfaces/msg
[3.549s] -- Installing: /home/sujeong/rokey2_D1_Driving1/src/install/driving1_interfaces/include/driving1_interfaces/driving1_interfaces/msg/rosidl_typesupport_introspection_c__visibility_control.h
[3.549s] -- Installing: /home/sujeong/rokey2_D1_Driving1/src/install/driving1_interfaces/lib/libdriving1_interfaces__rosidl_typesupport_introspection_c.so
[3.549s] -- Set runtime path of "/home/sujeong/rokey2_D1_Driving1/src/install/driving1_interfaces/lib/libdriving1_interfaces__rosidl_typesupport_introspection_c.so" to ""
[3.549s] -- Installing: /home/sujeong/rokey2_D1_Driving1/src/install/driving1_interfaces/lib/libdriving1_interfaces__rosidl_typesupport_c.so
[3.549s] -- Set runtime path of "/home/sujeong/rokey2_D1_Driving1/src/install/driving1_interfaces/lib/libdriving1_interfaces__rosidl_typesupport_c.so" to ""
[3.549s] -- Up-to-date: /home/sujeong/rokey2_D1_Driving1/src/install/driving1_interfaces/include/driving1_interfaces/driving1_interfaces
[3.549s] -- Up-to-date: /home/sujeong/rokey2_D1_Driving1/src/install/driving1_interfaces/include/driving1_interfaces/driving1_interfaces/srv
[3.549s] -- Up-to-date: /home/sujeong/rokey2_D1_Driving1/src/install/driving1_interfaces/include/driving1_interfaces/driving1_interfaces/srv/detail
[3.549s] -- Installing: /home/sujeong/rokey2_D1_Driving1/src/install/driving1_interfaces/include/driving1_interfaces/driving1_interfaces/srv/detail/notify_soldout__type_support.hpp
[3.549s] -- Installing: /home/sujeong/rokey2_D1_Driving1/src/install/driving1_interfaces/include/driving1_interfaces/driving1_interfaces/srv/detail/notify_soldout__builder.hpp
[3.549s] -- Installing: /home/sujeong/rokey2_D1_Driving1/src/install/driving1_interfaces/include/driving1_interfaces/driving1_interfaces/srv/detail/notify_soldout__struct.hpp
[3.549s] -- Installing: /home/sujeong/rokey2_D1_Driving1/src/install/driving1_interfaces/include/driving1_interfaces/driving1_interfaces/srv/detail/notify_soldout__traits.hpp
[3.549s] -- Installing: /home/sujeong/rokey2_D1_Driving1/src/install/driving1_interfaces/include/driving1_interfaces/driving1_interfaces/srv/notify_soldout.hpp
[3.549s] -- Up-to-date: /home/sujeong/rokey2_D1_Driving1/src/install/driving1_interfaces/include/driving1_interfaces/driving1_interfaces/msg
[3.549s] -- Installing: /home/sujeong/rokey2_D1_Driving1/src/install/driving1_interfaces/include/driving1_interfaces/driving1_interfaces/msg/rosidl_generator_cpp__visibility_control.hpp
[3.549s] -- Up-to-date: /home/sujeong/rokey2_D1_Driving1/src/install/driving1_interfaces/include/driving1_interfaces/driving1_interfaces
[3.549s] -- Up-to-date: /home/sujeong/rokey2_D1_Driving1/src/install/driving1_interfaces/include/driving1_interfaces/driving1_interfaces/srv
[3.549s] -- Up-to-date: /home/sujeong/rokey2_D1_Driving1/src/install/driving1_interfaces/include/driving1_interfaces/driving1_interfaces/srv/detail
[3.550s] -- Installing: /home/sujeong/rokey2_D1_Driving1/src/install/driving1_interfaces/include/driving1_interfaces/driving1_interfaces/srv/detail/notify_soldout__rosidl_typesupport_fastrtps_cpp.hpp
[3.550s] -- Installing: /home/sujeong/rokey2_D1_Driving1/src/install/driving1_interfaces/include/driving1_interfaces/driving1_interfaces/srv/detail/dds_fastrtps
[3.550s] -- Up-to-date: /home/sujeong/rokey2_D1_Driving1/src/install/driving1_interfaces/include/driving1_interfaces/driving1_interfaces/msg
[3.550s] -- Installing: /home/sujeong/rokey2_D1_Driving1/src/install/driving1_interfaces/include/driving1_interfaces/driving1_interfaces/msg/rosidl_typesupport_fastrtps_cpp__visibility_control.h
[3.550s] -- Installing: /home/sujeong/rokey2_D1_Driving1/src/install/driving1_interfaces/lib/libdriving1_interfaces__rosidl_typesupport_fastrtps_cpp.so
[3.550s] -- Set runtime path of "/home/sujeong/rokey2_D1_Driving1/src/install/driving1_interfaces/lib/libdriving1_interfaces__rosidl_typesupport_fastrtps_cpp.so" to ""
[3.550s] -- Up-to-date: /home/sujeong/rokey2_D1_Driving1/src/install/driving1_interfaces/include/driving1_interfaces/driving1_interfaces
[3.550s] -- Up-to-date: /home/sujeong/rokey2_D1_Driving1/src/install/driving1_interfaces/include/driving1_interfaces/driving1_interfaces/srv
[3.550s] -- Up-to-date: /home/sujeong/rokey2_D1_Driving1/src/install/driving1_interfaces/include/driving1_interfaces/driving1_interfaces/srv/detail
[3.550s] -- Installing: /home/sujeong/rokey2_D1_Driving1/src/install/driving1_interfaces/include/driving1_interfaces/driving1_interfaces/srv/detail/notify_soldout__rosidl_typesupport_introspection_cpp.hpp
[3.550s] -- Installing: /home/sujeong/rokey2_D1_Driving1/src/install/driving1_interfaces/include/driving1_interfaces/driving1_interfaces/srv/detail/notify_soldout__type_support.cpp
[3.550s] -- Installing: /home/sujeong/rokey2_D1_Driving1/src/install/driving1_interfaces/lib/libdriving1_interfaces__rosidl_typesupport_introspection_cpp.so
[3.550s] -- Set runtime path of "/home/sujeong/rokey2_D1_Driving1/src/install/driving1_interfaces/lib/libdriving1_interfaces__rosidl_typesupport_introspection_cpp.so" to ""
[3.550s] -- Installing: /home/sujeong/rokey2_D1_Driving1/src/install/driving1_interfaces/lib/libdriving1_interfaces__rosidl_typesupport_cpp.so
[3.550s] -- Set runtime path of "/home/sujeong/rokey2_D1_Driving1/src/install/driving1_interfaces/lib/libdriving1_interfaces__rosidl_typesupport_cpp.so" to ""
[3.550s] -- Installing: /home/sujeong/rokey2_D1_Driving1/src/install/driving1_interfaces/share/driving1_interfaces/environment/pythonpath.sh
[3.550s] -- Installing: /home/sujeong/rokey2_D1_Driving1/src/install/driving1_interfaces/share/driving1_interfaces/environment/pythonpath.dsv
[3.550s] -- Installing: /home/sujeong/rokey2_D1_Driving1/src/install/driving1_interfaces/lib/python3.10/site-packages/driving1_interfaces-0.0.0-py3.10.egg-info
[3.550s] -- Installing: /home/sujeong/rokey2_D1_Driving1/src/install/driving1_interfaces/lib/python3.10/site-packages/driving1_interfaces-0.0.0-py3.10.egg-info/top_level.txt
[3.550s] -- Installing: /home/sujeong/rokey2_D1_Driving1/src/install/driving1_interfaces/lib/python3.10/site-packages/driving1_interfaces-0.0.0-py3.10.egg-info/PKG-INFO
[3.550s] -- Installing: /home/sujeong/rokey2_D1_Driving1/src/install/driving1_interfaces/lib/python3.10/site-packages/driving1_interfaces-0.0.0-py3.10.egg-info/SOURCES.txt
[3.550s] -- Installing: /home/sujeong/rokey2_D1_Driving1/src/install/driving1_interfaces/lib/python3.10/site-packages/driving1_interfaces-0.0.0-py3.10.egg-info/dependency_links.txt
[3.550s] -- Installing: /home/sujeong/rokey2_D1_Driving1/src/install/driving1_interfaces/lib/python3.10/site-packages/driving1_interfaces
[3.550s] -- Installing: /home/sujeong/rokey2_D1_Driving1/src/install/driving1_interfaces/lib/python3.10/site-packages/driving1_interfaces/_driving1_interfaces_s.ep.rosidl_typesupport_c.c
[3.551s] -- Installing: /home/sujeong/rokey2_D1_Driving1/src/install/driving1_interfaces/lib/python3.10/site-packages/driving1_interfaces/driving1_interfaces_s__rosidl_typesupport_fastrtps_c.cpython-310-x86_64-linux-gnu.so
[3.551s] -- Installing: /home/sujeong/rokey2_D1_Driving1/src/install/driving1_interfaces/lib/python3.10/site-packages/driving1_interfaces/driving1_interfaces_s__rosidl_typesupport_introspection_c.cpython-310-x86_64-linux-gnu.so
[3.551s] -- Installing: /home/sujeong/rokey2_D1_Driving1/src/install/driving1_interfaces/lib/python3.10/site-packages/driving1_interfaces/libdriving1_interfaces__rosidl_generator_py.so
[3.551s] -- Installing: /home/sujeong/rokey2_D1_Driving1/src/install/driving1_interfaces/lib/python3.10/site-packages/driving1_interfaces/_driving1_interfaces_s.ep.rosidl_typesupport_introspection_c.c
[3.551s] -- Installing: /home/sujeong/rokey2_D1_Driving1/src/install/driving1_interfaces/lib/python3.10/site-packages/driving1_interfaces/_driving1_interfaces_s.ep.rosidl_typesupport_fastrtps_c.c
[3.551s] -- Installing: /home/sujeong/rokey2_D1_Driving1/src/install/driving1_interfaces/lib/python3.10/site-packages/driving1_interfaces/__init__.py
[3.551s] -- Installing: /home/sujeong/rokey2_D1_Driving1/src/install/driving1_interfaces/lib/python3.10/site-packages/driving1_interfaces/driving1_interfaces_s__rosidl_typesupport_c.cpython-310-x86_64-linux-gnu.so
[3.551s] -- Installing: /home/sujeong/rokey2_D1_Driving1/src/install/driving1_interfaces/lib/python3.10/site-packages/driving1_interfaces/srv
[3.551s] -- Installing: /home/sujeong/rokey2_D1_Driving1/src/install/driving1_interfaces/lib/python3.10/site-packages/driving1_interfaces/srv/_notify_soldout.py
[3.551s] -- Installing: /home/sujeong/rokey2_D1_Driving1/src/install/driving1_interfaces/lib/python3.10/site-packages/driving1_interfaces/srv/_notify_soldout_s.c
[3.551s] -- Installing: /home/sujeong/rokey2_D1_Driving1/src/install/driving1_interfaces/lib/python3.10/site-packages/driving1_interfaces/srv/__init__.py
[3.580s] Listing '/home/sujeong/rokey2_D1_Driving1/src/install/driving1_interfaces/lib/python3.10/site-packages/driving1_interfaces'...
[3.580s] Compiling '/home/sujeong/rokey2_D1_Driving1/src/install/driving1_interfaces/lib/python3.10/site-packages/driving1_interfaces/__init__.py'...
[3.580s] Listing '/home/sujeong/rokey2_D1_Driving1/src/install/driving1_interfaces/lib/python3.10/site-packages/driving1_interfaces/srv'...
[3.580s] Compiling '/home/sujeong/rokey2_D1_Driving1/src/install/driving1_interfaces/lib/python3.10/site-packages/driving1_interfaces/srv/__init__.py'...
[3.580s] Compiling '/home/sujeong/rokey2_D1_Driving1/src/install/driving1_interfaces/lib/python3.10/site-packages/driving1_interfaces/srv/_notify_soldout.py'...
[3.583s] -- Installing: /home/sujeong/rokey2_D1_Driving1/src/install/driving1_interfaces/lib/python3.10/site-packages/driving1_interfaces/driving1_interfaces_s__rosidl_typesupport_fastrtps_c.cpython-310-x86_64-linux-gnu.so
[3.583s] -- Set runtime path of "/home/sujeong/rokey2_D1_Driving1/src/install/driving1_interfaces/lib/python3.10/site-packages/driving1_interfaces/driving1_interfaces_s__rosidl_typesupport_fastrtps_c.cpython-310-x86_64-linux-gnu.so" to ""
[3.583s] -- Installing: /home/sujeong/rokey2_D1_Driving1/src/install/driving1_interfaces/lib/python3.10/site-packages/driving1_interfaces/driving1_interfaces_s__rosidl_typesupport_introspection_c.cpython-310-x86_64-linux-gnu.so
[3.584s] -- Set runtime path of "/home/sujeong/rokey2_D1_Driving1/src/install/driving1_interfaces/lib/python3.10/site-packages/driving1_interfaces/driving1_interfaces_s__rosidl_typesupport_introspection_c.cpython-310-x86_64-linux-gnu.so" to ""
[3.584s] -- Installing: /home/sujeong/rokey2_D1_Driving1/src/install/driving1_interfaces/lib/python3.10/site-packages/driving1_interfaces/driving1_interfaces_s__rosidl_typesupport_c.cpython-310-x86_64-linux-gnu.so
[3.584s] -- Set runtime path of "/home/sujeong/rokey2_D1_Driving1/src/install/driving1_interfaces/lib/python3.10/site-packages/driving1_interfaces/driving1_interfaces_s__rosidl_typesupport_c.cpython-310-x86_64-linux-gnu.so" to ""
[3.584s] -- Installing: /home/sujeong/rokey2_D1_Driving1/src/install/driving1_interfaces/lib/libdriving1_interfaces__rosidl_generator_py.so
[3.584s] -- Set runtime path of "/home/sujeong/rokey2_D1_Driving1/src/install/driving1_interfaces/lib/libdriving1_interfaces__rosidl_generator_py.so" to ""
[3.584s] -- Installing: /home/sujeong/rokey2_D1_Driving1/src/install/driving1_interfaces/share/driving1_interfaces/srv/NotifySoldout.idl
[3.584s] -- Installing: /home/sujeong/rokey2_D1_Driving1/src/install/driving1_interfaces/share/driving1_interfaces/srv/NotifySoldout.srv
[3.584s] -- Installing: /home/sujeong/rokey2_D1_Driving1/src/install/driving1_interfaces/share/driving1_interfaces/srv/NotifySoldout_Request.msg
[3.584s] -- Installing: /home/sujeong/rokey2_D1_Driving1/src/install/driving1_interfaces/share/driving1_interfaces/srv/NotifySoldout_Response.msg
[3.584s] -- Installing: /home/sujeong/rokey2_D1_Driving1/src/install/driving1_interfaces/share/ament_index/resource_index/package_run_dependencies/driving1_interfaces
[3.584s] -- Installing: /home/sujeong/rokey2_D1_Driving1/src/install/driving1_interfaces/share/ament_index/resource_index/parent_prefix_path/driving1_interfaces
[3.584s] -- Installing: /home/sujeong/rokey2_D1_Driving1/src/install/driving1_interfaces/share/driving1_interfaces/environment/ament_prefix_path.sh
[3.584s] -- Installing: /home/sujeong/rokey2_D1_Driving1/src/install/driving1_interfaces/share/driving1_interfaces/environment/ament_prefix_path.dsv
[3.584s] -- Installing: /home/sujeong/rokey2_D1_Driving1/src/install/driving1_interfaces/share/driving1_interfaces/environment/path.sh
[3.585s] -- Installing: /home/sujeong/rokey2_D1_Driving1/src/install/driving1_interfaces/share/driving1_interfaces/environment/path.dsv
[3.585s] -- Installing: /home/sujeong/rokey2_D1_Driving1/src/install/driving1_interfaces/share/driving1_interfaces/local_setup.bash
[3.585s] -- Installing: /home/sujeong/rokey2_D1_Driving1/src/install/driving1_interfaces/share/driving1_interfaces/local_setup.sh
[3.585s] -- Installing: /home/sujeong/rokey2_D1_Driving1/src/install/driving1_interfaces/share/driving1_interfaces/local_setup.zsh
[3.585s] -- Installing: /home/sujeong/rokey2_D1_Driving1/src/install/driving1_interfaces/share/driving1_interfaces/local_setup.dsv
[3.585s] -- Installing: /home/sujeong/rokey2_D1_Driving1/src/install/driving1_interfaces/share/driving1_interfaces/package.dsv
[3.585s] -- Installing: /home/sujeong/rokey2_D1_Driving1/src/install/driving1_interfaces/share/ament_index/resource_index/packages/driving1_interfaces
[3.585s] -- Installing: /home/sujeong/rokey2_D1_Driving1/src/install/driving1_interfaces/share/driving1_interfaces/cmake/export_driving1_interfaces__rosidl_generator_cExport.cmake
[3.585s] -- Installing: /home/sujeong/rokey2_D1_Driving1/src/install/driving1_interfaces/share/driving1_interfaces/cmake/export_driving1_interfaces__rosidl_generator_cExport-noconfig.cmake
[3.585s] -- Installing: /home/sujeong/rokey2_D1_Driving1/src/install/driving1_interfaces/share/driving1_interfaces/cmake/export_driving1_interfaces__rosidl_typesupport_fastrtps_cExport.cmake
[3.585s] -- Installing: /home/sujeong/rokey2_D1_Driving1/src/install/driving1_interfaces/share/driving1_interfaces/cmake/export_driving1_interfaces__rosidl_typesupport_fastrtps_cExport-noconfig.cmake
[3.585s] -- Installing: /home/sujeong/rokey2_D1_Driving1/src/install/driving1_interfaces/share/driving1_interfaces/cmake/driving1_interfaces__rosidl_typesupport_introspection_cExport.cmake
[3.585s] -- Installing: /home/sujeong/rokey2_D1_Driving1/src/install/driving1_interfaces/share/driving1_interfaces/cmake/driving1_interfaces__rosidl_typesupport_introspection_cExport-noconfig.cmake
[3.585s] -- Installing: /home/sujeong/rokey2_D1_Driving1/src/install/driving1_interfaces/share/driving1_interfaces/cmake/driving1_interfaces__rosidl_typesupport_cExport.cmake
[3.585s] -- Installing: /home/sujeong/rokey2_D1_Driving1/src/install/driving1_interfaces/share/driving1_interfaces/cmake/driving1_interfaces__rosidl_typesupport_cExport-noconfig.cmake
[3.585s] -- Installing: /home/sujeong/rokey2_D1_Driving1/src/install/driving1_interfaces/share/driving1_interfaces/cmake/export_driving1_interfaces__rosidl_generator_cppExport.cmake
[3.586s] -- Installing: /home/sujeong/rokey2_D1_Driving1/src/install/driving1_interfaces/share/driving1_interfaces/cmake/export_driving1_interfaces__rosidl_typesupport_fastrtps_cppExport.cmake
[3.586s] -- Installing: /home/sujeong/rokey2_D1_Driving1/src/install/driving1_interfaces/share/driving1_interfaces/cmake/export_driving1_interfaces__rosidl_typesupport_fastrtps_cppExport-noconfig.cmake
[3.586s] -- Installing: /home/sujeong/rokey2_D1_Driving1/src/install/driving1_interfaces/share/driving1_interfaces/cmake/driving1_interfaces__rosidl_typesupport_introspection_cppExport.cmake
[3.586s] -- Installing: /home/sujeong/rokey2_D1_Driving1/src/install/driving1_interfaces/share/driving1_interfaces/cmake/driving1_interfaces__rosidl_typesupport_introspection_cppExport-noconfig.cmake
[3.586s] -- Installing: /home/sujeong/rokey2_D1_Driving1/src/install/driving1_interfaces/share/driving1_interfaces/cmake/driving1_interfaces__rosidl_typesupport_cppExport.cmake
[3.586s] -- Installing: /home/sujeong/rokey2_D1_Driving1/src/install/driving1_interfaces/share/driving1_interfaces/cmake/driving1_interfaces__rosidl_typesupport_cppExport-noconfig.cmake
[3.586s] -- Installing: /home/sujeong/rokey2_D1_Driving1/src/install/driving1_interfaces/share/driving1_interfaces/cmake/export_driving1_interfaces__rosidl_generator_pyExport.cmake
[3.586s] -- Installing: /home/sujeong/rokey2_D1_Driving1/src/install/driving1_interfaces/share/driving1_interfaces/cmake/export_driving1_interfaces__rosidl_generator_pyExport-noconfig.cmake
[3.586s] -- Installing: /home/sujeong/rokey2_D1_Driving1/src/install/driving1_interfaces/share/driving1_interfaces/cmake/rosidl_cmake-extras.cmake
[3.586s] -- Installing: /home/sujeong/rokey2_D1_Driving1/src/install/driving1_interfaces/share/driving1_interfaces/cmake/ament_cmake_export_dependencies-extras.cmake
[3.586s] -- Installing: /home/sujeong/rokey2_D1_Driving1/src/install/driving1_interfaces/share/driving1_interfaces/cmake/ament_cmake_export_include_directories-extras.cmake
[3.586s] -- Installing: /home/sujeong/rokey2_D1_Driving1/src/install/driving1_interfaces/share/driving1_interfaces/cmake/ament_cmake_export_libraries-extras.cmake
[3.586s] -- Installing: /home/sujeong/rokey2_D1_Driving1/src/install/driving1_interfaces/share/driving1_interfaces/cmake/ament_cmake_export_targets-extras.cmake
[3.586s] -- Installing: /home/sujeong/rokey2_D1_Driving1/src/install/driving1_interfaces/share/driving1_interfaces/cmake/rosidl_cmake_export_typesupport_targets-extras.cmake
[3.586s] -- Installing: /home/sujeong/rokey2_D1_Driving1/src/install/driving1_interfaces/share/driving1_interfaces/cmake/rosidl_cmake_export_typesupport_libraries-extras.cmake
[3.586s] -- Installing: /home/sujeong/rokey2_D1_Driving1/src/install/driving1_interfaces/share/driving1_interfaces/cmake/driving1_interfacesConfig.cmake
[3.587s] -- Installing: /home/sujeong/rokey2_D1_Driving1/src/install/driving1_interfaces/share/driving1_interfaces/cmake/driving1_interfacesConfig-version.cmake
[3.587s] -- Installing: /home/sujeong/rokey2_D1_Driving1/src/install/driving1_interfaces/share/driving1_interfaces/package.xml
[3.588s] Invoked command in '/home/sujeong/rokey2_D1_Driving1/src/build/driving1_interfaces' returned '0': /usr/bin/cmake --install /home/sujeong/rokey2_D1_Driving1/src/build/driving1_interfaces
