[0.071s] DEBUG:colcon:Command line arguments: ['/usr/bin/colcon', 'build']
[0.071s] DEBUG:colcon:Parsed command line arguments: Namespace(log_base=None, log_level=None, verb_name='build', build_base='build', install_base='install', merge_install=False, symlink_install=False, test_result_base=None, continue_on_error=False, executor='parallel', parallel_workers=16, event_handlers=None, ignore_user_meta=False, metas=['./colcon.meta'], base_paths=['.'], packages_ignore=None, packages_ignore_regex=None, paths=None, packages_up_to=None, packages_up_to_regex=None, packages_above=None, packages_above_and_dependencies=None, packages_above_depth=None, packages_select_by_dep=None, packages_skip_by_dep=None, packages_skip_up_to=None, packages_select_build_failed=False, packages_skip_build_finished=False, packages_select_test_failures=False, packages_skip_test_passed=False, packages_select=None, packages_skip=None, packages_select_regex=None, packages_skip_regex=None, packages_start=None, packages_end=None, allow_overriding=[], cmake_args=None, cmake_target=None, cmake_target_skip_unavailable=False, cmake_clean_cache=False, cmake_clean_first=False, cmake_force_configure=False, ament_cmake_args=None, catkin_cmake_args=None, catkin_skip_building_tests=False, verb_parser=<colcon_defaults.argument_parser.defaults.DefaultArgumentsDecorator object at 0x739f9c5034c0>, verb_extension=<colcon_core.verb.build.BuildVerb object at 0x739f9c4c0b20>, main=<bound method BuildVerb.main of <colcon_core.verb.build.BuildVerb object at 0x739f9c4c0b20>>)
[0.097s] Level 1:colcon.colcon_core.package_discovery:discover_packages(colcon_meta) check parameters
[0.097s] Level 1:colcon.colcon_core.package_discovery:discover_packages(recursive) check parameters
[0.097s] Level 1:colcon.colcon_core.package_discovery:discover_packages(ignore) check parameters
[0.097s] Level 1:colcon.colcon_core.package_discovery:discover_packages(path) check parameters
[0.097s] Level 1:colcon.colcon_core.package_discovery:discover_packages(colcon_meta) discover
[0.097s] Level 1:colcon.colcon_core.package_discovery:discover_packages(recursive) discover
[0.097s] INFO:colcon.colcon_core.package_discovery:Crawling recursively for packages in '/home/sujeong/rokey2_D1_Driving1'
[0.097s] Level 1:colcon.colcon_core.package_identification:_identify(.) by extensions ['ignore', 'ignore_ament_install']
[0.097s] Level 1:colcon.colcon_core.package_identification:_identify(.) by extension 'ignore'
[0.097s] Level 1:colcon.colcon_core.package_identification:_identify(.) by extension 'ignore_ament_install'
[0.097s] Level 1:colcon.colcon_core.package_identification:_identify(.) by extensions ['colcon_pkg']
[0.097s] Level 1:colcon.colcon_core.package_identification:_identify(.) by extension 'colcon_pkg'
[0.097s] Level 1:colcon.colcon_core.package_identification:_identify(.) by extensions ['colcon_meta']
[0.097s] Level 1:colcon.colcon_core.package_identification:_identify(.) by extension 'colcon_meta'
[0.097s] Level 1:colcon.colcon_core.package_identification:_identify(.) by extensions ['ros']
[0.097s] Level 1:colcon.colcon_core.package_identification:_identify(.) by extension 'ros'
[0.114s] Level 1:colcon.colcon_core.package_identification:_identify(.) by extensions ['cmake', 'python']
[0.114s] Level 1:colcon.colcon_core.package_identification:_identify(.) by extension 'cmake'
[0.114s] Level 1:colcon.colcon_core.package_identification:_identify(.) by extension 'python'
[0.114s] Level 1:colcon.colcon_core.package_identification:_identify(.) by extensions ['python_setup_py']
[0.114s] Level 1:colcon.colcon_core.package_identification:_identify(.) by extension 'python_setup_py'
[0.114s] Level 1:colcon.colcon_core.package_identification:_identify(build) by extensions ['ignore', 'ignore_ament_install']
[0.114s] Level 1:colcon.colcon_core.package_identification:_identify(build) by extension 'ignore'
[0.114s] Level 1:colcon.colcon_core.package_identification:_identify(build) ignored
[0.114s] Level 1:colcon.colcon_core.package_identification:_identify(install) by extensions ['ignore', 'ignore_ament_install']
[0.114s] Level 1:colcon.colcon_core.package_identification:_identify(install) by extension 'ignore'
[0.114s] Level 1:colcon.colcon_core.package_identification:_identify(install) ignored
[0.114s] Level 1:colcon.colcon_core.package_identification:_identify(log) by extensions ['ignore', 'ignore_ament_install']
[0.114s] Level 1:colcon.colcon_core.package_identification:_identify(log) by extension 'ignore'
[0.114s] Level 1:colcon.colcon_core.package_identification:_identify(log) ignored
[0.114s] Level 1:colcon.colcon_core.package_identification:_identify(src) by extensions ['ignore', 'ignore_ament_install']
[0.114s] Level 1:colcon.colcon_core.package_identification:_identify(src) by extension 'ignore'
[0.114s] Level 1:colcon.colcon_core.package_identification:_identify(src) by extension 'ignore_ament_install'
[0.114s] Level 1:colcon.colcon_core.package_identification:_identify(src) by extensions ['colcon_pkg']
[0.114s] Level 1:colcon.colcon_core.package_identification:_identify(src) by extension 'colcon_pkg'
[0.114s] Level 1:colcon.colcon_core.package_identification:_identify(src) by extensions ['colcon_meta']
[0.114s] Level 1:colcon.colcon_core.package_identification:_identify(src) by extension 'colcon_meta'
[0.114s] Level 1:colcon.colcon_core.package_identification:_identify(src) by extensions ['ros']
[0.114s] Level 1:colcon.colcon_core.package_identification:_identify(src) by extension 'ros'
[0.115s] Level 1:colcon.colcon_core.package_identification:_identify(src) by extensions ['cmake', 'python']
[0.115s] Level 1:colcon.colcon_core.package_identification:_identify(src) by extension 'cmake'
[0.115s] Level 1:colcon.colcon_core.package_identification:_identify(src) by extension 'python'
[0.115s] Level 1:colcon.colcon_core.package_identification:_identify(src) by extensions ['python_setup_py']
[0.115s] Level 1:colcon.colcon_core.package_identification:_identify(src) by extension 'python_setup_py'
[0.115s] Level 1:colcon.colcon_core.package_identification:_identify(src/build) by extensions ['ignore', 'ignore_ament_install']
[0.115s] Level 1:colcon.colcon_core.package_identification:_identify(src/build) by extension 'ignore'
[0.115s] Level 1:colcon.colcon_core.package_identification:_identify(src/build) ignored
[0.115s] Level 1:colcon.colcon_core.package_identification:_identify(src/driving1) by extensions ['ignore', 'ignore_ament_install']
[0.115s] Level 1:colcon.colcon_core.package_identification:_identify(src/driving1) by extension 'ignore'
[0.115s] Level 1:colcon.colcon_core.package_identification:_identify(src/driving1) by extension 'ignore_ament_install'
[0.115s] Level 1:colcon.colcon_core.package_identification:_identify(src/driving1) by extensions ['colcon_pkg']
[0.115s] Level 1:colcon.colcon_core.package_identification:_identify(src/driving1) by extension 'colcon_pkg'
[0.115s] Level 1:colcon.colcon_core.package_identification:_identify(src/driving1) by extensions ['colcon_meta']
[0.115s] Level 1:colcon.colcon_core.package_identification:_identify(src/driving1) by extension 'colcon_meta'
[0.115s] Level 1:colcon.colcon_core.package_identification:_identify(src/driving1) by extensions ['ros']
[0.115s] Level 1:colcon.colcon_core.package_identification:_identify(src/driving1) by extension 'ros'
[0.117s] DEBUG:colcon.colcon_core.package_identification:Package 'src/driving1' with type 'ros.ament_python' and name 'driving1'
[0.117s] Level 1:colcon.colcon_core.package_identification:_identify(src/driving1_interfaces) by extensions ['ignore', 'ignore_ament_install']
[0.117s] Level 1:colcon.colcon_core.package_identification:_identify(src/driving1_interfaces) by extension 'ignore'
[0.117s] Level 1:colcon.colcon_core.package_identification:_identify(src/driving1_interfaces) by extension 'ignore_ament_install'
[0.117s] Level 1:colcon.colcon_core.package_identification:_identify(src/driving1_interfaces) by extensions ['colcon_pkg']
[0.117s] Level 1:colcon.colcon_core.package_identification:_identify(src/driving1_interfaces) by extension 'colcon_pkg'
[0.117s] Level 1:colcon.colcon_core.package_identification:_identify(src/driving1_interfaces) by extensions ['colcon_meta']
[0.117s] Level 1:colcon.colcon_core.package_identification:_identify(src/driving1_interfaces) by extension 'colcon_meta'
[0.117s] Level 1:colcon.colcon_core.package_identification:_identify(src/driving1_interfaces) by extensions ['ros']
[0.117s] Level 1:colcon.colcon_core.package_identification:_identify(src/driving1_interfaces) by extension 'ros'
[0.117s] DEBUG:colcon.colcon_core.package_identification:Package 'src/driving1_interfaces' with type 'ros.catkin' and name 'driving1_interfaces'
[0.117s] Level 1:colcon.colcon_core.package_identification:_identify(src/install) by extensions ['ignore', 'ignore_ament_install']
[0.117s] Level 1:colcon.colcon_core.package_identification:_identify(src/install) by extension 'ignore'
[0.117s] Level 1:colcon.colcon_core.package_identification:_identify(src/install) ignored
[0.118s] Level 1:colcon.colcon_core.package_identification:_identify(src/log) by extensions ['ignore', 'ignore_ament_install']
[0.118s] Level 1:colcon.colcon_core.package_identification:_identify(src/log) by extension 'ignore'
[0.118s] Level 1:colcon.colcon_core.package_identification:_identify(src/log) ignored
[0.118s] Level 1:colcon.colcon_core.package_identification:_identify(src/project3_interfaces) by extensions ['ignore', 'ignore_ament_install']
[0.118s] Level 1:colcon.colcon_core.package_identification:_identify(src/project3_interfaces) by extension 'ignore'
[0.118s] Level 1:colcon.colcon_core.package_identification:_identify(src/project3_interfaces) by extension 'ignore_ament_install'
[0.118s] Level 1:colcon.colcon_core.package_identification:_identify(src/project3_interfaces) by extensions ['colcon_pkg']
[0.118s] Level 1:colcon.colcon_core.package_identification:_identify(src/project3_interfaces) by extension 'colcon_pkg'
[0.118s] Level 1:colcon.colcon_core.package_identification:_identify(src/project3_interfaces) by extensions ['colcon_meta']
[0.118s] Level 1:colcon.colcon_core.package_identification:_identify(src/project3_interfaces) by extension 'colcon_meta'
[0.118s] Level 1:colcon.colcon_core.package_identification:_identify(src/project3_interfaces) by extensions ['ros']
[0.118s] Level 1:colcon.colcon_core.package_identification:_identify(src/project3_interfaces) by extension 'ros'
[0.118s] DEBUG:colcon.colcon_core.package_identification:Package 'src/project3_interfaces' with type 'ros.ament_cmake' and name 'project3_interfaces'
[0.118s] Level 1:colcon.colcon_core.package_discovery:discover_packages(recursive) using defaults
[0.118s] Level 1:colcon.colcon_core.package_discovery:discover_packages(ignore) discover
[0.118s] Level 1:colcon.colcon_core.package_discovery:discover_packages(ignore) using defaults
[0.118s] Level 1:colcon.colcon_core.package_discovery:discover_packages(path) discover
[0.118s] Level 1:colcon.colcon_core.package_discovery:discover_packages(path) using defaults
[0.131s] Level 1:colcon.colcon_core.package_discovery:discover_packages(prefix_path) check parameters
[0.131s] Level 1:colcon.colcon_core.package_discovery:discover_packages(prefix_path) discover
[0.132s] DEBUG:colcon.colcon_installed_package_information.package_discovery:Found 3 installed packages in /home/sujeong/rokey2_D1_Driving1/install
[0.133s] DEBUG:colcon.colcon_installed_package_information.package_discovery:Found 15 installed packages in /home/sujeong/turtlebot3_ws/install
[0.133s] DEBUG:colcon.colcon_installed_package_information.package_discovery:Found 1 installed packages in /home/sujeong/ros2_ws/install
[0.134s] DEBUG:colcon.colcon_installed_package_information.package_discovery:Found 379 installed packages in /opt/ros/humble
[0.136s] Level 1:colcon.colcon_core.package_discovery:discover_packages(prefix_path) using defaults
[0.170s] Level 5:colcon.colcon_core.verb:set package 'driving1_interfaces' build argument 'cmake_args' from command line to 'None'
[0.170s] Level 5:colcon.colcon_core.verb:set package 'driving1_interfaces' build argument 'cmake_target' from command line to 'None'
[0.170s] Level 5:colcon.colcon_core.verb:set package 'driving1_interfaces' build argument 'cmake_target_skip_unavailable' from command line to 'False'
[0.170s] Level 5:colcon.colcon_core.verb:set package 'driving1_interfaces' build argument 'cmake_clean_cache' from command line to 'False'
[0.170s] Level 5:colcon.colcon_core.verb:set package 'driving1_interfaces' build argument 'cmake_clean_first' from command line to 'False'
[0.170s] Level 5:colcon.colcon_core.verb:set package 'driving1_interfaces' build argument 'cmake_force_configure' from command line to 'False'
[0.170s] Level 5:colcon.colcon_core.verb:set package 'driving1_interfaces' build argument 'ament_cmake_args' from command line to 'None'
[0.170s] Level 5:colcon.colcon_core.verb:set package 'driving1_interfaces' build argument 'catkin_cmake_args' from command line to 'None'
[0.170s] Level 5:colcon.colcon_core.verb:set package 'driving1_interfaces' build argument 'catkin_skip_building_tests' from command line to 'False'
[0.170s] DEBUG:colcon.colcon_core.verb:Building package 'driving1_interfaces' with the following arguments: {'ament_cmake_args': None, 'build_base': '/home/sujeong/rokey2_D1_Driving1/build/driving1_interfaces', 'catkin_cmake_args': None, 'catkin_skip_building_tests': False, 'cmake_args': None, 'cmake_clean_cache': False, 'cmake_clean_first': False, 'cmake_force_configure': False, 'cmake_target': None, 'cmake_target_skip_unavailable': False, 'install_base': '/home/sujeong/rokey2_D1_Driving1/install/driving1_interfaces', 'merge_install': False, 'path': '/home/sujeong/rokey2_D1_Driving1/src/driving1_interfaces', 'symlink_install': False, 'test_result_base': None}
[0.171s] Level 5:colcon.colcon_core.verb:set package 'project3_interfaces' build argument 'cmake_args' from command line to 'None'
[0.171s] Level 5:colcon.colcon_core.verb:set package 'project3_interfaces' build argument 'cmake_target' from command line to 'None'
[0.171s] Level 5:colcon.colcon_core.verb:set package 'project3_interfaces' build argument 'cmake_target_skip_unavailable' from command line to 'False'
[0.171s] Level 5:colcon.colcon_core.verb:set package 'project3_interfaces' build argument 'cmake_clean_cache' from command line to 'False'
[0.171s] Level 5:colcon.colcon_core.verb:set package 'project3_interfaces' build argument 'cmake_clean_first' from command line to 'False'
[0.171s] Level 5:colcon.colcon_core.verb:set package 'project3_interfaces' build argument 'cmake_force_configure' from command line to 'False'
[0.171s] Level 5:colcon.colcon_core.verb:set package 'project3_interfaces' build argument 'ament_cmake_args' from command line to 'None'
[0.171s] Level 5:colcon.colcon_core.verb:set package 'project3_interfaces' build argument 'catkin_cmake_args' from command line to 'None'
[0.171s] Level 5:colcon.colcon_core.verb:set package 'project3_interfaces' build argument 'catkin_skip_building_tests' from command line to 'False'
[0.171s] DEBUG:colcon.colcon_core.verb:Building package 'project3_interfaces' with the following arguments: {'ament_cmake_args': None, 'build_base': '/home/sujeong/rokey2_D1_Driving1/build/project3_interfaces', 'catkin_cmake_args': None, 'catkin_skip_building_tests': False, 'cmake_args': None, 'cmake_clean_cache': False, 'cmake_clean_first': False, 'cmake_force_configure': False, 'cmake_target': None, 'cmake_target_skip_unavailable': False, 'install_base': '/home/sujeong/rokey2_D1_Driving1/install/project3_interfaces', 'merge_install': False, 'path': '/home/sujeong/rokey2_D1_Driving1/src/project3_interfaces', 'symlink_install': False, 'test_result_base': None}
[0.171s] Level 5:colcon.colcon_core.verb:set package 'driving1' build argument 'cmake_args' from command line to 'None'
[0.171s] Level 5:colcon.colcon_core.verb:set package 'driving1' build argument 'cmake_target' from command line to 'None'
[0.171s] Level 5:colcon.colcon_core.verb:set package 'driving1' build argument 'cmake_target_skip_unavailable' from command line to 'False'
[0.171s] Level 5:colcon.colcon_core.verb:set package 'driving1' build argument 'cmake_clean_cache' from command line to 'False'
[0.171s] Level 5:colcon.colcon_core.verb:set package 'driving1' build argument 'cmake_clean_first' from command line to 'False'
[0.171s] Level 5:colcon.colcon_core.verb:set package 'driving1' build argument 'cmake_force_configure' from command line to 'False'
[0.171s] Level 5:colcon.colcon_core.verb:set package 'driving1' build argument 'ament_cmake_args' from command line to 'None'
[0.171s] Level 5:colcon.colcon_core.verb:set package 'driving1' build argument 'catkin_cmake_args' from command line to 'None'
[0.171s] Level 5:colcon.colcon_core.verb:set package 'driving1' build argument 'catkin_skip_building_tests' from command line to 'False'
[0.171s] DEBUG:colcon.colcon_core.verb:Building package 'driving1' with the following arguments: {'ament_cmake_args': None, 'build_base': '/home/sujeong/rokey2_D1_Driving1/build/driving1', 'catkin_cmake_args': None, 'catkin_skip_building_tests': False, 'cmake_args': None, 'cmake_clean_cache': False, 'cmake_clean_first': False, 'cmake_force_configure': False, 'cmake_target': None, 'cmake_target_skip_unavailable': False, 'install_base': '/home/sujeong/rokey2_D1_Driving1/install/driving1', 'merge_install': False, 'path': '/home/sujeong/rokey2_D1_Driving1/src/driving1', 'symlink_install': False, 'test_result_base': None}
[0.171s] INFO:colcon.colcon_core.executor:Executing jobs using 'parallel' executor
[0.172s] DEBUG:colcon.colcon_parallel_executor.executor.parallel:run_until_complete
[0.172s] INFO:colcon.colcon_ros.task.catkin.build:Building ROS package in '/home/sujeong/rokey2_D1_Driving1/src/driving1_interfaces' with build type 'catkin'
[0.172s] INFO:colcon.colcon_cmake.task.cmake.build:Building CMake package in '/home/sujeong/rokey2_D1_Driving1/src/driving1_interfaces'
[0.174s] INFO:colcon.colcon_core.plugin_system:Skipping extension 'colcon_core.shell.bat': Not used on non-Windows systems
[0.174s] INFO:colcon.colcon_core.shell:Skip shell extension 'powershell' for command environment: Not usable outside of PowerShell
[0.174s] DEBUG:colcon.colcon_core.shell:Skip shell extension 'dsv' for command environment
[0.177s] INFO:colcon.colcon_ros.task.ament_cmake.build:Building ROS package in '/home/sujeong/rokey2_D1_Driving1/src/project3_interfaces' with build type 'ament_cmake'
[0.178s] INFO:colcon.colcon_cmake.task.cmake.build:Building CMake package in '/home/sujeong/rokey2_D1_Driving1/src/project3_interfaces'
[0.178s] INFO:colcon.colcon_core.shell:Skip shell extension 'powershell' for command environment: Not usable outside of PowerShell
[0.178s] DEBUG:colcon.colcon_core.shell:Skip shell extension 'dsv' for command environment
[0.189s] DEBUG:colcon.colcon_core.event_handler.log_command:Invoking command in '/home/sujeong/rokey2_D1_Driving1/build/driving1_interfaces': /usr/bin/cmake --build /home/sujeong/rokey2_D1_Driving1/build/driving1_interfaces -- -j16 -l16
[0.191s] DEBUG:colcon.colcon_core.event_handler.log_command:Invoking command in '/home/sujeong/rokey2_D1_Driving1/build/project3_interfaces': CMAKE_PREFIX_PATH=/home/sujeong/rokey2_D1_Driving1/install/project3_interfaces:/home/sujeong/rokey2_D1_Driving1/install/driving1:/home/sujeong/turtlebot3_ws/install/turtlebot3_teleop:/home/sujeong/turtlebot3_ws/install/turtlebot3_example:/home/sujeong/ros2_ws/install/my_package:/opt/ros/humble:/home/sujeong/rokey2_D1_Driving1/install/driving1_interfaces:/home/sujeong/turtlebot3_ws/install/turtlebot3:/home/sujeong/turtlebot3_ws/install/turtlebot3_simulations:/home/sujeong/turtlebot3_ws/install/turtlebot3_bringup:/home/sujeong/turtlebot3_ws/install/turtlebot3_node:/home/sujeong/turtlebot3_ws/install/turtlebot3_navigation2:/home/sujeong/turtlebot3_ws/install/turtlebot3_fake_node:/home/sujeong/turtlebot3_ws/install/turtlebot3_msgs:/home/sujeong/turtlebot3_ws/install/turtlebot3_gazebo:/home/sujeong/turtlebot3_ws/install/turtlebot3_description:/home/sujeong/turtlebot3_ws/install/turtlebot3_cartographer:/home/sujeong/turtlebot3_ws/install/dynamixel_sdk_examples:/home/sujeong/turtlebot3_ws/install/dynamixel_sdk_custom_interfaces:/home/sujeong/turtlebot3_ws/install/dynamixel_sdk /usr/bin/cmake --build /home/sujeong/rokey2_D1_Driving1/build/project3_interfaces -- -j16 -l16
[0.543s] DEBUG:colcon.colcon_core.event_handler.log_command:Invoked command in '/home/sujeong/rokey2_D1_Driving1/build/project3_interfaces' returned '0': CMAKE_PREFIX_PATH=/home/sujeong/rokey2_D1_Driving1/install/project3_interfaces:/home/sujeong/rokey2_D1_Driving1/install/driving1:/home/sujeong/turtlebot3_ws/install/turtlebot3_teleop:/home/sujeong/turtlebot3_ws/install/turtlebot3_example:/home/sujeong/ros2_ws/install/my_package:/opt/ros/humble:/home/sujeong/rokey2_D1_Driving1/install/driving1_interfaces:/home/sujeong/turtlebot3_ws/install/turtlebot3:/home/sujeong/turtlebot3_ws/install/turtlebot3_simulations:/home/sujeong/turtlebot3_ws/install/turtlebot3_bringup:/home/sujeong/turtlebot3_ws/install/turtlebot3_node:/home/sujeong/turtlebot3_ws/install/turtlebot3_navigation2:/home/sujeong/turtlebot3_ws/install/turtlebot3_fake_node:/home/sujeong/turtlebot3_ws/install/turtlebot3_msgs:/home/sujeong/turtlebot3_ws/install/turtlebot3_gazebo:/home/sujeong/turtlebot3_ws/install/turtlebot3_description:/home/sujeong/turtlebot3_ws/install/turtlebot3_cartographer:/home/sujeong/turtlebot3_ws/install/dynamixel_sdk_examples:/home/sujeong/turtlebot3_ws/install/dynamixel_sdk_custom_interfaces:/home/sujeong/turtlebot3_ws/install/dynamixel_sdk /usr/bin/cmake --build /home/sujeong/rokey2_D1_Driving1/build/project3_interfaces -- -j16 -l16
[0.550s] DEBUG:colcon.colcon_core.event_handler.log_command:Invoking command in '/home/sujeong/rokey2_D1_Driving1/build/project3_interfaces': CMAKE_PREFIX_PATH=/home/sujeong/rokey2_D1_Driving1/install/project3_interfaces:/home/sujeong/rokey2_D1_Driving1/install/driving1:/home/sujeong/turtlebot3_ws/install/turtlebot3_teleop:/home/sujeong/turtlebot3_ws/install/turtlebot3_example:/home/sujeong/ros2_ws/install/my_package:/opt/ros/humble:/home/sujeong/rokey2_D1_Driving1/install/driving1_interfaces:/home/sujeong/turtlebot3_ws/install/turtlebot3:/home/sujeong/turtlebot3_ws/install/turtlebot3_simulations:/home/sujeong/turtlebot3_ws/install/turtlebot3_bringup:/home/sujeong/turtlebot3_ws/install/turtlebot3_node:/home/sujeong/turtlebot3_ws/install/turtlebot3_navigation2:/home/sujeong/turtlebot3_ws/install/turtlebot3_fake_node:/home/sujeong/turtlebot3_ws/install/turtlebot3_msgs:/home/sujeong/turtlebot3_ws/install/turtlebot3_gazebo:/home/sujeong/turtlebot3_ws/install/turtlebot3_description:/home/sujeong/turtlebot3_ws/install/turtlebot3_cartographer:/home/sujeong/turtlebot3_ws/install/dynamixel_sdk_examples:/home/sujeong/turtlebot3_ws/install/dynamixel_sdk_custom_interfaces:/home/sujeong/turtlebot3_ws/install/dynamixel_sdk /usr/bin/cmake --install /home/sujeong/rokey2_D1_Driving1/build/project3_interfaces
[0.600s] Level 1:colcon.colcon_core.environment:create_environment_scripts_only(project3_interfaces)
[0.601s] DEBUG:colcon.colcon_core.event_handler.log_command:Invoked command in '/home/sujeong/rokey2_D1_Driving1/build/project3_interfaces' returned '0': CMAKE_PREFIX_PATH=/home/sujeong/rokey2_D1_Driving1/install/project3_interfaces:/home/sujeong/rokey2_D1_Driving1/install/driving1:/home/sujeong/turtlebot3_ws/install/turtlebot3_teleop:/home/sujeong/turtlebot3_ws/install/turtlebot3_example:/home/sujeong/ros2_ws/install/my_package:/opt/ros/humble:/home/sujeong/rokey2_D1_Driving1/install/driving1_interfaces:/home/sujeong/turtlebot3_ws/install/turtlebot3:/home/sujeong/turtlebot3_ws/install/turtlebot3_simulations:/home/sujeong/turtlebot3_ws/install/turtlebot3_bringup:/home/sujeong/turtlebot3_ws/install/turtlebot3_node:/home/sujeong/turtlebot3_ws/install/turtlebot3_navigation2:/home/sujeong/turtlebot3_ws/install/turtlebot3_fake_node:/home/sujeong/turtlebot3_ws/install/turtlebot3_msgs:/home/sujeong/turtlebot3_ws/install/turtlebot3_gazebo:/home/sujeong/turtlebot3_ws/install/turtlebot3_description:/home/sujeong/turtlebot3_ws/install/turtlebot3_cartographer:/home/sujeong/turtlebot3_ws/install/dynamixel_sdk_examples:/home/sujeong/turtlebot3_ws/install/dynamixel_sdk_custom_interfaces:/home/sujeong/turtlebot3_ws/install/dynamixel_sdk /usr/bin/cmake --install /home/sujeong/rokey2_D1_Driving1/build/project3_interfaces
[0.604s] Level 1:colcon.colcon_core.environment:checking '/home/sujeong/rokey2_D1_Driving1/install/project3_interfaces' for CMake module files
[0.605s] Level 1:colcon.colcon_core.environment:checking '/home/sujeong/rokey2_D1_Driving1/install/project3_interfaces' for CMake config files
[0.605s] Level 1:colcon.colcon_core.shell:create_environment_hook('project3_interfaces', 'cmake_prefix_path')
[0.605s] INFO:colcon.colcon_core.shell:Creating environment hook '/home/sujeong/rokey2_D1_Driving1/install/project3_interfaces/share/project3_interfaces/hook/cmake_prefix_path.ps1'
[0.606s] INFO:colcon.colcon_core.shell:Creating environment descriptor '/home/sujeong/rokey2_D1_Driving1/install/project3_interfaces/share/project3_interfaces/hook/cmake_prefix_path.dsv'
[0.607s] INFO:colcon.colcon_core.shell:Creating environment hook '/home/sujeong/rokey2_D1_Driving1/install/project3_interfaces/share/project3_interfaces/hook/cmake_prefix_path.sh'
[0.608s] Level 1:colcon.colcon_core.environment:checking '/home/sujeong/rokey2_D1_Driving1/install/project3_interfaces/lib'
[0.608s] Level 1:colcon.colcon_core.shell:create_environment_hook('project3_interfaces', 'ld_library_path_lib')
[0.608s] INFO:colcon.colcon_core.shell:Creating environment hook '/home/sujeong/rokey2_D1_Driving1/install/project3_interfaces/share/project3_interfaces/hook/ld_library_path_lib.ps1'
[0.609s] INFO:colcon.colcon_core.shell:Creating environment descriptor '/home/sujeong/rokey2_D1_Driving1/install/project3_interfaces/share/project3_interfaces/hook/ld_library_path_lib.dsv'
[0.610s] INFO:colcon.colcon_core.shell:Creating environment hook '/home/sujeong/rokey2_D1_Driving1/install/project3_interfaces/share/project3_interfaces/hook/ld_library_path_lib.sh'
[0.610s] Level 1:colcon.colcon_core.environment:checking '/home/sujeong/rokey2_D1_Driving1/install/project3_interfaces/bin'
[0.610s] Level 1:colcon.colcon_core.environment:checking '/home/sujeong/rokey2_D1_Driving1/install/project3_interfaces/lib/pkgconfig/project3_interfaces.pc'
[0.610s] Level 1:colcon.colcon_core.environment:checking '/home/sujeong/rokey2_D1_Driving1/install/project3_interfaces/lib/python3.10/site-packages'
[0.610s] Level 1:colcon.colcon_core.shell:create_environment_hook('project3_interfaces', 'pythonpath')
[0.611s] INFO:colcon.colcon_core.shell:Creating environment hook '/home/sujeong/rokey2_D1_Driving1/install/project3_interfaces/share/project3_interfaces/hook/pythonpath.ps1'
[0.611s] INFO:colcon.colcon_core.shell:Creating environment descriptor '/home/sujeong/rokey2_D1_Driving1/install/project3_interfaces/share/project3_interfaces/hook/pythonpath.dsv'
[0.611s] INFO:colcon.colcon_core.shell:Creating environment hook '/home/sujeong/rokey2_D1_Driving1/install/project3_interfaces/share/project3_interfaces/hook/pythonpath.sh'
[0.612s] Level 1:colcon.colcon_core.environment:checking '/home/sujeong/rokey2_D1_Driving1/install/project3_interfaces/bin'
[0.612s] INFO:colcon.colcon_core.shell:Creating package script '/home/sujeong/rokey2_D1_Driving1/install/project3_interfaces/share/project3_interfaces/package.ps1'
[0.613s] INFO:colcon.colcon_core.shell:Creating package descriptor '/home/sujeong/rokey2_D1_Driving1/install/project3_interfaces/share/project3_interfaces/package.dsv'
[0.613s] INFO:colcon.colcon_core.shell:Creating package script '/home/sujeong/rokey2_D1_Driving1/install/project3_interfaces/share/project3_interfaces/package.sh'
[0.614s] INFO:colcon.colcon_core.shell:Creating package script '/home/sujeong/rokey2_D1_Driving1/install/project3_interfaces/share/project3_interfaces/package.bash'
[0.614s] INFO:colcon.colcon_core.shell:Creating package script '/home/sujeong/rokey2_D1_Driving1/install/project3_interfaces/share/project3_interfaces/package.zsh'
[0.615s] Level 1:colcon.colcon_core.environment:create_file_with_runtime_dependencies(/home/sujeong/rokey2_D1_Driving1/install/project3_interfaces/share/colcon-core/packages/project3_interfaces)
[0.615s] Level 1:colcon.colcon_core.environment:create_environment_scripts_only(project3_interfaces)
[0.615s] Level 1:colcon.colcon_core.environment:checking '/home/sujeong/rokey2_D1_Driving1/install/project3_interfaces' for CMake module files
[0.615s] Level 1:colcon.colcon_core.environment:checking '/home/sujeong/rokey2_D1_Driving1/install/project3_interfaces' for CMake config files
[0.616s] Level 1:colcon.colcon_core.shell:create_environment_hook('project3_interfaces', 'cmake_prefix_path')
[0.616s] INFO:colcon.colcon_core.shell:Creating environment hook '/home/sujeong/rokey2_D1_Driving1/install/project3_interfaces/share/project3_interfaces/hook/cmake_prefix_path.ps1'
[0.616s] INFO:colcon.colcon_core.shell:Creating environment descriptor '/home/sujeong/rokey2_D1_Driving1/install/project3_interfaces/share/project3_interfaces/hook/cmake_prefix_path.dsv'
[0.616s] INFO:colcon.colcon_core.shell:Creating environment hook '/home/sujeong/rokey2_D1_Driving1/install/project3_interfaces/share/project3_interfaces/hook/cmake_prefix_path.sh'
[0.617s] Level 1:colcon.colcon_core.environment:checking '/home/sujeong/rokey2_D1_Driving1/install/project3_interfaces/lib'
[0.617s] Level 1:colcon.colcon_core.shell:create_environment_hook('project3_interfaces', 'ld_library_path_lib')
[0.617s] INFO:colcon.colcon_core.shell:Creating environment hook '/home/sujeong/rokey2_D1_Driving1/install/project3_interfaces/share/project3_interfaces/hook/ld_library_path_lib.ps1'
[0.617s] INFO:colcon.colcon_core.shell:Creating environment descriptor '/home/sujeong/rokey2_D1_Driving1/install/project3_interfaces/share/project3_interfaces/hook/ld_library_path_lib.dsv'
[0.617s] INFO:colcon.colcon_core.shell:Creating environment hook '/home/sujeong/rokey2_D1_Driving1/install/project3_interfaces/share/project3_interfaces/hook/ld_library_path_lib.sh'
[0.617s] Level 1:colcon.colcon_core.environment:checking '/home/sujeong/rokey2_D1_Driving1/install/project3_interfaces/bin'
[0.617s] Level 1:colcon.colcon_core.environment:checking '/home/sujeong/rokey2_D1_Driving1/install/project3_interfaces/lib/pkgconfig/project3_interfaces.pc'
[0.618s] Level 1:colcon.colcon_core.environment:checking '/home/sujeong/rokey2_D1_Driving1/install/project3_interfaces/lib/python3.10/site-packages'
[0.618s] Level 1:colcon.colcon_core.shell:create_environment_hook('project3_interfaces', 'pythonpath')
[0.618s] INFO:colcon.colcon_core.shell:Creating environment hook '/home/sujeong/rokey2_D1_Driving1/install/project3_interfaces/share/project3_interfaces/hook/pythonpath.ps1'
[0.618s] INFO:colcon.colcon_core.shell:Creating environment descriptor '/home/sujeong/rokey2_D1_Driving1/install/project3_interfaces/share/project3_interfaces/hook/pythonpath.dsv'
[0.618s] INFO:colcon.colcon_core.shell:Creating environment hook '/home/sujeong/rokey2_D1_Driving1/install/project3_interfaces/share/project3_interfaces/hook/pythonpath.sh'
[0.619s] Level 1:colcon.colcon_core.environment:checking '/home/sujeong/rokey2_D1_Driving1/install/project3_interfaces/bin'
[0.619s] INFO:colcon.colcon_core.shell:Creating package script '/home/sujeong/rokey2_D1_Driving1/install/project3_interfaces/share/project3_interfaces/package.ps1'
[0.619s] INFO:colcon.colcon_core.shell:Creating package descriptor '/home/sujeong/rokey2_D1_Driving1/install/project3_interfaces/share/project3_interfaces/package.dsv'
[0.619s] INFO:colcon.colcon_core.shell:Creating package script '/home/sujeong/rokey2_D1_Driving1/install/project3_interfaces/share/project3_interfaces/package.sh'
[0.620s] INFO:colcon.colcon_core.shell:Creating package script '/home/sujeong/rokey2_D1_Driving1/install/project3_interfaces/share/project3_interfaces/package.bash'
[0.620s] INFO:colcon.colcon_core.shell:Creating package script '/home/sujeong/rokey2_D1_Driving1/install/project3_interfaces/share/project3_interfaces/package.zsh'
[0.620s] Level 1:colcon.colcon_core.environment:create_file_with_runtime_dependencies(/home/sujeong/rokey2_D1_Driving1/install/project3_interfaces/share/colcon-core/packages/project3_interfaces)
[0.623s] DEBUG:colcon.colcon_core.event_handler.log_command:Invoked command in '/home/sujeong/rokey2_D1_Driving1/build/driving1_interfaces' returned '0': /usr/bin/cmake --build /home/sujeong/rokey2_D1_Driving1/build/driving1_interfaces -- -j16 -l16
[0.624s] DEBUG:colcon.colcon_core.event_handler.log_command:Invoking command in '/home/sujeong/rokey2_D1_Driving1/build/driving1_interfaces': /usr/bin/cmake --install /home/sujeong/rokey2_D1_Driving1/build/driving1_interfaces
[0.671s] Level 1:colcon.colcon_core.shell:create_environment_hook('driving1_interfaces', 'ros_package_path')
[0.671s] INFO:colcon.colcon_core.shell:Creating environment hook '/home/sujeong/rokey2_D1_Driving1/install/driving1_interfaces/share/driving1_interfaces/hook/ros_package_path.ps1'
[0.671s] INFO:colcon.colcon_core.shell:Creating environment descriptor '/home/sujeong/rokey2_D1_Driving1/install/driving1_interfaces/share/driving1_interfaces/hook/ros_package_path.dsv'
[0.672s] INFO:colcon.colcon_core.shell:Creating environment hook '/home/sujeong/rokey2_D1_Driving1/install/driving1_interfaces/share/driving1_interfaces/hook/ros_package_path.sh'
[0.672s] Level 1:colcon.colcon_ros.task.catkin:checking '/home/sujeong/rokey2_D1_Driving1/install/driving1_interfaces/lib/python3.10/site-packages'
[0.673s] Level 1:colcon.colcon_core.shell:create_environment_hook('driving1_interfaces', 'catkin_pythonpath')
[0.673s] INFO:colcon.colcon_core.shell:Creating environment hook '/home/sujeong/rokey2_D1_Driving1/install/driving1_interfaces/share/driving1_interfaces/hook/catkin_pythonpath.ps1'
[0.673s] DEBUG:colcon.colcon_core.event_handler.log_command:Invoked command in '/home/sujeong/rokey2_D1_Driving1/build/driving1_interfaces' returned '0': /usr/bin/cmake --install /home/sujeong/rokey2_D1_Driving1/build/driving1_interfaces
[0.673s] INFO:colcon.colcon_core.shell:Creating environment descriptor '/home/sujeong/rokey2_D1_Driving1/install/driving1_interfaces/share/driving1_interfaces/hook/catkin_pythonpath.dsv'
[0.674s] INFO:colcon.colcon_core.shell:Creating environment hook '/home/sujeong/rokey2_D1_Driving1/install/driving1_interfaces/share/driving1_interfaces/hook/catkin_pythonpath.sh'
[0.674s] Level 1:colcon.colcon_core.shell:create_environment_hook('driving1_interfaces', 'pkg_config_path')
[0.674s] INFO:colcon.colcon_core.shell:Creating environment hook '/home/sujeong/rokey2_D1_Driving1/install/driving1_interfaces/share/driving1_interfaces/hook/pkg_config_path.ps1'
[0.674s] INFO:colcon.colcon_core.shell:Creating environment descriptor '/home/sujeong/rokey2_D1_Driving1/install/driving1_interfaces/share/driving1_interfaces/hook/pkg_config_path.dsv'
[0.674s] INFO:colcon.colcon_core.shell:Creating environment hook '/home/sujeong/rokey2_D1_Driving1/install/driving1_interfaces/share/driving1_interfaces/hook/pkg_config_path.sh'
[0.676s] Level 1:colcon.colcon_core.shell:create_environment_hook('driving1_interfaces', 'pkg_config_path_multiarch')
[0.677s] INFO:colcon.colcon_core.shell:Creating environment hook '/home/sujeong/rokey2_D1_Driving1/install/driving1_interfaces/share/driving1_interfaces/hook/pkg_config_path_multiarch.ps1'
[0.677s] INFO:colcon.colcon_core.shell:Creating environment descriptor '/home/sujeong/rokey2_D1_Driving1/install/driving1_interfaces/share/driving1_interfaces/hook/pkg_config_path_multiarch.dsv'
[0.678s] INFO:colcon.colcon_core.shell:Creating environment hook '/home/sujeong/rokey2_D1_Driving1/install/driving1_interfaces/share/driving1_interfaces/hook/pkg_config_path_multiarch.sh'
[0.679s] Level 1:colcon.colcon_core.environment:create_environment_scripts_only(driving1_interfaces)
[0.679s] Level 1:colcon.colcon_core.environment:checking '/home/sujeong/rokey2_D1_Driving1/install/driving1_interfaces' for CMake module files
[0.679s] Level 1:colcon.colcon_core.environment:checking '/home/sujeong/rokey2_D1_Driving1/install/driving1_interfaces' for CMake config files
[0.679s] Level 1:colcon.colcon_core.shell:create_environment_hook('driving1_interfaces', 'cmake_prefix_path')
[0.680s] INFO:colcon.colcon_core.shell:Creating environment hook '/home/sujeong/rokey2_D1_Driving1/install/driving1_interfaces/share/driving1_interfaces/hook/cmake_prefix_path.ps1'
[0.680s] INFO:colcon.colcon_core.shell:Creating environment descriptor '/home/sujeong/rokey2_D1_Driving1/install/driving1_interfaces/share/driving1_interfaces/hook/cmake_prefix_path.dsv'
[0.680s] INFO:colcon.colcon_core.shell:Creating environment hook '/home/sujeong/rokey2_D1_Driving1/install/driving1_interfaces/share/driving1_interfaces/hook/cmake_prefix_path.sh'
[0.681s] Level 1:colcon.colcon_core.environment:checking '/home/sujeong/rokey2_D1_Driving1/install/driving1_interfaces/lib'
[0.681s] Level 1:colcon.colcon_core.shell:create_environment_hook('driving1_interfaces', 'ld_library_path_lib')
[0.681s] INFO:colcon.colcon_core.shell:Creating environment hook '/home/sujeong/rokey2_D1_Driving1/install/driving1_interfaces/share/driving1_interfaces/hook/ld_library_path_lib.ps1'
[0.682s] INFO:colcon.colcon_core.shell:Creating environment descriptor '/home/sujeong/rokey2_D1_Driving1/install/driving1_interfaces/share/driving1_interfaces/hook/ld_library_path_lib.dsv'
[0.682s] INFO:colcon.colcon_core.shell:Creating environment hook '/home/sujeong/rokey2_D1_Driving1/install/driving1_interfaces/share/driving1_interfaces/hook/ld_library_path_lib.sh'
[0.682s] Level 1:colcon.colcon_core.environment:checking '/home/sujeong/rokey2_D1_Driving1/install/driving1_interfaces/bin'
[0.682s] Level 1:colcon.colcon_core.environment:checking '/home/sujeong/rokey2_D1_Driving1/install/driving1_interfaces/lib/pkgconfig/driving1_interfaces.pc'
[0.682s] Level 1:colcon.colcon_core.environment:checking '/home/sujeong/rokey2_D1_Driving1/install/driving1_interfaces/lib/python3.10/site-packages'
[0.682s] Level 1:colcon.colcon_core.shell:create_environment_hook('driving1_interfaces', 'pythonpath')
[0.683s] INFO:colcon.colcon_core.shell:Creating environment hook '/home/sujeong/rokey2_D1_Driving1/install/driving1_interfaces/share/driving1_interfaces/hook/pythonpath.ps1'
[0.683s] INFO:colcon.colcon_core.shell:Creating environment descriptor '/home/sujeong/rokey2_D1_Driving1/install/driving1_interfaces/share/driving1_interfaces/hook/pythonpath.dsv'
[0.683s] INFO:colcon.colcon_core.shell:Creating environment hook '/home/sujeong/rokey2_D1_Driving1/install/driving1_interfaces/share/driving1_interfaces/hook/pythonpath.sh'
[0.684s] Level 1:colcon.colcon_core.environment:checking '/home/sujeong/rokey2_D1_Driving1/install/driving1_interfaces/bin'
[0.684s] INFO:colcon.colcon_core.shell:Creating package script '/home/sujeong/rokey2_D1_Driving1/install/driving1_interfaces/share/driving1_interfaces/package.ps1'
[0.685s] INFO:colcon.colcon_core.shell:Creating package descriptor '/home/sujeong/rokey2_D1_Driving1/install/driving1_interfaces/share/driving1_interfaces/package.dsv'
[0.685s] INFO:colcon.colcon_core.shell:Creating package script '/home/sujeong/rokey2_D1_Driving1/install/driving1_interfaces/share/driving1_interfaces/package.sh'
[0.686s] INFO:colcon.colcon_core.shell:Creating package script '/home/sujeong/rokey2_D1_Driving1/install/driving1_interfaces/share/driving1_interfaces/package.bash'
[0.686s] INFO:colcon.colcon_core.shell:Creating package script '/home/sujeong/rokey2_D1_Driving1/install/driving1_interfaces/share/driving1_interfaces/package.zsh'
[0.686s] Level 1:colcon.colcon_core.environment:create_file_with_runtime_dependencies(/home/sujeong/rokey2_D1_Driving1/install/driving1_interfaces/share/colcon-core/packages/driving1_interfaces)
[0.686s] INFO:colcon.colcon_ros.task.ament_python.build:Building ROS package in '/home/sujeong/rokey2_D1_Driving1/src/driving1' with build type 'ament_python'
[0.686s] Level 1:colcon.colcon_core.shell:create_environment_hook('driving1', 'ament_prefix_path')
[0.687s] INFO:colcon.colcon_core.shell:Creating environment hook '/home/sujeong/rokey2_D1_Driving1/install/driving1/share/driving1/hook/ament_prefix_path.ps1'
[0.687s] INFO:colcon.colcon_core.shell:Creating environment descriptor '/home/sujeong/rokey2_D1_Driving1/install/driving1/share/driving1/hook/ament_prefix_path.dsv'
[0.688s] INFO:colcon.colcon_core.shell:Creating environment hook '/home/sujeong/rokey2_D1_Driving1/install/driving1/share/driving1/hook/ament_prefix_path.sh'
[0.688s] INFO:colcon.colcon_core.shell:Skip shell extension 'powershell' for command environment: Not usable outside of PowerShell
[0.688s] DEBUG:colcon.colcon_core.shell:Skip shell extension 'dsv' for command environment
[0.852s] INFO:colcon.colcon_core.task.python.build:Building Python package in '/home/sujeong/rokey2_D1_Driving1/src/driving1'
[0.852s] INFO:colcon.colcon_core.shell:Skip shell extension 'powershell' for command environment: Not usable outside of PowerShell
[0.852s] DEBUG:colcon.colcon_core.shell:Skip shell extension 'dsv' for command environment
[1.210s] DEBUG:colcon.colcon_core.event_handler.log_command:Invoking command in '/home/sujeong/rokey2_D1_Driving1/src/driving1': LD_LIBRARY_PATH=/home/sujeong/rokey2_D1_Driving1/install/project3_interfaces/lib:/home/sujeong/rokey2_D1_Driving1/install/driving1_interfaces/lib:/home/sujeong/turtlebot3_ws/install/turtlebot3_msgs/lib:/home/sujeong/turtlebot3_ws/install/dynamixel_sdk_custom_interfaces/lib:/home/sujeong/turtlebot3_ws/install/dynamixel_sdk/lib:/usr/lib/x86_64-linux-gnu/gazebo-11/plugins:/opt/ros/humble/opt/rviz_ogre_vendor/lib:/opt/ros/humble/lib/x86_64-linux-gnu:/opt/ros/humble/lib:/usr/lib/x86_64-linux-gnu/gazebo-11/plugins PYTHONPATH=/home/sujeong/rokey2_D1_Driving1/build/driving1/prefix_override:/usr/lib/python3/dist-packages/colcon_core/task/python/colcon_distutils_commands:/home/sujeong/rokey2_D1_Driving1/install/driving1/lib/python3.10/site-packages:/home/sujeong/rokey2_D1_Driving1/install/project3_interfaces/lib/python3.10/site-packages:/home/sujeong/rokey2_D1_Driving1/install/driving1_interfaces/lib/python3.10/site-packages:/home/sujeong/rokey2_D1_Driving1/install/driving1/lib/python3.10/site-packages:/home/sujeong/turtlebot3_ws/build/turtlebot3_teleop:/home/sujeong/turtlebot3_ws/install/turtlebot3_teleop/lib/python3.10/site-packages:/home/sujeong/turtlebot3_ws/build/turtlebot3_example:/home/sujeong/turtlebot3_ws/install/turtlebot3_example/lib/python3.10/site-packages:/home/sujeong/turtlebot3_ws/install/turtlebot3_msgs/lib/python3.10/site-packages:/home/sujeong/turtlebot3_ws/install/dynamixel_sdk_custom_interfaces/lib/python3.10/site-packages:/home/sujeong/ros2_ws/install/my_package/lib/python3.10/site-packages:/opt/ros/humble/lib/python3.10/site-packages:/opt/ros/humble/local/lib/python3.10/dist-packages /usr/bin/python3 -W ignore:setup.py install is deprecated -W ignore:easy_install command is deprecated setup.py egg_info --egg-base ../../build/driving1 build --build-base /home/sujeong/rokey2_D1_Driving1/build/driving1/build install --record /home/sujeong/rokey2_D1_Driving1/build/driving1/install.log --single-version-externally-managed install_data
[1.550s] Level 1:colcon.colcon_core.environment:checking '/home/sujeong/rokey2_D1_Driving1/install/driving1' for CMake module files
[1.550s] DEBUG:colcon.colcon_core.event_handler.log_command:Invoked command in '/home/sujeong/rokey2_D1_Driving1/src/driving1' returned '0': LD_LIBRARY_PATH=/home/sujeong/rokey2_D1_Driving1/install/project3_interfaces/lib:/home/sujeong/rokey2_D1_Driving1/install/driving1_interfaces/lib:/home/sujeong/turtlebot3_ws/install/turtlebot3_msgs/lib:/home/sujeong/turtlebot3_ws/install/dynamixel_sdk_custom_interfaces/lib:/home/sujeong/turtlebot3_ws/install/dynamixel_sdk/lib:/usr/lib/x86_64-linux-gnu/gazebo-11/plugins:/opt/ros/humble/opt/rviz_ogre_vendor/lib:/opt/ros/humble/lib/x86_64-linux-gnu:/opt/ros/humble/lib:/usr/lib/x86_64-linux-gnu/gazebo-11/plugins PYTHONPATH=/home/sujeong/rokey2_D1_Driving1/build/driving1/prefix_override:/usr/lib/python3/dist-packages/colcon_core/task/python/colcon_distutils_commands:/home/sujeong/rokey2_D1_Driving1/install/driving1/lib/python3.10/site-packages:/home/sujeong/rokey2_D1_Driving1/install/project3_interfaces/lib/python3.10/site-packages:/home/sujeong/rokey2_D1_Driving1/install/driving1_interfaces/lib/python3.10/site-packages:/home/sujeong/rokey2_D1_Driving1/install/driving1/lib/python3.10/site-packages:/home/sujeong/turtlebot3_ws/build/turtlebot3_teleop:/home/sujeong/turtlebot3_ws/install/turtlebot3_teleop/lib/python3.10/site-packages:/home/sujeong/turtlebot3_ws/build/turtlebot3_example:/home/sujeong/turtlebot3_ws/install/turtlebot3_example/lib/python3.10/site-packages:/home/sujeong/turtlebot3_ws/install/turtlebot3_msgs/lib/python3.10/site-packages:/home/sujeong/turtlebot3_ws/install/dynamixel_sdk_custom_interfaces/lib/python3.10/site-packages:/home/sujeong/ros2_ws/install/my_package/lib/python3.10/site-packages:/opt/ros/humble/lib/python3.10/site-packages:/opt/ros/humble/local/lib/python3.10/dist-packages /usr/bin/python3 -W ignore:setup.py install is deprecated -W ignore:easy_install command is deprecated setup.py egg_info --egg-base ../../build/driving1 build --build-base /home/sujeong/rokey2_D1_Driving1/build/driving1/build install --record /home/sujeong/rokey2_D1_Driving1/build/driving1/install.log --single-version-externally-managed install_data
[1.550s] Level 1:colcon.colcon_core.environment:checking '/home/sujeong/rokey2_D1_Driving1/install/driving1' for CMake config files
[1.551s] Level 1:colcon.colcon_core.environment:checking '/home/sujeong/rokey2_D1_Driving1/install/driving1/lib'
[1.551s] Level 1:colcon.colcon_core.environment:checking '/home/sujeong/rokey2_D1_Driving1/install/driving1/bin'
[1.551s] Level 1:colcon.colcon_core.environment:checking '/home/sujeong/rokey2_D1_Driving1/install/driving1/lib/pkgconfig/driving1.pc'
[1.551s] Level 1:colcon.colcon_core.environment:checking '/home/sujeong/rokey2_D1_Driving1/install/driving1/lib/python3.10/site-packages'
[1.551s] Level 1:colcon.colcon_core.shell:create_environment_hook('driving1', 'pythonpath')
[1.551s] INFO:colcon.colcon_core.shell:Creating environment hook '/home/sujeong/rokey2_D1_Driving1/install/driving1/share/driving1/hook/pythonpath.ps1'
[1.551s] INFO:colcon.colcon_core.shell:Creating environment descriptor '/home/sujeong/rokey2_D1_Driving1/install/driving1/share/driving1/hook/pythonpath.dsv'
[1.552s] INFO:colcon.colcon_core.shell:Creating environment hook '/home/sujeong/rokey2_D1_Driving1/install/driving1/share/driving1/hook/pythonpath.sh'
[1.552s] Level 1:colcon.colcon_core.environment:checking '/home/sujeong/rokey2_D1_Driving1/install/driving1/bin'
[1.552s] Level 1:colcon.colcon_core.environment:create_environment_scripts_only(driving1)
[1.552s] INFO:colcon.colcon_core.shell:Creating package script '/home/sujeong/rokey2_D1_Driving1/install/driving1/share/driving1/package.ps1'
[1.553s] INFO:colcon.colcon_core.shell:Creating package descriptor '/home/sujeong/rokey2_D1_Driving1/install/driving1/share/driving1/package.dsv'
[1.553s] INFO:colcon.colcon_core.shell:Creating package script '/home/sujeong/rokey2_D1_Driving1/install/driving1/share/driving1/package.sh'
[1.553s] INFO:colcon.colcon_core.shell:Creating package script '/home/sujeong/rokey2_D1_Driving1/install/driving1/share/driving1/package.bash'
[1.553s] INFO:colcon.colcon_core.shell:Creating package script '/home/sujeong/rokey2_D1_Driving1/install/driving1/share/driving1/package.zsh'
[1.553s] Level 1:colcon.colcon_core.environment:create_file_with_runtime_dependencies(/home/sujeong/rokey2_D1_Driving1/install/driving1/share/colcon-core/packages/driving1)
[1.554s] DEBUG:colcon.colcon_parallel_executor.executor.parallel:closing loop
[1.554s] DEBUG:colcon.colcon_parallel_executor.executor.parallel:loop closed
[1.554s] DEBUG:colcon.colcon_parallel_executor.executor.parallel:run_until_complete finished with '0'
[1.554s] DEBUG:colcon.colcon_core.event_reactor:joining thread
[1.558s] INFO:colcon.colcon_core.plugin_system:Skipping extension 'colcon_notification.desktop_notification.terminal_notifier': Not used on non-Darwin systems
[1.558s] INFO:colcon.colcon_core.plugin_system:Skipping extension 'colcon_notification.desktop_notification.win32': Not used on non-Windows systems
[1.558s] INFO:colcon.colcon_notification.desktop_notification:Sending desktop notification using 'notify2'
[1.567s] DEBUG:colcon.colcon_core.event_reactor:joined thread
[1.568s] INFO:colcon.colcon_core.shell:Creating prefix script '/home/sujeong/rokey2_D1_Driving1/install/local_setup.ps1'
[1.568s] INFO:colcon.colcon_core.shell:Creating prefix util module '/home/sujeong/rokey2_D1_Driving1/install/_local_setup_util_ps1.py'
[1.569s] INFO:colcon.colcon_core.shell:Creating prefix chain script '/home/sujeong/rokey2_D1_Driving1/install/setup.ps1'
[1.570s] INFO:colcon.colcon_core.shell:Creating prefix script '/home/sujeong/rokey2_D1_Driving1/install/local_setup.sh'
[1.571s] INFO:colcon.colcon_core.shell:Creating prefix util module '/home/sujeong/rokey2_D1_Driving1/install/_local_setup_util_sh.py'
[1.571s] INFO:colcon.colcon_core.shell:Creating prefix chain script '/home/sujeong/rokey2_D1_Driving1/install/setup.sh'
[1.572s] INFO:colcon.colcon_core.shell:Creating prefix script '/home/sujeong/rokey2_D1_Driving1/install/local_setup.bash'
[1.573s] INFO:colcon.colcon_core.shell:Creating prefix chain script '/home/sujeong/rokey2_D1_Driving1/install/setup.bash'
[1.574s] INFO:colcon.colcon_core.shell:Creating prefix script '/home/sujeong/rokey2_D1_Driving1/install/local_setup.zsh'
[1.575s] INFO:colcon.colcon_core.shell:Creating prefix chain script '/home/sujeong/rokey2_D1_Driving1/install/setup.zsh'
