[0.514s] Invoking command in '/home/sujeong/rokey2_D1_Driving1/src/driving1': AMENT_PREFIX_PATH=/home/sujeong/rokey2_D1_Driving1/install/project3_interfaces:${AMENT_PREFIX_PATH} CMAKE_PREFIX_PATH=/home/sujeong/rokey2_D1_Driving1/install/project3_interfaces:/home/sujeong/rokey2_D1_Driving1/install/driving1_interfaces:${CMAKE_PREFIX_PATH} LD_LIBRARY_PATH=/home/sujeong/rokey2_D1_Driving1/install/project3_interfaces/lib:/home/sujeong/rokey2_D1_Driving1/install/driving1_interfaces/lib:/home/sujeong/turtlebot3_ws/install/turtlebot3_msgs/lib:/home/sujeong/turtlebot3_ws/install/dynamixel_sdk_custom_interfaces/lib:/home/sujeong/turtlebot3_ws/install/dynamixel_sdk/lib:/usr/lib/x86_64-linux-gnu/gazebo-11/plugins:/opt/ros/humble/opt/rviz_ogre_vendor/lib:/opt/ros/humble/lib/x86_64-linux-gnu:/opt/ros/humble/lib:/usr/lib/x86_64-linux-gnu/gazebo-11/plugins PKG_CONFIG_PATH=/home/sujeong/rokey2_D1_Driving1/install/driving1_interfaces/lib/x86_64-linux-gnu/pkgconfig:/home/sujeong/rokey2_D1_Driving1/install/driving1_interfaces/lib/pkgconfig PYTHONPATH=/home/sujeong/rokey2_D1_Driving1/build/driving1/prefix_override:/usr/lib/python3/dist-packages/colcon_core/task/python/colcon_distutils_commands:/home/sujeong/rokey2_D1_Driving1/install/driving1/lib/python3.10/site-packages:/home/sujeong/rokey2_D1_Driving1/install/project3_interfaces/lib/python3.10/site-packages:/home/sujeong/rokey2_D1_Driving1/install/driving1_interfaces/lib/python3.10/site-packages:${PYTHONPATH} ROS_PACKAGE_PATH=/home/sujeong/rokey2_D1_Driving1/install/driving1_interfaces/share /usr/bin/python3 -W ignore:setup.py install is deprecated -W ignore:easy_install command is deprecated setup.py egg_info --egg-base ../../build/driving1 build --build-base /home/sujeong/rokey2_D1_Driving1/build/driving1/build install --record /home/sujeong/rokey2_D1_Driving1/build/driving1/install.log --single-version-externally-managed install_data
[0.621s] /home/sujeong/.local/lib/python3.10/site-packages/setuptools/_distutils/dist.py:270: UserWarning: Unknown distribution option: 'tests_require'
[0.621s]   warnings.warn(msg)
[0.690s] running egg_info
[0.700s] writing ../../build/driving1/driving1.egg-info/PKG-INFO
[0.701s] writing dependency_links to ../../build/driving1/driving1.egg-info/dependency_links.txt
[0.701s] writing entry points to ../../build/driving1/driving1.egg-info/entry_points.txt
[0.701s] writing requirements to ../../build/driving1/driving1.egg-info/requires.txt
[0.701s] writing top-level names to ../../build/driving1/driving1.egg-info/top_level.txt
[0.724s] reading manifest file '../../build/driving1/driving1.egg-info/SOURCES.txt'
[0.725s] writing manifest file '../../build/driving1/driving1.egg-info/SOURCES.txt'
[0.725s] running build
[0.725s] running build_py
[0.725s] copying driving1/jokitchen2.py -> /home/sujeong/rokey2_D1_Driving1/build/driving1/build/lib/driving1
[0.725s] copying driving1/server.py -> /home/sujeong/rokey2_D1_Driving1/build/driving1/build/lib/driving1
[0.725s] copying driving1/dbThings.py -> /home/sujeong/rokey2_D1_Driving1/build/driving1/build/lib/driving1
[0.725s] copying driving1/db_module.py -> /home/sujeong/rokey2_D1_Driving1/build/driving1/build/lib/driving1
[0.726s] copying driving1/jokitchen3.py -> /home/sujeong/rokey2_D1_Driving1/build/driving1/build/lib/driving1
[0.726s] copying driving1/__init__.py -> /home/sujeong/rokey2_D1_Driving1/build/driving1/build/lib/driving1
[0.726s] copying driving1/kitchen_gui.py -> /home/sujeong/rokey2_D1_Driving1/build/driving1/build/lib/driving1
[0.726s] copying driving1/dbStock.py -> /home/sujeong/rokey2_D1_Driving1/build/driving1/build/lib/driving1
[0.726s] copying driving1/jok11.py -> /home/sujeong/rokey2_D1_Driving1/build/driving1/build/lib/driving1
[0.726s] copying driving1/jok8.py -> /home/sujeong/rokey2_D1_Driving1/build/driving1/build/lib/driving1
[0.726s] copying driving1/create_tables.py -> /home/sujeong/rokey2_D1_Driving1/build/driving1/build/lib/driving1
[0.726s] copying driving1/inventory.py -> /home/sujeong/rokey2_D1_Driving1/build/driving1/build/lib/driving1
[0.726s] copying driving1/revenue.py -> /home/sujeong/rokey2_D1_Driving1/build/driving1/build/lib/driving1
[0.726s] copying driving1/OrderSubscriber.py -> /home/sujeong/rokey2_D1_Driving1/build/driving1/build/lib/driving1
[0.726s] copying driving1/ui_order.py -> /home/sujeong/rokey2_D1_Driving1/build/driving1/build/lib/driving1
[0.726s] copying driving1/jok9.py -> /home/sujeong/rokey2_D1_Driving1/build/driving1/build/lib/driving1
[0.727s] running install
[0.730s] running install_lib
[0.741s] copying /home/sujeong/rokey2_D1_Driving1/build/driving1/build/lib/driving1/dbThings.py -> /home/sujeong/rokey2_D1_Driving1/install/driving1/lib/python3.10/site-packages/driving1
[0.741s] copying /home/sujeong/rokey2_D1_Driving1/build/driving1/build/lib/driving1/jok11.py -> /home/sujeong/rokey2_D1_Driving1/install/driving1/lib/python3.10/site-packages/driving1
[0.742s] byte-compiling /home/sujeong/rokey2_D1_Driving1/install/driving1/lib/python3.10/site-packages/driving1/dbThings.py to dbThings.cpython-310.pyc
[0.743s] byte-compiling /home/sujeong/rokey2_D1_Driving1/install/driving1/lib/python3.10/site-packages/driving1/jok11.py to jok11.cpython-310.pyc
[0.745s] running install_data
[0.745s] copying resource/driving1 -> /home/sujeong/rokey2_D1_Driving1/install/driving1/share/ament_index/resource_index/packages
[0.745s] copying package.xml -> /home/sujeong/rokey2_D1_Driving1/install/driving1/share/driving1
[0.745s] running install_egg_info
[0.757s] removing '/home/sujeong/rokey2_D1_Driving1/install/driving1/lib/python3.10/site-packages/driving1-0.0.0-py3.10.egg-info' (and everything under it)
[0.757s] Copying ../../build/driving1/driving1.egg-info to /home/sujeong/rokey2_D1_Driving1/install/driving1/lib/python3.10/site-packages/driving1-0.0.0-py3.10.egg-info
[0.757s] running install_scripts
[0.845s] Installing kitchen_gui script to /home/sujeong/rokey2_D1_Driving1/install/driving1/lib/driving1
[0.845s] writing list of installed files to '/home/sujeong/rokey2_D1_Driving1/build/driving1/install.log'
[0.868s] Invoked command in '/home/sujeong/rokey2_D1_Driving1/src/driving1' returned '0': AMENT_PREFIX_PATH=/home/sujeong/rokey2_D1_Driving1/install/project3_interfaces:${AMENT_PREFIX_PATH} CMAKE_PREFIX_PATH=/home/sujeong/rokey2_D1_Driving1/install/project3_interfaces:/home/sujeong/rokey2_D1_Driving1/install/driving1_interfaces:${CMAKE_PREFIX_PATH} LD_LIBRARY_PATH=/home/sujeong/rokey2_D1_Driving1/install/project3_interfaces/lib:/home/sujeong/rokey2_D1_Driving1/install/driving1_interfaces/lib:/home/sujeong/turtlebot3_ws/install/turtlebot3_msgs/lib:/home/sujeong/turtlebot3_ws/install/dynamixel_sdk_custom_interfaces/lib:/home/sujeong/turtlebot3_ws/install/dynamixel_sdk/lib:/usr/lib/x86_64-linux-gnu/gazebo-11/plugins:/opt/ros/humble/opt/rviz_ogre_vendor/lib:/opt/ros/humble/lib/x86_64-linux-gnu:/opt/ros/humble/lib:/usr/lib/x86_64-linux-gnu/gazebo-11/plugins PKG_CONFIG_PATH=/home/sujeong/rokey2_D1_Driving1/install/driving1_interfaces/lib/x86_64-linux-gnu/pkgconfig:/home/sujeong/rokey2_D1_Driving1/install/driving1_interfaces/lib/pkgconfig PYTHONPATH=/home/sujeong/rokey2_D1_Driving1/build/driving1/prefix_override:/usr/lib/python3/dist-packages/colcon_core/task/python/colcon_distutils_commands:/home/sujeong/rokey2_D1_Driving1/install/driving1/lib/python3.10/site-packages:/home/sujeong/rokey2_D1_Driving1/install/project3_interfaces/lib/python3.10/site-packages:/home/sujeong/rokey2_D1_Driving1/install/driving1_interfaces/lib/python3.10/site-packages:${PYTHONPATH} ROS_PACKAGE_PATH=/home/sujeong/rokey2_D1_Driving1/install/driving1_interfaces/share /usr/bin/python3 -W ignore:setup.py install is deprecated -W ignore:easy_install command is deprecated setup.py egg_info --egg-base ../../build/driving1 build --build-base /home/sujeong/rokey2_D1_Driving1/build/driving1/build install --record /home/sujeong/rokey2_D1_Driving1/build/driving1/install.log --single-version-externally-managed install_data
