[0.078s] DEBUG:colcon:Command line arguments: ['/usr/bin/colcon', 'build']
[0.078s] DEBUG:colcon:Parsed command line arguments: Namespace(log_base=None, log_level=None, verb_name='build', build_base='build', install_base='install', merge_install=False, symlink_install=False, test_result_base=None, continue_on_error=False, executor='parallel', parallel_workers=16, event_handlers=None, ignore_user_meta=False, metas=['./colcon.meta'], base_paths=['.'], packages_ignore=None, packages_ignore_regex=None, paths=None, packages_up_to=None, packages_up_to_regex=None, packages_above=None, packages_above_and_dependencies=None, packages_above_depth=None, packages_select_by_dep=None, packages_skip_by_dep=None, packages_skip_up_to=None, packages_select_build_failed=False, packages_skip_build_finished=False, packages_select_test_failures=False, packages_skip_test_passed=False, packages_select=None, packages_skip=None, packages_select_regex=None, packages_skip_regex=None, packages_start=None, packages_end=None, allow_overriding=[], cmake_args=None, cmake_target=None, cmake_target_skip_unavailable=False, cmake_clean_cache=False, cmake_clean_first=False, cmake_force_configure=False, ament_cmake_args=None, catkin_cmake_args=None, catkin_skip_building_tests=False, verb_parser=<colcon_defaults.argument_parser.defaults.DefaultArgumentsDecorator object at 0x72af5eb6ec80>, verb_extension=<colcon_core.verb.build.BuildVerb object at 0x72af5ecc4730>, main=<bound method BuildVerb.main of <colcon_core.verb.build.BuildVerb object at 0x72af5ecc4730>>)
[0.104s] Level 1:colcon.colcon_core.package_discovery:discover_packages(colcon_meta) check parameters
[0.105s] Level 1:colcon.colcon_core.package_discovery:discover_packages(recursive) check parameters
[0.105s] Level 1:colcon.colcon_core.package_discovery:discover_packages(ignore) check parameters
[0.105s] Level 1:colcon.colcon_core.package_discovery:discover_packages(path) check parameters
[0.105s] Level 1:colcon.colcon_core.package_discovery:discover_packages(colcon_meta) discover
[0.105s] Level 1:colcon.colcon_core.package_discovery:discover_packages(recursive) discover
[0.105s] INFO:colcon.colcon_core.package_discovery:Crawling recursively for packages in '/home/sujeong/rokey2_D1_Driving1'
[0.105s] Level 1:colcon.colcon_core.package_identification:_identify(.) by extensions ['ignore', 'ignore_ament_install']
[0.105s] Level 1:colcon.colcon_core.package_identification:_identify(.) by extension 'ignore'
[0.105s] Level 1:colcon.colcon_core.package_identification:_identify(.) by extension 'ignore_ament_install'
[0.105s] Level 1:colcon.colcon_core.package_identification:_identify(.) by extensions ['colcon_pkg']
[0.105s] Level 1:colcon.colcon_core.package_identification:_identify(.) by extension 'colcon_pkg'
[0.105s] Level 1:colcon.colcon_core.package_identification:_identify(.) by extensions ['colcon_meta']
[0.105s] Level 1:colcon.colcon_core.package_identification:_identify(.) by extension 'colcon_meta'
[0.105s] Level 1:colcon.colcon_core.package_identification:_identify(.) by extensions ['ros']
[0.105s] Level 1:colcon.colcon_core.package_identification:_identify(.) by extension 'ros'
[0.123s] Level 1:colcon.colcon_core.package_identification:_identify(.) by extensions ['cmake', 'python']
[0.123s] Level 1:colcon.colcon_core.package_identification:_identify(.) by extension 'cmake'
[0.123s] Level 1:colcon.colcon_core.package_identification:_identify(.) by extension 'python'
[0.123s] Level 1:colcon.colcon_core.package_identification:_identify(.) by extensions ['python_setup_py']
[0.123s] Level 1:colcon.colcon_core.package_identification:_identify(.) by extension 'python_setup_py'
[0.123s] Level 1:colcon.colcon_core.package_identification:_identify(build) by extensions ['ignore', 'ignore_ament_install']
[0.123s] Level 1:colcon.colcon_core.package_identification:_identify(build) by extension 'ignore'
[0.123s] Level 1:colcon.colcon_core.package_identification:_identify(build) ignored
[0.123s] Level 1:colcon.colcon_core.package_identification:_identify(install) by extensions ['ignore', 'ignore_ament_install']
[0.123s] Level 1:colcon.colcon_core.package_identification:_identify(install) by extension 'ignore'
[0.123s] Level 1:colcon.colcon_core.package_identification:_identify(install) ignored
[0.123s] Level 1:colcon.colcon_core.package_identification:_identify(log) by extensions ['ignore', 'ignore_ament_install']
[0.123s] Level 1:colcon.colcon_core.package_identification:_identify(log) by extension 'ignore'
[0.123s] Level 1:colcon.colcon_core.package_identification:_identify(log) ignored
[0.123s] Level 1:colcon.colcon_core.package_identification:_identify(src) by extensions ['ignore', 'ignore_ament_install']
[0.123s] Level 1:colcon.colcon_core.package_identification:_identify(src) by extension 'ignore'
[0.123s] Level 1:colcon.colcon_core.package_identification:_identify(src) by extension 'ignore_ament_install'
[0.124s] Level 1:colcon.colcon_core.package_identification:_identify(src) by extensions ['colcon_pkg']
[0.124s] Level 1:colcon.colcon_core.package_identification:_identify(src) by extension 'colcon_pkg'
[0.124s] Level 1:colcon.colcon_core.package_identification:_identify(src) by extensions ['colcon_meta']
[0.124s] Level 1:colcon.colcon_core.package_identification:_identify(src) by extension 'colcon_meta'
[0.124s] Level 1:colcon.colcon_core.package_identification:_identify(src) by extensions ['ros']
[0.124s] Level 1:colcon.colcon_core.package_identification:_identify(src) by extension 'ros'
[0.124s] Level 1:colcon.colcon_core.package_identification:_identify(src) by extensions ['cmake', 'python']
[0.124s] Level 1:colcon.colcon_core.package_identification:_identify(src) by extension 'cmake'
[0.124s] Level 1:colcon.colcon_core.package_identification:_identify(src) by extension 'python'
[0.124s] Level 1:colcon.colcon_core.package_identification:_identify(src) by extensions ['python_setup_py']
[0.124s] Level 1:colcon.colcon_core.package_identification:_identify(src) by extension 'python_setup_py'
[0.124s] Level 1:colcon.colcon_core.package_identification:_identify(src/driving1) by extensions ['ignore', 'ignore_ament_install']
[0.124s] Level 1:colcon.colcon_core.package_identification:_identify(src/driving1) by extension 'ignore'
[0.124s] Level 1:colcon.colcon_core.package_identification:_identify(src/driving1) by extension 'ignore_ament_install'
[0.124s] Level 1:colcon.colcon_core.package_identification:_identify(src/driving1) by extensions ['colcon_pkg']
[0.124s] Level 1:colcon.colcon_core.package_identification:_identify(src/driving1) by extension 'colcon_pkg'
[0.124s] Level 1:colcon.colcon_core.package_identification:_identify(src/driving1) by extensions ['colcon_meta']
[0.124s] Level 1:colcon.colcon_core.package_identification:_identify(src/driving1) by extension 'colcon_meta'
[0.124s] Level 1:colcon.colcon_core.package_identification:_identify(src/driving1) by extensions ['ros']
[0.124s] Level 1:colcon.colcon_core.package_identification:_identify(src/driving1) by extension 'ros'
[0.126s] DEBUG:colcon.colcon_core.package_identification:Package 'src/driving1' with type 'ros.ament_python' and name 'driving1'
[0.126s] Level 1:colcon.colcon_core.package_identification:_identify(src/driving1_interfaces) by extensions ['ignore', 'ignore_ament_install']
[0.126s] Level 1:colcon.colcon_core.package_identification:_identify(src/driving1_interfaces) by extension 'ignore'
[0.126s] Level 1:colcon.colcon_core.package_identification:_identify(src/driving1_interfaces) by extension 'ignore_ament_install'
[0.126s] Level 1:colcon.colcon_core.package_identification:_identify(src/driving1_interfaces) by extensions ['colcon_pkg']
[0.126s] Level 1:colcon.colcon_core.package_identification:_identify(src/driving1_interfaces) by extension 'colcon_pkg'
[0.126s] Level 1:colcon.colcon_core.package_identification:_identify(src/driving1_interfaces) by extensions ['colcon_meta']
[0.126s] Level 1:colcon.colcon_core.package_identification:_identify(src/driving1_interfaces) by extension 'colcon_meta'
[0.126s] Level 1:colcon.colcon_core.package_identification:_identify(src/driving1_interfaces) by extensions ['ros']
[0.126s] Level 1:colcon.colcon_core.package_identification:_identify(src/driving1_interfaces) by extension 'ros'
[0.127s] DEBUG:colcon.colcon_core.package_identification:Package 'src/driving1_interfaces' with type 'ros.catkin' and name 'driving1_interfaces'
[0.127s] Level 1:colcon.colcon_core.package_identification:_identify(src/project3_interfaces) by extensions ['ignore', 'ignore_ament_install']
[0.127s] Level 1:colcon.colcon_core.package_identification:_identify(src/project3_interfaces) by extension 'ignore'
[0.127s] Level 1:colcon.colcon_core.package_identification:_identify(src/project3_interfaces) by extension 'ignore_ament_install'
[0.127s] Level 1:colcon.colcon_core.package_identification:_identify(src/project3_interfaces) by extensions ['colcon_pkg']
[0.127s] Level 1:colcon.colcon_core.package_identification:_identify(src/project3_interfaces) by extension 'colcon_pkg'
[0.127s] Level 1:colcon.colcon_core.package_identification:_identify(src/project3_interfaces) by extensions ['colcon_meta']
[0.127s] Level 1:colcon.colcon_core.package_identification:_identify(src/project3_interfaces) by extension 'colcon_meta'
[0.127s] Level 1:colcon.colcon_core.package_identification:_identify(src/project3_interfaces) by extensions ['ros']
[0.127s] Level 1:colcon.colcon_core.package_identification:_identify(src/project3_interfaces) by extension 'ros'
[0.127s] DEBUG:colcon.colcon_core.package_identification:Package 'src/project3_interfaces' with type 'ros.ament_cmake' and name 'project3_interfaces'
[0.127s] Level 1:colcon.colcon_core.package_discovery:discover_packages(recursive) using defaults
[0.127s] Level 1:colcon.colcon_core.package_discovery:discover_packages(ignore) discover
[0.127s] Level 1:colcon.colcon_core.package_discovery:discover_packages(ignore) using defaults
[0.127s] Level 1:colcon.colcon_core.package_discovery:discover_packages(path) discover
[0.128s] Level 1:colcon.colcon_core.package_discovery:discover_packages(path) using defaults
[0.141s] Level 1:colcon.colcon_core.package_discovery:discover_packages(prefix_path) check parameters
[0.141s] Level 1:colcon.colcon_core.package_discovery:discover_packages(prefix_path) discover
[0.143s] DEBUG:colcon.colcon_installed_package_information.package_discovery:Found 15 installed packages in /home/sujeong/turtlebot3_ws/install
[0.144s] DEBUG:colcon.colcon_installed_package_information.package_discovery:Found 1 installed packages in /home/sujeong/ros2_ws/install
[0.145s] DEBUG:colcon.colcon_installed_package_information.package_discovery:Found 379 installed packages in /opt/ros/humble
[0.146s] Level 1:colcon.colcon_core.package_discovery:discover_packages(prefix_path) using defaults
[0.183s] Level 5:colcon.colcon_core.verb:set package 'driving1_interfaces' build argument 'cmake_args' from command line to 'None'
[0.183s] Level 5:colcon.colcon_core.verb:set package 'driving1_interfaces' build argument 'cmake_target' from command line to 'None'
[0.183s] Level 5:colcon.colcon_core.verb:set package 'driving1_interfaces' build argument 'cmake_target_skip_unavailable' from command line to 'False'
[0.183s] Level 5:colcon.colcon_core.verb:set package 'driving1_interfaces' build argument 'cmake_clean_cache' from command line to 'False'
[0.183s] Level 5:colcon.colcon_core.verb:set package 'driving1_interfaces' build argument 'cmake_clean_first' from command line to 'False'
[0.183s] Level 5:colcon.colcon_core.verb:set package 'driving1_interfaces' build argument 'cmake_force_configure' from command line to 'False'
[0.183s] Level 5:colcon.colcon_core.verb:set package 'driving1_interfaces' build argument 'ament_cmake_args' from command line to 'None'
[0.183s] Level 5:colcon.colcon_core.verb:set package 'driving1_interfaces' build argument 'catkin_cmake_args' from command line to 'None'
[0.183s] Level 5:colcon.colcon_core.verb:set package 'driving1_interfaces' build argument 'catkin_skip_building_tests' from command line to 'False'
[0.183s] DEBUG:colcon.colcon_core.verb:Building package 'driving1_interfaces' with the following arguments: {'ament_cmake_args': None, 'build_base': '/home/sujeong/rokey2_D1_Driving1/build/driving1_interfaces', 'catkin_cmake_args': None, 'catkin_skip_building_tests': False, 'cmake_args': None, 'cmake_clean_cache': False, 'cmake_clean_first': False, 'cmake_force_configure': False, 'cmake_target': None, 'cmake_target_skip_unavailable': False, 'install_base': '/home/sujeong/rokey2_D1_Driving1/install/driving1_interfaces', 'merge_install': False, 'path': '/home/sujeong/rokey2_D1_Driving1/src/driving1_interfaces', 'symlink_install': False, 'test_result_base': None}
[0.183s] Level 5:colcon.colcon_core.verb:set package 'project3_interfaces' build argument 'cmake_args' from command line to 'None'
[0.183s] Level 5:colcon.colcon_core.verb:set package 'project3_interfaces' build argument 'cmake_target' from command line to 'None'
[0.183s] Level 5:colcon.colcon_core.verb:set package 'project3_interfaces' build argument 'cmake_target_skip_unavailable' from command line to 'False'
[0.183s] Level 5:colcon.colcon_core.verb:set package 'project3_interfaces' build argument 'cmake_clean_cache' from command line to 'False'
[0.183s] Level 5:colcon.colcon_core.verb:set package 'project3_interfaces' build argument 'cmake_clean_first' from command line to 'False'
[0.183s] Level 5:colcon.colcon_core.verb:set package 'project3_interfaces' build argument 'cmake_force_configure' from command line to 'False'
[0.183s] Level 5:colcon.colcon_core.verb:set package 'project3_interfaces' build argument 'ament_cmake_args' from command line to 'None'
[0.183s] Level 5:colcon.colcon_core.verb:set package 'project3_interfaces' build argument 'catkin_cmake_args' from command line to 'None'
[0.183s] Level 5:colcon.colcon_core.verb:set package 'project3_interfaces' build argument 'catkin_skip_building_tests' from command line to 'False'
[0.183s] DEBUG:colcon.colcon_core.verb:Building package 'project3_interfaces' with the following arguments: {'ament_cmake_args': None, 'build_base': '/home/sujeong/rokey2_D1_Driving1/build/project3_interfaces', 'catkin_cmake_args': None, 'catkin_skip_building_tests': False, 'cmake_args': None, 'cmake_clean_cache': False, 'cmake_clean_first': False, 'cmake_force_configure': False, 'cmake_target': None, 'cmake_target_skip_unavailable': False, 'install_base': '/home/sujeong/rokey2_D1_Driving1/install/project3_interfaces', 'merge_install': False, 'path': '/home/sujeong/rokey2_D1_Driving1/src/project3_interfaces', 'symlink_install': False, 'test_result_base': None}
[0.183s] Level 5:colcon.colcon_core.verb:set package 'driving1' build argument 'cmake_args' from command line to 'None'
[0.183s] Level 5:colcon.colcon_core.verb:set package 'driving1' build argument 'cmake_target' from command line to 'None'
[0.184s] Level 5:colcon.colcon_core.verb:set package 'driving1' build argument 'cmake_target_skip_unavailable' from command line to 'False'
[0.184s] Level 5:colcon.colcon_core.verb:set package 'driving1' build argument 'cmake_clean_cache' from command line to 'False'
[0.184s] Level 5:colcon.colcon_core.verb:set package 'driving1' build argument 'cmake_clean_first' from command line to 'False'
[0.184s] Level 5:colcon.colcon_core.verb:set package 'driving1' build argument 'cmake_force_configure' from command line to 'False'
[0.184s] Level 5:colcon.colcon_core.verb:set package 'driving1' build argument 'ament_cmake_args' from command line to 'None'
[0.184s] Level 5:colcon.colcon_core.verb:set package 'driving1' build argument 'catkin_cmake_args' from command line to 'None'
[0.184s] Level 5:colcon.colcon_core.verb:set package 'driving1' build argument 'catkin_skip_building_tests' from command line to 'False'
[0.184s] DEBUG:colcon.colcon_core.verb:Building package 'driving1' with the following arguments: {'ament_cmake_args': None, 'build_base': '/home/sujeong/rokey2_D1_Driving1/build/driving1', 'catkin_cmake_args': None, 'catkin_skip_building_tests': False, 'cmake_args': None, 'cmake_clean_cache': False, 'cmake_clean_first': False, 'cmake_force_configure': False, 'cmake_target': None, 'cmake_target_skip_unavailable': False, 'install_base': '/home/sujeong/rokey2_D1_Driving1/install/driving1', 'merge_install': False, 'path': '/home/sujeong/rokey2_D1_Driving1/src/driving1', 'symlink_install': False, 'test_result_base': None}
[0.184s] INFO:colcon.colcon_core.executor:Executing jobs using 'parallel' executor
[0.184s] DEBUG:colcon.colcon_parallel_executor.executor.parallel:run_until_complete
[0.185s] INFO:colcon.colcon_ros.task.catkin.build:Building ROS package in '/home/sujeong/rokey2_D1_Driving1/src/driving1_interfaces' with build type 'catkin'
[0.185s] INFO:colcon.colcon_cmake.task.cmake.build:Building CMake package in '/home/sujeong/rokey2_D1_Driving1/src/driving1_interfaces'
[0.187s] INFO:colcon.colcon_core.plugin_system:Skipping extension 'colcon_core.shell.bat': Not used on non-Windows systems
[0.187s] INFO:colcon.colcon_core.shell:Skip shell extension 'powershell' for command environment: Not usable outside of PowerShell
[0.187s] DEBUG:colcon.colcon_core.shell:Skip shell extension 'dsv' for command environment
[0.190s] INFO:colcon.colcon_ros.task.ament_cmake.build:Building ROS package in '/home/sujeong/rokey2_D1_Driving1/src/project3_interfaces' with build type 'ament_cmake'
[0.190s] INFO:colcon.colcon_cmake.task.cmake.build:Building CMake package in '/home/sujeong/rokey2_D1_Driving1/src/project3_interfaces'
[0.190s] INFO:colcon.colcon_core.shell:Skip shell extension 'powershell' for command environment: Not usable outside of PowerShell
[0.190s] DEBUG:colcon.colcon_core.shell:Skip shell extension 'dsv' for command environment
[0.197s] DEBUG:colcon.colcon_core.event_handler.log_command:Invoking command in '/home/sujeong/rokey2_D1_Driving1/build/driving1_interfaces': /usr/bin/cmake --build /home/sujeong/rokey2_D1_Driving1/build/driving1_interfaces -- -j16 -l16
[0.201s] DEBUG:colcon.colcon_core.event_handler.log_command:Invoking command in '/home/sujeong/rokey2_D1_Driving1/build/project3_interfaces': CMAKE_PREFIX_PATH=${CMAKE_PREFIX_PATH}:/home/sujeong/turtlebot3_ws/install/turtlebot3_teleop:/home/sujeong/turtlebot3_ws/install/turtlebot3_example:/home/sujeong/ros2_ws/install/my_package:/opt/ros/humble /usr/bin/cmake --build /home/sujeong/rokey2_D1_Driving1/build/project3_interfaces -- -j16 -l16
[0.574s] DEBUG:colcon.colcon_core.event_handler.log_command:Invoked command in '/home/sujeong/rokey2_D1_Driving1/build/project3_interfaces' returned '0': CMAKE_PREFIX_PATH=${CMAKE_PREFIX_PATH}:/home/sujeong/turtlebot3_ws/install/turtlebot3_teleop:/home/sujeong/turtlebot3_ws/install/turtlebot3_example:/home/sujeong/ros2_ws/install/my_package:/opt/ros/humble /usr/bin/cmake --build /home/sujeong/rokey2_D1_Driving1/build/project3_interfaces -- -j16 -l16
[0.587s] DEBUG:colcon.colcon_core.event_handler.log_command:Invoking command in '/home/sujeong/rokey2_D1_Driving1/build/project3_interfaces': CMAKE_PREFIX_PATH=${CMAKE_PREFIX_PATH}:/home/sujeong/turtlebot3_ws/install/turtlebot3_teleop:/home/sujeong/turtlebot3_ws/install/turtlebot3_example:/home/sujeong/ros2_ws/install/my_package:/opt/ros/humble /usr/bin/cmake --install /home/sujeong/rokey2_D1_Driving1/build/project3_interfaces
[0.599s] DEBUG:colcon.colcon_core.event_handler.log_command:Invoked command in '/home/sujeong/rokey2_D1_Driving1/build/driving1_interfaces' returned '0': /usr/bin/cmake --build /home/sujeong/rokey2_D1_Driving1/build/driving1_interfaces -- -j16 -l16
[0.601s] DEBUG:colcon.colcon_core.event_handler.log_command:Invoking command in '/home/sujeong/rokey2_D1_Driving1/build/driving1_interfaces': /usr/bin/cmake --install /home/sujeong/rokey2_D1_Driving1/build/driving1_interfaces
[0.638s] Level 1:colcon.colcon_core.environment:create_environment_scripts_only(project3_interfaces)
[0.639s] DEBUG:colcon.colcon_core.event_handler.log_command:Invoked command in '/home/sujeong/rokey2_D1_Driving1/build/project3_interfaces' returned '0': CMAKE_PREFIX_PATH=${CMAKE_PREFIX_PATH}:/home/sujeong/turtlebot3_ws/install/turtlebot3_teleop:/home/sujeong/turtlebot3_ws/install/turtlebot3_example:/home/sujeong/ros2_ws/install/my_package:/opt/ros/humble /usr/bin/cmake --install /home/sujeong/rokey2_D1_Driving1/build/project3_interfaces
[0.643s] Level 1:colcon.colcon_core.environment:checking '/home/sujeong/rokey2_D1_Driving1/install/project3_interfaces' for CMake module files
[0.644s] Level 1:colcon.colcon_core.environment:checking '/home/sujeong/rokey2_D1_Driving1/install/project3_interfaces' for CMake config files
[0.644s] Level 1:colcon.colcon_core.shell:create_environment_hook('project3_interfaces', 'cmake_prefix_path')
[0.645s] INFO:colcon.colcon_core.shell:Creating environment hook '/home/sujeong/rokey2_D1_Driving1/install/project3_interfaces/share/project3_interfaces/hook/cmake_prefix_path.ps1'
[0.645s] INFO:colcon.colcon_core.shell:Creating environment descriptor '/home/sujeong/rokey2_D1_Driving1/install/project3_interfaces/share/project3_interfaces/hook/cmake_prefix_path.dsv'
[0.646s] INFO:colcon.colcon_core.shell:Creating environment hook '/home/sujeong/rokey2_D1_Driving1/install/project3_interfaces/share/project3_interfaces/hook/cmake_prefix_path.sh'
[0.646s] Level 1:colcon.colcon_core.environment:checking '/home/sujeong/rokey2_D1_Driving1/install/project3_interfaces/lib'
[0.647s] Level 1:colcon.colcon_core.shell:create_environment_hook('project3_interfaces', 'ld_library_path_lib')
[0.647s] INFO:colcon.colcon_core.shell:Creating environment hook '/home/sujeong/rokey2_D1_Driving1/install/project3_interfaces/share/project3_interfaces/hook/ld_library_path_lib.ps1'
[0.647s] INFO:colcon.colcon_core.shell:Creating environment descriptor '/home/sujeong/rokey2_D1_Driving1/install/project3_interfaces/share/project3_interfaces/hook/ld_library_path_lib.dsv'
[0.647s] INFO:colcon.colcon_core.shell:Creating environment hook '/home/sujeong/rokey2_D1_Driving1/install/project3_interfaces/share/project3_interfaces/hook/ld_library_path_lib.sh'
[0.647s] Level 1:colcon.colcon_core.environment:checking '/home/sujeong/rokey2_D1_Driving1/install/project3_interfaces/bin'
[0.647s] Level 1:colcon.colcon_core.environment:checking '/home/sujeong/rokey2_D1_Driving1/install/project3_interfaces/lib/pkgconfig/project3_interfaces.pc'
[0.648s] Level 1:colcon.colcon_core.environment:checking '/home/sujeong/rokey2_D1_Driving1/install/project3_interfaces/lib/python3.10/site-packages'
[0.648s] Level 1:colcon.colcon_core.shell:create_environment_hook('project3_interfaces', 'pythonpath')
[0.648s] INFO:colcon.colcon_core.shell:Creating environment hook '/home/sujeong/rokey2_D1_Driving1/install/project3_interfaces/share/project3_interfaces/hook/pythonpath.ps1'
[0.648s] INFO:colcon.colcon_core.shell:Creating environment descriptor '/home/sujeong/rokey2_D1_Driving1/install/project3_interfaces/share/project3_interfaces/hook/pythonpath.dsv'
[0.648s] INFO:colcon.colcon_core.shell:Creating environment hook '/home/sujeong/rokey2_D1_Driving1/install/project3_interfaces/share/project3_interfaces/hook/pythonpath.sh'
[0.649s] Level 1:colcon.colcon_core.environment:checking '/home/sujeong/rokey2_D1_Driving1/install/project3_interfaces/bin'
[0.649s] INFO:colcon.colcon_core.shell:Creating package script '/home/sujeong/rokey2_D1_Driving1/install/project3_interfaces/share/project3_interfaces/package.ps1'
[0.649s] INFO:colcon.colcon_core.shell:Creating package descriptor '/home/sujeong/rokey2_D1_Driving1/install/project3_interfaces/share/project3_interfaces/package.dsv'
[0.650s] INFO:colcon.colcon_core.shell:Creating package script '/home/sujeong/rokey2_D1_Driving1/install/project3_interfaces/share/project3_interfaces/package.sh'
[0.651s] INFO:colcon.colcon_core.shell:Creating package script '/home/sujeong/rokey2_D1_Driving1/install/project3_interfaces/share/project3_interfaces/package.bash'
[0.651s] INFO:colcon.colcon_core.shell:Creating package script '/home/sujeong/rokey2_D1_Driving1/install/project3_interfaces/share/project3_interfaces/package.zsh'
[0.651s] Level 1:colcon.colcon_core.environment:create_file_with_runtime_dependencies(/home/sujeong/rokey2_D1_Driving1/install/project3_interfaces/share/colcon-core/packages/project3_interfaces)
[0.652s] Level 1:colcon.colcon_core.environment:create_environment_scripts_only(project3_interfaces)
[0.652s] Level 1:colcon.colcon_core.environment:checking '/home/sujeong/rokey2_D1_Driving1/install/project3_interfaces' for CMake module files
[0.652s] Level 1:colcon.colcon_core.environment:checking '/home/sujeong/rokey2_D1_Driving1/install/project3_interfaces' for CMake config files
[0.652s] Level 1:colcon.colcon_core.shell:create_environment_hook('project3_interfaces', 'cmake_prefix_path')
[0.652s] INFO:colcon.colcon_core.shell:Creating environment hook '/home/sujeong/rokey2_D1_Driving1/install/project3_interfaces/share/project3_interfaces/hook/cmake_prefix_path.ps1'
[0.653s] INFO:colcon.colcon_core.shell:Creating environment descriptor '/home/sujeong/rokey2_D1_Driving1/install/project3_interfaces/share/project3_interfaces/hook/cmake_prefix_path.dsv'
[0.653s] INFO:colcon.colcon_core.shell:Creating environment hook '/home/sujeong/rokey2_D1_Driving1/install/project3_interfaces/share/project3_interfaces/hook/cmake_prefix_path.sh'
[0.655s] Level 1:colcon.colcon_core.environment:checking '/home/sujeong/rokey2_D1_Driving1/install/project3_interfaces/lib'
[0.655s] Level 1:colcon.colcon_core.shell:create_environment_hook('project3_interfaces', 'ld_library_path_lib')
[0.656s] INFO:colcon.colcon_core.shell:Creating environment hook '/home/sujeong/rokey2_D1_Driving1/install/project3_interfaces/share/project3_interfaces/hook/ld_library_path_lib.ps1'
[0.658s] INFO:colcon.colcon_core.shell:Creating environment descriptor '/home/sujeong/rokey2_D1_Driving1/install/project3_interfaces/share/project3_interfaces/hook/ld_library_path_lib.dsv'
[0.659s] INFO:colcon.colcon_core.shell:Creating environment hook '/home/sujeong/rokey2_D1_Driving1/install/project3_interfaces/share/project3_interfaces/hook/ld_library_path_lib.sh'
[0.661s] Level 1:colcon.colcon_core.environment:checking '/home/sujeong/rokey2_D1_Driving1/install/project3_interfaces/bin'
[0.661s] Level 1:colcon.colcon_core.environment:checking '/home/sujeong/rokey2_D1_Driving1/install/project3_interfaces/lib/pkgconfig/project3_interfaces.pc'
[0.661s] Level 1:colcon.colcon_core.environment:checking '/home/sujeong/rokey2_D1_Driving1/install/project3_interfaces/lib/python3.10/site-packages'
[0.661s] Level 1:colcon.colcon_core.shell:create_environment_hook('project3_interfaces', 'pythonpath')
[0.662s] INFO:colcon.colcon_core.shell:Creating environment hook '/home/sujeong/rokey2_D1_Driving1/install/project3_interfaces/share/project3_interfaces/hook/pythonpath.ps1'
[0.663s] INFO:colcon.colcon_core.shell:Creating environment descriptor '/home/sujeong/rokey2_D1_Driving1/install/project3_interfaces/share/project3_interfaces/hook/pythonpath.dsv'
[0.663s] INFO:colcon.colcon_core.shell:Creating environment hook '/home/sujeong/rokey2_D1_Driving1/install/project3_interfaces/share/project3_interfaces/hook/pythonpath.sh'
[0.664s] Level 1:colcon.colcon_core.environment:checking '/home/sujeong/rokey2_D1_Driving1/install/project3_interfaces/bin'
[0.665s] INFO:colcon.colcon_core.shell:Creating package script '/home/sujeong/rokey2_D1_Driving1/install/project3_interfaces/share/project3_interfaces/package.ps1'
[0.665s] INFO:colcon.colcon_core.shell:Creating package descriptor '/home/sujeong/rokey2_D1_Driving1/install/project3_interfaces/share/project3_interfaces/package.dsv'
[0.666s] INFO:colcon.colcon_core.shell:Creating package script '/home/sujeong/rokey2_D1_Driving1/install/project3_interfaces/share/project3_interfaces/package.sh'
[0.667s] INFO:colcon.colcon_core.shell:Creating package script '/home/sujeong/rokey2_D1_Driving1/install/project3_interfaces/share/project3_interfaces/package.bash'
[0.667s] INFO:colcon.colcon_core.shell:Creating package script '/home/sujeong/rokey2_D1_Driving1/install/project3_interfaces/share/project3_interfaces/package.zsh'
[0.668s] Level 1:colcon.colcon_core.environment:create_file_with_runtime_dependencies(/home/sujeong/rokey2_D1_Driving1/install/project3_interfaces/share/colcon-core/packages/project3_interfaces)
[0.670s] DEBUG:colcon.colcon_core.event_handler.log_command:Invoked command in '/home/sujeong/rokey2_D1_Driving1/build/driving1_interfaces' returned '0': /usr/bin/cmake --install /home/sujeong/rokey2_D1_Driving1/build/driving1_interfaces
[0.670s] Level 1:colcon.colcon_core.shell:create_environment_hook('driving1_interfaces', 'ros_package_path')
[0.670s] INFO:colcon.colcon_core.shell:Creating environment hook '/home/sujeong/rokey2_D1_Driving1/install/driving1_interfaces/share/driving1_interfaces/hook/ros_package_path.ps1'
[0.671s] INFO:colcon.colcon_core.shell:Creating environment descriptor '/home/sujeong/rokey2_D1_Driving1/install/driving1_interfaces/share/driving1_interfaces/hook/ros_package_path.dsv'
[0.671s] INFO:colcon.colcon_core.shell:Creating environment hook '/home/sujeong/rokey2_D1_Driving1/install/driving1_interfaces/share/driving1_interfaces/hook/ros_package_path.sh'
[0.672s] Level 1:colcon.colcon_ros.task.catkin:checking '/home/sujeong/rokey2_D1_Driving1/install/driving1_interfaces/lib/python3.10/site-packages'
[0.672s] Level 1:colcon.colcon_core.shell:create_environment_hook('driving1_interfaces', 'catkin_pythonpath')
[0.672s] INFO:colcon.colcon_core.shell:Creating environment hook '/home/sujeong/rokey2_D1_Driving1/install/driving1_interfaces/share/driving1_interfaces/hook/catkin_pythonpath.ps1'
[0.673s] INFO:colcon.colcon_core.shell:Creating environment descriptor '/home/sujeong/rokey2_D1_Driving1/install/driving1_interfaces/share/driving1_interfaces/hook/catkin_pythonpath.dsv'
[0.673s] INFO:colcon.colcon_core.shell:Creating environment hook '/home/sujeong/rokey2_D1_Driving1/install/driving1_interfaces/share/driving1_interfaces/hook/catkin_pythonpath.sh'
[0.674s] Level 1:colcon.colcon_core.shell:create_environment_hook('driving1_interfaces', 'pkg_config_path')
[0.674s] INFO:colcon.colcon_core.shell:Creating environment hook '/home/sujeong/rokey2_D1_Driving1/install/driving1_interfaces/share/driving1_interfaces/hook/pkg_config_path.ps1'
[0.675s] INFO:colcon.colcon_core.shell:Creating environment descriptor '/home/sujeong/rokey2_D1_Driving1/install/driving1_interfaces/share/driving1_interfaces/hook/pkg_config_path.dsv'
[0.675s] INFO:colcon.colcon_core.shell:Creating environment hook '/home/sujeong/rokey2_D1_Driving1/install/driving1_interfaces/share/driving1_interfaces/hook/pkg_config_path.sh'
[0.677s] Level 1:colcon.colcon_core.shell:create_environment_hook('driving1_interfaces', 'pkg_config_path_multiarch')
[0.678s] INFO:colcon.colcon_core.shell:Creating environment hook '/home/sujeong/rokey2_D1_Driving1/install/driving1_interfaces/share/driving1_interfaces/hook/pkg_config_path_multiarch.ps1'
[0.678s] INFO:colcon.colcon_core.shell:Creating environment descriptor '/home/sujeong/rokey2_D1_Driving1/install/driving1_interfaces/share/driving1_interfaces/hook/pkg_config_path_multiarch.dsv'
[0.678s] INFO:colcon.colcon_core.shell:Creating environment hook '/home/sujeong/rokey2_D1_Driving1/install/driving1_interfaces/share/driving1_interfaces/hook/pkg_config_path_multiarch.sh'
[0.679s] Level 1:colcon.colcon_core.environment:create_environment_scripts_only(driving1_interfaces)
[0.679s] Level 1:colcon.colcon_core.environment:checking '/home/sujeong/rokey2_D1_Driving1/install/driving1_interfaces' for CMake module files
[0.679s] Level 1:colcon.colcon_core.environment:checking '/home/sujeong/rokey2_D1_Driving1/install/driving1_interfaces' for CMake config files
[0.680s] Level 1:colcon.colcon_core.shell:create_environment_hook('driving1_interfaces', 'cmake_prefix_path')
[0.680s] INFO:colcon.colcon_core.shell:Creating environment hook '/home/sujeong/rokey2_D1_Driving1/install/driving1_interfaces/share/driving1_interfaces/hook/cmake_prefix_path.ps1'
[0.680s] INFO:colcon.colcon_core.shell:Creating environment descriptor '/home/sujeong/rokey2_D1_Driving1/install/driving1_interfaces/share/driving1_interfaces/hook/cmake_prefix_path.dsv'
[0.680s] INFO:colcon.colcon_core.shell:Creating environment hook '/home/sujeong/rokey2_D1_Driving1/install/driving1_interfaces/share/driving1_interfaces/hook/cmake_prefix_path.sh'
[0.681s] Level 1:colcon.colcon_core.environment:checking '/home/sujeong/rokey2_D1_Driving1/install/driving1_interfaces/lib'
[0.681s] Level 1:colcon.colcon_core.shell:create_environment_hook('driving1_interfaces', 'ld_library_path_lib')
[0.681s] INFO:colcon.colcon_core.shell:Creating environment hook '/home/sujeong/rokey2_D1_Driving1/install/driving1_interfaces/share/driving1_interfaces/hook/ld_library_path_lib.ps1'
[0.681s] INFO:colcon.colcon_core.shell:Creating environment descriptor '/home/sujeong/rokey2_D1_Driving1/install/driving1_interfaces/share/driving1_interfaces/hook/ld_library_path_lib.dsv'
[0.681s] INFO:colcon.colcon_core.shell:Creating environment hook '/home/sujeong/rokey2_D1_Driving1/install/driving1_interfaces/share/driving1_interfaces/hook/ld_library_path_lib.sh'
[0.681s] Level 1:colcon.colcon_core.environment:checking '/home/sujeong/rokey2_D1_Driving1/install/driving1_interfaces/bin'
[0.682s] Level 1:colcon.colcon_core.environment:checking '/home/sujeong/rokey2_D1_Driving1/install/driving1_interfaces/lib/pkgconfig/driving1_interfaces.pc'
[0.682s] Level 1:colcon.colcon_core.environment:checking '/home/sujeong/rokey2_D1_Driving1/install/driving1_interfaces/lib/python3.10/site-packages'
[0.682s] Level 1:colcon.colcon_core.shell:create_environment_hook('driving1_interfaces', 'pythonpath')
[0.682s] INFO:colcon.colcon_core.shell:Creating environment hook '/home/sujeong/rokey2_D1_Driving1/install/driving1_interfaces/share/driving1_interfaces/hook/pythonpath.ps1'
[0.682s] INFO:colcon.colcon_core.shell:Creating environment descriptor '/home/sujeong/rokey2_D1_Driving1/install/driving1_interfaces/share/driving1_interfaces/hook/pythonpath.dsv'
[0.682s] INFO:colcon.colcon_core.shell:Creating environment hook '/home/sujeong/rokey2_D1_Driving1/install/driving1_interfaces/share/driving1_interfaces/hook/pythonpath.sh'
[0.683s] Level 1:colcon.colcon_core.environment:checking '/home/sujeong/rokey2_D1_Driving1/install/driving1_interfaces/bin'
[0.683s] INFO:colcon.colcon_core.shell:Creating package script '/home/sujeong/rokey2_D1_Driving1/install/driving1_interfaces/share/driving1_interfaces/package.ps1'
[0.683s] INFO:colcon.colcon_core.shell:Creating package descriptor '/home/sujeong/rokey2_D1_Driving1/install/driving1_interfaces/share/driving1_interfaces/package.dsv'
[0.684s] INFO:colcon.colcon_core.shell:Creating package script '/home/sujeong/rokey2_D1_Driving1/install/driving1_interfaces/share/driving1_interfaces/package.sh'
[0.684s] INFO:colcon.colcon_core.shell:Creating package script '/home/sujeong/rokey2_D1_Driving1/install/driving1_interfaces/share/driving1_interfaces/package.bash'
[0.684s] INFO:colcon.colcon_core.shell:Creating package script '/home/sujeong/rokey2_D1_Driving1/install/driving1_interfaces/share/driving1_interfaces/package.zsh'
[0.684s] Level 1:colcon.colcon_core.environment:create_file_with_runtime_dependencies(/home/sujeong/rokey2_D1_Driving1/install/driving1_interfaces/share/colcon-core/packages/driving1_interfaces)
[0.685s] INFO:colcon.colcon_ros.task.ament_python.build:Building ROS package in '/home/sujeong/rokey2_D1_Driving1/src/driving1' with build type 'ament_python'
[0.685s] Level 1:colcon.colcon_core.shell:create_environment_hook('driving1', 'ament_prefix_path')
[0.685s] INFO:colcon.colcon_core.shell:Creating environment hook '/home/sujeong/rokey2_D1_Driving1/install/driving1/share/driving1/hook/ament_prefix_path.ps1'
[0.685s] INFO:colcon.colcon_core.shell:Creating environment descriptor '/home/sujeong/rokey2_D1_Driving1/install/driving1/share/driving1/hook/ament_prefix_path.dsv'
[0.686s] INFO:colcon.colcon_core.shell:Creating environment hook '/home/sujeong/rokey2_D1_Driving1/install/driving1/share/driving1/hook/ament_prefix_path.sh'
[0.686s] INFO:colcon.colcon_core.shell:Skip shell extension 'powershell' for command environment: Not usable outside of PowerShell
[0.686s] DEBUG:colcon.colcon_core.shell:Skip shell extension 'dsv' for command environment
[0.870s] INFO:colcon.colcon_core.task.python.build:Building Python package in '/home/sujeong/rokey2_D1_Driving1/src/driving1'
[0.870s] INFO:colcon.colcon_core.shell:Skip shell extension 'powershell' for command environment: Not usable outside of PowerShell
[0.870s] DEBUG:colcon.colcon_core.shell:Skip shell extension 'dsv' for command environment
[1.251s] DEBUG:colcon.colcon_core.event_handler.log_command:Invoking command in '/home/sujeong/rokey2_D1_Driving1/src/driving1': AMENT_PREFIX_PATH=/home/sujeong/rokey2_D1_Driving1/install/project3_interfaces:${AMENT_PREFIX_PATH} CMAKE_PREFIX_PATH=/home/sujeong/rokey2_D1_Driving1/install/project3_interfaces:/home/sujeong/rokey2_D1_Driving1/install/driving1_interfaces:${CMAKE_PREFIX_PATH} LD_LIBRARY_PATH=/home/sujeong/rokey2_D1_Driving1/install/project3_interfaces/lib:/home/sujeong/rokey2_D1_Driving1/install/driving1_interfaces/lib:/home/sujeong/turtlebot3_ws/install/turtlebot3_msgs/lib:/home/sujeong/turtlebot3_ws/install/dynamixel_sdk_custom_interfaces/lib:/home/sujeong/turtlebot3_ws/install/dynamixel_sdk/lib:/usr/lib/x86_64-linux-gnu/gazebo-11/plugins:/opt/ros/humble/opt/rviz_ogre_vendor/lib:/opt/ros/humble/lib/x86_64-linux-gnu:/opt/ros/humble/lib:/usr/lib/x86_64-linux-gnu/gazebo-11/plugins PKG_CONFIG_PATH=/home/sujeong/rokey2_D1_Driving1/install/driving1_interfaces/lib/x86_64-linux-gnu/pkgconfig:/home/sujeong/rokey2_D1_Driving1/install/driving1_interfaces/lib/pkgconfig PYTHONPATH=/home/sujeong/rokey2_D1_Driving1/build/driving1/prefix_override:/usr/lib/python3/dist-packages/colcon_core/task/python/colcon_distutils_commands:/home/sujeong/rokey2_D1_Driving1/install/driving1/lib/python3.10/site-packages:/home/sujeong/rokey2_D1_Driving1/install/project3_interfaces/lib/python3.10/site-packages:/home/sujeong/rokey2_D1_Driving1/install/driving1_interfaces/lib/python3.10/site-packages:${PYTHONPATH} ROS_PACKAGE_PATH=/home/sujeong/rokey2_D1_Driving1/install/driving1_interfaces/share /usr/bin/python3 -W ignore:setup.py install is deprecated -W ignore:easy_install command is deprecated setup.py egg_info --egg-base ../../build/driving1 build --build-base /home/sujeong/rokey2_D1_Driving1/build/driving1/build install --record /home/sujeong/rokey2_D1_Driving1/build/driving1/install.log --single-version-externally-managed install_data
[1.620s] Level 1:colcon.colcon_core.environment:checking '/home/sujeong/rokey2_D1_Driving1/install/driving1' for CMake module files
[1.621s] DEBUG:colcon.colcon_core.event_handler.log_command:Invoked command in '/home/sujeong/rokey2_D1_Driving1/src/driving1' returned '0': AMENT_PREFIX_PATH=/home/sujeong/rokey2_D1_Driving1/install/project3_interfaces:${AMENT_PREFIX_PATH} CMAKE_PREFIX_PATH=/home/sujeong/rokey2_D1_Driving1/install/project3_interfaces:/home/sujeong/rokey2_D1_Driving1/install/driving1_interfaces:${CMAKE_PREFIX_PATH} LD_LIBRARY_PATH=/home/sujeong/rokey2_D1_Driving1/install/project3_interfaces/lib:/home/sujeong/rokey2_D1_Driving1/install/driving1_interfaces/lib:/home/sujeong/turtlebot3_ws/install/turtlebot3_msgs/lib:/home/sujeong/turtlebot3_ws/install/dynamixel_sdk_custom_interfaces/lib:/home/sujeong/turtlebot3_ws/install/dynamixel_sdk/lib:/usr/lib/x86_64-linux-gnu/gazebo-11/plugins:/opt/ros/humble/opt/rviz_ogre_vendor/lib:/opt/ros/humble/lib/x86_64-linux-gnu:/opt/ros/humble/lib:/usr/lib/x86_64-linux-gnu/gazebo-11/plugins PKG_CONFIG_PATH=/home/sujeong/rokey2_D1_Driving1/install/driving1_interfaces/lib/x86_64-linux-gnu/pkgconfig:/home/sujeong/rokey2_D1_Driving1/install/driving1_interfaces/lib/pkgconfig PYTHONPATH=/home/sujeong/rokey2_D1_Driving1/build/driving1/prefix_override:/usr/lib/python3/dist-packages/colcon_core/task/python/colcon_distutils_commands:/home/sujeong/rokey2_D1_Driving1/install/driving1/lib/python3.10/site-packages:/home/sujeong/rokey2_D1_Driving1/install/project3_interfaces/lib/python3.10/site-packages:/home/sujeong/rokey2_D1_Driving1/install/driving1_interfaces/lib/python3.10/site-packages:${PYTHONPATH} ROS_PACKAGE_PATH=/home/sujeong/rokey2_D1_Driving1/install/driving1_interfaces/share /usr/bin/python3 -W ignore:setup.py install is deprecated -W ignore:easy_install command is deprecated setup.py egg_info --egg-base ../../build/driving1 build --build-base /home/sujeong/rokey2_D1_Driving1/build/driving1/build install --record /home/sujeong/rokey2_D1_Driving1/build/driving1/install.log --single-version-externally-managed install_data
[1.621s] Level 1:colcon.colcon_core.environment:checking '/home/sujeong/rokey2_D1_Driving1/install/driving1' for CMake config files
[1.621s] Level 1:colcon.colcon_core.environment:checking '/home/sujeong/rokey2_D1_Driving1/install/driving1/lib'
[1.621s] Level 1:colcon.colcon_core.environment:checking '/home/sujeong/rokey2_D1_Driving1/install/driving1/bin'
[1.621s] Level 1:colcon.colcon_core.environment:checking '/home/sujeong/rokey2_D1_Driving1/install/driving1/lib/pkgconfig/driving1.pc'
[1.621s] Level 1:colcon.colcon_core.environment:checking '/home/sujeong/rokey2_D1_Driving1/install/driving1/lib/python3.10/site-packages'
[1.621s] Level 1:colcon.colcon_core.shell:create_environment_hook('driving1', 'pythonpath')
[1.622s] INFO:colcon.colcon_core.shell:Creating environment hook '/home/sujeong/rokey2_D1_Driving1/install/driving1/share/driving1/hook/pythonpath.ps1'
[1.622s] INFO:colcon.colcon_core.shell:Creating environment descriptor '/home/sujeong/rokey2_D1_Driving1/install/driving1/share/driving1/hook/pythonpath.dsv'
[1.622s] INFO:colcon.colcon_core.shell:Creating environment hook '/home/sujeong/rokey2_D1_Driving1/install/driving1/share/driving1/hook/pythonpath.sh'
[1.623s] Level 1:colcon.colcon_core.environment:checking '/home/sujeong/rokey2_D1_Driving1/install/driving1/bin'
[1.623s] Level 1:colcon.colcon_core.environment:create_environment_scripts_only(driving1)
[1.623s] INFO:colcon.colcon_core.shell:Creating package script '/home/sujeong/rokey2_D1_Driving1/install/driving1/share/driving1/package.ps1'
[1.623s] INFO:colcon.colcon_core.shell:Creating package descriptor '/home/sujeong/rokey2_D1_Driving1/install/driving1/share/driving1/package.dsv'
[1.624s] INFO:colcon.colcon_core.shell:Creating package script '/home/sujeong/rokey2_D1_Driving1/install/driving1/share/driving1/package.sh'
[1.624s] INFO:colcon.colcon_core.shell:Creating package script '/home/sujeong/rokey2_D1_Driving1/install/driving1/share/driving1/package.bash'
[1.624s] INFO:colcon.colcon_core.shell:Creating package script '/home/sujeong/rokey2_D1_Driving1/install/driving1/share/driving1/package.zsh'
[1.624s] Level 1:colcon.colcon_core.environment:create_file_with_runtime_dependencies(/home/sujeong/rokey2_D1_Driving1/install/driving1/share/colcon-core/packages/driving1)
[1.624s] DEBUG:colcon.colcon_parallel_executor.executor.parallel:closing loop
[1.625s] DEBUG:colcon.colcon_parallel_executor.executor.parallel:loop closed
[1.625s] DEBUG:colcon.colcon_parallel_executor.executor.parallel:run_until_complete finished with '0'
[1.625s] DEBUG:colcon.colcon_core.event_reactor:joining thread
[1.631s] INFO:colcon.colcon_core.plugin_system:Skipping extension 'colcon_notification.desktop_notification.terminal_notifier': Not used on non-Darwin systems
[1.632s] INFO:colcon.colcon_core.plugin_system:Skipping extension 'colcon_notification.desktop_notification.win32': Not used on non-Windows systems
[1.632s] INFO:colcon.colcon_notification.desktop_notification:Sending desktop notification using 'notify2'
[1.645s] DEBUG:colcon.colcon_core.event_reactor:joined thread
[1.646s] INFO:colcon.colcon_core.shell:Creating prefix script '/home/sujeong/rokey2_D1_Driving1/install/local_setup.ps1'
[1.647s] INFO:colcon.colcon_core.shell:Creating prefix util module '/home/sujeong/rokey2_D1_Driving1/install/_local_setup_util_ps1.py'
[1.648s] INFO:colcon.colcon_core.shell:Creating prefix chain script '/home/sujeong/rokey2_D1_Driving1/install/setup.ps1'
[1.649s] INFO:colcon.colcon_core.shell:Creating prefix script '/home/sujeong/rokey2_D1_Driving1/install/local_setup.sh'
[1.650s] INFO:colcon.colcon_core.shell:Creating prefix util module '/home/sujeong/rokey2_D1_Driving1/install/_local_setup_util_sh.py'
[1.651s] INFO:colcon.colcon_core.shell:Creating prefix chain script '/home/sujeong/rokey2_D1_Driving1/install/setup.sh'
[1.652s] INFO:colcon.colcon_core.shell:Creating prefix script '/home/sujeong/rokey2_D1_Driving1/install/local_setup.bash'
[1.652s] INFO:colcon.colcon_core.shell:Creating prefix chain script '/home/sujeong/rokey2_D1_Driving1/install/setup.bash'
[1.653s] INFO:colcon.colcon_core.shell:Creating prefix script '/home/sujeong/rokey2_D1_Driving1/install/local_setup.zsh'
[1.654s] INFO:colcon.colcon_core.shell:Creating prefix chain script '/home/sujeong/rokey2_D1_Driving1/install/setup.zsh'
