[0.014s] Invoking command in '/home/yeonho/project3_ws/build/project3_interfaces': CMAKE_PREFIX_PATH=${CMAKE_PREFIX_PATH}:/home/yeonho/project3_ws/install/project3:/opt/ros/humble /usr/bin/cmake --build /home/yeonho/project3_ws/build/project3_interfaces -- -j12 -l12
[0.076s] [  9%] Built target project3_interfaces__cpp
[0.076s] [ 12%] Built target project3_interfaces__rosidl_generator_c
[0.088s] [ 12%] Built target ament_cmake_python_copy_project3_interfaces
[0.106s] [ 41%] Built target project3_interfaces__rosidl_typesupport_introspection_c
[0.106s] [ 41%] Built target project3_interfaces__rosidl_typesupport_c
[0.106s] [ 41%] Built target project3_interfaces__rosidl_typesupport_cpp
[0.106s] [ 54%] Built target project3_interfaces__rosidl_typesupport_introspection_cpp
[0.106s] [ 61%] Built target project3_interfaces__rosidl_typesupport_fastrtps_cpp
[0.107s] [ 70%] Built target project3_interfaces__rosidl_typesupport_fastrtps_c
[0.135s] [ 70%] Built target project3_interfaces
[0.161s] [ 74%] Built target project3_interfaces__py
[0.189s] [ 80%] Built target project3_interfaces__rosidl_generator_py
[0.220s] [100%] Built target project3_interfaces__rosidl_typesupport_fastrtps_c__pyext
[0.220s] [100%] Built target project3_interfaces__rosidl_typesupport_introspection_c__pyext
[0.220s] [100%] Built target project3_interfaces__rosidl_typesupport_c__pyext
[0.372s] running egg_info
[0.372s] writing project3_interfaces.egg-info/PKG-INFO
[0.372s] writing dependency_links to project3_interfaces.egg-info/dependency_links.txt
[0.373s] writing top-level names to project3_interfaces.egg-info/top_level.txt
[0.375s] reading manifest file 'project3_interfaces.egg-info/SOURCES.txt'
[0.376s] writing manifest file 'project3_interfaces.egg-info/SOURCES.txt'
[0.414s] [100%] Built target ament_cmake_python_build_project3_interfaces_egg
[0.432s] Invoked command in '/home/yeonho/project3_ws/build/project3_interfaces' returned '0': CMAKE_PREFIX_PATH=${CMAKE_PREFIX_PATH}:/home/yeonho/project3_ws/install/project3:/opt/ros/humble /usr/bin/cmake --build /home/yeonho/project3_ws/build/project3_interfaces -- -j12 -l12
[0.446s] Invoking command in '/home/yeonho/project3_ws/build/project3_interfaces': CMAKE_PREFIX_PATH=${CMAKE_PREFIX_PATH}:/home/yeonho/project3_ws/install/project3:/opt/ros/humble /usr/bin/cmake --install /home/yeonho/project3_ws/build/project3_interfaces
[0.457s] -- Install configuration: ""
[0.457s] -- Up-to-date: /home/yeonho/project3_ws/install/project3_interfaces/share/ament_index/resource_index/rosidl_interfaces/project3_interfaces
[0.458s] -- Up-to-date: /home/yeonho/project3_ws/install/project3_interfaces/include/project3_interfaces/project3_interfaces
[0.458s] -- Up-to-date: /home/yeonho/project3_ws/install/project3_interfaces/include/project3_interfaces/project3_interfaces/msg
[0.458s] -- Up-to-date: /home/yeonho/project3_ws/install/project3_interfaces/include/project3_interfaces/project3_interfaces/msg/rosidl_generator_c__visibility_control.h
[0.458s] -- Up-to-date: /home/yeonho/project3_ws/install/project3_interfaces/include/project3_interfaces/project3_interfaces/msg/table_command.h
[0.458s] -- Up-to-date: /home/yeonho/project3_ws/install/project3_interfaces/include/project3_interfaces/project3_interfaces/msg/detail
[0.458s] -- Up-to-date: /home/yeonho/project3_ws/install/project3_interfaces/include/project3_interfaces/project3_interfaces/msg/detail/table_command__functions.h
[0.458s] -- Up-to-date: /home/yeonho/project3_ws/install/project3_interfaces/include/project3_interfaces/project3_interfaces/msg/detail/table_command__struct.h
[0.458s] -- Up-to-date: /home/yeonho/project3_ws/install/project3_interfaces/include/project3_interfaces/project3_interfaces/msg/detail/table_command__type_support.h
[0.458s] -- Up-to-date: /home/yeonho/project3_ws/install/project3_interfaces/include/project3_interfaces/project3_interfaces/msg/detail/table_command__functions.c
[0.458s] -- Up-to-date: /home/yeonho/project3_ws/install/project3_interfaces/share/project3_interfaces/environment/library_path.sh
[0.458s] -- Up-to-date: /home/yeonho/project3_ws/install/project3_interfaces/share/project3_interfaces/environment/library_path.dsv
[0.458s] -- Up-to-date: /home/yeonho/project3_ws/install/project3_interfaces/lib/libproject3_interfaces__rosidl_generator_c.so
[0.458s] -- Up-to-date: /home/yeonho/project3_ws/install/project3_interfaces/include/project3_interfaces/project3_interfaces
[0.459s] -- Up-to-date: /home/yeonho/project3_ws/install/project3_interfaces/include/project3_interfaces/project3_interfaces/msg
[0.459s] -- Up-to-date: /home/yeonho/project3_ws/install/project3_interfaces/include/project3_interfaces/project3_interfaces/msg/rosidl_typesupport_fastrtps_c__visibility_control.h
[0.459s] -- Up-to-date: /home/yeonho/project3_ws/install/project3_interfaces/include/project3_interfaces/project3_interfaces/msg/detail
[0.459s] -- Up-to-date: /home/yeonho/project3_ws/install/project3_interfaces/include/project3_interfaces/project3_interfaces/msg/detail/table_command__rosidl_typesupport_fastrtps_c.h
[0.459s] -- Up-to-date: /home/yeonho/project3_ws/install/project3_interfaces/lib/libproject3_interfaces__rosidl_typesupport_fastrtps_c.so
[0.459s] -- Up-to-date: /home/yeonho/project3_ws/install/project3_interfaces/include/project3_interfaces/project3_interfaces
[0.459s] -- Up-to-date: /home/yeonho/project3_ws/install/project3_interfaces/include/project3_interfaces/project3_interfaces/msg
[0.459s] -- Up-to-date: /home/yeonho/project3_ws/install/project3_interfaces/include/project3_interfaces/project3_interfaces/msg/rosidl_typesupport_introspection_c__visibility_control.h
[0.459s] -- Up-to-date: /home/yeonho/project3_ws/install/project3_interfaces/include/project3_interfaces/project3_interfaces/msg/detail
[0.459s] -- Up-to-date: /home/yeonho/project3_ws/install/project3_interfaces/include/project3_interfaces/project3_interfaces/msg/detail/table_command__rosidl_typesupport_introspection_c.h
[0.459s] -- Up-to-date: /home/yeonho/project3_ws/install/project3_interfaces/include/project3_interfaces/project3_interfaces/msg/detail/table_command__type_support.c
[0.459s] -- Up-to-date: /home/yeonho/project3_ws/install/project3_interfaces/lib/libproject3_interfaces__rosidl_typesupport_introspection_c.so
[0.459s] -- Up-to-date: /home/yeonho/project3_ws/install/project3_interfaces/lib/libproject3_interfaces__rosidl_typesupport_c.so
[0.459s] -- Up-to-date: /home/yeonho/project3_ws/install/project3_interfaces/include/project3_interfaces/project3_interfaces
[0.459s] -- Up-to-date: /home/yeonho/project3_ws/install/project3_interfaces/include/project3_interfaces/project3_interfaces/msg
[0.459s] -- Up-to-date: /home/yeonho/project3_ws/install/project3_interfaces/include/project3_interfaces/project3_interfaces/msg/table_command.hpp
[0.459s] -- Up-to-date: /home/yeonho/project3_ws/install/project3_interfaces/include/project3_interfaces/project3_interfaces/msg/detail
[0.460s] -- Up-to-date: /home/yeonho/project3_ws/install/project3_interfaces/include/project3_interfaces/project3_interfaces/msg/detail/table_command__builder.hpp
[0.460s] -- Up-to-date: /home/yeonho/project3_ws/install/project3_interfaces/include/project3_interfaces/project3_interfaces/msg/detail/table_command__traits.hpp
[0.460s] -- Up-to-date: /home/yeonho/project3_ws/install/project3_interfaces/include/project3_interfaces/project3_interfaces/msg/detail/table_command__struct.hpp
[0.460s] -- Up-to-date: /home/yeonho/project3_ws/install/project3_interfaces/include/project3_interfaces/project3_interfaces
[0.460s] -- Up-to-date: /home/yeonho/project3_ws/install/project3_interfaces/include/project3_interfaces/project3_interfaces/msg
[0.460s] -- Up-to-date: /home/yeonho/project3_ws/install/project3_interfaces/include/project3_interfaces/project3_interfaces/msg/rosidl_typesupport_fastrtps_cpp__visibility_control.h
[0.460s] -- Up-to-date: /home/yeonho/project3_ws/install/project3_interfaces/include/project3_interfaces/project3_interfaces/msg/detail
[0.460s] -- Up-to-date: /home/yeonho/project3_ws/install/project3_interfaces/include/project3_interfaces/project3_interfaces/msg/detail/table_command__rosidl_typesupport_fastrtps_cpp.hpp
[0.460s] -- Up-to-date: /home/yeonho/project3_ws/install/project3_interfaces/include/project3_interfaces/project3_interfaces/msg/detail/dds_fastrtps
[0.460s] -- Up-to-date: /home/yeonho/project3_ws/install/project3_interfaces/lib/libproject3_interfaces__rosidl_typesupport_fastrtps_cpp.so
[0.460s] -- Up-to-date: /home/yeonho/project3_ws/install/project3_interfaces/include/project3_interfaces/project3_interfaces
[0.461s] -- Up-to-date: /home/yeonho/project3_ws/install/project3_interfaces/include/project3_interfaces/project3_interfaces/msg
[0.461s] -- Up-to-date: /home/yeonho/project3_ws/install/project3_interfaces/include/project3_interfaces/project3_interfaces/msg/detail
[0.461s] -- Up-to-date: /home/yeonho/project3_ws/install/project3_interfaces/include/project3_interfaces/project3_interfaces/msg/detail/table_command__rosidl_typesupport_introspection_cpp.hpp
[0.461s] -- Up-to-date: /home/yeonho/project3_ws/install/project3_interfaces/include/project3_interfaces/project3_interfaces/msg/detail/table_command__type_support.cpp
[0.461s] -- Up-to-date: /home/yeonho/project3_ws/install/project3_interfaces/lib/libproject3_interfaces__rosidl_typesupport_introspection_cpp.so
[0.461s] -- Up-to-date: /home/yeonho/project3_ws/install/project3_interfaces/lib/libproject3_interfaces__rosidl_typesupport_cpp.so
[0.461s] -- Up-to-date: /home/yeonho/project3_ws/install/project3_interfaces/share/project3_interfaces/environment/pythonpath.sh
[0.461s] -- Up-to-date: /home/yeonho/project3_ws/install/project3_interfaces/share/project3_interfaces/environment/pythonpath.dsv
[0.461s] -- Up-to-date: /home/yeonho/project3_ws/install/project3_interfaces/local/lib/python3.10/dist-packages/project3_interfaces-0.0.0-py3.10.egg-info
[0.461s] -- Installing: /home/yeonho/project3_ws/install/project3_interfaces/local/lib/python3.10/dist-packages/project3_interfaces-0.0.0-py3.10.egg-info/PKG-INFO
[0.461s] -- Installing: /home/yeonho/project3_ws/install/project3_interfaces/local/lib/python3.10/dist-packages/project3_interfaces-0.0.0-py3.10.egg-info/SOURCES.txt
[0.462s] -- Installing: /home/yeonho/project3_ws/install/project3_interfaces/local/lib/python3.10/dist-packages/project3_interfaces-0.0.0-py3.10.egg-info/top_level.txt
[0.462s] -- Installing: /home/yeonho/project3_ws/install/project3_interfaces/local/lib/python3.10/dist-packages/project3_interfaces-0.0.0-py3.10.egg-info/dependency_links.txt
[0.462s] -- Up-to-date: /home/yeonho/project3_ws/install/project3_interfaces/local/lib/python3.10/dist-packages/project3_interfaces
[0.462s] -- Up-to-date: /home/yeonho/project3_ws/install/project3_interfaces/local/lib/python3.10/dist-packages/project3_interfaces/project3_interfaces_s__rosidl_typesupport_introspection_c.cpython-310-x86_64-linux-gnu.so
[0.462s] -- Up-to-date: /home/yeonho/project3_ws/install/project3_interfaces/local/lib/python3.10/dist-packages/project3_interfaces/libproject3_interfaces__rosidl_generator_py.so
[0.462s] -- Up-to-date: /home/yeonho/project3_ws/install/project3_interfaces/local/lib/python3.10/dist-packages/project3_interfaces/__init__.py
[0.463s] -- Up-to-date: /home/yeonho/project3_ws/install/project3_interfaces/local/lib/python3.10/dist-packages/project3_interfaces/project3_interfaces_s__rosidl_typesupport_fastrtps_c.cpython-310-x86_64-linux-gnu.so
[0.463s] -- Up-to-date: /home/yeonho/project3_ws/install/project3_interfaces/local/lib/python3.10/dist-packages/project3_interfaces/_project3_interfaces_s.ep.rosidl_typesupport_fastrtps_c.c
[0.463s] -- Up-to-date: /home/yeonho/project3_ws/install/project3_interfaces/local/lib/python3.10/dist-packages/project3_interfaces/msg
[0.463s] -- Up-to-date: /home/yeonho/project3_ws/install/project3_interfaces/local/lib/python3.10/dist-packages/project3_interfaces/msg/_table_command_s.c
[0.463s] -- Up-to-date: /home/yeonho/project3_ws/install/project3_interfaces/local/lib/python3.10/dist-packages/project3_interfaces/msg/__init__.py
[0.463s] -- Up-to-date: /home/yeonho/project3_ws/install/project3_interfaces/local/lib/python3.10/dist-packages/project3_interfaces/msg/_table_command.py
[0.463s] -- Up-to-date: /home/yeonho/project3_ws/install/project3_interfaces/local/lib/python3.10/dist-packages/project3_interfaces/_project3_interfaces_s.ep.rosidl_typesupport_introspection_c.c
[0.463s] -- Up-to-date: /home/yeonho/project3_ws/install/project3_interfaces/local/lib/python3.10/dist-packages/project3_interfaces/_project3_interfaces_s.ep.rosidl_typesupport_c.c
[0.463s] -- Up-to-date: /home/yeonho/project3_ws/install/project3_interfaces/local/lib/python3.10/dist-packages/project3_interfaces/project3_interfaces_s__rosidl_typesupport_c.cpython-310-x86_64-linux-gnu.so
[0.498s] Listing '/home/yeonho/project3_ws/install/project3_interfaces/local/lib/python3.10/dist-packages/project3_interfaces'...
[0.498s] Listing '/home/yeonho/project3_ws/install/project3_interfaces/local/lib/python3.10/dist-packages/project3_interfaces/msg'...
[0.504s] -- Up-to-date: /home/yeonho/project3_ws/install/project3_interfaces/local/lib/python3.10/dist-packages/project3_interfaces/project3_interfaces_s__rosidl_typesupport_fastrtps_c.cpython-310-x86_64-linux-gnu.so
[0.505s] -- Up-to-date: /home/yeonho/project3_ws/install/project3_interfaces/local/lib/python3.10/dist-packages/project3_interfaces/project3_interfaces_s__rosidl_typesupport_introspection_c.cpython-310-x86_64-linux-gnu.so
[0.505s] -- Up-to-date: /home/yeonho/project3_ws/install/project3_interfaces/local/lib/python3.10/dist-packages/project3_interfaces/project3_interfaces_s__rosidl_typesupport_c.cpython-310-x86_64-linux-gnu.so
[0.505s] -- Up-to-date: /home/yeonho/project3_ws/install/project3_interfaces/lib/libproject3_interfaces__rosidl_generator_py.so
[0.506s] -- Up-to-date: /home/yeonho/project3_ws/install/project3_interfaces/share/project3_interfaces/msg/TableCommand.idl
[0.506s] -- Up-to-date: /home/yeonho/project3_ws/install/project3_interfaces/share/project3_interfaces/msg/TableCommand.msg
[0.506s] -- Up-to-date: /home/yeonho/project3_ws/install/project3_interfaces/share/ament_index/resource_index/package_run_dependencies/project3_interfaces
[0.506s] -- Up-to-date: /home/yeonho/project3_ws/install/project3_interfaces/share/ament_index/resource_index/parent_prefix_path/project3_interfaces
[0.506s] -- Up-to-date: /home/yeonho/project3_ws/install/project3_interfaces/share/project3_interfaces/environment/ament_prefix_path.sh
[0.506s] -- Up-to-date: /home/yeonho/project3_ws/install/project3_interfaces/share/project3_interfaces/environment/ament_prefix_path.dsv
[0.506s] -- Up-to-date: /home/yeonho/project3_ws/install/project3_interfaces/share/project3_interfaces/environment/path.sh
[0.506s] -- Up-to-date: /home/yeonho/project3_ws/install/project3_interfaces/share/project3_interfaces/environment/path.dsv
[0.506s] -- Up-to-date: /home/yeonho/project3_ws/install/project3_interfaces/share/project3_interfaces/local_setup.bash
[0.507s] -- Up-to-date: /home/yeonho/project3_ws/install/project3_interfaces/share/project3_interfaces/local_setup.sh
[0.507s] -- Up-to-date: /home/yeonho/project3_ws/install/project3_interfaces/share/project3_interfaces/local_setup.zsh
[0.507s] -- Up-to-date: /home/yeonho/project3_ws/install/project3_interfaces/share/project3_interfaces/local_setup.dsv
[0.507s] -- Installing: /home/yeonho/project3_ws/install/project3_interfaces/share/project3_interfaces/package.dsv
[0.507s] -- Up-to-date: /home/yeonho/project3_ws/install/project3_interfaces/share/ament_index/resource_index/packages/project3_interfaces
[0.507s] -- Up-to-date: /home/yeonho/project3_ws/install/project3_interfaces/share/project3_interfaces/cmake/export_project3_interfaces__rosidl_generator_cExport.cmake
[0.508s] -- Up-to-date: /home/yeonho/project3_ws/install/project3_interfaces/share/project3_interfaces/cmake/export_project3_interfaces__rosidl_generator_cExport-noconfig.cmake
[0.508s] -- Up-to-date: /home/yeonho/project3_ws/install/project3_interfaces/share/project3_interfaces/cmake/export_project3_interfaces__rosidl_typesupport_fastrtps_cExport.cmake
[0.508s] -- Up-to-date: /home/yeonho/project3_ws/install/project3_interfaces/share/project3_interfaces/cmake/export_project3_interfaces__rosidl_typesupport_fastrtps_cExport-noconfig.cmake
[0.508s] -- Up-to-date: /home/yeonho/project3_ws/install/project3_interfaces/share/project3_interfaces/cmake/project3_interfaces__rosidl_typesupport_introspection_cExport.cmake
[0.508s] -- Up-to-date: /home/yeonho/project3_ws/install/project3_interfaces/share/project3_interfaces/cmake/project3_interfaces__rosidl_typesupport_introspection_cExport-noconfig.cmake
[0.508s] -- Up-to-date: /home/yeonho/project3_ws/install/project3_interfaces/share/project3_interfaces/cmake/project3_interfaces__rosidl_typesupport_cExport.cmake
[0.508s] -- Up-to-date: /home/yeonho/project3_ws/install/project3_interfaces/share/project3_interfaces/cmake/project3_interfaces__rosidl_typesupport_cExport-noconfig.cmake
[0.509s] -- Up-to-date: /home/yeonho/project3_ws/install/project3_interfaces/share/project3_interfaces/cmake/export_project3_interfaces__rosidl_generator_cppExport.cmake
[0.509s] -- Up-to-date: /home/yeonho/project3_ws/install/project3_interfaces/share/project3_interfaces/cmake/export_project3_interfaces__rosidl_typesupport_fastrtps_cppExport.cmake
[0.509s] -- Up-to-date: /home/yeonho/project3_ws/install/project3_interfaces/share/project3_interfaces/cmake/export_project3_interfaces__rosidl_typesupport_fastrtps_cppExport-noconfig.cmake
[0.509s] -- Up-to-date: /home/yeonho/project3_ws/install/project3_interfaces/share/project3_interfaces/cmake/project3_interfaces__rosidl_typesupport_introspection_cppExport.cmake
[0.509s] -- Up-to-date: /home/yeonho/project3_ws/install/project3_interfaces/share/project3_interfaces/cmake/project3_interfaces__rosidl_typesupport_introspection_cppExport-noconfig.cmake
[0.509s] -- Up-to-date: /home/yeonho/project3_ws/install/project3_interfaces/share/project3_interfaces/cmake/project3_interfaces__rosidl_typesupport_cppExport.cmake
[0.509s] -- Up-to-date: /home/yeonho/project3_ws/install/project3_interfaces/share/project3_interfaces/cmake/project3_interfaces__rosidl_typesupport_cppExport-noconfig.cmake
[0.509s] -- Up-to-date: /home/yeonho/project3_ws/install/project3_interfaces/share/project3_interfaces/cmake/export_project3_interfaces__rosidl_generator_pyExport.cmake
[0.510s] -- Up-to-date: /home/yeonho/project3_ws/install/project3_interfaces/share/project3_interfaces/cmake/export_project3_interfaces__rosidl_generator_pyExport-noconfig.cmake
[0.510s] -- Up-to-date: /home/yeonho/project3_ws/install/project3_interfaces/share/project3_interfaces/cmake/rosidl_cmake-extras.cmake
[0.510s] -- Up-to-date: /home/yeonho/project3_ws/install/project3_interfaces/share/project3_interfaces/cmake/ament_cmake_export_include_directories-extras.cmake
[0.510s] -- Up-to-date: /home/yeonho/project3_ws/install/project3_interfaces/share/project3_interfaces/cmake/ament_cmake_export_libraries-extras.cmake
[0.510s] -- Up-to-date: /home/yeonho/project3_ws/install/project3_interfaces/share/project3_interfaces/cmake/ament_cmake_export_targets-extras.cmake
[0.510s] -- Up-to-date: /home/yeonho/project3_ws/install/project3_interfaces/share/project3_interfaces/cmake/rosidl_cmake_export_typesupport_targets-extras.cmake
[0.510s] -- Up-to-date: /home/yeonho/project3_ws/install/project3_interfaces/share/project3_interfaces/cmake/ament_cmake_export_dependencies-extras.cmake
[0.510s] -- Up-to-date: /home/yeonho/project3_ws/install/project3_interfaces/share/project3_interfaces/cmake/rosidl_cmake_export_typesupport_libraries-extras.cmake
[0.510s] -- Up-to-date: /home/yeonho/project3_ws/install/project3_interfaces/share/project3_interfaces/cmake/project3_interfacesConfig.cmake
[0.510s] -- Up-to-date: /home/yeonho/project3_ws/install/project3_interfaces/share/project3_interfaces/cmake/project3_interfacesConfig-version.cmake
[0.510s] -- Up-to-date: /home/yeonho/project3_ws/install/project3_interfaces/share/project3_interfaces/package.xml
[0.513s] Invoked command in '/home/yeonho/project3_ws/build/project3_interfaces' returned '0': CMAKE_PREFIX_PATH=${CMAKE_PREFIX_PATH}:/home/yeonho/project3_ws/install/project3:/opt/ros/humble /usr/bin/cmake --install /home/yeonho/project3_ws/build/project3_interfaces
