[0.071s] DEBUG:colcon:Command line arguments: ['/usr/bin/colcon', 'list', '-p', '--base-paths', '/home/sujeong/rokey2_D1_Driving1']
[0.071s] DEBUG:colcon:Parsed command line arguments: Namespace(log_base=None, log_level=None, verb_name='list', build_base='build', ignore_user_meta=False, metas=['./colcon.meta'], base_paths=['/home/sujeong/rokey2_D1_Driving1'], packages_ignore=None, packages_ignore_regex=None, paths=None, packages_up_to=None, packages_up_to_regex=None, packages_above=None, packages_above_and_dependencies=None, packages_above_depth=None, packages_select_by_dep=None, packages_skip_by_dep=None, packages_skip_up_to=None, packages_select_build_failed=False, packages_skip_build_finished=False, packages_select_test_failures=False, packages_skip_test_passed=False, packages_select=None, packages_skip=None, packages_select_regex=None, packages_skip_regex=None, packages_start=None, packages_end=None, allow_overriding=[], topological_order=False, names_only=False, paths_only=True, topological_graph=False, topological_graph_dot=False, topological_graph_density=False, topological_graph_legend=False, topological_graph_dot_cluster=False, topological_graph_dot_include_skipped=False, verb_parser=<colcon_defaults.argument_parser.defaults.DefaultArgumentsDecorator object at 0x7e1da84b80a0>, verb_extension=<colcon_package_information.verb.list.ListVerb object at 0x7e1da8434d30>, main=<bound method ListVerb.main of <colcon_package_information.verb.list.ListVerb object at 0x7e1da8434d30>>)
[0.102s] Level 1:colcon.colcon_core.package_discovery:discover_packages(colcon_meta) check parameters
[0.102s] Level 1:colcon.colcon_core.package_discovery:discover_packages(recursive) check parameters
[0.102s] Level 1:colcon.colcon_core.package_discovery:discover_packages(ignore) check parameters
[0.102s] Level 1:colcon.colcon_core.package_discovery:discover_packages(path) check parameters
[0.102s] Level 1:colcon.colcon_core.package_discovery:discover_packages(recursive) discover
[0.102s] INFO:colcon.colcon_core.package_discovery:Crawling recursively for packages in '/home/sujeong/rokey2_D1_Driving1'
[0.102s] Level 1:colcon.colcon_core.package_identification:_identify(/home/sujeong/rokey2_D1_Driving1) by extensions ['ignore', 'ignore_ament_install']
[0.102s] Level 1:colcon.colcon_core.package_identification:_identify(/home/sujeong/rokey2_D1_Driving1) by extension 'ignore'
[0.102s] Level 1:colcon.colcon_core.package_identification:_identify(/home/sujeong/rokey2_D1_Driving1) by extension 'ignore_ament_install'
[0.103s] Level 1:colcon.colcon_core.package_identification:_identify(/home/sujeong/rokey2_D1_Driving1) by extensions ['colcon_pkg']
[0.103s] Level 1:colcon.colcon_core.package_identification:_identify(/home/sujeong/rokey2_D1_Driving1) by extension 'colcon_pkg'
[0.103s] Level 1:colcon.colcon_core.package_identification:_identify(/home/sujeong/rokey2_D1_Driving1) by extensions ['colcon_meta']
[0.103s] Level 1:colcon.colcon_core.package_identification:_identify(/home/sujeong/rokey2_D1_Driving1) by extension 'colcon_meta'
[0.103s] Level 1:colcon.colcon_core.package_identification:_identify(/home/sujeong/rokey2_D1_Driving1) by extensions ['ros']
[0.103s] Level 1:colcon.colcon_core.package_identification:_identify(/home/sujeong/rokey2_D1_Driving1) by extension 'ros'
[0.122s] Level 1:colcon.colcon_core.package_identification:_identify(/home/sujeong/rokey2_D1_Driving1) by extensions ['cmake', 'python']
[0.122s] Level 1:colcon.colcon_core.package_identification:_identify(/home/sujeong/rokey2_D1_Driving1) by extension 'cmake'
[0.122s] Level 1:colcon.colcon_core.package_identification:_identify(/home/sujeong/rokey2_D1_Driving1) by extension 'python'
[0.122s] Level 1:colcon.colcon_core.package_identification:_identify(/home/sujeong/rokey2_D1_Driving1) by extensions ['python_setup_py']
[0.122s] Level 1:colcon.colcon_core.package_identification:_identify(/home/sujeong/rokey2_D1_Driving1) by extension 'python_setup_py'
[0.122s] Level 1:colcon.colcon_core.package_identification:_identify(/home/sujeong/rokey2_D1_Driving1/build) by extensions ['ignore', 'ignore_ament_install']
[0.123s] Level 1:colcon.colcon_core.package_identification:_identify(/home/sujeong/rokey2_D1_Driving1/build) by extension 'ignore'
[0.123s] Level 1:colcon.colcon_core.package_identification:_identify(/home/sujeong/rokey2_D1_Driving1/build) ignored
[0.123s] Level 1:colcon.colcon_core.package_identification:_identify(/home/sujeong/rokey2_D1_Driving1/install) by extensions ['ignore', 'ignore_ament_install']
[0.123s] Level 1:colcon.colcon_core.package_identification:_identify(/home/sujeong/rokey2_D1_Driving1/install) by extension 'ignore'
[0.123s] Level 1:colcon.colcon_core.package_identification:_identify(/home/sujeong/rokey2_D1_Driving1/install) ignored
[0.123s] Level 1:colcon.colcon_core.package_identification:_identify(/home/sujeong/rokey2_D1_Driving1/log) by extensions ['ignore', 'ignore_ament_install']
[0.123s] Level 1:colcon.colcon_core.package_identification:_identify(/home/sujeong/rokey2_D1_Driving1/log) by extension 'ignore'
[0.123s] Level 1:colcon.colcon_core.package_identification:_identify(/home/sujeong/rokey2_D1_Driving1/log) ignored
[0.123s] Level 1:colcon.colcon_core.package_identification:_identify(/home/sujeong/rokey2_D1_Driving1/src) by extensions ['ignore', 'ignore_ament_install']
[0.123s] Level 1:colcon.colcon_core.package_identification:_identify(/home/sujeong/rokey2_D1_Driving1/src) by extension 'ignore'
[0.123s] Level 1:colcon.colcon_core.package_identification:_identify(/home/sujeong/rokey2_D1_Driving1/src) by extension 'ignore_ament_install'
[0.123s] Level 1:colcon.colcon_core.package_identification:_identify(/home/sujeong/rokey2_D1_Driving1/src) by extensions ['colcon_pkg']
[0.123s] Level 1:colcon.colcon_core.package_identification:_identify(/home/sujeong/rokey2_D1_Driving1/src) by extension 'colcon_pkg'
[0.123s] Level 1:colcon.colcon_core.package_identification:_identify(/home/sujeong/rokey2_D1_Driving1/src) by extensions ['colcon_meta']
[0.123s] Level 1:colcon.colcon_core.package_identification:_identify(/home/sujeong/rokey2_D1_Driving1/src) by extension 'colcon_meta'
[0.123s] Level 1:colcon.colcon_core.package_identification:_identify(/home/sujeong/rokey2_D1_Driving1/src) by extensions ['ros']
[0.123s] Level 1:colcon.colcon_core.package_identification:_identify(/home/sujeong/rokey2_D1_Driving1/src) by extension 'ros'
[0.123s] Level 1:colcon.colcon_core.package_identification:_identify(/home/sujeong/rokey2_D1_Driving1/src) by extensions ['cmake', 'python']
[0.123s] Level 1:colcon.colcon_core.package_identification:_identify(/home/sujeong/rokey2_D1_Driving1/src) by extension 'cmake'
[0.123s] Level 1:colcon.colcon_core.package_identification:_identify(/home/sujeong/rokey2_D1_Driving1/src) by extension 'python'
[0.123s] Level 1:colcon.colcon_core.package_identification:_identify(/home/sujeong/rokey2_D1_Driving1/src) by extensions ['python_setup_py']
[0.123s] Level 1:colcon.colcon_core.package_identification:_identify(/home/sujeong/rokey2_D1_Driving1/src) by extension 'python_setup_py'
[0.123s] Level 1:colcon.colcon_core.package_identification:_identify(/home/sujeong/rokey2_D1_Driving1/src/build) by extensions ['ignore', 'ignore_ament_install']
[0.123s] Level 1:colcon.colcon_core.package_identification:_identify(/home/sujeong/rokey2_D1_Driving1/src/build) by extension 'ignore'
[0.123s] Level 1:colcon.colcon_core.package_identification:_identify(/home/sujeong/rokey2_D1_Driving1/src/build) ignored
[0.124s] Level 1:colcon.colcon_core.package_identification:_identify(/home/sujeong/rokey2_D1_Driving1/src/driving1) by extensions ['ignore', 'ignore_ament_install']
[0.124s] Level 1:colcon.colcon_core.package_identification:_identify(/home/sujeong/rokey2_D1_Driving1/src/driving1) by extension 'ignore'
[0.124s] Level 1:colcon.colcon_core.package_identification:_identify(/home/sujeong/rokey2_D1_Driving1/src/driving1) by extension 'ignore_ament_install'
[0.124s] Level 1:colcon.colcon_core.package_identification:_identify(/home/sujeong/rokey2_D1_Driving1/src/driving1) by extensions ['colcon_pkg']
[0.124s] Level 1:colcon.colcon_core.package_identification:_identify(/home/sujeong/rokey2_D1_Driving1/src/driving1) by extension 'colcon_pkg'
[0.124s] Level 1:colcon.colcon_core.package_identification:_identify(/home/sujeong/rokey2_D1_Driving1/src/driving1) by extensions ['colcon_meta']
[0.124s] Level 1:colcon.colcon_core.package_identification:_identify(/home/sujeong/rokey2_D1_Driving1/src/driving1) by extension 'colcon_meta'
[0.124s] Level 1:colcon.colcon_core.package_identification:_identify(/home/sujeong/rokey2_D1_Driving1/src/driving1) by extensions ['ros']
[0.124s] Level 1:colcon.colcon_core.package_identification:_identify(/home/sujeong/rokey2_D1_Driving1/src/driving1) by extension 'ros'
[0.127s] DEBUG:colcon.colcon_core.package_identification:Package '/home/sujeong/rokey2_D1_Driving1/src/driving1' with type 'ros.ament_python' and name 'driving1'
[0.127s] Level 1:colcon.colcon_core.package_identification:_identify(/home/sujeong/rokey2_D1_Driving1/src/driving1_interfaces) by extensions ['ignore', 'ignore_ament_install']
[0.127s] Level 1:colcon.colcon_core.package_identification:_identify(/home/sujeong/rokey2_D1_Driving1/src/driving1_interfaces) by extension 'ignore'
[0.127s] Level 1:colcon.colcon_core.package_identification:_identify(/home/sujeong/rokey2_D1_Driving1/src/driving1_interfaces) by extension 'ignore_ament_install'
[0.127s] Level 1:colcon.colcon_core.package_identification:_identify(/home/sujeong/rokey2_D1_Driving1/src/driving1_interfaces) by extensions ['colcon_pkg']
[0.127s] Level 1:colcon.colcon_core.package_identification:_identify(/home/sujeong/rokey2_D1_Driving1/src/driving1_interfaces) by extension 'colcon_pkg'
[0.127s] Level 1:colcon.colcon_core.package_identification:_identify(/home/sujeong/rokey2_D1_Driving1/src/driving1_interfaces) by extensions ['colcon_meta']
[0.127s] Level 1:colcon.colcon_core.package_identification:_identify(/home/sujeong/rokey2_D1_Driving1/src/driving1_interfaces) by extension 'colcon_meta'
[0.127s] Level 1:colcon.colcon_core.package_identification:_identify(/home/sujeong/rokey2_D1_Driving1/src/driving1_interfaces) by extensions ['ros']
[0.127s] Level 1:colcon.colcon_core.package_identification:_identify(/home/sujeong/rokey2_D1_Driving1/src/driving1_interfaces) by extension 'ros'
[0.128s] DEBUG:colcon.colcon_core.package_identification:Package '/home/sujeong/rokey2_D1_Driving1/src/driving1_interfaces' with type 'ros.catkin' and name 'driving1_interfaces'
[0.128s] Level 1:colcon.colcon_core.package_identification:_identify(/home/sujeong/rokey2_D1_Driving1/src/install) by extensions ['ignore', 'ignore_ament_install']
[0.128s] Level 1:colcon.colcon_core.package_identification:_identify(/home/sujeong/rokey2_D1_Driving1/src/install) by extension 'ignore'
[0.128s] Level 1:colcon.colcon_core.package_identification:_identify(/home/sujeong/rokey2_D1_Driving1/src/install) ignored
[0.128s] Level 1:colcon.colcon_core.package_identification:_identify(/home/sujeong/rokey2_D1_Driving1/src/log) by extensions ['ignore', 'ignore_ament_install']
[0.128s] Level 1:colcon.colcon_core.package_identification:_identify(/home/sujeong/rokey2_D1_Driving1/src/log) by extension 'ignore'
[0.128s] Level 1:colcon.colcon_core.package_identification:_identify(/home/sujeong/rokey2_D1_Driving1/src/log) ignored
[0.128s] Level 1:colcon.colcon_core.package_identification:_identify(/home/sujeong/rokey2_D1_Driving1/src/project3_interfaces) by extensions ['ignore', 'ignore_ament_install']
[0.128s] Level 1:colcon.colcon_core.package_identification:_identify(/home/sujeong/rokey2_D1_Driving1/src/project3_interfaces) by extension 'ignore'
[0.128s] Level 1:colcon.colcon_core.package_identification:_identify(/home/sujeong/rokey2_D1_Driving1/src/project3_interfaces) by extension 'ignore_ament_install'
[0.128s] Level 1:colcon.colcon_core.package_identification:_identify(/home/sujeong/rokey2_D1_Driving1/src/project3_interfaces) by extensions ['colcon_pkg']
[0.128s] Level 1:colcon.colcon_core.package_identification:_identify(/home/sujeong/rokey2_D1_Driving1/src/project3_interfaces) by extension 'colcon_pkg'
[0.128s] Level 1:colcon.colcon_core.package_identification:_identify(/home/sujeong/rokey2_D1_Driving1/src/project3_interfaces) by extensions ['colcon_meta']
[0.128s] Level 1:colcon.colcon_core.package_identification:_identify(/home/sujeong/rokey2_D1_Driving1/src/project3_interfaces) by extension 'colcon_meta'
[0.128s] Level 1:colcon.colcon_core.package_identification:_identify(/home/sujeong/rokey2_D1_Driving1/src/project3_interfaces) by extensions ['ros']
[0.128s] Level 1:colcon.colcon_core.package_identification:_identify(/home/sujeong/rokey2_D1_Driving1/src/project3_interfaces) by extension 'ros'
[0.129s] DEBUG:colcon.colcon_core.package_identification:Package '/home/sujeong/rokey2_D1_Driving1/src/project3_interfaces' with type 'ros.ament_cmake' and name 'project3_interfaces'
[0.129s] Level 1:colcon.colcon_core.package_discovery:discover_packages(recursive) using defaults
