[0.517s] Invoking command in '/home/sujeong/rokey2_D1_Driving1/build/driving1': PYTHONPATH=/home/sujeong/rokey2_D1_Driving1/build/driving1/prefix_override:/usr/lib/python3/dist-packages/colcon_core/task/python/colcon_distutils_commands:/home/sujeong/rokey2_D1_Driving1/install/driving1/lib/python3.10/site-packages:${PYTHONPATH} /usr/bin/python3 -W ignore:setup.py install is deprecated -W ignore:easy_install command is deprecated setup.py develop --uninstall --editable --build-directory /home/sujeong/rokey2_D1_Driving1/build/driving1/build
[0.634s] /home/sujeong/.local/lib/python3.10/site-packages/setuptools/_distutils/dist.py:270: UserWarning: Unknown distribution option: 'tests_require'
[0.634s]   warnings.warn(msg)
[0.729s] running develop
[0.873s] Removing /home/sujeong/rokey2_D1_Driving1/install/driving1/lib/python3.10/site-packages/driving1.egg-link (link to .)
[0.895s] Invoked command in '/home/sujeong/rokey2_D1_Driving1/build/driving1' returned '0': PYTHONPATH=/home/sujeong/rokey2_D1_Driving1/build/driving1/prefix_override:/usr/lib/python3/dist-packages/colcon_core/task/python/colcon_distutils_commands:/home/sujeong/rokey2_D1_Driving1/install/driving1/lib/python3.10/site-packages:${PYTHONPATH} /usr/bin/python3 -W ignore:setup.py install is deprecated -W ignore:easy_install command is deprecated setup.py develop --uninstall --editable --build-directory /home/sujeong/rokey2_D1_Driving1/build/driving1/build
[0.896s] Invoking command in '/home/sujeong/rokey2_D1_Driving1/src/driving1': PYTHONPATH=/home/sujeong/rokey2_D1_Driving1/build/driving1/prefix_override:/usr/lib/python3/dist-packages/colcon_core/task/python/colcon_distutils_commands:/home/sujeong/rokey2_D1_Driving1/install/driving1/lib/python3.10/site-packages:${PYTHONPATH} /usr/bin/python3 -W ignore:setup.py install is deprecated -W ignore:easy_install command is deprecated setup.py egg_info --egg-base ../../build/driving1 build --build-base /home/sujeong/rokey2_D1_Driving1/build/driving1/build install --record /home/sujeong/rokey2_D1_Driving1/build/driving1/install.log --single-version-externally-managed install_data --force
[1.004s] /home/sujeong/.local/lib/python3.10/site-packages/setuptools/_distutils/dist.py:270: UserWarning: Unknown distribution option: 'tests_require'
[1.004s]   warnings.warn(msg)
[1.065s] running egg_info
[1.074s] writing ../../build/driving1/driving1.egg-info/PKG-INFO
[1.074s] writing dependency_links to ../../build/driving1/driving1.egg-info/dependency_links.txt
[1.074s] writing entry points to ../../build/driving1/driving1.egg-info/entry_points.txt
[1.074s] writing requirements to ../../build/driving1/driving1.egg-info/requires.txt
[1.074s] writing top-level names to ../../build/driving1/driving1.egg-info/top_level.txt
[1.095s] reading manifest file '../../build/driving1/driving1.egg-info/SOURCES.txt'
[1.096s] writing manifest file '../../build/driving1/driving1.egg-info/SOURCES.txt'
[1.096s] running build
[1.096s] running build_py
[1.096s] creating /home/sujeong/rokey2_D1_Driving1/build/driving1/build/lib/driving1
[1.096s] copying driving1/__init__.py -> /home/sujeong/rokey2_D1_Driving1/build/driving1/build/lib/driving1
[1.096s] copying driving1/kitchen_gui.py -> /home/sujeong/rokey2_D1_Driving1/build/driving1/build/lib/driving1
[1.096s] copying driving1/create_tables.py -> /home/sujeong/rokey2_D1_Driving1/build/driving1/build/lib/driving1
[1.096s] running install
[1.099s] running install_lib
[1.109s] creating /home/sujeong/rokey2_D1_Driving1/install/driving1/lib/python3.10/site-packages/driving1
[1.109s] copying /home/sujeong/rokey2_D1_Driving1/build/driving1/build/lib/driving1/__init__.py -> /home/sujeong/rokey2_D1_Driving1/install/driving1/lib/python3.10/site-packages/driving1
[1.109s] copying /home/sujeong/rokey2_D1_Driving1/build/driving1/build/lib/driving1/kitchen_gui.py -> /home/sujeong/rokey2_D1_Driving1/install/driving1/lib/python3.10/site-packages/driving1
[1.109s] copying /home/sujeong/rokey2_D1_Driving1/build/driving1/build/lib/driving1/create_tables.py -> /home/sujeong/rokey2_D1_Driving1/install/driving1/lib/python3.10/site-packages/driving1
[1.110s] byte-compiling /home/sujeong/rokey2_D1_Driving1/install/driving1/lib/python3.10/site-packages/driving1/__init__.py to __init__.cpython-310.pyc
[1.110s] byte-compiling /home/sujeong/rokey2_D1_Driving1/install/driving1/lib/python3.10/site-packages/driving1/kitchen_gui.py to kitchen_gui.cpython-310.pyc
[1.110s] byte-compiling /home/sujeong/rokey2_D1_Driving1/install/driving1/lib/python3.10/site-packages/driving1/create_tables.py to create_tables.cpython-310.pyc
[1.111s] running install_data
[1.111s] copying resource/driving1 -> /home/sujeong/rokey2_D1_Driving1/install/driving1/share/ament_index/resource_index/packages
[1.111s] copying package.xml -> /home/sujeong/rokey2_D1_Driving1/install/driving1/share/driving1
[1.111s] running install_egg_info
[1.122s] Copying ../../build/driving1/driving1.egg-info to /home/sujeong/rokey2_D1_Driving1/install/driving1/lib/python3.10/site-packages/driving1-0.0.0-py3.10.egg-info
[1.122s] running install_scripts
[1.205s] Installing kitchen_gui script to /home/sujeong/rokey2_D1_Driving1/install/driving1/lib/driving1
[1.205s] writing list of installed files to '/home/sujeong/rokey2_D1_Driving1/build/driving1/install.log'
[1.223s] Invoked command in '/home/sujeong/rokey2_D1_Driving1/src/driving1' returned '0': PYTHONPATH=/home/sujeong/rokey2_D1_Driving1/build/driving1/prefix_override:/usr/lib/python3/dist-packages/colcon_core/task/python/colcon_distutils_commands:/home/sujeong/rokey2_D1_Driving1/install/driving1/lib/python3.10/site-packages:${PYTHONPATH} /usr/bin/python3 -W ignore:setup.py install is deprecated -W ignore:easy_install command is deprecated setup.py egg_info --egg-base ../../build/driving1 build --build-base /home/sujeong/rokey2_D1_Driving1/build/driving1/build install --record /home/sujeong/rokey2_D1_Driving1/build/driving1/install.log --single-version-externally-managed install_data --force
