running egg_info
creating ../build/driving1/driving1.egg-info
writing ../build/driving1/driving1.egg-info/PKG-INFO
writing dependency_links to ../build/driving1/driving1.egg-info/dependency_links.txt
writing entry points to ../build/driving1/driving1.egg-info/entry_points.txt
writing requirements to ../build/driving1/driving1.egg-info/requires.txt
writing top-level names to ../build/driving1/driving1.egg-info/top_level.txt
writing manifest file '../build/driving1/driving1.egg-info/SOURCES.txt'
reading manifest file '../build/driving1/driving1.egg-info/SOURCES.txt'
writing manifest file '../build/driving1/driving1.egg-info/SOURCES.txt'
running build
running build_py
creating /home/sujeong/rokey2_D1_Driving1/src/build/driving1/build/lib/driving1
copying driving1/db_handler.py -> /home/sujeong/rokey2_D1_Driving1/src/build/driving1/build/lib/driving1
copying driving1/__init__.py -> /home/sujeong/rokey2_D1_Driving1/src/build/driving1/build/lib/driving1
copying driving1/kitchen_gui.py -> /home/sujeong/rokey2_D1_Driving1/src/build/driving1/build/lib/driving1
copying driving1/kitchen_main.py -> /home/sujeong/rokey2_D1_Driving1/src/build/driving1/build/lib/driving1
copying driving1/ros_kitchen_nodes.py -> /home/sujeong/rokey2_D1_Driving1/src/build/driving1/build/lib/driving1
copying driving1/jokfinal2.py -> /home/sujeong/rokey2_D1_Driving1/src/build/driving1/build/lib/driving1
copying driving1/ui_order.py -> /home/sujeong/rokey2_D1_Driving1/src/build/driving1/build/lib/driving1
running install
running install_lib
creating /home/sujeong/rokey2_D1_Driving1/src/install/driving1/lib/python3.10/site-packages/driving1
copying /home/sujeong/rokey2_D1_Driving1/src/build/driving1/build/lib/driving1/db_handler.py -> /home/sujeong/rokey2_D1_Driving1/src/install/driving1/lib/python3.10/site-packages/driving1
copying /home/sujeong/rokey2_D1_Driving1/src/build/driving1/build/lib/driving1/__init__.py -> /home/sujeong/rokey2_D1_Driving1/src/install/driving1/lib/python3.10/site-packages/driving1
copying /home/sujeong/rokey2_D1_Driving1/src/build/driving1/build/lib/driving1/kitchen_gui.py -> /home/sujeong/rokey2_D1_Driving1/src/install/driving1/lib/python3.10/site-packages/driving1
copying /home/sujeong/rokey2_D1_Driving1/src/build/driving1/build/lib/driving1/kitchen_main.py -> /home/sujeong/rokey2_D1_Driving1/src/install/driving1/lib/python3.10/site-packages/driving1
copying /home/sujeong/rokey2_D1_Driving1/src/build/driving1/build/lib/driving1/ros_kitchen_nodes.py -> /home/sujeong/rokey2_D1_Driving1/src/install/driving1/lib/python3.10/site-packages/driving1
copying /home/sujeong/rokey2_D1_Driving1/src/build/driving1/build/lib/driving1/jokfinal2.py -> /home/sujeong/rokey2_D1_Driving1/src/install/driving1/lib/python3.10/site-packages/driving1
copying /home/sujeong/rokey2_D1_Driving1/src/build/driving1/build/lib/driving1/ui_order.py -> /home/sujeong/rokey2_D1_Driving1/src/install/driving1/lib/python3.10/site-packages/driving1
byte-compiling /home/sujeong/rokey2_D1_Driving1/src/install/driving1/lib/python3.10/site-packages/driving1/db_handler.py to db_handler.cpython-310.pyc
byte-compiling /home/sujeong/rokey2_D1_Driving1/src/install/driving1/lib/python3.10/site-packages/driving1/__init__.py to __init__.cpython-310.pyc
byte-compiling /home/sujeong/rokey2_D1_Driving1/src/install/driving1/lib/python3.10/site-packages/driving1/kitchen_gui.py to kitchen_gui.cpython-310.pyc
byte-compiling /home/sujeong/rokey2_D1_Driving1/src/install/driving1/lib/python3.10/site-packages/driving1/kitchen_main.py to kitchen_main.cpython-310.pyc
byte-compiling /home/sujeong/rokey2_D1_Driving1/src/install/driving1/lib/python3.10/site-packages/driving1/ros_kitchen_nodes.py to ros_kitchen_nodes.cpython-310.pyc
byte-compiling /home/sujeong/rokey2_D1_Driving1/src/install/driving1/lib/python3.10/site-packages/driving1/jokfinal2.py to jokfinal2.cpython-310.pyc
byte-compiling /home/sujeong/rokey2_D1_Driving1/src/install/driving1/lib/python3.10/site-packages/driving1/ui_order.py to ui_order.cpython-310.pyc
running install_data
creating /home/sujeong/rokey2_D1_Driving1/src/install/driving1/share/ament_index/resource_index/packages
copying resource/driving1 -> /home/sujeong/rokey2_D1_Driving1/src/install/driving1/share/ament_index/resource_index/packages
copying package.xml -> /home/sujeong/rokey2_D1_Driving1/src/install/driving1/share/driving1
running install_egg_info
Copying ../build/driving1/driving1.egg-info to /home/sujeong/rokey2_D1_Driving1/src/install/driving1/lib/python3.10/site-packages/driving1-0.0.0-py3.10.egg-info
running install_scripts
Installing kitchen_gui script to /home/sujeong/rokey2_D1_Driving1/src/install/driving1/lib/driving1
writing list of installed files to '/home/sujeong/rokey2_D1_Driving1/src/build/driving1/install.log'
