[0.501s] Invoking command in '/home/sujeong/rokey2_D1_Driving1/src/driving1': AMENT_PREFIX_PATH=/home/sujeong/rokey2_D1_Driving1/src/install/project3_interfaces:${AMENT_PREFIX_PATH} CMAKE_PREFIX_PATH=/home/sujeong/rokey2_D1_Driving1/src/install/project3_interfaces:/home/sujeong/rokey2_D1_Driving1/src/install/driving1_interfaces:${CMAKE_PREFIX_PATH} LD_LIBRARY_PATH=/home/sujeong/rokey2_D1_Driving1/src/install/project3_interfaces/lib:/home/sujeong/rokey2_D1_Driving1/src/install/driving1_interfaces/lib:/home/sujeong/turtlebot3_ws/install/turtlebot3_msgs/lib:/home/sujeong/turtlebot3_ws/install/dynamixel_sdk_custom_interfaces/lib:/home/sujeong/turtlebot3_ws/install/dynamixel_sdk/lib:/usr/lib/x86_64-linux-gnu/gazebo-11/plugins:/opt/ros/humble/opt/rviz_ogre_vendor/lib:/opt/ros/humble/lib/x86_64-linux-gnu:/opt/ros/humble/lib:/usr/lib/x86_64-linux-gnu/gazebo-11/plugins PKG_CONFIG_PATH=/home/sujeong/rokey2_D1_Driving1/src/install/driving1_interfaces/lib/x86_64-linux-gnu/pkgconfig:/home/sujeong/rokey2_D1_Driving1/src/install/driving1_interfaces/lib/pkgconfig PYTHONPATH=/home/sujeong/rokey2_D1_Driving1/src/build/driving1/prefix_override:/usr/lib/python3/dist-packages/colcon_core/task/python/colcon_distutils_commands:/home/sujeong/rokey2_D1_Driving1/src/install/driving1/lib/python3.10/site-packages:/home/sujeong/rokey2_D1_Driving1/src/install/project3_interfaces/lib/python3.10/site-packages:/home/sujeong/rokey2_D1_Driving1/src/install/driving1_interfaces/lib/python3.10/site-packages:${PYTHONPATH} ROS_PACKAGE_PATH=/home/sujeong/rokey2_D1_Driving1/src/install/driving1_interfaces/share /usr/bin/python3 -W ignore:setup.py install is deprecated -W ignore:easy_install command is deprecated setup.py egg_info --egg-base ../build/driving1 build --build-base /home/sujeong/rokey2_D1_Driving1/src/build/driving1/build install --record /home/sujeong/rokey2_D1_Driving1/src/build/driving1/install.log --single-version-externally-managed install_data
[0.611s] /home/sujeong/.local/lib/python3.10/site-packages/setuptools/_distutils/dist.py:270: UserWarning: Unknown distribution option: 'tests_require'
[0.611s]   warnings.warn(msg)
[0.673s] running egg_info
[0.683s] creating ../build/driving1/driving1.egg-info
[0.683s] writing ../build/driving1/driving1.egg-info/PKG-INFO
[0.683s] writing dependency_links to ../build/driving1/driving1.egg-info/dependency_links.txt
[0.683s] writing entry points to ../build/driving1/driving1.egg-info/entry_points.txt
[0.683s] writing requirements to ../build/driving1/driving1.egg-info/requires.txt
[0.683s] writing top-level names to ../build/driving1/driving1.egg-info/top_level.txt
[0.684s] writing manifest file '../build/driving1/driving1.egg-info/SOURCES.txt'
[0.704s] reading manifest file '../build/driving1/driving1.egg-info/SOURCES.txt'
[0.705s] writing manifest file '../build/driving1/driving1.egg-info/SOURCES.txt'
[0.705s] running build
[0.705s] running build_py
[0.705s] creating /home/sujeong/rokey2_D1_Driving1/src/build/driving1/build/lib/driving1
[0.705s] copying driving1/db_handler.py -> /home/sujeong/rokey2_D1_Driving1/src/build/driving1/build/lib/driving1
[0.705s] copying driving1/__init__.py -> /home/sujeong/rokey2_D1_Driving1/src/build/driving1/build/lib/driving1
[0.705s] copying driving1/kitchen_gui.py -> /home/sujeong/rokey2_D1_Driving1/src/build/driving1/build/lib/driving1
[0.705s] copying driving1/kitchen_main.py -> /home/sujeong/rokey2_D1_Driving1/src/build/driving1/build/lib/driving1
[0.705s] copying driving1/ros_kitchen_nodes.py -> /home/sujeong/rokey2_D1_Driving1/src/build/driving1/build/lib/driving1
[0.705s] copying driving1/jokfinal2.py -> /home/sujeong/rokey2_D1_Driving1/src/build/driving1/build/lib/driving1
[0.705s] copying driving1/ui_order.py -> /home/sujeong/rokey2_D1_Driving1/src/build/driving1/build/lib/driving1
[0.705s] running install
[0.708s] running install_lib
[0.719s] creating /home/sujeong/rokey2_D1_Driving1/src/install/driving1/lib/python3.10/site-packages/driving1
[0.719s] copying /home/sujeong/rokey2_D1_Driving1/src/build/driving1/build/lib/driving1/db_handler.py -> /home/sujeong/rokey2_D1_Driving1/src/install/driving1/lib/python3.10/site-packages/driving1
[0.719s] copying /home/sujeong/rokey2_D1_Driving1/src/build/driving1/build/lib/driving1/__init__.py -> /home/sujeong/rokey2_D1_Driving1/src/install/driving1/lib/python3.10/site-packages/driving1
[0.719s] copying /home/sujeong/rokey2_D1_Driving1/src/build/driving1/build/lib/driving1/kitchen_gui.py -> /home/sujeong/rokey2_D1_Driving1/src/install/driving1/lib/python3.10/site-packages/driving1
[0.719s] copying /home/sujeong/rokey2_D1_Driving1/src/build/driving1/build/lib/driving1/kitchen_main.py -> /home/sujeong/rokey2_D1_Driving1/src/install/driving1/lib/python3.10/site-packages/driving1
[0.719s] copying /home/sujeong/rokey2_D1_Driving1/src/build/driving1/build/lib/driving1/ros_kitchen_nodes.py -> /home/sujeong/rokey2_D1_Driving1/src/install/driving1/lib/python3.10/site-packages/driving1
[0.719s] copying /home/sujeong/rokey2_D1_Driving1/src/build/driving1/build/lib/driving1/jokfinal2.py -> /home/sujeong/rokey2_D1_Driving1/src/install/driving1/lib/python3.10/site-packages/driving1
[0.719s] copying /home/sujeong/rokey2_D1_Driving1/src/build/driving1/build/lib/driving1/ui_order.py -> /home/sujeong/rokey2_D1_Driving1/src/install/driving1/lib/python3.10/site-packages/driving1
[0.719s] byte-compiling /home/sujeong/rokey2_D1_Driving1/src/install/driving1/lib/python3.10/site-packages/driving1/db_handler.py to db_handler.cpython-310.pyc
[0.721s] byte-compiling /home/sujeong/rokey2_D1_Driving1/src/install/driving1/lib/python3.10/site-packages/driving1/__init__.py to __init__.cpython-310.pyc
[0.721s] byte-compiling /home/sujeong/rokey2_D1_Driving1/src/install/driving1/lib/python3.10/site-packages/driving1/kitchen_gui.py to kitchen_gui.cpython-310.pyc
[0.722s] byte-compiling /home/sujeong/rokey2_D1_Driving1/src/install/driving1/lib/python3.10/site-packages/driving1/kitchen_main.py to kitchen_main.cpython-310.pyc
[0.722s] byte-compiling /home/sujeong/rokey2_D1_Driving1/src/install/driving1/lib/python3.10/site-packages/driving1/ros_kitchen_nodes.py to ros_kitchen_nodes.cpython-310.pyc
[0.723s] byte-compiling /home/sujeong/rokey2_D1_Driving1/src/install/driving1/lib/python3.10/site-packages/driving1/jokfinal2.py to jokfinal2.cpython-310.pyc
[0.724s] byte-compiling /home/sujeong/rokey2_D1_Driving1/src/install/driving1/lib/python3.10/site-packages/driving1/ui_order.py to ui_order.cpython-310.pyc
[0.725s] running install_data
[0.725s] creating /home/sujeong/rokey2_D1_Driving1/src/install/driving1/share/ament_index/resource_index/packages
[0.725s] copying resource/driving1 -> /home/sujeong/rokey2_D1_Driving1/src/install/driving1/share/ament_index/resource_index/packages
[0.725s] copying package.xml -> /home/sujeong/rokey2_D1_Driving1/src/install/driving1/share/driving1
[0.725s] running install_egg_info
[0.736s] Copying ../build/driving1/driving1.egg-info to /home/sujeong/rokey2_D1_Driving1/src/install/driving1/lib/python3.10/site-packages/driving1-0.0.0-py3.10.egg-info
[0.737s] running install_scripts
[0.820s] Installing kitchen_gui script to /home/sujeong/rokey2_D1_Driving1/src/install/driving1/lib/driving1
[0.820s] writing list of installed files to '/home/sujeong/rokey2_D1_Driving1/src/build/driving1/install.log'
[0.839s] Invoked command in '/home/sujeong/rokey2_D1_Driving1/src/driving1' returned '0': AMENT_PREFIX_PATH=/home/sujeong/rokey2_D1_Driving1/src/install/project3_interfaces:${AMENT_PREFIX_PATH} CMAKE_PREFIX_PATH=/home/sujeong/rokey2_D1_Driving1/src/install/project3_interfaces:/home/sujeong/rokey2_D1_Driving1/src/install/driving1_interfaces:${CMAKE_PREFIX_PATH} LD_LIBRARY_PATH=/home/sujeong/rokey2_D1_Driving1/src/install/project3_interfaces/lib:/home/sujeong/rokey2_D1_Driving1/src/install/driving1_interfaces/lib:/home/sujeong/turtlebot3_ws/install/turtlebot3_msgs/lib:/home/sujeong/turtlebot3_ws/install/dynamixel_sdk_custom_interfaces/lib:/home/sujeong/turtlebot3_ws/install/dynamixel_sdk/lib:/usr/lib/x86_64-linux-gnu/gazebo-11/plugins:/opt/ros/humble/opt/rviz_ogre_vendor/lib:/opt/ros/humble/lib/x86_64-linux-gnu:/opt/ros/humble/lib:/usr/lib/x86_64-linux-gnu/gazebo-11/plugins PKG_CONFIG_PATH=/home/sujeong/rokey2_D1_Driving1/src/install/driving1_interfaces/lib/x86_64-linux-gnu/pkgconfig:/home/sujeong/rokey2_D1_Driving1/src/install/driving1_interfaces/lib/pkgconfig PYTHONPATH=/home/sujeong/rokey2_D1_Driving1/src/build/driving1/prefix_override:/usr/lib/python3/dist-packages/colcon_core/task/python/colcon_distutils_commands:/home/sujeong/rokey2_D1_Driving1/src/install/driving1/lib/python3.10/site-packages:/home/sujeong/rokey2_D1_Driving1/src/install/project3_interfaces/lib/python3.10/site-packages:/home/sujeong/rokey2_D1_Driving1/src/install/driving1_interfaces/lib/python3.10/site-packages:${PYTHONPATH} ROS_PACKAGE_PATH=/home/sujeong/rokey2_D1_Driving1/src/install/driving1_interfaces/share /usr/bin/python3 -W ignore:setup.py install is deprecated -W ignore:easy_install command is deprecated setup.py egg_info --egg-base ../build/driving1 build --build-base /home/sujeong/rokey2_D1_Driving1/src/build/driving1/build install --record /home/sujeong/rokey2_D1_Driving1/src/build/driving1/install.log --single-version-externally-managed install_data
