[0.935s] Invoking command in '/home/sujeong/rokey2_D1_Driving1/src/driving1': LD_LIBRARY_PATH=/home/sujeong/rokey2_D1_Driving1/install/project3_interfaces/lib:/home/sujeong/rokey2_D1_Driving1/install/driving1_interfaces/lib:/home/sujeong/turtlebot3_ws/install/turtlebot3_msgs/lib:/home/sujeong/turtlebot3_ws/install/dynamixel_sdk_custom_interfaces/lib:/home/sujeong/turtlebot3_ws/install/dynamixel_sdk/lib:/usr/lib/x86_64-linux-gnu/gazebo-11/plugins:/opt/ros/humble/opt/rviz_ogre_vendor/lib:/opt/ros/humble/lib/x86_64-linux-gnu:/opt/ros/humble/lib:/usr/lib/x86_64-linux-gnu/gazebo-11/plugins:/usr/lib/x86_64-linux-gnu/gazebo-11/plugins:/usr/lib/x86_64-linux-gnu/gazebo-11/plugins:/usr/lib/x86_64-linux-gnu/gazebo-11/plugins:/usr/lib/x86_64-linux-gnu/gazebo-11/plugins:/usr/lib/x86_64-linux-gnu/gazebo-11/plugins PYTHONPATH=/home/sujeong/rokey2_D1_Driving1/build/driving1/prefix_override:/usr/lib/python3/dist-packages/colcon_core/task/python/colcon_distutils_commands:/home/sujeong/rokey2_D1_Driving1/install/driving1/lib/python3.10/site-packages:/home/sujeong/rokey2_D1_Driving1/install/project3_interfaces/lib/python3.10/site-packages:/home/sujeong/rokey2_D1_Driving1/install/driving1_interfaces/lib/python3.10/site-packages:/home/sujeong/rokey2_D1_Driving1/install/driving1/lib/python3.10/site-packages:/home/sujeong/turtlebot3_ws/build/turtlebot3_teleop:/home/sujeong/turtlebot3_ws/install/turtlebot3_teleop/lib/python3.10/site-packages:/home/sujeong/turtlebot3_ws/build/turtlebot3_example:/home/sujeong/turtlebot3_ws/install/turtlebot3_example/lib/python3.10/site-packages:/home/sujeong/turtlebot3_ws/install/turtlebot3_msgs/lib/python3.10/site-packages:/home/sujeong/turtlebot3_ws/install/dynamixel_sdk_custom_interfaces/lib/python3.10/site-packages:/home/sujeong/ros2_ws/install/my_package/lib/python3.10/site-packages:/opt/ros/humble/lib/python3.10/site-packages:/opt/ros/humble/local/lib/python3.10/dist-packages /usr/bin/python3 -W ignore:setup.py install is deprecated -W ignore:easy_install command is deprecated setup.py egg_info --egg-base ../../build/driving1 build --build-base /home/sujeong/rokey2_D1_Driving1/build/driving1/build install --record /home/sujeong/rokey2_D1_Driving1/build/driving1/install.log --single-version-externally-managed install_data
[1.124s] /home/sujeong/.local/lib/python3.10/site-packages/setuptools/_distutils/dist.py:270: UserWarning: Unknown distribution option: 'tests_require'
[1.124s]   warnings.warn(msg)
[1.227s] running egg_info
[1.245s] writing ../../build/driving1/driving1.egg-info/PKG-INFO
[1.245s] writing dependency_links to ../../build/driving1/driving1.egg-info/dependency_links.txt
[1.245s] writing entry points to ../../build/driving1/driving1.egg-info/entry_points.txt
[1.246s] writing requirements to ../../build/driving1/driving1.egg-info/requires.txt
[1.246s] writing top-level names to ../../build/driving1/driving1.egg-info/top_level.txt
[1.282s] reading manifest file '../../build/driving1/driving1.egg-info/SOURCES.txt'
[1.283s] writing manifest file '../../build/driving1/driving1.egg-info/SOURCES.txt'
[1.284s] running build
[1.284s] running build_py
[1.284s] copying driving1/db_handler2.py -> /home/sujeong/rokey2_D1_Driving1/build/driving1/build/lib/driving1
[1.284s] copying driving1/db_handler.py -> /home/sujeong/rokey2_D1_Driving1/build/driving1/build/lib/driving1
[1.284s] copying driving1/jokfinal4.py -> /home/sujeong/rokey2_D1_Driving1/build/driving1/build/lib/driving1
[1.285s] copying driving1/__init__.py -> /home/sujeong/rokey2_D1_Driving1/build/driving1/build/lib/driving1
[1.285s] copying driving1/kitchen_main 2.py -> /home/sujeong/rokey2_D1_Driving1/build/driving1/build/lib/driving1
[1.285s] copying driving1/kitchen_gui.py -> /home/sujeong/rokey2_D1_Driving1/build/driving1/build/lib/driving1
[1.285s] copying driving1/kitchen_main.py -> /home/sujeong/rokey2_D1_Driving1/build/driving1/build/lib/driving1
[1.285s] copying driving1/jokfinal3.py -> /home/sujeong/rokey2_D1_Driving1/build/driving1/build/lib/driving1
[1.285s] copying driving1/ros_kitchen_nodes.py -> /home/sujeong/rokey2_D1_Driving1/build/driving1/build/lib/driving1
[1.285s] copying driving1/jokfinal2.py -> /home/sujeong/rokey2_D1_Driving1/build/driving1/build/lib/driving1
[1.285s] copying driving1/ui_order.py -> /home/sujeong/rokey2_D1_Driving1/build/driving1/build/lib/driving1
[1.285s] running install
[1.290s] running install_lib
[1.308s] copying /home/sujeong/rokey2_D1_Driving1/build/driving1/build/lib/driving1/jokfinal4.py -> /home/sujeong/rokey2_D1_Driving1/install/driving1/lib/python3.10/site-packages/driving1
[1.309s] byte-compiling /home/sujeong/rokey2_D1_Driving1/install/driving1/lib/python3.10/site-packages/driving1/jokfinal4.py to jokfinal4.cpython-310.pyc
[1.313s] running install_data
[1.313s] copying resource/driving1 -> /home/sujeong/rokey2_D1_Driving1/install/driving1/share/ament_index/resource_index/packages
[1.313s] copying package.xml -> /home/sujeong/rokey2_D1_Driving1/install/driving1/share/driving1
[1.313s] running install_egg_info
[1.332s] removing '/home/sujeong/rokey2_D1_Driving1/install/driving1/lib/python3.10/site-packages/driving1-0.0.0-py3.10.egg-info' (and everything under it)
[1.333s] Copying ../../build/driving1/driving1.egg-info to /home/sujeong/rokey2_D1_Driving1/install/driving1/lib/python3.10/site-packages/driving1-0.0.0-py3.10.egg-info
[1.333s] running install_scripts
[1.494s] Installing kitchen_gui script to /home/sujeong/rokey2_D1_Driving1/install/driving1/lib/driving1
[1.495s] writing list of installed files to '/home/sujeong/rokey2_D1_Driving1/build/driving1/install.log'
[1.530s] Invoked command in '/home/sujeong/rokey2_D1_Driving1/src/driving1' returned '0': LD_LIBRARY_PATH=/home/sujeong/rokey2_D1_Driving1/install/project3_interfaces/lib:/home/sujeong/rokey2_D1_Driving1/install/driving1_interfaces/lib:/home/sujeong/turtlebot3_ws/install/turtlebot3_msgs/lib:/home/sujeong/turtlebot3_ws/install/dynamixel_sdk_custom_interfaces/lib:/home/sujeong/turtlebot3_ws/install/dynamixel_sdk/lib:/usr/lib/x86_64-linux-gnu/gazebo-11/plugins:/opt/ros/humble/opt/rviz_ogre_vendor/lib:/opt/ros/humble/lib/x86_64-linux-gnu:/opt/ros/humble/lib:/usr/lib/x86_64-linux-gnu/gazebo-11/plugins:/usr/lib/x86_64-linux-gnu/gazebo-11/plugins:/usr/lib/x86_64-linux-gnu/gazebo-11/plugins:/usr/lib/x86_64-linux-gnu/gazebo-11/plugins:/usr/lib/x86_64-linux-gnu/gazebo-11/plugins:/usr/lib/x86_64-linux-gnu/gazebo-11/plugins PYTHONPATH=/home/sujeong/rokey2_D1_Driving1/build/driving1/prefix_override:/usr/lib/python3/dist-packages/colcon_core/task/python/colcon_distutils_commands:/home/sujeong/rokey2_D1_Driving1/install/driving1/lib/python3.10/site-packages:/home/sujeong/rokey2_D1_Driving1/install/project3_interfaces/lib/python3.10/site-packages:/home/sujeong/rokey2_D1_Driving1/install/driving1_interfaces/lib/python3.10/site-packages:/home/sujeong/rokey2_D1_Driving1/install/driving1/lib/python3.10/site-packages:/home/sujeong/turtlebot3_ws/build/turtlebot3_teleop:/home/sujeong/turtlebot3_ws/install/turtlebot3_teleop/lib/python3.10/site-packages:/home/sujeong/turtlebot3_ws/build/turtlebot3_example:/home/sujeong/turtlebot3_ws/install/turtlebot3_example/lib/python3.10/site-packages:/home/sujeong/turtlebot3_ws/install/turtlebot3_msgs/lib/python3.10/site-packages:/home/sujeong/turtlebot3_ws/install/dynamixel_sdk_custom_interfaces/lib/python3.10/site-packages:/home/sujeong/ros2_ws/install/my_package/lib/python3.10/site-packages:/opt/ros/humble/lib/python3.10/site-packages:/opt/ros/humble/local/lib/python3.10/dist-packages /usr/bin/python3 -W ignore:setup.py install is deprecated -W ignore:easy_install command is deprecated setup.py egg_info --egg-base ../../build/driving1 build --build-base /home/sujeong/rokey2_D1_Driving1/build/driving1/build install --record /home/sujeong/rokey2_D1_Driving1/build/driving1/install.log --single-version-externally-managed install_data
