[0.536s] Invoking command in '/home/sujeong/rokey2_D1_Driving1/src/driving1': AMENT_PREFIX_PATH=/home/sujeong/rokey2_D1_Driving1/install/project3_interfaces:${AMENT_PREFIX_PATH} CMAKE_PREFIX_PATH=/home/sujeong/rokey2_D1_Driving1/install/project3_interfaces:${CMAKE_PREFIX_PATH} LD_LIBRARY_PATH=/home/sujeong/rokey2_D1_Driving1/install/project3_interfaces/lib:/home/sujeong/turtlebot3_ws/install/turtlebot3_msgs/lib:/home/sujeong/turtlebot3_ws/install/dynamixel_sdk_custom_interfaces/lib:/home/sujeong/turtlebot3_ws/install/dynamixel_sdk/lib:/usr/lib/x86_64-linux-gnu/gazebo-11/plugins:/opt/ros/humble/opt/rviz_ogre_vendor/lib:/opt/ros/humble/lib/x86_64-linux-gnu:/opt/ros/humble/lib:/usr/lib/x86_64-linux-gnu/gazebo-11/plugins PYTHONPATH=/home/sujeong/rokey2_D1_Driving1/build/driving1/prefix_override:/usr/lib/python3/dist-packages/colcon_core/task/python/colcon_distutils_commands:/home/sujeong/rokey2_D1_Driving1/install/driving1/lib/python3.10/site-packages:/home/sujeong/rokey2_D1_Driving1/install/project3_interfaces/lib/python3.10/site-packages:${PYTHONPATH} /usr/bin/python3 -W ignore:setup.py install is deprecated -W ignore:easy_install command is deprecated setup.py egg_info --egg-base ../../build/driving1 build --build-base /home/sujeong/rokey2_D1_Driving1/build/driving1/build install --record /home/sujeong/rokey2_D1_Driving1/build/driving1/install.log --single-version-externally-managed install_data
[0.646s] /home/sujeong/.local/lib/python3.10/site-packages/setuptools/_distutils/dist.py:270: UserWarning: Unknown distribution option: 'tests_require'
[0.646s]   warnings.warn(msg)
[0.710s] running egg_info
[0.720s] writing ../../build/driving1/driving1.egg-info/PKG-INFO
[0.721s] writing dependency_links to ../../build/driving1/driving1.egg-info/dependency_links.txt
[0.721s] writing entry points to ../../build/driving1/driving1.egg-info/entry_points.txt
[0.722s] writing requirements to ../../build/driving1/driving1.egg-info/requires.txt
[0.722s] writing top-level names to ../../build/driving1/driving1.egg-info/top_level.txt
[0.742s] reading manifest file '../../build/driving1/driving1.egg-info/SOURCES.txt'
[0.743s] writing manifest file '../../build/driving1/driving1.egg-info/SOURCES.txt'
[0.743s] running build
[0.743s] running build_py
[0.743s] copying driving1/jokitchen2.py -> /home/sujeong/rokey2_D1_Driving1/build/driving1/build/lib/driving1
[0.744s] copying driving1/server.py -> /home/sujeong/rokey2_D1_Driving1/build/driving1/build/lib/driving1
[0.744s] copying driving1/dbThings.py -> /home/sujeong/rokey2_D1_Driving1/build/driving1/build/lib/driving1
[0.744s] copying driving1/db_module.py -> /home/sujeong/rokey2_D1_Driving1/build/driving1/build/lib/driving1
[0.744s] copying driving1/jokitchen3.py -> /home/sujeong/rokey2_D1_Driving1/build/driving1/build/lib/driving1
[0.744s] copying driving1/__init__.py -> /home/sujeong/rokey2_D1_Driving1/build/driving1/build/lib/driving1
[0.744s] copying driving1/kitchen_gui.py -> /home/sujeong/rokey2_D1_Driving1/build/driving1/build/lib/driving1
[0.744s] copying driving1/dbStock.py -> /home/sujeong/rokey2_D1_Driving1/build/driving1/build/lib/driving1
[0.744s] copying driving1/jok8.py -> /home/sujeong/rokey2_D1_Driving1/build/driving1/build/lib/driving1
[0.744s] copying driving1/create_tables.py -> /home/sujeong/rokey2_D1_Driving1/build/driving1/build/lib/driving1
[0.744s] copying driving1/inventory.py -> /home/sujeong/rokey2_D1_Driving1/build/driving1/build/lib/driving1
[0.744s] copying driving1/revenue.py -> /home/sujeong/rokey2_D1_Driving1/build/driving1/build/lib/driving1
[0.744s] copying driving1/OrderSubscriber.py -> /home/sujeong/rokey2_D1_Driving1/build/driving1/build/lib/driving1
[0.744s] copying driving1/ui_order.py -> /home/sujeong/rokey2_D1_Driving1/build/driving1/build/lib/driving1
[0.744s] copying driving1/jok9.py -> /home/sujeong/rokey2_D1_Driving1/build/driving1/build/lib/driving1
[0.745s] running install
[0.748s] running install_lib
[0.758s] copying /home/sujeong/rokey2_D1_Driving1/build/driving1/build/lib/driving1/jokitchen3.py -> /home/sujeong/rokey2_D1_Driving1/install/driving1/lib/python3.10/site-packages/driving1
[0.759s] byte-compiling /home/sujeong/rokey2_D1_Driving1/install/driving1/lib/python3.10/site-packages/driving1/jokitchen3.py to jokitchen3.cpython-310.pyc
[0.760s] running install_data
[0.761s] copying resource/driving1 -> /home/sujeong/rokey2_D1_Driving1/install/driving1/share/ament_index/resource_index/packages
[0.761s] copying package.xml -> /home/sujeong/rokey2_D1_Driving1/install/driving1/share/driving1
[0.761s] running install_egg_info
[0.772s] removing '/home/sujeong/rokey2_D1_Driving1/install/driving1/lib/python3.10/site-packages/driving1-0.0.0-py3.10.egg-info' (and everything under it)
[0.772s] Copying ../../build/driving1/driving1.egg-info to /home/sujeong/rokey2_D1_Driving1/install/driving1/lib/python3.10/site-packages/driving1-0.0.0-py3.10.egg-info
[0.772s] running install_scripts
[0.863s] Installing kitchen_gui script to /home/sujeong/rokey2_D1_Driving1/install/driving1/lib/driving1
[0.864s] writing list of installed files to '/home/sujeong/rokey2_D1_Driving1/build/driving1/install.log'
[0.882s] Invoked command in '/home/sujeong/rokey2_D1_Driving1/src/driving1' returned '0': AMENT_PREFIX_PATH=/home/sujeong/rokey2_D1_Driving1/install/project3_interfaces:${AMENT_PREFIX_PATH} CMAKE_PREFIX_PATH=/home/sujeong/rokey2_D1_Driving1/install/project3_interfaces:${CMAKE_PREFIX_PATH} LD_LIBRARY_PATH=/home/sujeong/rokey2_D1_Driving1/install/project3_interfaces/lib:/home/sujeong/turtlebot3_ws/install/turtlebot3_msgs/lib:/home/sujeong/turtlebot3_ws/install/dynamixel_sdk_custom_interfaces/lib:/home/sujeong/turtlebot3_ws/install/dynamixel_sdk/lib:/usr/lib/x86_64-linux-gnu/gazebo-11/plugins:/opt/ros/humble/opt/rviz_ogre_vendor/lib:/opt/ros/humble/lib/x86_64-linux-gnu:/opt/ros/humble/lib:/usr/lib/x86_64-linux-gnu/gazebo-11/plugins PYTHONPATH=/home/sujeong/rokey2_D1_Driving1/build/driving1/prefix_override:/usr/lib/python3/dist-packages/colcon_core/task/python/colcon_distutils_commands:/home/sujeong/rokey2_D1_Driving1/install/driving1/lib/python3.10/site-packages:/home/sujeong/rokey2_D1_Driving1/install/project3_interfaces/lib/python3.10/site-packages:${PYTHONPATH} /usr/bin/python3 -W ignore:setup.py install is deprecated -W ignore:easy_install command is deprecated setup.py egg_info --egg-base ../../build/driving1 build --build-base /home/sujeong/rokey2_D1_Driving1/build/driving1/build install --record /home/sujeong/rokey2_D1_Driving1/build/driving1/install.log --single-version-externally-managed install_data
