[0.586s] Invoking command in '/home/sujeong/rokey2_D1_Driving1/src/driving1': AMENT_PREFIX_PATH=/home/sujeong/rokey2_D1_Driving1/install/project3_interfaces:${AMENT_PREFIX_PATH} CMAKE_PREFIX_PATH=/home/sujeong/rokey2_D1_Driving1/install/project3_interfaces:/home/sujeong/rokey2_D1_Driving1/install/driving1_interfaces:${CMAKE_PREFIX_PATH} LD_LIBRARY_PATH=/home/sujeong/rokey2_D1_Driving1/install/project3_interfaces/lib:/home/sujeong/rokey2_D1_Driving1/install/driving1_interfaces/lib:/home/sujeong/turtlebot3_ws/install/turtlebot3_msgs/lib:/home/sujeong/turtlebot3_ws/install/dynamixel_sdk_custom_interfaces/lib:/home/sujeong/turtlebot3_ws/install/dynamixel_sdk/lib:/usr/lib/x86_64-linux-gnu/gazebo-11/plugins:/opt/ros/humble/opt/rviz_ogre_vendor/lib:/opt/ros/humble/lib/x86_64-linux-gnu:/opt/ros/humble/lib:/usr/lib/x86_64-linux-gnu/gazebo-11/plugins PKG_CONFIG_PATH=/home/sujeong/rokey2_D1_Driving1/install/driving1_interfaces/lib/x86_64-linux-gnu/pkgconfig:/home/sujeong/rokey2_D1_Driving1/install/driving1_interfaces/lib/pkgconfig PYTHONPATH=/home/sujeong/rokey2_D1_Driving1/build/driving1/prefix_override:/usr/lib/python3/dist-packages/colcon_core/task/python/colcon_distutils_commands:/home/sujeong/rokey2_D1_Driving1/install/driving1/lib/python3.10/site-packages:/home/sujeong/rokey2_D1_Driving1/install/project3_interfaces/lib/python3.10/site-packages:/home/sujeong/rokey2_D1_Driving1/install/driving1_interfaces/lib/python3.10/site-packages:${PYTHONPATH} ROS_PACKAGE_PATH=/home/sujeong/rokey2_D1_Driving1/install/driving1_interfaces/share /usr/bin/python3 -W ignore:setup.py install is deprecated -W ignore:easy_install command is deprecated setup.py egg_info --egg-base ../../build/driving1 build --build-base /home/sujeong/rokey2_D1_Driving1/build/driving1/build install --record /home/sujeong/rokey2_D1_Driving1/build/driving1/install.log --single-version-externally-managed install_data
[0.697s] /home/sujeong/.local/lib/python3.10/site-packages/setuptools/_distutils/dist.py:270: UserWarning: Unknown distribution option: 'tests_require'
[0.697s]   warnings.warn(msg)
[0.761s] running egg_info
[0.771s] writing ../../build/driving1/driving1.egg-info/PKG-INFO
[0.771s] writing dependency_links to ../../build/driving1/driving1.egg-info/dependency_links.txt
[0.771s] writing entry points to ../../build/driving1/driving1.egg-info/entry_points.txt
[0.771s] writing requirements to ../../build/driving1/driving1.egg-info/requires.txt
[0.771s] writing top-level names to ../../build/driving1/driving1.egg-info/top_level.txt
[0.793s] reading manifest file '../../build/driving1/driving1.egg-info/SOURCES.txt'
[0.795s] writing manifest file '../../build/driving1/driving1.egg-info/SOURCES.txt'
[0.795s] running build
[0.795s] running build_py
[0.795s] copying driving1/jokitchen2.py -> /home/sujeong/rokey2_D1_Driving1/build/driving1/build/lib/driving1
[0.795s] copying driving1/server.py -> /home/sujeong/rokey2_D1_Driving1/build/driving1/build/lib/driving1
[0.795s] copying driving1/db_handler.py -> /home/sujeong/rokey2_D1_Driving1/build/driving1/build/lib/driving1
[0.795s] copying driving1/dbThings.py -> /home/sujeong/rokey2_D1_Driving1/build/driving1/build/lib/driving1
[0.795s] copying driving1/db_module.py -> /home/sujeong/rokey2_D1_Driving1/build/driving1/build/lib/driving1
[0.795s] copying driving1/ui_handler.py -> /home/sujeong/rokey2_D1_Driving1/build/driving1/build/lib/driving1
[0.795s] copying driving1/jokitchen3.py -> /home/sujeong/rokey2_D1_Driving1/build/driving1/build/lib/driving1
[0.795s] copying driving1/__init__.py -> /home/sujeong/rokey2_D1_Driving1/build/driving1/build/lib/driving1
[0.796s] copying driving1/kitchen_gui.py -> /home/sujeong/rokey2_D1_Driving1/build/driving1/build/lib/driving1
[0.796s] copying driving1/dbStock.py -> /home/sujeong/rokey2_D1_Driving1/build/driving1/build/lib/driving1
[0.796s] copying driving1/kitchen_main.py -> /home/sujeong/rokey2_D1_Driving1/build/driving1/build/lib/driving1
[0.796s] copying driving1/jok11.py -> /home/sujeong/rokey2_D1_Driving1/build/driving1/build/lib/driving1
[0.796s] copying driving1/jok8.py -> /home/sujeong/rokey2_D1_Driving1/build/driving1/build/lib/driving1
[0.796s] copying driving1/create_tables.py -> /home/sujeong/rokey2_D1_Driving1/build/driving1/build/lib/driving1
[0.796s] copying driving1/inventory.py -> /home/sujeong/rokey2_D1_Driving1/build/driving1/build/lib/driving1
[0.796s] copying driving1/revenue.py -> /home/sujeong/rokey2_D1_Driving1/build/driving1/build/lib/driving1
[0.796s] copying driving1/OrderSubscriber.py -> /home/sujeong/rokey2_D1_Driving1/build/driving1/build/lib/driving1
[0.796s] copying driving1/ros_kitchen_nodes.py -> /home/sujeong/rokey2_D1_Driving1/build/driving1/build/lib/driving1
[0.796s] copying driving1/ui_order.py -> /home/sujeong/rokey2_D1_Driving1/build/driving1/build/lib/driving1
[0.796s] copying driving1/jok9.py -> /home/sujeong/rokey2_D1_Driving1/build/driving1/build/lib/driving1
[0.796s] copying driving1/jok12.py -> /home/sujeong/rokey2_D1_Driving1/build/driving1/build/lib/driving1
[0.797s] running install
[0.800s] running install_lib
[0.810s] copying /home/sujeong/rokey2_D1_Driving1/build/driving1/build/lib/driving1/db_handler.py -> /home/sujeong/rokey2_D1_Driving1/install/driving1/lib/python3.10/site-packages/driving1
[0.810s] copying /home/sujeong/rokey2_D1_Driving1/build/driving1/build/lib/driving1/dbThings.py -> /home/sujeong/rokey2_D1_Driving1/install/driving1/lib/python3.10/site-packages/driving1
[0.810s] copying /home/sujeong/rokey2_D1_Driving1/build/driving1/build/lib/driving1/ui_handler.py -> /home/sujeong/rokey2_D1_Driving1/install/driving1/lib/python3.10/site-packages/driving1
[0.810s] copying /home/sujeong/rokey2_D1_Driving1/build/driving1/build/lib/driving1/jokitchen3.py -> /home/sujeong/rokey2_D1_Driving1/install/driving1/lib/python3.10/site-packages/driving1
[0.811s] copying /home/sujeong/rokey2_D1_Driving1/build/driving1/build/lib/driving1/kitchen_main.py -> /home/sujeong/rokey2_D1_Driving1/install/driving1/lib/python3.10/site-packages/driving1
[0.811s] copying /home/sujeong/rokey2_D1_Driving1/build/driving1/build/lib/driving1/ros_kitchen_nodes.py -> /home/sujeong/rokey2_D1_Driving1/install/driving1/lib/python3.10/site-packages/driving1
[0.811s] copying /home/sujeong/rokey2_D1_Driving1/build/driving1/build/lib/driving1/jok12.py -> /home/sujeong/rokey2_D1_Driving1/install/driving1/lib/python3.10/site-packages/driving1
[0.811s] byte-compiling /home/sujeong/rokey2_D1_Driving1/install/driving1/lib/python3.10/site-packages/driving1/db_handler.py to db_handler.cpython-310.pyc
[0.812s] byte-compiling /home/sujeong/rokey2_D1_Driving1/install/driving1/lib/python3.10/site-packages/driving1/dbThings.py to dbThings.cpython-310.pyc
[0.813s] byte-compiling /home/sujeong/rokey2_D1_Driving1/install/driving1/lib/python3.10/site-packages/driving1/ui_handler.py to ui_handler.cpython-310.pyc
[0.814s] byte-compiling /home/sujeong/rokey2_D1_Driving1/install/driving1/lib/python3.10/site-packages/driving1/jokitchen3.py to jokitchen3.cpython-310.pyc
[0.815s] byte-compiling /home/sujeong/rokey2_D1_Driving1/install/driving1/lib/python3.10/site-packages/driving1/kitchen_main.py to kitchen_main.cpython-310.pyc
[0.815s] byte-compiling /home/sujeong/rokey2_D1_Driving1/install/driving1/lib/python3.10/site-packages/driving1/ros_kitchen_nodes.py to ros_kitchen_nodes.cpython-310.pyc
[0.815s] byte-compiling /home/sujeong/rokey2_D1_Driving1/install/driving1/lib/python3.10/site-packages/driving1/jok12.py to jok12.cpython-310.pyc
[0.817s] running install_data
[0.817s] copying resource/driving1 -> /home/sujeong/rokey2_D1_Driving1/install/driving1/share/ament_index/resource_index/packages
[0.817s] copying package.xml -> /home/sujeong/rokey2_D1_Driving1/install/driving1/share/driving1
[0.817s] running install_egg_info
[0.828s] removing '/home/sujeong/rokey2_D1_Driving1/install/driving1/lib/python3.10/site-packages/driving1-0.0.0-py3.10.egg-info' (and everything under it)
[0.828s] Copying ../../build/driving1/driving1.egg-info to /home/sujeong/rokey2_D1_Driving1/install/driving1/lib/python3.10/site-packages/driving1-0.0.0-py3.10.egg-info
[0.829s] running install_scripts
[0.923s] Installing kitchen_gui script to /home/sujeong/rokey2_D1_Driving1/install/driving1/lib/driving1
[0.924s] writing list of installed files to '/home/sujeong/rokey2_D1_Driving1/build/driving1/install.log'
[0.945s] Invoked command in '/home/sujeong/rokey2_D1_Driving1/src/driving1' returned '0': AMENT_PREFIX_PATH=/home/sujeong/rokey2_D1_Driving1/install/project3_interfaces:${AMENT_PREFIX_PATH} CMAKE_PREFIX_PATH=/home/sujeong/rokey2_D1_Driving1/install/project3_interfaces:/home/sujeong/rokey2_D1_Driving1/install/driving1_interfaces:${CMAKE_PREFIX_PATH} LD_LIBRARY_PATH=/home/sujeong/rokey2_D1_Driving1/install/project3_interfaces/lib:/home/sujeong/rokey2_D1_Driving1/install/driving1_interfaces/lib:/home/sujeong/turtlebot3_ws/install/turtlebot3_msgs/lib:/home/sujeong/turtlebot3_ws/install/dynamixel_sdk_custom_interfaces/lib:/home/sujeong/turtlebot3_ws/install/dynamixel_sdk/lib:/usr/lib/x86_64-linux-gnu/gazebo-11/plugins:/opt/ros/humble/opt/rviz_ogre_vendor/lib:/opt/ros/humble/lib/x86_64-linux-gnu:/opt/ros/humble/lib:/usr/lib/x86_64-linux-gnu/gazebo-11/plugins PKG_CONFIG_PATH=/home/sujeong/rokey2_D1_Driving1/install/driving1_interfaces/lib/x86_64-linux-gnu/pkgconfig:/home/sujeong/rokey2_D1_Driving1/install/driving1_interfaces/lib/pkgconfig PYTHONPATH=/home/sujeong/rokey2_D1_Driving1/build/driving1/prefix_override:/usr/lib/python3/dist-packages/colcon_core/task/python/colcon_distutils_commands:/home/sujeong/rokey2_D1_Driving1/install/driving1/lib/python3.10/site-packages:/home/sujeong/rokey2_D1_Driving1/install/project3_interfaces/lib/python3.10/site-packages:/home/sujeong/rokey2_D1_Driving1/install/driving1_interfaces/lib/python3.10/site-packages:${PYTHONPATH} ROS_PACKAGE_PATH=/home/sujeong/rokey2_D1_Driving1/install/driving1_interfaces/share /usr/bin/python3 -W ignore:setup.py install is deprecated -W ignore:easy_install command is deprecated setup.py egg_info --egg-base ../../build/driving1 build --build-base /home/sujeong/rokey2_D1_Driving1/build/driving1/build install --record /home/sujeong/rokey2_D1_Driving1/build/driving1/install.log --single-version-externally-managed install_data
