[0.009s] Invoking command in '/home/sujeong/rokey2_D1_Driving1/build/project3_interfaces': CMAKE_PREFIX_PATH=${CMAKE_PREFIX_PATH}:/home/sujeong/turtlebot3_ws/install/turtlebot3_teleop:/home/sujeong/turtlebot3_ws/install/turtlebot3_example:/home/sujeong/ros2_ws/install/my_package:/opt/ros/humble /usr/bin/cmake /home/sujeong/rokey2_D1_Driving1/src/project3_interfaces -DCMAKE_INSTALL_PREFIX=/home/sujeong/rokey2_D1_Driving1/install/project3_interfaces
[0.153s] -- The C compiler identification is GNU 11.4.0
[0.251s] -- The CXX compiler identification is GNU 11.4.0
[0.258s] -- Detecting C compiler ABI info
[0.358s] -- Detecting C compiler ABI info - done
[0.365s] -- Check for working C compiler: /usr/bin/cc - skipped
[0.366s] -- Detecting C compile features
[0.367s] -- Detecting C compile features - done
[0.372s] -- Detecting CXX compiler ABI info
[0.469s] -- Detecting CXX compiler ABI info - done
[0.477s] -- Check for working CXX compiler: /usr/bin/c++ - skipped
[0.477s] -- Detecting CXX compile features
[0.478s] -- Detecting CXX compile features - done
[0.488s] -- Found ament_cmake: 1.3.11 (/opt/ros/humble/share/ament_cmake/cmake)
[0.809s] -- Found Python3: /usr/local/bin/python3 (found version "3.10.12") found components: Interpreter 
[0.903s] -- Found rosidl_default_generators: 1.2.0 (/opt/ros/humble/share/rosidl_default_generators/cmake)
[0.911s] -- Using all available rosidl_typesupport_c: rosidl_typesupport_fastrtps_c;rosidl_typesupport_introspection_c
[0.919s] -- Found rosidl_adapter: 3.1.6 (/opt/ros/humble/share/rosidl_adapter/cmake)
[0.959s] -- Using all available rosidl_typesupport_cpp: rosidl_typesupport_fastrtps_cpp;rosidl_typesupport_introspection_cpp
[1.253s] -- Found ament_cmake_ros: 0.10.0 (/opt/ros/humble/share/ament_cmake_ros/cmake)
[1.466s] -- Using all available rosidl_typesupport_c: rosidl_typesupport_fastrtps_c;rosidl_typesupport_introspection_c
[1.732s] -- Using all available rosidl_typesupport_cpp: rosidl_typesupport_fastrtps_cpp;rosidl_typesupport_introspection_cpp
[1.760s] -- Found PythonInterp: /usr/local/bin/python3 (found suitable version "3.10.12", minimum required is "3.6") 
[1.763s] -- Found python_cmake_module: 0.10.0 (/opt/ros/humble/share/python_cmake_module/cmake)
[1.783s] -- Found PythonLibs: /usr/local/lib/libpython3.10.so (found suitable version "3.10.12", minimum required is "3.5") 
[1.783s] -- Using PYTHON_EXECUTABLE: /usr/local/bin/python3
[1.784s] -- Using PYTHON_INCLUDE_DIRS: /usr/local/include/python3.10
[1.784s] -- Using PYTHON_LIBRARIES: /usr/local/lib/libpython3.10.so
[1.806s] -- Found PythonExtra: .so  
[1.917s] -- Using numpy include directory: /home/sujeong/.local/lib/python3.10/site-packages/numpy/_core/include
[1.926s] -- Found ament_lint_auto: 0.12.11 (/opt/ros/humble/share/ament_lint_auto/cmake)
[1.945s] -- Added test 'lint_cmake' to check CMake code style
[1.946s] -- Added test 'xmllint' to check XML markup files
[1.948s] -- Configuring done
[1.964s] -- Generating done
[1.970s] -- Build files have been written to: /home/sujeong/rokey2_D1_Driving1/build/project3_interfaces
[1.975s] Invoked command in '/home/sujeong/rokey2_D1_Driving1/build/project3_interfaces' returned '0': CMAKE_PREFIX_PATH=${CMAKE_PREFIX_PATH}:/home/sujeong/turtlebot3_ws/install/turtlebot3_teleop:/home/sujeong/turtlebot3_ws/install/turtlebot3_example:/home/sujeong/ros2_ws/install/my_package:/opt/ros/humble /usr/bin/cmake /home/sujeong/rokey2_D1_Driving1/src/project3_interfaces -DCMAKE_INSTALL_PREFIX=/home/sujeong/rokey2_D1_Driving1/install/project3_interfaces
[1.976s] Invoking command in '/home/sujeong/rokey2_D1_Driving1/build/project3_interfaces': CMAKE_PREFIX_PATH=${CMAKE_PREFIX_PATH}:/home/sujeong/turtlebot3_ws/install/turtlebot3_teleop:/home/sujeong/turtlebot3_ws/install/turtlebot3_example:/home/sujeong/ros2_ws/install/my_package:/opt/ros/humble /usr/bin/cmake --build /home/sujeong/rokey2_D1_Driving1/build/project3_interfaces -- -j16 -l16
[2.049s] [  3%] [34m[1mGenerating C code for ROS interfaces[0m
[2.079s] [  6%] [34m[1mGenerating C++ code for ROS interfaces[0m
[2.085s] [  6%] Built target ament_cmake_python_copy_project3_interfaces
[2.244s] running egg_info
[2.254s] creating project3_interfaces.egg-info
[2.254s] writing project3_interfaces.egg-info/PKG-INFO
[2.254s] writing dependency_links to project3_interfaces.egg-info/dependency_links.txt
[2.255s] writing top-level names to project3_interfaces.egg-info/top_level.txt
[2.255s] writing manifest file 'project3_interfaces.egg-info/SOURCES.txt'
[2.282s] reading manifest file 'project3_interfaces.egg-info/SOURCES.txt'
[2.283s] writing manifest file 'project3_interfaces.egg-info/SOURCES.txt'
[2.293s] [  6%] Built target project3_interfaces__cpp
[2.300s] [  9%] [34m[1mGenerating C++ type support for eProsima Fast-RTPS[0m
[2.304s] [ 16%] [34m[1mGenerating C++ introspection for ROS interfaces[0m
[2.304s] [ 16%] [34m[1mGenerating C++ type support dispatch for ROS interfaces[0m
[2.306s] [ 16%] Built target ament_cmake_python_build_project3_interfaces_egg
[2.322s] [ 19%] [32mBuilding C object CMakeFiles/project3_interfaces__rosidl_generator_c.dir/rosidl_generator_c/project3_interfaces/msg/detail/table_command__functions.c.o[0m
[2.364s] [ 22%] [32m[1mLinking C shared library libproject3_interfaces__rosidl_generator_c.so[0m
[2.405s] [ 22%] Built target project3_interfaces__rosidl_generator_c
[2.417s] [ 25%] [34m[1mGenerating C introspection for ROS interfaces[0m
[2.417s] [ 32%] [34m[1mGenerating C type support dispatch for ROS interfaces[0m
[2.417s] [ 32%] [34m[1mGenerating C type support for eProsima Fast-RTPS[0m
[2.507s] [ 35%] [32mBuilding CXX object CMakeFiles/project3_interfaces__rosidl_typesupport_cpp.dir/rosidl_typesupport_cpp/project3_interfaces/msg/table_command__type_support.cpp.o[0m
[2.510s] [ 38%] [32mBuilding CXX object CMakeFiles/project3_interfaces__rosidl_typesupport_introspection_cpp.dir/rosidl_typesupport_introspection_cpp/project3_interfaces/msg/detail/table_command__type_support.cpp.o[0m
[2.524s] [ 41%] [32mBuilding CXX object CMakeFiles/project3_interfaces__rosidl_typesupport_fastrtps_cpp.dir/rosidl_typesupport_fastrtps_cpp/project3_interfaces/msg/detail/dds_fastrtps/table_command__type_support.cpp.o[0m
[2.642s] [ 45%] [32mBuilding C object CMakeFiles/project3_interfaces__rosidl_typesupport_introspection_c.dir/rosidl_typesupport_introspection_c/project3_interfaces/msg/detail/table_command__type_support.c.o[0m
[2.668s] [ 48%] [32m[1mLinking C shared library libproject3_interfaces__rosidl_typesupport_introspection_c.so[0m
[2.674s] [ 51%] [32m[1mLinking CXX shared library libproject3_interfaces__rosidl_typesupport_cpp.so[0m
[2.698s] [ 54%] [32mBuilding CXX object CMakeFiles/project3_interfaces__rosidl_typesupport_c.dir/rosidl_typesupport_c/project3_interfaces/msg/table_command__type_support.cpp.o[0m
[2.700s] [ 54%] Built target project3_interfaces__rosidl_typesupport_introspection_c
[2.711s] [ 54%] Built target project3_interfaces__rosidl_typesupport_cpp
[2.724s] [ 58%] [32m[1mLinking CXX shared library libproject3_interfaces__rosidl_typesupport_c.so[0m
[2.751s] [ 61%] [32m[1mLinking CXX shared library libproject3_interfaces__rosidl_typesupport_introspection_cpp.so[0m
[2.768s] [ 61%] Built target project3_interfaces__rosidl_typesupport_c
[2.777s] [ 64%] [32mBuilding CXX object CMakeFiles/project3_interfaces__rosidl_typesupport_fastrtps_c.dir/rosidl_typesupport_fastrtps_c/project3_interfaces/msg/detail/table_command__type_support_c.cpp.o[0m
[2.781s] [ 67%] [32m[1mLinking CXX shared library libproject3_interfaces__rosidl_typesupport_fastrtps_cpp.so[0m
[2.803s] [ 67%] Built target project3_interfaces__rosidl_typesupport_introspection_cpp
[2.836s] [ 67%] Built target project3_interfaces__rosidl_typesupport_fastrtps_cpp
[2.980s] [ 70%] [32m[1mLinking CXX shared library libproject3_interfaces__rosidl_typesupport_fastrtps_c.so[0m
[3.049s] [ 70%] Built target project3_interfaces__rosidl_typesupport_fastrtps_c
[3.075s] [ 70%] Built target project3_interfaces
[3.102s] [ 74%] [34m[1mGenerating Python code for ROS interfaces[0m
[3.352s] [ 74%] Built target project3_interfaces__py
[3.371s] [ 77%] [32mBuilding C object CMakeFiles/project3_interfaces__rosidl_generator_py.dir/rosidl_generator_py/project3_interfaces/msg/_table_command_s.c.o[0m
[3.453s] [ 80%] [32m[1mLinking C shared library rosidl_generator_py/project3_interfaces/libproject3_interfaces__rosidl_generator_py.so[0m
[3.495s] [ 80%] Built target project3_interfaces__rosidl_generator_py
[3.520s] [ 83%] [32mBuilding C object CMakeFiles/project3_interfaces__rosidl_typesupport_fastrtps_c__pyext.dir/rosidl_generator_py/project3_interfaces/_project3_interfaces_s.ep.rosidl_typesupport_fastrtps_c.c.o[0m
[3.525s] [ 87%] [32mBuilding C object CMakeFiles/project3_interfaces__rosidl_typesupport_introspection_c__pyext.dir/rosidl_generator_py/project3_interfaces/_project3_interfaces_s.ep.rosidl_typesupport_introspection_c.c.o[0m
[3.528s] [ 90%] [32mBuilding C object CMakeFiles/project3_interfaces__rosidl_typesupport_c__pyext.dir/rosidl_generator_py/project3_interfaces/_project3_interfaces_s.ep.rosidl_typesupport_c.c.o[0m
[3.588s] [ 93%] [32m[1mLinking C shared library rosidl_generator_py/project3_interfaces/project3_interfaces_s__rosidl_typesupport_c.cpython-310-x86_64-linux-gnu.so[0m
[3.589s] [100%] [32m[1mLinking C shared library rosidl_generator_py/project3_interfaces/project3_interfaces_s__rosidl_typesupport_fastrtps_c.cpython-310-x86_64-linux-gnu.so[0m
[3.589s] [100%] [32m[1mLinking C shared library rosidl_generator_py/project3_interfaces/project3_interfaces_s__rosidl_typesupport_introspection_c.cpython-310-x86_64-linux-gnu.so[0m
[3.623s] [100%] Built target project3_interfaces__rosidl_typesupport_introspection_c__pyext
[3.623s] [100%] Built target project3_interfaces__rosidl_typesupport_c__pyext
[3.624s] [100%] Built target project3_interfaces__rosidl_typesupport_fastrtps_c__pyext
[3.634s] Invoked command in '/home/sujeong/rokey2_D1_Driving1/build/project3_interfaces' returned '0': CMAKE_PREFIX_PATH=${CMAKE_PREFIX_PATH}:/home/sujeong/turtlebot3_ws/install/turtlebot3_teleop:/home/sujeong/turtlebot3_ws/install/turtlebot3_example:/home/sujeong/ros2_ws/install/my_package:/opt/ros/humble /usr/bin/cmake --build /home/sujeong/rokey2_D1_Driving1/build/project3_interfaces -- -j16 -l16
[3.647s] Invoking command in '/home/sujeong/rokey2_D1_Driving1/build/project3_interfaces': CMAKE_PREFIX_PATH=${CMAKE_PREFIX_PATH}:/home/sujeong/turtlebot3_ws/install/turtlebot3_teleop:/home/sujeong/turtlebot3_ws/install/turtlebot3_example:/home/sujeong/ros2_ws/install/my_package:/opt/ros/humble /usr/bin/cmake --install /home/sujeong/rokey2_D1_Driving1/build/project3_interfaces
[3.661s] -- Install configuration: ""
[3.662s] -- Installing: /home/sujeong/rokey2_D1_Driving1/install/project3_interfaces/share/ament_index/resource_index/rosidl_interfaces/project3_interfaces
[3.662s] -- Installing: /home/sujeong/rokey2_D1_Driving1/install/project3_interfaces/include/project3_interfaces/project3_interfaces
[3.662s] -- Installing: /home/sujeong/rokey2_D1_Driving1/install/project3_interfaces/include/project3_interfaces/project3_interfaces/msg
[3.663s] -- Installing: /home/sujeong/rokey2_D1_Driving1/install/project3_interfaces/include/project3_interfaces/project3_interfaces/msg/detail
[3.663s] -- Installing: /home/sujeong/rokey2_D1_Driving1/install/project3_interfaces/include/project3_interfaces/project3_interfaces/msg/detail/table_command__functions.h
[3.663s] -- Installing: /home/sujeong/rokey2_D1_Driving1/install/project3_interfaces/include/project3_interfaces/project3_interfaces/msg/detail/table_command__type_support.h
[3.663s] -- Installing: /home/sujeong/rokey2_D1_Driving1/install/project3_interfaces/include/project3_interfaces/project3_interfaces/msg/detail/table_command__struct.h
[3.663s] -- Installing: /home/sujeong/rokey2_D1_Driving1/install/project3_interfaces/include/project3_interfaces/project3_interfaces/msg/detail/table_command__functions.c
[3.664s] -- Installing: /home/sujeong/rokey2_D1_Driving1/install/project3_interfaces/include/project3_interfaces/project3_interfaces/msg/table_command.h
[3.664s] -- Installing: /home/sujeong/rokey2_D1_Driving1/install/project3_interfaces/include/project3_interfaces/project3_interfaces/msg/rosidl_generator_c__visibility_control.h
[3.664s] -- Installing: /home/sujeong/rokey2_D1_Driving1/install/project3_interfaces/share/project3_interfaces/environment/library_path.sh
[3.664s] -- Installing: /home/sujeong/rokey2_D1_Driving1/install/project3_interfaces/share/project3_interfaces/environment/library_path.dsv
[3.665s] -- Installing: /home/sujeong/rokey2_D1_Driving1/install/project3_interfaces/lib/libproject3_interfaces__rosidl_generator_c.so
[3.665s] -- Set runtime path of "/home/sujeong/rokey2_D1_Driving1/install/project3_interfaces/lib/libproject3_interfaces__rosidl_generator_c.so" to ""
[3.665s] -- Up-to-date: /home/sujeong/rokey2_D1_Driving1/install/project3_interfaces/include/project3_interfaces/project3_interfaces
[3.665s] -- Up-to-date: /home/sujeong/rokey2_D1_Driving1/install/project3_interfaces/include/project3_interfaces/project3_interfaces/msg
[3.665s] -- Up-to-date: /home/sujeong/rokey2_D1_Driving1/install/project3_interfaces/include/project3_interfaces/project3_interfaces/msg/detail
[3.665s] -- Installing: /home/sujeong/rokey2_D1_Driving1/install/project3_interfaces/include/project3_interfaces/project3_interfaces/msg/detail/table_command__rosidl_typesupport_fastrtps_c.h
[3.665s] -- Installing: /home/sujeong/rokey2_D1_Driving1/install/project3_interfaces/include/project3_interfaces/project3_interfaces/msg/rosidl_typesupport_fastrtps_c__visibility_control.h
[3.665s] -- Installing: /home/sujeong/rokey2_D1_Driving1/install/project3_interfaces/lib/libproject3_interfaces__rosidl_typesupport_fastrtps_c.so
[3.665s] -- Set runtime path of "/home/sujeong/rokey2_D1_Driving1/install/project3_interfaces/lib/libproject3_interfaces__rosidl_typesupport_fastrtps_c.so" to ""
[3.665s] -- Up-to-date: /home/sujeong/rokey2_D1_Driving1/install/project3_interfaces/include/project3_interfaces/project3_interfaces
[3.666s] -- Up-to-date: /home/sujeong/rokey2_D1_Driving1/install/project3_interfaces/include/project3_interfaces/project3_interfaces/msg
[3.666s] -- Up-to-date: /home/sujeong/rokey2_D1_Driving1/install/project3_interfaces/include/project3_interfaces/project3_interfaces/msg/detail
[3.666s] -- Installing: /home/sujeong/rokey2_D1_Driving1/install/project3_interfaces/include/project3_interfaces/project3_interfaces/msg/detail/table_command__type_support.c
[3.666s] -- Installing: /home/sujeong/rokey2_D1_Driving1/install/project3_interfaces/include/project3_interfaces/project3_interfaces/msg/detail/table_command__rosidl_typesupport_introspection_c.h
[3.666s] -- Installing: /home/sujeong/rokey2_D1_Driving1/install/project3_interfaces/include/project3_interfaces/project3_interfaces/msg/rosidl_typesupport_introspection_c__visibility_control.h
[3.666s] -- Installing: /home/sujeong/rokey2_D1_Driving1/install/project3_interfaces/lib/libproject3_interfaces__rosidl_typesupport_introspection_c.so
[3.666s] -- Set runtime path of "/home/sujeong/rokey2_D1_Driving1/install/project3_interfaces/lib/libproject3_interfaces__rosidl_typesupport_introspection_c.so" to ""
[3.666s] -- Installing: /home/sujeong/rokey2_D1_Driving1/install/project3_interfaces/lib/libproject3_interfaces__rosidl_typesupport_c.so
[3.666s] -- Set runtime path of "/home/sujeong/rokey2_D1_Driving1/install/project3_interfaces/lib/libproject3_interfaces__rosidl_typesupport_c.so" to ""
[3.666s] -- Up-to-date: /home/sujeong/rokey2_D1_Driving1/install/project3_interfaces/include/project3_interfaces/project3_interfaces
[3.666s] -- Up-to-date: /home/sujeong/rokey2_D1_Driving1/install/project3_interfaces/include/project3_interfaces/project3_interfaces/msg
[3.666s] -- Installing: /home/sujeong/rokey2_D1_Driving1/install/project3_interfaces/include/project3_interfaces/project3_interfaces/msg/rosidl_generator_cpp__visibility_control.hpp
[3.666s] -- Up-to-date: /home/sujeong/rokey2_D1_Driving1/install/project3_interfaces/include/project3_interfaces/project3_interfaces/msg/detail
[3.667s] -- Installing: /home/sujeong/rokey2_D1_Driving1/install/project3_interfaces/include/project3_interfaces/project3_interfaces/msg/detail/table_command__traits.hpp
[3.667s] -- Installing: /home/sujeong/rokey2_D1_Driving1/install/project3_interfaces/include/project3_interfaces/project3_interfaces/msg/detail/table_command__struct.hpp
[3.667s] -- Installing: /home/sujeong/rokey2_D1_Driving1/install/project3_interfaces/include/project3_interfaces/project3_interfaces/msg/detail/table_command__type_support.hpp
[3.667s] -- Installing: /home/sujeong/rokey2_D1_Driving1/install/project3_interfaces/include/project3_interfaces/project3_interfaces/msg/detail/table_command__builder.hpp
[3.667s] -- Installing: /home/sujeong/rokey2_D1_Driving1/install/project3_interfaces/include/project3_interfaces/project3_interfaces/msg/table_command.hpp
[3.667s] -- Up-to-date: /home/sujeong/rokey2_D1_Driving1/install/project3_interfaces/include/project3_interfaces/project3_interfaces
[3.667s] -- Up-to-date: /home/sujeong/rokey2_D1_Driving1/install/project3_interfaces/include/project3_interfaces/project3_interfaces/msg
[3.667s] -- Up-to-date: /home/sujeong/rokey2_D1_Driving1/install/project3_interfaces/include/project3_interfaces/project3_interfaces/msg/detail
[3.667s] -- Installing: /home/sujeong/rokey2_D1_Driving1/install/project3_interfaces/include/project3_interfaces/project3_interfaces/msg/detail/dds_fastrtps
[3.667s] -- Installing: /home/sujeong/rokey2_D1_Driving1/install/project3_interfaces/include/project3_interfaces/project3_interfaces/msg/detail/table_command__rosidl_typesupport_fastrtps_cpp.hpp
[3.667s] -- Installing: /home/sujeong/rokey2_D1_Driving1/install/project3_interfaces/include/project3_interfaces/project3_interfaces/msg/rosidl_typesupport_fastrtps_cpp__visibility_control.h
[3.667s] -- Installing: /home/sujeong/rokey2_D1_Driving1/install/project3_interfaces/lib/libproject3_interfaces__rosidl_typesupport_fastrtps_cpp.so
[3.667s] -- Set runtime path of "/home/sujeong/rokey2_D1_Driving1/install/project3_interfaces/lib/libproject3_interfaces__rosidl_typesupport_fastrtps_cpp.so" to ""
[3.667s] -- Up-to-date: /home/sujeong/rokey2_D1_Driving1/install/project3_interfaces/include/project3_interfaces/project3_interfaces
[3.667s] -- Up-to-date: /home/sujeong/rokey2_D1_Driving1/install/project3_interfaces/include/project3_interfaces/project3_interfaces/msg
[3.667s] -- Up-to-date: /home/sujeong/rokey2_D1_Driving1/install/project3_interfaces/include/project3_interfaces/project3_interfaces/msg/detail
[3.668s] -- Installing: /home/sujeong/rokey2_D1_Driving1/install/project3_interfaces/include/project3_interfaces/project3_interfaces/msg/detail/table_command__type_support.cpp
[3.668s] -- Installing: /home/sujeong/rokey2_D1_Driving1/install/project3_interfaces/include/project3_interfaces/project3_interfaces/msg/detail/table_command__rosidl_typesupport_introspection_cpp.hpp
[3.668s] -- Installing: /home/sujeong/rokey2_D1_Driving1/install/project3_interfaces/lib/libproject3_interfaces__rosidl_typesupport_introspection_cpp.so
[3.668s] -- Set runtime path of "/home/sujeong/rokey2_D1_Driving1/install/project3_interfaces/lib/libproject3_interfaces__rosidl_typesupport_introspection_cpp.so" to ""
[3.668s] -- Installing: /home/sujeong/rokey2_D1_Driving1/install/project3_interfaces/lib/libproject3_interfaces__rosidl_typesupport_cpp.so
[3.668s] -- Set runtime path of "/home/sujeong/rokey2_D1_Driving1/install/project3_interfaces/lib/libproject3_interfaces__rosidl_typesupport_cpp.so" to ""
[3.668s] -- Installing: /home/sujeong/rokey2_D1_Driving1/install/project3_interfaces/share/project3_interfaces/environment/pythonpath.sh
[3.668s] -- Installing: /home/sujeong/rokey2_D1_Driving1/install/project3_interfaces/share/project3_interfaces/environment/pythonpath.dsv
[3.668s] -- Installing: /home/sujeong/rokey2_D1_Driving1/install/project3_interfaces/lib/python3.10/site-packages/project3_interfaces-0.0.0-py3.10.egg-info
[3.668s] -- Installing: /home/sujeong/rokey2_D1_Driving1/install/project3_interfaces/lib/python3.10/site-packages/project3_interfaces-0.0.0-py3.10.egg-info/top_level.txt
[3.668s] -- Installing: /home/sujeong/rokey2_D1_Driving1/install/project3_interfaces/lib/python3.10/site-packages/project3_interfaces-0.0.0-py3.10.egg-info/PKG-INFO
[3.668s] -- Installing: /home/sujeong/rokey2_D1_Driving1/install/project3_interfaces/lib/python3.10/site-packages/project3_interfaces-0.0.0-py3.10.egg-info/SOURCES.txt
[3.668s] -- Installing: /home/sujeong/rokey2_D1_Driving1/install/project3_interfaces/lib/python3.10/site-packages/project3_interfaces-0.0.0-py3.10.egg-info/dependency_links.txt
[3.668s] -- Installing: /home/sujeong/rokey2_D1_Driving1/install/project3_interfaces/lib/python3.10/site-packages/project3_interfaces
[3.668s] -- Installing: /home/sujeong/rokey2_D1_Driving1/install/project3_interfaces/lib/python3.10/site-packages/project3_interfaces/_project3_interfaces_s.ep.rosidl_typesupport_introspection_c.c
[3.669s] -- Installing: /home/sujeong/rokey2_D1_Driving1/install/project3_interfaces/lib/python3.10/site-packages/project3_interfaces/_project3_interfaces_s.ep.rosidl_typesupport_c.c
[3.669s] -- Installing: /home/sujeong/rokey2_D1_Driving1/install/project3_interfaces/lib/python3.10/site-packages/project3_interfaces/project3_interfaces_s__rosidl_typesupport_c.cpython-310-x86_64-linux-gnu.so
[3.669s] -- Installing: /home/sujeong/rokey2_D1_Driving1/install/project3_interfaces/lib/python3.10/site-packages/project3_interfaces/__init__.py
[3.669s] -- Installing: /home/sujeong/rokey2_D1_Driving1/install/project3_interfaces/lib/python3.10/site-packages/project3_interfaces/project3_interfaces_s__rosidl_typesupport_fastrtps_c.cpython-310-x86_64-linux-gnu.so
[3.669s] -- Installing: /home/sujeong/rokey2_D1_Driving1/install/project3_interfaces/lib/python3.10/site-packages/project3_interfaces/project3_interfaces_s__rosidl_typesupport_introspection_c.cpython-310-x86_64-linux-gnu.so
[3.669s] -- Installing: /home/sujeong/rokey2_D1_Driving1/install/project3_interfaces/lib/python3.10/site-packages/project3_interfaces/msg
[3.669s] -- Installing: /home/sujeong/rokey2_D1_Driving1/install/project3_interfaces/lib/python3.10/site-packages/project3_interfaces/msg/_table_command.py
[3.669s] -- Installing: /home/sujeong/rokey2_D1_Driving1/install/project3_interfaces/lib/python3.10/site-packages/project3_interfaces/msg/__init__.py
[3.669s] -- Installing: /home/sujeong/rokey2_D1_Driving1/install/project3_interfaces/lib/python3.10/site-packages/project3_interfaces/msg/_table_command_s.c
[3.669s] -- Installing: /home/sujeong/rokey2_D1_Driving1/install/project3_interfaces/lib/python3.10/site-packages/project3_interfaces/_project3_interfaces_s.ep.rosidl_typesupport_fastrtps_c.c
[3.669s] -- Installing: /home/sujeong/rokey2_D1_Driving1/install/project3_interfaces/lib/python3.10/site-packages/project3_interfaces/libproject3_interfaces__rosidl_generator_py.so
[3.699s] Listing '/home/sujeong/rokey2_D1_Driving1/install/project3_interfaces/lib/python3.10/site-packages/project3_interfaces'...
[3.699s] Compiling '/home/sujeong/rokey2_D1_Driving1/install/project3_interfaces/lib/python3.10/site-packages/project3_interfaces/__init__.py'...
[3.699s] Listing '/home/sujeong/rokey2_D1_Driving1/install/project3_interfaces/lib/python3.10/site-packages/project3_interfaces/msg'...
[3.699s] Compiling '/home/sujeong/rokey2_D1_Driving1/install/project3_interfaces/lib/python3.10/site-packages/project3_interfaces/msg/__init__.py'...
[3.699s] Compiling '/home/sujeong/rokey2_D1_Driving1/install/project3_interfaces/lib/python3.10/site-packages/project3_interfaces/msg/_table_command.py'...
[3.702s] -- Installing: /home/sujeong/rokey2_D1_Driving1/install/project3_interfaces/lib/python3.10/site-packages/project3_interfaces/project3_interfaces_s__rosidl_typesupport_fastrtps_c.cpython-310-x86_64-linux-gnu.so
[3.703s] -- Set runtime path of "/home/sujeong/rokey2_D1_Driving1/install/project3_interfaces/lib/python3.10/site-packages/project3_interfaces/project3_interfaces_s__rosidl_typesupport_fastrtps_c.cpython-310-x86_64-linux-gnu.so" to ""
[3.703s] -- Installing: /home/sujeong/rokey2_D1_Driving1/install/project3_interfaces/lib/python3.10/site-packages/project3_interfaces/project3_interfaces_s__rosidl_typesupport_introspection_c.cpython-310-x86_64-linux-gnu.so
[3.703s] -- Set runtime path of "/home/sujeong/rokey2_D1_Driving1/install/project3_interfaces/lib/python3.10/site-packages/project3_interfaces/project3_interfaces_s__rosidl_typesupport_introspection_c.cpython-310-x86_64-linux-gnu.so" to ""
[3.703s] -- Installing: /home/sujeong/rokey2_D1_Driving1/install/project3_interfaces/lib/python3.10/site-packages/project3_interfaces/project3_interfaces_s__rosidl_typesupport_c.cpython-310-x86_64-linux-gnu.so
[3.703s] -- Set runtime path of "/home/sujeong/rokey2_D1_Driving1/install/project3_interfaces/lib/python3.10/site-packages/project3_interfaces/project3_interfaces_s__rosidl_typesupport_c.cpython-310-x86_64-linux-gnu.so" to ""
[3.703s] -- Installing: /home/sujeong/rokey2_D1_Driving1/install/project3_interfaces/lib/libproject3_interfaces__rosidl_generator_py.so
[3.704s] -- Set runtime path of "/home/sujeong/rokey2_D1_Driving1/install/project3_interfaces/lib/libproject3_interfaces__rosidl_generator_py.so" to ""
[3.704s] -- Installing: /home/sujeong/rokey2_D1_Driving1/install/project3_interfaces/share/project3_interfaces/msg/TableCommand.idl
[3.704s] -- Installing: /home/sujeong/rokey2_D1_Driving1/install/project3_interfaces/share/project3_interfaces/msg/TableCommand.msg
[3.704s] -- Installing: /home/sujeong/rokey2_D1_Driving1/install/project3_interfaces/share/ament_index/resource_index/package_run_dependencies/project3_interfaces
[3.704s] -- Installing: /home/sujeong/rokey2_D1_Driving1/install/project3_interfaces/share/ament_index/resource_index/parent_prefix_path/project3_interfaces
[3.704s] -- Installing: /home/sujeong/rokey2_D1_Driving1/install/project3_interfaces/share/project3_interfaces/environment/ament_prefix_path.sh
[3.704s] -- Installing: /home/sujeong/rokey2_D1_Driving1/install/project3_interfaces/share/project3_interfaces/environment/ament_prefix_path.dsv
[3.704s] -- Installing: /home/sujeong/rokey2_D1_Driving1/install/project3_interfaces/share/project3_interfaces/environment/path.sh
[3.704s] -- Installing: /home/sujeong/rokey2_D1_Driving1/install/project3_interfaces/share/project3_interfaces/environment/path.dsv
[3.704s] -- Installing: /home/sujeong/rokey2_D1_Driving1/install/project3_interfaces/share/project3_interfaces/local_setup.bash
[3.704s] -- Installing: /home/sujeong/rokey2_D1_Driving1/install/project3_interfaces/share/project3_interfaces/local_setup.sh
[3.704s] -- Installing: /home/sujeong/rokey2_D1_Driving1/install/project3_interfaces/share/project3_interfaces/local_setup.zsh
[3.704s] -- Installing: /home/sujeong/rokey2_D1_Driving1/install/project3_interfaces/share/project3_interfaces/local_setup.dsv
[3.705s] -- Installing: /home/sujeong/rokey2_D1_Driving1/install/project3_interfaces/share/project3_interfaces/package.dsv
[3.705s] -- Installing: /home/sujeong/rokey2_D1_Driving1/install/project3_interfaces/share/ament_index/resource_index/packages/project3_interfaces
[3.705s] -- Installing: /home/sujeong/rokey2_D1_Driving1/install/project3_interfaces/share/project3_interfaces/cmake/export_project3_interfaces__rosidl_generator_cExport.cmake
[3.705s] -- Installing: /home/sujeong/rokey2_D1_Driving1/install/project3_interfaces/share/project3_interfaces/cmake/export_project3_interfaces__rosidl_generator_cExport-noconfig.cmake
[3.705s] -- Installing: /home/sujeong/rokey2_D1_Driving1/install/project3_interfaces/share/project3_interfaces/cmake/export_project3_interfaces__rosidl_typesupport_fastrtps_cExport.cmake
[3.705s] -- Installing: /home/sujeong/rokey2_D1_Driving1/install/project3_interfaces/share/project3_interfaces/cmake/export_project3_interfaces__rosidl_typesupport_fastrtps_cExport-noconfig.cmake
[3.705s] -- Installing: /home/sujeong/rokey2_D1_Driving1/install/project3_interfaces/share/project3_interfaces/cmake/project3_interfaces__rosidl_typesupport_introspection_cExport.cmake
[3.705s] -- Installing: /home/sujeong/rokey2_D1_Driving1/install/project3_interfaces/share/project3_interfaces/cmake/project3_interfaces__rosidl_typesupport_introspection_cExport-noconfig.cmake
[3.705s] -- Installing: /home/sujeong/rokey2_D1_Driving1/install/project3_interfaces/share/project3_interfaces/cmake/project3_interfaces__rosidl_typesupport_cExport.cmake
[3.705s] -- Installing: /home/sujeong/rokey2_D1_Driving1/install/project3_interfaces/share/project3_interfaces/cmake/project3_interfaces__rosidl_typesupport_cExport-noconfig.cmake
[3.705s] -- Installing: /home/sujeong/rokey2_D1_Driving1/install/project3_interfaces/share/project3_interfaces/cmake/export_project3_interfaces__rosidl_generator_cppExport.cmake
[3.705s] -- Installing: /home/sujeong/rokey2_D1_Driving1/install/project3_interfaces/share/project3_interfaces/cmake/export_project3_interfaces__rosidl_typesupport_fastrtps_cppExport.cmake
[3.706s] -- Installing: /home/sujeong/rokey2_D1_Driving1/install/project3_interfaces/share/project3_interfaces/cmake/export_project3_interfaces__rosidl_typesupport_fastrtps_cppExport-noconfig.cmake
[3.706s] -- Installing: /home/sujeong/rokey2_D1_Driving1/install/project3_interfaces/share/project3_interfaces/cmake/project3_interfaces__rosidl_typesupport_introspection_cppExport.cmake
[3.706s] -- Installing: /home/sujeong/rokey2_D1_Driving1/install/project3_interfaces/share/project3_interfaces/cmake/project3_interfaces__rosidl_typesupport_introspection_cppExport-noconfig.cmake
[3.706s] -- Installing: /home/sujeong/rokey2_D1_Driving1/install/project3_interfaces/share/project3_interfaces/cmake/project3_interfaces__rosidl_typesupport_cppExport.cmake
[3.706s] -- Installing: /home/sujeong/rokey2_D1_Driving1/install/project3_interfaces/share/project3_interfaces/cmake/project3_interfaces__rosidl_typesupport_cppExport-noconfig.cmake
[3.706s] -- Installing: /home/sujeong/rokey2_D1_Driving1/install/project3_interfaces/share/project3_interfaces/cmake/export_project3_interfaces__rosidl_generator_pyExport.cmake
[3.706s] -- Installing: /home/sujeong/rokey2_D1_Driving1/install/project3_interfaces/share/project3_interfaces/cmake/export_project3_interfaces__rosidl_generator_pyExport-noconfig.cmake
[3.706s] -- Installing: /home/sujeong/rokey2_D1_Driving1/install/project3_interfaces/share/project3_interfaces/cmake/rosidl_cmake-extras.cmake
[3.706s] -- Installing: /home/sujeong/rokey2_D1_Driving1/install/project3_interfaces/share/project3_interfaces/cmake/ament_cmake_export_include_directories-extras.cmake
[3.706s] -- Installing: /home/sujeong/rokey2_D1_Driving1/install/project3_interfaces/share/project3_interfaces/cmake/ament_cmake_export_libraries-extras.cmake
[3.706s] -- Installing: /home/sujeong/rokey2_D1_Driving1/install/project3_interfaces/share/project3_interfaces/cmake/ament_cmake_export_targets-extras.cmake
[3.706s] -- Installing: /home/sujeong/rokey2_D1_Driving1/install/project3_interfaces/share/project3_interfaces/cmake/rosidl_cmake_export_typesupport_targets-extras.cmake
[3.706s] -- Installing: /home/sujeong/rokey2_D1_Driving1/install/project3_interfaces/share/project3_interfaces/cmake/ament_cmake_export_dependencies-extras.cmake
[3.707s] -- Installing: /home/sujeong/rokey2_D1_Driving1/install/project3_interfaces/share/project3_interfaces/cmake/rosidl_cmake_export_typesupport_libraries-extras.cmake
[3.707s] -- Installing: /home/sujeong/rokey2_D1_Driving1/install/project3_interfaces/share/project3_interfaces/cmake/project3_interfacesConfig.cmake
[3.707s] -- Installing: /home/sujeong/rokey2_D1_Driving1/install/project3_interfaces/share/project3_interfaces/cmake/project3_interfacesConfig-version.cmake
[3.707s] -- Installing: /home/sujeong/rokey2_D1_Driving1/install/project3_interfaces/share/project3_interfaces/package.xml
[3.709s] Invoked command in '/home/sujeong/rokey2_D1_Driving1/build/project3_interfaces' returned '0': CMAKE_PREFIX_PATH=${CMAKE_PREFIX_PATH}:/home/sujeong/turtlebot3_ws/install/turtlebot3_teleop:/home/sujeong/turtlebot3_ws/install/turtlebot3_example:/home/sujeong/ros2_ws/install/my_package:/opt/ros/humble /usr/bin/cmake --install /home/sujeong/rokey2_D1_Driving1/build/project3_interfaces
