[0.010s] Invoking command in '/home/sujeong/rokey2_D1_Driving1/build/driving1_interfaces': /usr/bin/cmake --build /home/sujeong/rokey2_D1_Driving1/build/driving1_interfaces -- -j16 -l16
[0.084s] [  9%] Built target driving1_interfaces__rosidl_generator_c
[0.087s] [ 12%] Built target driving1_interfaces__cpp
[0.105s] [ 12%] Built target ament_cmake_python_copy_driving1_interfaces
[0.129s] [ 22%] Built target driving1_interfaces__rosidl_typesupport_c
[0.134s] [ 32%] Built target driving1_interfaces__rosidl_typesupport_fastrtps_c
[0.138s] [ 41%] Built target driving1_interfaces__rosidl_typesupport_introspection_c
[0.139s] [ 51%] Built target driving1_interfaces__rosidl_typesupport_cpp
[0.140s] [ 61%] Built target driving1_interfaces__rosidl_typesupport_fastrtps_cpp
[0.140s] [ 70%] Built target driving1_interfaces__rosidl_typesupport_introspection_cpp
[0.161s] [ 70%] Built target driving1_interfaces
[0.184s] [ 74%] Built target driving1_interfaces__py
[0.206s] [ 80%] Built target driving1_interfaces__rosidl_generator_py
[0.227s] [ 87%] Built target driving1_interfaces__rosidl_typesupport_introspection_c__pyext
[0.228s] [ 93%] Built target driving1_interfaces__rosidl_typesupport_fastrtps_c__pyext
[0.232s] [100%] Built target driving1_interfaces__rosidl_typesupport_c__pyext
[0.279s] running egg_info
[0.288s] writing driving1_interfaces.egg-info/PKG-INFO
[0.289s] writing dependency_links to driving1_interfaces.egg-info/dependency_links.txt
[0.289s] writing top-level names to driving1_interfaces.egg-info/top_level.txt
[0.314s] reading manifest file 'driving1_interfaces.egg-info/SOURCES.txt'
[0.315s] writing manifest file 'driving1_interfaces.egg-info/SOURCES.txt'
[0.343s] [100%] Built target ament_cmake_python_build_driving1_interfaces_egg
[0.355s] Invoked command in '/home/sujeong/rokey2_D1_Driving1/build/driving1_interfaces' returned '0': /usr/bin/cmake --build /home/sujeong/rokey2_D1_Driving1/build/driving1_interfaces -- -j16 -l16
[0.370s] Invoking command in '/home/sujeong/rokey2_D1_Driving1/build/driving1_interfaces': /usr/bin/cmake --install /home/sujeong/rokey2_D1_Driving1/build/driving1_interfaces
[0.380s] -- Install configuration: ""
[0.381s] -- Up-to-date: /home/sujeong/rokey2_D1_Driving1/install/driving1_interfaces/share/ament_index/resource_index/rosidl_interfaces/driving1_interfaces
[0.381s] -- Up-to-date: /home/sujeong/rokey2_D1_Driving1/install/driving1_interfaces/include/driving1_interfaces/driving1_interfaces
[0.381s] -- Up-to-date: /home/sujeong/rokey2_D1_Driving1/install/driving1_interfaces/include/driving1_interfaces/driving1_interfaces/srv
[0.381s] -- Up-to-date: /home/sujeong/rokey2_D1_Driving1/install/driving1_interfaces/include/driving1_interfaces/driving1_interfaces/srv/detail
[0.381s] -- Up-to-date: /home/sujeong/rokey2_D1_Driving1/install/driving1_interfaces/include/driving1_interfaces/driving1_interfaces/srv/detail/notify_soldout__functions.h
[0.381s] -- Up-to-date: /home/sujeong/rokey2_D1_Driving1/install/driving1_interfaces/include/driving1_interfaces/driving1_interfaces/srv/detail/notify_soldout__functions.c
[0.381s] -- Up-to-date: /home/sujeong/rokey2_D1_Driving1/install/driving1_interfaces/include/driving1_interfaces/driving1_interfaces/srv/detail/notify_soldout__type_support.h
[0.381s] -- Up-to-date: /home/sujeong/rokey2_D1_Driving1/install/driving1_interfaces/include/driving1_interfaces/driving1_interfaces/srv/detail/notify_soldout__struct.h
[0.381s] -- Up-to-date: /home/sujeong/rokey2_D1_Driving1/install/driving1_interfaces/include/driving1_interfaces/driving1_interfaces/srv/notify_soldout.h
[0.381s] -- Up-to-date: /home/sujeong/rokey2_D1_Driving1/install/driving1_interfaces/include/driving1_interfaces/driving1_interfaces/msg
[0.381s] -- Up-to-date: /home/sujeong/rokey2_D1_Driving1/install/driving1_interfaces/include/driving1_interfaces/driving1_interfaces/msg/rosidl_generator_c__visibility_control.h
[0.381s] -- Up-to-date: /home/sujeong/rokey2_D1_Driving1/install/driving1_interfaces/share/driving1_interfaces/environment/library_path.sh
[0.381s] -- Up-to-date: /home/sujeong/rokey2_D1_Driving1/install/driving1_interfaces/share/driving1_interfaces/environment/library_path.dsv
[0.381s] -- Up-to-date: /home/sujeong/rokey2_D1_Driving1/install/driving1_interfaces/lib/libdriving1_interfaces__rosidl_generator_c.so
[0.382s] -- Up-to-date: /home/sujeong/rokey2_D1_Driving1/install/driving1_interfaces/include/driving1_interfaces/driving1_interfaces
[0.382s] -- Up-to-date: /home/sujeong/rokey2_D1_Driving1/install/driving1_interfaces/include/driving1_interfaces/driving1_interfaces/srv
[0.382s] -- Up-to-date: /home/sujeong/rokey2_D1_Driving1/install/driving1_interfaces/include/driving1_interfaces/driving1_interfaces/srv/detail
[0.382s] -- Up-to-date: /home/sujeong/rokey2_D1_Driving1/install/driving1_interfaces/include/driving1_interfaces/driving1_interfaces/srv/detail/notify_soldout__rosidl_typesupport_fastrtps_c.h
[0.382s] -- Up-to-date: /home/sujeong/rokey2_D1_Driving1/install/driving1_interfaces/include/driving1_interfaces/driving1_interfaces/msg
[0.382s] -- Up-to-date: /home/sujeong/rokey2_D1_Driving1/install/driving1_interfaces/include/driving1_interfaces/driving1_interfaces/msg/rosidl_typesupport_fastrtps_c__visibility_control.h
[0.382s] -- Up-to-date: /home/sujeong/rokey2_D1_Driving1/install/driving1_interfaces/lib/libdriving1_interfaces__rosidl_typesupport_fastrtps_c.so
[0.382s] -- Up-to-date: /home/sujeong/rokey2_D1_Driving1/install/driving1_interfaces/include/driving1_interfaces/driving1_interfaces
[0.382s] -- Up-to-date: /home/sujeong/rokey2_D1_Driving1/install/driving1_interfaces/include/driving1_interfaces/driving1_interfaces/srv
[0.382s] -- Up-to-date: /home/sujeong/rokey2_D1_Driving1/install/driving1_interfaces/include/driving1_interfaces/driving1_interfaces/srv/detail
[0.382s] -- Up-to-date: /home/sujeong/rokey2_D1_Driving1/install/driving1_interfaces/include/driving1_interfaces/driving1_interfaces/srv/detail/notify_soldout__type_support.c
[0.382s] -- Up-to-date: /home/sujeong/rokey2_D1_Driving1/install/driving1_interfaces/include/driving1_interfaces/driving1_interfaces/srv/detail/notify_soldout__rosidl_typesupport_introspection_c.h
[0.382s] -- Up-to-date: /home/sujeong/rokey2_D1_Driving1/install/driving1_interfaces/include/driving1_interfaces/driving1_interfaces/msg
[0.382s] -- Up-to-date: /home/sujeong/rokey2_D1_Driving1/install/driving1_interfaces/include/driving1_interfaces/driving1_interfaces/msg/rosidl_typesupport_introspection_c__visibility_control.h
[0.382s] -- Up-to-date: /home/sujeong/rokey2_D1_Driving1/install/driving1_interfaces/lib/libdriving1_interfaces__rosidl_typesupport_introspection_c.so
[0.383s] -- Up-to-date: /home/sujeong/rokey2_D1_Driving1/install/driving1_interfaces/lib/libdriving1_interfaces__rosidl_typesupport_c.so
[0.383s] -- Up-to-date: /home/sujeong/rokey2_D1_Driving1/install/driving1_interfaces/include/driving1_interfaces/driving1_interfaces
[0.383s] -- Up-to-date: /home/sujeong/rokey2_D1_Driving1/install/driving1_interfaces/include/driving1_interfaces/driving1_interfaces/srv
[0.383s] -- Up-to-date: /home/sujeong/rokey2_D1_Driving1/install/driving1_interfaces/include/driving1_interfaces/driving1_interfaces/srv/detail
[0.383s] -- Up-to-date: /home/sujeong/rokey2_D1_Driving1/install/driving1_interfaces/include/driving1_interfaces/driving1_interfaces/srv/detail/notify_soldout__type_support.hpp
[0.383s] -- Up-to-date: /home/sujeong/rokey2_D1_Driving1/install/driving1_interfaces/include/driving1_interfaces/driving1_interfaces/srv/detail/notify_soldout__builder.hpp
[0.383s] -- Up-to-date: /home/sujeong/rokey2_D1_Driving1/install/driving1_interfaces/include/driving1_interfaces/driving1_interfaces/srv/detail/notify_soldout__struct.hpp
[0.383s] -- Up-to-date: /home/sujeong/rokey2_D1_Driving1/install/driving1_interfaces/include/driving1_interfaces/driving1_interfaces/srv/detail/notify_soldout__traits.hpp
[0.383s] -- Up-to-date: /home/sujeong/rokey2_D1_Driving1/install/driving1_interfaces/include/driving1_interfaces/driving1_interfaces/srv/notify_soldout.hpp
[0.383s] -- Up-to-date: /home/sujeong/rokey2_D1_Driving1/install/driving1_interfaces/include/driving1_interfaces/driving1_interfaces/msg
[0.383s] -- Up-to-date: /home/sujeong/rokey2_D1_Driving1/install/driving1_interfaces/include/driving1_interfaces/driving1_interfaces/msg/rosidl_generator_cpp__visibility_control.hpp
[0.383s] -- Up-to-date: /home/sujeong/rokey2_D1_Driving1/install/driving1_interfaces/include/driving1_interfaces/driving1_interfaces
[0.383s] -- Up-to-date: /home/sujeong/rokey2_D1_Driving1/install/driving1_interfaces/include/driving1_interfaces/driving1_interfaces/srv
[0.383s] -- Up-to-date: /home/sujeong/rokey2_D1_Driving1/install/driving1_interfaces/include/driving1_interfaces/driving1_interfaces/srv/detail
[0.383s] -- Up-to-date: /home/sujeong/rokey2_D1_Driving1/install/driving1_interfaces/include/driving1_interfaces/driving1_interfaces/srv/detail/notify_soldout__rosidl_typesupport_fastrtps_cpp.hpp
[0.383s] -- Up-to-date: /home/sujeong/rokey2_D1_Driving1/install/driving1_interfaces/include/driving1_interfaces/driving1_interfaces/srv/detail/dds_fastrtps
[0.383s] -- Up-to-date: /home/sujeong/rokey2_D1_Driving1/install/driving1_interfaces/include/driving1_interfaces/driving1_interfaces/msg
[0.383s] -- Up-to-date: /home/sujeong/rokey2_D1_Driving1/install/driving1_interfaces/include/driving1_interfaces/driving1_interfaces/msg/rosidl_typesupport_fastrtps_cpp__visibility_control.h
[0.384s] -- Up-to-date: /home/sujeong/rokey2_D1_Driving1/install/driving1_interfaces/lib/libdriving1_interfaces__rosidl_typesupport_fastrtps_cpp.so
[0.384s] -- Up-to-date: /home/sujeong/rokey2_D1_Driving1/install/driving1_interfaces/include/driving1_interfaces/driving1_interfaces
[0.384s] -- Up-to-date: /home/sujeong/rokey2_D1_Driving1/install/driving1_interfaces/include/driving1_interfaces/driving1_interfaces/srv
[0.384s] -- Up-to-date: /home/sujeong/rokey2_D1_Driving1/install/driving1_interfaces/include/driving1_interfaces/driving1_interfaces/srv/detail
[0.384s] -- Up-to-date: /home/sujeong/rokey2_D1_Driving1/install/driving1_interfaces/include/driving1_interfaces/driving1_interfaces/srv/detail/notify_soldout__rosidl_typesupport_introspection_cpp.hpp
[0.384s] -- Up-to-date: /home/sujeong/rokey2_D1_Driving1/install/driving1_interfaces/include/driving1_interfaces/driving1_interfaces/srv/detail/notify_soldout__type_support.cpp
[0.384s] -- Up-to-date: /home/sujeong/rokey2_D1_Driving1/install/driving1_interfaces/lib/libdriving1_interfaces__rosidl_typesupport_introspection_cpp.so
[0.384s] -- Up-to-date: /home/sujeong/rokey2_D1_Driving1/install/driving1_interfaces/lib/libdriving1_interfaces__rosidl_typesupport_cpp.so
[0.384s] -- Up-to-date: /home/sujeong/rokey2_D1_Driving1/install/driving1_interfaces/share/driving1_interfaces/environment/pythonpath.sh
[0.384s] -- Up-to-date: /home/sujeong/rokey2_D1_Driving1/install/driving1_interfaces/share/driving1_interfaces/environment/pythonpath.dsv
[0.384s] -- Up-to-date: /home/sujeong/rokey2_D1_Driving1/install/driving1_interfaces/lib/python3.10/site-packages/driving1_interfaces-0.0.0-py3.10.egg-info
[0.384s] -- Installing: /home/sujeong/rokey2_D1_Driving1/install/driving1_interfaces/lib/python3.10/site-packages/driving1_interfaces-0.0.0-py3.10.egg-info/top_level.txt
[0.384s] -- Installing: /home/sujeong/rokey2_D1_Driving1/install/driving1_interfaces/lib/python3.10/site-packages/driving1_interfaces-0.0.0-py3.10.egg-info/PKG-INFO
[0.384s] -- Installing: /home/sujeong/rokey2_D1_Driving1/install/driving1_interfaces/lib/python3.10/site-packages/driving1_interfaces-0.0.0-py3.10.egg-info/SOURCES.txt
[0.384s] -- Installing: /home/sujeong/rokey2_D1_Driving1/install/driving1_interfaces/lib/python3.10/site-packages/driving1_interfaces-0.0.0-py3.10.egg-info/dependency_links.txt
[0.384s] -- Up-to-date: /home/sujeong/rokey2_D1_Driving1/install/driving1_interfaces/lib/python3.10/site-packages/driving1_interfaces
[0.384s] -- Up-to-date: /home/sujeong/rokey2_D1_Driving1/install/driving1_interfaces/lib/python3.10/site-packages/driving1_interfaces/_driving1_interfaces_s.ep.rosidl_typesupport_c.c
[0.384s] -- Up-to-date: /home/sujeong/rokey2_D1_Driving1/install/driving1_interfaces/lib/python3.10/site-packages/driving1_interfaces/driving1_interfaces_s__rosidl_typesupport_fastrtps_c.cpython-310-x86_64-linux-gnu.so
[0.384s] -- Up-to-date: /home/sujeong/rokey2_D1_Driving1/install/driving1_interfaces/lib/python3.10/site-packages/driving1_interfaces/driving1_interfaces_s__rosidl_typesupport_introspection_c.cpython-310-x86_64-linux-gnu.so
[0.385s] -- Up-to-date: /home/sujeong/rokey2_D1_Driving1/install/driving1_interfaces/lib/python3.10/site-packages/driving1_interfaces/libdriving1_interfaces__rosidl_generator_py.so
[0.385s] -- Up-to-date: /home/sujeong/rokey2_D1_Driving1/install/driving1_interfaces/lib/python3.10/site-packages/driving1_interfaces/_driving1_interfaces_s.ep.rosidl_typesupport_introspection_c.c
[0.385s] -- Up-to-date: /home/sujeong/rokey2_D1_Driving1/install/driving1_interfaces/lib/python3.10/site-packages/driving1_interfaces/_driving1_interfaces_s.ep.rosidl_typesupport_fastrtps_c.c
[0.385s] -- Up-to-date: /home/sujeong/rokey2_D1_Driving1/install/driving1_interfaces/lib/python3.10/site-packages/driving1_interfaces/__init__.py
[0.385s] -- Up-to-date: /home/sujeong/rokey2_D1_Driving1/install/driving1_interfaces/lib/python3.10/site-packages/driving1_interfaces/driving1_interfaces_s__rosidl_typesupport_c.cpython-310-x86_64-linux-gnu.so
[0.385s] -- Up-to-date: /home/sujeong/rokey2_D1_Driving1/install/driving1_interfaces/lib/python3.10/site-packages/driving1_interfaces/srv
[0.385s] -- Up-to-date: /home/sujeong/rokey2_D1_Driving1/install/driving1_interfaces/lib/python3.10/site-packages/driving1_interfaces/srv/_notify_soldout.py
[0.385s] -- Up-to-date: /home/sujeong/rokey2_D1_Driving1/install/driving1_interfaces/lib/python3.10/site-packages/driving1_interfaces/srv/_notify_soldout_s.c
[0.385s] -- Up-to-date: /home/sujeong/rokey2_D1_Driving1/install/driving1_interfaces/lib/python3.10/site-packages/driving1_interfaces/srv/__init__.py
[0.419s] Listing '/home/sujeong/rokey2_D1_Driving1/install/driving1_interfaces/lib/python3.10/site-packages/driving1_interfaces'...
[0.419s] Listing '/home/sujeong/rokey2_D1_Driving1/install/driving1_interfaces/lib/python3.10/site-packages/driving1_interfaces/srv'...
[0.422s] -- Up-to-date: /home/sujeong/rokey2_D1_Driving1/install/driving1_interfaces/lib/python3.10/site-packages/driving1_interfaces/driving1_interfaces_s__rosidl_typesupport_fastrtps_c.cpython-310-x86_64-linux-gnu.so
[0.422s] -- Up-to-date: /home/sujeong/rokey2_D1_Driving1/install/driving1_interfaces/lib/python3.10/site-packages/driving1_interfaces/driving1_interfaces_s__rosidl_typesupport_introspection_c.cpython-310-x86_64-linux-gnu.so
[0.422s] -- Up-to-date: /home/sujeong/rokey2_D1_Driving1/install/driving1_interfaces/lib/python3.10/site-packages/driving1_interfaces/driving1_interfaces_s__rosidl_typesupport_c.cpython-310-x86_64-linux-gnu.so
[0.422s] -- Up-to-date: /home/sujeong/rokey2_D1_Driving1/install/driving1_interfaces/lib/libdriving1_interfaces__rosidl_generator_py.so
[0.422s] -- Up-to-date: /home/sujeong/rokey2_D1_Driving1/install/driving1_interfaces/share/driving1_interfaces/srv/NotifySoldout.idl
[0.423s] -- Up-to-date: /home/sujeong/rokey2_D1_Driving1/install/driving1_interfaces/share/driving1_interfaces/srv/NotifySoldout.srv
[0.423s] -- Up-to-date: /home/sujeong/rokey2_D1_Driving1/install/driving1_interfaces/share/driving1_interfaces/srv/NotifySoldout_Request.msg
[0.423s] -- Up-to-date: /home/sujeong/rokey2_D1_Driving1/install/driving1_interfaces/share/driving1_interfaces/srv/NotifySoldout_Response.msg
[0.423s] -- Up-to-date: /home/sujeong/rokey2_D1_Driving1/install/driving1_interfaces/share/ament_index/resource_index/package_run_dependencies/driving1_interfaces
[0.423s] -- Up-to-date: /home/sujeong/rokey2_D1_Driving1/install/driving1_interfaces/share/ament_index/resource_index/parent_prefix_path/driving1_interfaces
[0.423s] -- Up-to-date: /home/sujeong/rokey2_D1_Driving1/install/driving1_interfaces/share/driving1_interfaces/environment/ament_prefix_path.sh
[0.423s] -- Up-to-date: /home/sujeong/rokey2_D1_Driving1/install/driving1_interfaces/share/driving1_interfaces/environment/ament_prefix_path.dsv
[0.423s] -- Up-to-date: /home/sujeong/rokey2_D1_Driving1/install/driving1_interfaces/share/driving1_interfaces/environment/path.sh
[0.423s] -- Up-to-date: /home/sujeong/rokey2_D1_Driving1/install/driving1_interfaces/share/driving1_interfaces/environment/path.dsv
[0.423s] -- Up-to-date: /home/sujeong/rokey2_D1_Driving1/install/driving1_interfaces/share/driving1_interfaces/local_setup.bash
[0.423s] -- Up-to-date: /home/sujeong/rokey2_D1_Driving1/install/driving1_interfaces/share/driving1_interfaces/local_setup.sh
[0.423s] -- Up-to-date: /home/sujeong/rokey2_D1_Driving1/install/driving1_interfaces/share/driving1_interfaces/local_setup.zsh
[0.423s] -- Up-to-date: /home/sujeong/rokey2_D1_Driving1/install/driving1_interfaces/share/driving1_interfaces/local_setup.dsv
[0.423s] -- Installing: /home/sujeong/rokey2_D1_Driving1/install/driving1_interfaces/share/driving1_interfaces/package.dsv
[0.424s] -- Up-to-date: /home/sujeong/rokey2_D1_Driving1/install/driving1_interfaces/share/ament_index/resource_index/packages/driving1_interfaces
[0.424s] -- Up-to-date: /home/sujeong/rokey2_D1_Driving1/install/driving1_interfaces/share/driving1_interfaces/cmake/export_driving1_interfaces__rosidl_generator_cExport.cmake
[0.424s] -- Up-to-date: /home/sujeong/rokey2_D1_Driving1/install/driving1_interfaces/share/driving1_interfaces/cmake/export_driving1_interfaces__rosidl_generator_cExport-noconfig.cmake
[0.424s] -- Up-to-date: /home/sujeong/rokey2_D1_Driving1/install/driving1_interfaces/share/driving1_interfaces/cmake/export_driving1_interfaces__rosidl_typesupport_fastrtps_cExport.cmake
[0.424s] -- Up-to-date: /home/sujeong/rokey2_D1_Driving1/install/driving1_interfaces/share/driving1_interfaces/cmake/export_driving1_interfaces__rosidl_typesupport_fastrtps_cExport-noconfig.cmake
[0.424s] -- Up-to-date: /home/sujeong/rokey2_D1_Driving1/install/driving1_interfaces/share/driving1_interfaces/cmake/driving1_interfaces__rosidl_typesupport_introspection_cExport.cmake
[0.424s] -- Up-to-date: /home/sujeong/rokey2_D1_Driving1/install/driving1_interfaces/share/driving1_interfaces/cmake/driving1_interfaces__rosidl_typesupport_introspection_cExport-noconfig.cmake
[0.424s] -- Up-to-date: /home/sujeong/rokey2_D1_Driving1/install/driving1_interfaces/share/driving1_interfaces/cmake/driving1_interfaces__rosidl_typesupport_cExport.cmake
[0.425s] -- Up-to-date: /home/sujeong/rokey2_D1_Driving1/install/driving1_interfaces/share/driving1_interfaces/cmake/driving1_interfaces__rosidl_typesupport_cExport-noconfig.cmake
[0.425s] -- Up-to-date: /home/sujeong/rokey2_D1_Driving1/install/driving1_interfaces/share/driving1_interfaces/cmake/export_driving1_interfaces__rosidl_generator_cppExport.cmake
[0.425s] -- Up-to-date: /home/sujeong/rokey2_D1_Driving1/install/driving1_interfaces/share/driving1_interfaces/cmake/export_driving1_interfaces__rosidl_typesupport_fastrtps_cppExport.cmake
[0.426s] -- Up-to-date: /home/sujeong/rokey2_D1_Driving1/install/driving1_interfaces/share/driving1_interfaces/cmake/export_driving1_interfaces__rosidl_typesupport_fastrtps_cppExport-noconfig.cmake
[0.426s] -- Up-to-date: /home/sujeong/rokey2_D1_Driving1/install/driving1_interfaces/share/driving1_interfaces/cmake/driving1_interfaces__rosidl_typesupport_introspection_cppExport.cmake
[0.426s] -- Up-to-date: /home/sujeong/rokey2_D1_Driving1/install/driving1_interfaces/share/driving1_interfaces/cmake/driving1_interfaces__rosidl_typesupport_introspection_cppExport-noconfig.cmake
[0.426s] -- Up-to-date: /home/sujeong/rokey2_D1_Driving1/install/driving1_interfaces/share/driving1_interfaces/cmake/driving1_interfaces__rosidl_typesupport_cppExport.cmake
[0.426s] -- Up-to-date: /home/sujeong/rokey2_D1_Driving1/install/driving1_interfaces/share/driving1_interfaces/cmake/driving1_interfaces__rosidl_typesupport_cppExport-noconfig.cmake
[0.426s] -- Up-to-date: /home/sujeong/rokey2_D1_Driving1/install/driving1_interfaces/share/driving1_interfaces/cmake/export_driving1_interfaces__rosidl_generator_pyExport.cmake
[0.426s] -- Up-to-date: /home/sujeong/rokey2_D1_Driving1/install/driving1_interfaces/share/driving1_interfaces/cmake/export_driving1_interfaces__rosidl_generator_pyExport-noconfig.cmake
[0.426s] -- Up-to-date: /home/sujeong/rokey2_D1_Driving1/install/driving1_interfaces/share/driving1_interfaces/cmake/rosidl_cmake-extras.cmake
[0.427s] -- Up-to-date: /home/sujeong/rokey2_D1_Driving1/install/driving1_interfaces/share/driving1_interfaces/cmake/ament_cmake_export_dependencies-extras.cmake
[0.427s] -- Up-to-date: /home/sujeong/rokey2_D1_Driving1/install/driving1_interfaces/share/driving1_interfaces/cmake/ament_cmake_export_include_directories-extras.cmake
[0.427s] -- Up-to-date: /home/sujeong/rokey2_D1_Driving1/install/driving1_interfaces/share/driving1_interfaces/cmake/ament_cmake_export_libraries-extras.cmake
[0.427s] -- Up-to-date: /home/sujeong/rokey2_D1_Driving1/install/driving1_interfaces/share/driving1_interfaces/cmake/ament_cmake_export_targets-extras.cmake
[0.427s] -- Up-to-date: /home/sujeong/rokey2_D1_Driving1/install/driving1_interfaces/share/driving1_interfaces/cmake/rosidl_cmake_export_typesupport_targets-extras.cmake
[0.427s] -- Up-to-date: /home/sujeong/rokey2_D1_Driving1/install/driving1_interfaces/share/driving1_interfaces/cmake/rosidl_cmake_export_typesupport_libraries-extras.cmake
[0.427s] -- Up-to-date: /home/sujeong/rokey2_D1_Driving1/install/driving1_interfaces/share/driving1_interfaces/cmake/driving1_interfacesConfig.cmake
[0.427s] -- Up-to-date: /home/sujeong/rokey2_D1_Driving1/install/driving1_interfaces/share/driving1_interfaces/cmake/driving1_interfacesConfig-version.cmake
[0.427s] -- Up-to-date: /home/sujeong/rokey2_D1_Driving1/install/driving1_interfaces/share/driving1_interfaces/package.xml
[0.447s] Invoked command in '/home/sujeong/rokey2_D1_Driving1/build/driving1_interfaces' returned '0': /usr/bin/cmake --install /home/sujeong/rokey2_D1_Driving1/build/driving1_interfaces
