running egg_info
writing ../../build/driving1/driving1.egg-info/PKG-INFO
writing dependency_links to ../../build/driving1/driving1.egg-info/dependency_links.txt
writing entry points to ../../build/driving1/driving1.egg-info/entry_points.txt
writing requirements to ../../build/driving1/driving1.egg-info/requires.txt
writing top-level names to ../../build/driving1/driving1.egg-info/top_level.txt
reading manifest file '../../build/driving1/driving1.egg-info/SOURCES.txt'
writing manifest file '../../build/driving1/driving1.egg-info/SOURCES.txt'
running build
running build_py
copying driving1/jokitchen2.py -> /home/sujeong/rokey2_D1_Driving1/build/driving1/build/lib/driving1
copying driving1/server.py -> /home/sujeong/rokey2_D1_Driving1/build/driving1/build/lib/driving1
copying driving1/dbThings.py -> /home/sujeong/rokey2_D1_Driving1/build/driving1/build/lib/driving1
copying driving1/db_module.py -> /home/sujeong/rokey2_D1_Driving1/build/driving1/build/lib/driving1
copying driving1/jokitchen3.py -> /home/sujeong/rokey2_D1_Driving1/build/driving1/build/lib/driving1
copying driving1/__init__.py -> /home/sujeong/rokey2_D1_Driving1/build/driving1/build/lib/driving1
copying driving1/kitchen_gui.py -> /home/sujeong/rokey2_D1_Driving1/build/driving1/build/lib/driving1
copying driving1/dbStock.py -> /home/sujeong/rokey2_D1_Driving1/build/driving1/build/lib/driving1
copying driving1/jok11.py -> /home/sujeong/rokey2_D1_Driving1/build/driving1/build/lib/driving1
copying driving1/jok8.py -> /home/sujeong/rokey2_D1_Driving1/build/driving1/build/lib/driving1
copying driving1/create_tables.py -> /home/sujeong/rokey2_D1_Driving1/build/driving1/build/lib/driving1
copying driving1/inventory.py -> /home/sujeong/rokey2_D1_Driving1/build/driving1/build/lib/driving1
copying driving1/revenue.py -> /home/sujeong/rokey2_D1_Driving1/build/driving1/build/lib/driving1
copying driving1/OrderSubscriber.py -> /home/sujeong/rokey2_D1_Driving1/build/driving1/build/lib/driving1
copying driving1/ui_order.py -> /home/sujeong/rokey2_D1_Driving1/build/driving1/build/lib/driving1
copying driving1/jok9.py -> /home/sujeong/rokey2_D1_Driving1/build/driving1/build/lib/driving1
running install
running install_lib
copying /home/sujeong/rokey2_D1_Driving1/build/driving1/build/lib/driving1/dbThings.py -> /home/sujeong/rokey2_D1_Driving1/install/driving1/lib/python3.10/site-packages/driving1
byte-compiling /home/sujeong/rokey2_D1_Driving1/install/driving1/lib/python3.10/site-packages/driving1/dbThings.py to dbThings.cpython-310.pyc
running install_data
copying resource/driving1 -> /home/sujeong/rokey2_D1_Driving1/install/driving1/share/ament_index/resource_index/packages
copying package.xml -> /home/sujeong/rokey2_D1_Driving1/install/driving1/share/driving1
running install_egg_info
removing '/home/sujeong/rokey2_D1_Driving1/install/driving1/lib/python3.10/site-packages/driving1-0.0.0-py3.10.egg-info' (and everything under it)
Copying ../../build/driving1/driving1.egg-info to /home/sujeong/rokey2_D1_Driving1/install/driving1/lib/python3.10/site-packages/driving1-0.0.0-py3.10.egg-info
running install_scripts
Installing kitchen_gui script to /home/sujeong/rokey2_D1_Driving1/install/driving1/lib/driving1
writing list of installed files to '/home/sujeong/rokey2_D1_Driving1/build/driving1/install.log'
