[0.101s] DEBUG:colcon:Command line arguments: ['/usr/bin/colcon', 'build']
[0.101s] DEBUG:colcon:Parsed command line arguments: Namespace(log_base=None, log_level=None, verb_name='build', build_base='build', install_base='install', merge_install=False, symlink_install=False, test_result_base=None, continue_on_error=False, executor='parallel', parallel_workers=12, event_handlers=None, ignore_user_meta=False, metas=['./colcon.meta'], base_paths=['.'], packages_ignore=None, packages_ignore_regex=None, paths=None, packages_up_to=None, packages_up_to_regex=None, packages_above=None, packages_above_and_dependencies=None, packages_above_depth=None, packages_select_by_dep=None, packages_skip_by_dep=None, packages_skip_up_to=None, packages_select_build_failed=False, packages_skip_build_finished=False, packages_select_test_failures=False, packages_skip_test_passed=False, packages_select=None, packages_skip=None, packages_select_regex=None, packages_skip_regex=None, packages_start=None, packages_end=None, allow_overriding=[], cmake_args=None, cmake_target=None, cmake_target_skip_unavailable=False, cmake_clean_cache=False, cmake_clean_first=False, cmake_force_configure=False, ament_cmake_args=None, catkin_cmake_args=None, catkin_skip_building_tests=False, verb_parser=<colcon_defaults.argument_parser.defaults.DefaultArgumentsDecorator object at 0x7de0b1dac520>, verb_extension=<colcon_core.verb.build.BuildVerb object at 0x7de0b1d63b80>, main=<bound method BuildVerb.main of <colcon_core.verb.build.BuildVerb object at 0x7de0b1d63b80>>)
[0.260s] Level 1:colcon.colcon_core.package_discovery:discover_packages(colcon_meta) check parameters
[0.260s] Level 1:colcon.colcon_core.package_discovery:discover_packages(recursive) check parameters
[0.260s] Level 1:colcon.colcon_core.package_discovery:discover_packages(ignore) check parameters
[0.260s] Level 1:colcon.colcon_core.package_discovery:discover_packages(path) check parameters
[0.260s] Level 1:colcon.colcon_core.package_discovery:discover_packages(colcon_meta) discover
[0.260s] Level 1:colcon.colcon_core.package_discovery:discover_packages(recursive) discover
[0.260s] INFO:colcon.colcon_core.package_discovery:Crawling recursively for packages in '/home/yeonho/project3_ws'
[0.260s] Level 1:colcon.colcon_core.package_identification:_identify(.) by extensions ['ignore', 'ignore_ament_install']
[0.260s] Level 1:colcon.colcon_core.package_identification:_identify(.) by extension 'ignore'
[0.260s] Level 1:colcon.colcon_core.package_identification:_identify(.) by extension 'ignore_ament_install'
[0.260s] Level 1:colcon.colcon_core.package_identification:_identify(.) by extensions ['colcon_pkg']
[0.260s] Level 1:colcon.colcon_core.package_identification:_identify(.) by extension 'colcon_pkg'
[0.260s] Level 1:colcon.colcon_core.package_identification:_identify(.) by extensions ['colcon_meta']
[0.260s] Level 1:colcon.colcon_core.package_identification:_identify(.) by extension 'colcon_meta'
[0.261s] Level 1:colcon.colcon_core.package_identification:_identify(.) by extensions ['ros']
[0.261s] Level 1:colcon.colcon_core.package_identification:_identify(.) by extension 'ros'
[0.269s] Level 1:colcon.colcon_core.package_identification:_identify(.) by extensions ['cmake', 'python']
[0.269s] Level 1:colcon.colcon_core.package_identification:_identify(.) by extension 'cmake'
[0.269s] Level 1:colcon.colcon_core.package_identification:_identify(.) by extension 'python'
[0.269s] Level 1:colcon.colcon_core.package_identification:_identify(.) by extensions ['python_setup_py']
[0.269s] Level 1:colcon.colcon_core.package_identification:_identify(.) by extension 'python_setup_py'
[0.269s] Level 1:colcon.colcon_core.package_identification:_identify(build) by extensions ['ignore', 'ignore_ament_install']
[0.269s] Level 1:colcon.colcon_core.package_identification:_identify(build) by extension 'ignore'
[0.269s] Level 1:colcon.colcon_core.package_identification:_identify(build) ignored
[0.269s] Level 1:colcon.colcon_core.package_identification:_identify(install) by extensions ['ignore', 'ignore_ament_install']
[0.269s] Level 1:colcon.colcon_core.package_identification:_identify(install) by extension 'ignore'
[0.269s] Level 1:colcon.colcon_core.package_identification:_identify(install) ignored
[0.269s] Level 1:colcon.colcon_core.package_identification:_identify(log) by extensions ['ignore', 'ignore_ament_install']
[0.270s] Level 1:colcon.colcon_core.package_identification:_identify(log) by extension 'ignore'
[0.270s] Level 1:colcon.colcon_core.package_identification:_identify(log) ignored
[0.270s] Level 1:colcon.colcon_core.package_identification:_identify(src) by extensions ['ignore', 'ignore_ament_install']
[0.270s] Level 1:colcon.colcon_core.package_identification:_identify(src) by extension 'ignore'
[0.270s] Level 1:colcon.colcon_core.package_identification:_identify(src) by extension 'ignore_ament_install'
[0.270s] Level 1:colcon.colcon_core.package_identification:_identify(src) by extensions ['colcon_pkg']
[0.270s] Level 1:colcon.colcon_core.package_identification:_identify(src) by extension 'colcon_pkg'
[0.270s] Level 1:colcon.colcon_core.package_identification:_identify(src) by extensions ['colcon_meta']
[0.270s] Level 1:colcon.colcon_core.package_identification:_identify(src) by extension 'colcon_meta'
[0.270s] Level 1:colcon.colcon_core.package_identification:_identify(src) by extensions ['ros']
[0.270s] Level 1:colcon.colcon_core.package_identification:_identify(src) by extension 'ros'
[0.270s] Level 1:colcon.colcon_core.package_identification:_identify(src) by extensions ['cmake', 'python']
[0.270s] Level 1:colcon.colcon_core.package_identification:_identify(src) by extension 'cmake'
[0.270s] Level 1:colcon.colcon_core.package_identification:_identify(src) by extension 'python'
[0.270s] Level 1:colcon.colcon_core.package_identification:_identify(src) by extensions ['python_setup_py']
[0.270s] Level 1:colcon.colcon_core.package_identification:_identify(src) by extension 'python_setup_py'
[0.270s] Level 1:colcon.colcon_core.package_identification:_identify(src/project3) by extensions ['ignore', 'ignore_ament_install']
[0.270s] Level 1:colcon.colcon_core.package_identification:_identify(src/project3) by extension 'ignore'
[0.270s] Level 1:colcon.colcon_core.package_identification:_identify(src/project3) by extension 'ignore_ament_install'
[0.270s] Level 1:colcon.colcon_core.package_identification:_identify(src/project3) by extensions ['colcon_pkg']
[0.270s] Level 1:colcon.colcon_core.package_identification:_identify(src/project3) by extension 'colcon_pkg'
[0.270s] Level 1:colcon.colcon_core.package_identification:_identify(src/project3) by extensions ['colcon_meta']
[0.270s] Level 1:colcon.colcon_core.package_identification:_identify(src/project3) by extension 'colcon_meta'
[0.270s] Level 1:colcon.colcon_core.package_identification:_identify(src/project3) by extensions ['ros']
[0.270s] Level 1:colcon.colcon_core.package_identification:_identify(src/project3) by extension 'ros'
[0.272s] DEBUG:colcon.colcon_core.package_identification:Package 'src/project3' with type 'ros.ament_python' and name 'project3'
[0.272s] Level 1:colcon.colcon_core.package_identification:_identify(src/project3_interfaces) by extensions ['ignore', 'ignore_ament_install']
[0.272s] Level 1:colcon.colcon_core.package_identification:_identify(src/project3_interfaces) by extension 'ignore'
[0.272s] Level 1:colcon.colcon_core.package_identification:_identify(src/project3_interfaces) by extension 'ignore_ament_install'
[0.273s] Level 1:colcon.colcon_core.package_identification:_identify(src/project3_interfaces) by extensions ['colcon_pkg']
[0.273s] Level 1:colcon.colcon_core.package_identification:_identify(src/project3_interfaces) by extension 'colcon_pkg'
[0.273s] Level 1:colcon.colcon_core.package_identification:_identify(src/project3_interfaces) by extensions ['colcon_meta']
[0.273s] Level 1:colcon.colcon_core.package_identification:_identify(src/project3_interfaces) by extension 'colcon_meta'
[0.273s] Level 1:colcon.colcon_core.package_identification:_identify(src/project3_interfaces) by extensions ['ros']
[0.273s] Level 1:colcon.colcon_core.package_identification:_identify(src/project3_interfaces) by extension 'ros'
[0.273s] DEBUG:colcon.colcon_core.package_identification:Package 'src/project3_interfaces' with type 'ros.ament_cmake' and name 'project3_interfaces'
[0.273s] Level 1:colcon.colcon_core.package_discovery:discover_packages(recursive) using defaults
[0.273s] Level 1:colcon.colcon_core.package_discovery:discover_packages(ignore) discover
[0.273s] Level 1:colcon.colcon_core.package_discovery:discover_packages(ignore) using defaults
[0.273s] Level 1:colcon.colcon_core.package_discovery:discover_packages(path) discover
[0.273s] Level 1:colcon.colcon_core.package_discovery:discover_packages(path) using defaults
[0.287s] Level 1:colcon.colcon_core.package_discovery:discover_packages(prefix_path) check parameters
[0.287s] Level 1:colcon.colcon_core.package_discovery:discover_packages(prefix_path) discover
[0.289s] DEBUG:colcon.colcon_installed_package_information.package_discovery:Found 2 installed packages in /home/yeonho/project3_ws/install
[0.289s] DEBUG:colcon.colcon_installed_package_information.package_discovery:Found 8 installed packages in /home/yeonho/turtlebot3_ws/install
[0.291s] DEBUG:colcon.colcon_installed_package_information.package_discovery:Found 397 installed packages in /opt/ros/humble
[0.293s] Level 1:colcon.colcon_core.package_discovery:discover_packages(prefix_path) using defaults
[0.329s] Level 5:colcon.colcon_core.verb:set package 'project3_interfaces' build argument 'cmake_args' from command line to 'None'
[0.329s] Level 5:colcon.colcon_core.verb:set package 'project3_interfaces' build argument 'cmake_target' from command line to 'None'
[0.329s] Level 5:colcon.colcon_core.verb:set package 'project3_interfaces' build argument 'cmake_target_skip_unavailable' from command line to 'False'
[0.329s] Level 5:colcon.colcon_core.verb:set package 'project3_interfaces' build argument 'cmake_clean_cache' from command line to 'False'
[0.329s] Level 5:colcon.colcon_core.verb:set package 'project3_interfaces' build argument 'cmake_clean_first' from command line to 'False'
[0.329s] Level 5:colcon.colcon_core.verb:set package 'project3_interfaces' build argument 'cmake_force_configure' from command line to 'False'
[0.329s] Level 5:colcon.colcon_core.verb:set package 'project3_interfaces' build argument 'ament_cmake_args' from command line to 'None'
[0.329s] Level 5:colcon.colcon_core.verb:set package 'project3_interfaces' build argument 'catkin_cmake_args' from command line to 'None'
[0.329s] Level 5:colcon.colcon_core.verb:set package 'project3_interfaces' build argument 'catkin_skip_building_tests' from command line to 'False'
[0.329s] DEBUG:colcon.colcon_core.verb:Building package 'project3_interfaces' with the following arguments: {'ament_cmake_args': None, 'build_base': '/home/yeonho/project3_ws/build/project3_interfaces', 'catkin_cmake_args': None, 'catkin_skip_building_tests': False, 'cmake_args': None, 'cmake_clean_cache': False, 'cmake_clean_first': False, 'cmake_force_configure': False, 'cmake_target': None, 'cmake_target_skip_unavailable': False, 'install_base': '/home/yeonho/project3_ws/install/project3_interfaces', 'merge_install': False, 'path': '/home/yeonho/project3_ws/src/project3_interfaces', 'symlink_install': False, 'test_result_base': None}
[0.329s] Level 5:colcon.colcon_core.verb:set package 'project3' build argument 'cmake_args' from command line to 'None'
[0.329s] Level 5:colcon.colcon_core.verb:set package 'project3' build argument 'cmake_target' from command line to 'None'
[0.329s] Level 5:colcon.colcon_core.verb:set package 'project3' build argument 'cmake_target_skip_unavailable' from command line to 'False'
[0.329s] Level 5:colcon.colcon_core.verb:set package 'project3' build argument 'cmake_clean_cache' from command line to 'False'
[0.329s] Level 5:colcon.colcon_core.verb:set package 'project3' build argument 'cmake_clean_first' from command line to 'False'
[0.329s] Level 5:colcon.colcon_core.verb:set package 'project3' build argument 'cmake_force_configure' from command line to 'False'
[0.329s] Level 5:colcon.colcon_core.verb:set package 'project3' build argument 'ament_cmake_args' from command line to 'None'
[0.329s] Level 5:colcon.colcon_core.verb:set package 'project3' build argument 'catkin_cmake_args' from command line to 'None'
[0.329s] Level 5:colcon.colcon_core.verb:set package 'project3' build argument 'catkin_skip_building_tests' from command line to 'False'
[0.329s] DEBUG:colcon.colcon_core.verb:Building package 'project3' with the following arguments: {'ament_cmake_args': None, 'build_base': '/home/yeonho/project3_ws/build/project3', 'catkin_cmake_args': None, 'catkin_skip_building_tests': False, 'cmake_args': None, 'cmake_clean_cache': False, 'cmake_clean_first': False, 'cmake_force_configure': False, 'cmake_target': None, 'cmake_target_skip_unavailable': False, 'install_base': '/home/yeonho/project3_ws/install/project3', 'merge_install': False, 'path': '/home/yeonho/project3_ws/src/project3', 'symlink_install': False, 'test_result_base': None}
[0.330s] INFO:colcon.colcon_core.executor:Executing jobs using 'parallel' executor
[0.330s] DEBUG:colcon.colcon_parallel_executor.executor.parallel:run_until_complete
[0.331s] INFO:colcon.colcon_ros.task.ament_cmake.build:Building ROS package in '/home/yeonho/project3_ws/src/project3_interfaces' with build type 'ament_cmake'
[0.331s] INFO:colcon.colcon_cmake.task.cmake.build:Building CMake package in '/home/yeonho/project3_ws/src/project3_interfaces'
[0.332s] INFO:colcon.colcon_core.plugin_system:Skipping extension 'colcon_core.shell.bat': Not used on non-Windows systems
[0.332s] INFO:colcon.colcon_core.shell:Skip shell extension 'powershell' for command environment: Not usable outside of PowerShell
[0.332s] DEBUG:colcon.colcon_core.shell:Skip shell extension 'dsv' for command environment
[0.341s] DEBUG:colcon.colcon_core.event_handler.log_command:Invoking command in '/home/yeonho/project3_ws/build/project3_interfaces': CMAKE_PREFIX_PATH=${CMAKE_PREFIX_PATH}:/home/yeonho/project3_ws/install/project3:/opt/ros/humble /usr/bin/cmake --build /home/yeonho/project3_ws/build/project3_interfaces -- -j12 -l12
[2.524s] DEBUG:colcon.colcon_core.event_handler.log_command:Invoked command in '/home/yeonho/project3_ws/build/project3_interfaces' returned '0': CMAKE_PREFIX_PATH=${CMAKE_PREFIX_PATH}:/home/yeonho/project3_ws/install/project3:/opt/ros/humble /usr/bin/cmake --build /home/yeonho/project3_ws/build/project3_interfaces -- -j12 -l12
[2.534s] DEBUG:colcon.colcon_core.event_handler.log_command:Invoking command in '/home/yeonho/project3_ws/build/project3_interfaces': CMAKE_PREFIX_PATH=${CMAKE_PREFIX_PATH}:/home/yeonho/project3_ws/install/project3:/opt/ros/humble /usr/bin/cmake --install /home/yeonho/project3_ws/build/project3_interfaces
[2.595s] Level 1:colcon.colcon_core.environment:create_environment_scripts_only(project3_interfaces)
[2.595s] DEBUG:colcon.colcon_core.event_handler.log_command:Invoked command in '/home/yeonho/project3_ws/build/project3_interfaces' returned '0': CMAKE_PREFIX_PATH=${CMAKE_PREFIX_PATH}:/home/yeonho/project3_ws/install/project3:/opt/ros/humble /usr/bin/cmake --install /home/yeonho/project3_ws/build/project3_interfaces
[2.597s] Level 1:colcon.colcon_core.environment:checking '/home/yeonho/project3_ws/install/project3_interfaces' for CMake module files
[2.598s] Level 1:colcon.colcon_core.environment:checking '/home/yeonho/project3_ws/install/project3_interfaces' for CMake config files
[2.598s] Level 1:colcon.colcon_core.shell:create_environment_hook('project3_interfaces', 'cmake_prefix_path')
[2.598s] INFO:colcon.colcon_core.shell:Creating environment hook '/home/yeonho/project3_ws/install/project3_interfaces/share/project3_interfaces/hook/cmake_prefix_path.ps1'
[2.599s] INFO:colcon.colcon_core.shell:Creating environment descriptor '/home/yeonho/project3_ws/install/project3_interfaces/share/project3_interfaces/hook/cmake_prefix_path.dsv'
[2.599s] INFO:colcon.colcon_core.shell:Creating environment hook '/home/yeonho/project3_ws/install/project3_interfaces/share/project3_interfaces/hook/cmake_prefix_path.sh'
[2.600s] Level 1:colcon.colcon_core.environment:checking '/home/yeonho/project3_ws/install/project3_interfaces/lib'
[2.600s] Level 1:colcon.colcon_core.shell:create_environment_hook('project3_interfaces', 'ld_library_path_lib')
[2.600s] INFO:colcon.colcon_core.shell:Creating environment hook '/home/yeonho/project3_ws/install/project3_interfaces/share/project3_interfaces/hook/ld_library_path_lib.ps1'
[2.600s] INFO:colcon.colcon_core.shell:Creating environment descriptor '/home/yeonho/project3_ws/install/project3_interfaces/share/project3_interfaces/hook/ld_library_path_lib.dsv'
[2.601s] INFO:colcon.colcon_core.shell:Creating environment hook '/home/yeonho/project3_ws/install/project3_interfaces/share/project3_interfaces/hook/ld_library_path_lib.sh'
[2.601s] Level 1:colcon.colcon_core.environment:checking '/home/yeonho/project3_ws/install/project3_interfaces/bin'
[2.601s] Level 1:colcon.colcon_core.environment:checking '/home/yeonho/project3_ws/install/project3_interfaces/lib/pkgconfig/project3_interfaces.pc'
[2.601s] Level 1:colcon.colcon_core.environment:checking '/home/yeonho/project3_ws/install/project3_interfaces/lib/python3.10/site-packages'
[2.601s] Level 1:colcon.colcon_core.environment:checking '/home/yeonho/project3_ws/install/project3_interfaces/bin'
[2.601s] INFO:colcon.colcon_core.shell:Creating package script '/home/yeonho/project3_ws/install/project3_interfaces/share/project3_interfaces/package.ps1'
[2.602s] INFO:colcon.colcon_core.shell:Creating package descriptor '/home/yeonho/project3_ws/install/project3_interfaces/share/project3_interfaces/package.dsv'
[2.602s] INFO:colcon.colcon_core.shell:Creating package script '/home/yeonho/project3_ws/install/project3_interfaces/share/project3_interfaces/package.sh'
[2.603s] INFO:colcon.colcon_core.shell:Creating package script '/home/yeonho/project3_ws/install/project3_interfaces/share/project3_interfaces/package.bash'
[2.604s] INFO:colcon.colcon_core.shell:Creating package script '/home/yeonho/project3_ws/install/project3_interfaces/share/project3_interfaces/package.zsh'
[2.604s] Level 1:colcon.colcon_core.environment:create_file_with_runtime_dependencies(/home/yeonho/project3_ws/install/project3_interfaces/share/colcon-core/packages/project3_interfaces)
[2.605s] Level 1:colcon.colcon_core.environment:create_environment_scripts_only(project3_interfaces)
[2.605s] Level 1:colcon.colcon_core.environment:checking '/home/yeonho/project3_ws/install/project3_interfaces' for CMake module files
[2.605s] Level 1:colcon.colcon_core.environment:checking '/home/yeonho/project3_ws/install/project3_interfaces' for CMake config files
[2.605s] Level 1:colcon.colcon_core.shell:create_environment_hook('project3_interfaces', 'cmake_prefix_path')
[2.606s] INFO:colcon.colcon_core.shell:Creating environment hook '/home/yeonho/project3_ws/install/project3_interfaces/share/project3_interfaces/hook/cmake_prefix_path.ps1'
[2.606s] INFO:colcon.colcon_core.shell:Creating environment descriptor '/home/yeonho/project3_ws/install/project3_interfaces/share/project3_interfaces/hook/cmake_prefix_path.dsv'
[2.606s] INFO:colcon.colcon_core.shell:Creating environment hook '/home/yeonho/project3_ws/install/project3_interfaces/share/project3_interfaces/hook/cmake_prefix_path.sh'
[2.607s] Level 1:colcon.colcon_core.environment:checking '/home/yeonho/project3_ws/install/project3_interfaces/lib'
[2.607s] Level 1:colcon.colcon_core.shell:create_environment_hook('project3_interfaces', 'ld_library_path_lib')
[2.607s] INFO:colcon.colcon_core.shell:Creating environment hook '/home/yeonho/project3_ws/install/project3_interfaces/share/project3_interfaces/hook/ld_library_path_lib.ps1'
[2.607s] INFO:colcon.colcon_core.shell:Creating environment descriptor '/home/yeonho/project3_ws/install/project3_interfaces/share/project3_interfaces/hook/ld_library_path_lib.dsv'
[2.607s] INFO:colcon.colcon_core.shell:Creating environment hook '/home/yeonho/project3_ws/install/project3_interfaces/share/project3_interfaces/hook/ld_library_path_lib.sh'
[2.608s] Level 1:colcon.colcon_core.environment:checking '/home/yeonho/project3_ws/install/project3_interfaces/bin'
[2.608s] Level 1:colcon.colcon_core.environment:checking '/home/yeonho/project3_ws/install/project3_interfaces/lib/pkgconfig/project3_interfaces.pc'
[2.608s] Level 1:colcon.colcon_core.environment:checking '/home/yeonho/project3_ws/install/project3_interfaces/lib/python3.10/site-packages'
[2.608s] Level 1:colcon.colcon_core.environment:checking '/home/yeonho/project3_ws/install/project3_interfaces/bin'
[2.608s] INFO:colcon.colcon_core.shell:Creating package script '/home/yeonho/project3_ws/install/project3_interfaces/share/project3_interfaces/package.ps1'
[2.609s] INFO:colcon.colcon_core.shell:Creating package descriptor '/home/yeonho/project3_ws/install/project3_interfaces/share/project3_interfaces/package.dsv'
[2.609s] INFO:colcon.colcon_core.shell:Creating package script '/home/yeonho/project3_ws/install/project3_interfaces/share/project3_interfaces/package.sh'
[2.609s] INFO:colcon.colcon_core.shell:Creating package script '/home/yeonho/project3_ws/install/project3_interfaces/share/project3_interfaces/package.bash'
[2.610s] INFO:colcon.colcon_core.shell:Creating package script '/home/yeonho/project3_ws/install/project3_interfaces/share/project3_interfaces/package.zsh'
[2.610s] Level 1:colcon.colcon_core.environment:create_file_with_runtime_dependencies(/home/yeonho/project3_ws/install/project3_interfaces/share/colcon-core/packages/project3_interfaces)
[2.610s] INFO:colcon.colcon_ros.task.ament_python.build:Building ROS package in '/home/yeonho/project3_ws/src/project3' with build type 'ament_python'
[2.610s] Level 1:colcon.colcon_core.shell:create_environment_hook('project3', 'ament_prefix_path')
[2.611s] INFO:colcon.colcon_core.shell:Creating environment hook '/home/yeonho/project3_ws/install/project3/share/project3/hook/ament_prefix_path.ps1'
[2.611s] INFO:colcon.colcon_core.shell:Creating environment descriptor '/home/yeonho/project3_ws/install/project3/share/project3/hook/ament_prefix_path.dsv'
[2.612s] INFO:colcon.colcon_core.shell:Creating environment hook '/home/yeonho/project3_ws/install/project3/share/project3/hook/ament_prefix_path.sh'
[2.612s] INFO:colcon.colcon_core.shell:Skip shell extension 'powershell' for command environment: Not usable outside of PowerShell
[2.612s] DEBUG:colcon.colcon_core.shell:Skip shell extension 'dsv' for command environment
[2.859s] INFO:colcon.colcon_core.task.python.build:Building Python package in '/home/yeonho/project3_ws/src/project3'
[2.859s] INFO:colcon.colcon_core.shell:Skip shell extension 'powershell' for command environment: Not usable outside of PowerShell
[2.859s] DEBUG:colcon.colcon_core.shell:Skip shell extension 'dsv' for command environment
[3.171s] DEBUG:colcon.colcon_core.event_handler.log_command:Invoking command in '/home/yeonho/project3_ws/src/project3': AMENT_PREFIX_PATH=/home/yeonho/project3_ws/install/project3_interfaces:${AMENT_PREFIX_PATH} CMAKE_PREFIX_PATH=/home/yeonho/project3_ws/install/project3_interfaces:${CMAKE_PREFIX_PATH} LD_LIBRARY_PATH=/home/yeonho/project3_ws/install/project3_interfaces/lib:/home/yeonho/turtlebot3_ws/install/turtlebot3_msgs/lib:/home/yeonho/turtlebot3_ws/install/dynamixel_sdk_custom_interfaces/lib:/home/yeonho/turtlebot3_ws/install/dynamixel_sdk/lib:/usr/lib/x86_64-linux-gnu/gazebo-11/plugins:/opt/ros/humble/opt/rviz_ogre_vendor/lib:/opt/ros/humble/lib/x86_64-linux-gnu:/opt/ros/humble/lib:/usr/lib/x86_64-linux-gnu/gazebo-11/plugins:/usr/lib/x86_64-linux-gnu/gazebo-11/plugins:/usr/lib/x86_64-linux-gnu/gazebo-11/plugins:/usr/lib/x86_64-linux-gnu/gazebo-11/plugins:/usr/lib/x86_64-linux-gnu/gazebo-11/plugins:/usr/lib/x86_64-linux-gnu/gazebo-11/plugins:/usr/lib/x86_64-linux-gnu/gazebo-11/plugins:/usr/lib/x86_64-linux-gnu/gazebo-11/plugins:/usr/lib/x86_64-linux-gnu/gazebo-11/plugins:/usr/lib/x86_64-linux-gnu/gazebo-11/plugins PYTHONPATH=/home/yeonho/project3_ws/build/project3/prefix_override:/usr/lib/python3/dist-packages/colcon_core/task/python/colcon_distutils_commands:/home/yeonho/project3_ws/install/project3/lib/python3.10/site-packages:/home/yeonho/project3_ws/install/project3_interfaces/local/lib/python3.10/dist-packages:${PYTHONPATH} /usr/bin/python3 -W ignore:setup.py install is deprecated -W ignore:easy_install command is deprecated setup.py egg_info --egg-base ../../build/project3 build --build-base /home/yeonho/project3_ws/build/project3/build install --record /home/yeonho/project3_ws/build/project3/install.log --single-version-externally-managed install_data
[3.440s] Level 1:colcon.colcon_core.environment:checking '/home/yeonho/project3_ws/install/project3' for CMake module files
[3.440s] DEBUG:colcon.colcon_core.event_handler.log_command:Invoked command in '/home/yeonho/project3_ws/src/project3' returned '0': AMENT_PREFIX_PATH=/home/yeonho/project3_ws/install/project3_interfaces:${AMENT_PREFIX_PATH} CMAKE_PREFIX_PATH=/home/yeonho/project3_ws/install/project3_interfaces:${CMAKE_PREFIX_PATH} LD_LIBRARY_PATH=/home/yeonho/project3_ws/install/project3_interfaces/lib:/home/yeonho/turtlebot3_ws/install/turtlebot3_msgs/lib:/home/yeonho/turtlebot3_ws/install/dynamixel_sdk_custom_interfaces/lib:/home/yeonho/turtlebot3_ws/install/dynamixel_sdk/lib:/usr/lib/x86_64-linux-gnu/gazebo-11/plugins:/opt/ros/humble/opt/rviz_ogre_vendor/lib:/opt/ros/humble/lib/x86_64-linux-gnu:/opt/ros/humble/lib:/usr/lib/x86_64-linux-gnu/gazebo-11/plugins:/usr/lib/x86_64-linux-gnu/gazebo-11/plugins:/usr/lib/x86_64-linux-gnu/gazebo-11/plugins:/usr/lib/x86_64-linux-gnu/gazebo-11/plugins:/usr/lib/x86_64-linux-gnu/gazebo-11/plugins:/usr/lib/x86_64-linux-gnu/gazebo-11/plugins:/usr/lib/x86_64-linux-gnu/gazebo-11/plugins:/usr/lib/x86_64-linux-gnu/gazebo-11/plugins:/usr/lib/x86_64-linux-gnu/gazebo-11/plugins:/usr/lib/x86_64-linux-gnu/gazebo-11/plugins PYTHONPATH=/home/yeonho/project3_ws/build/project3/prefix_override:/usr/lib/python3/dist-packages/colcon_core/task/python/colcon_distutils_commands:/home/yeonho/project3_ws/install/project3/lib/python3.10/site-packages:/home/yeonho/project3_ws/install/project3_interfaces/local/lib/python3.10/dist-packages:${PYTHONPATH} /usr/bin/python3 -W ignore:setup.py install is deprecated -W ignore:easy_install command is deprecated setup.py egg_info --egg-base ../../build/project3 build --build-base /home/yeonho/project3_ws/build/project3/build install --record /home/yeonho/project3_ws/build/project3/install.log --single-version-externally-managed install_data
[3.440s] Level 1:colcon.colcon_core.environment:checking '/home/yeonho/project3_ws/install/project3' for CMake config files
[3.441s] Level 1:colcon.colcon_core.environment:checking '/home/yeonho/project3_ws/install/project3/lib'
[3.441s] Level 1:colcon.colcon_core.environment:checking '/home/yeonho/project3_ws/install/project3/bin'
[3.441s] Level 1:colcon.colcon_core.environment:checking '/home/yeonho/project3_ws/install/project3/lib/pkgconfig/project3.pc'
[3.441s] Level 1:colcon.colcon_core.environment:checking '/home/yeonho/project3_ws/install/project3/lib/python3.10/site-packages'
[3.441s] Level 1:colcon.colcon_core.shell:create_environment_hook('project3', 'pythonpath')
[3.441s] INFO:colcon.colcon_core.shell:Creating environment hook '/home/yeonho/project3_ws/install/project3/share/project3/hook/pythonpath.ps1'
[3.442s] INFO:colcon.colcon_core.shell:Creating environment descriptor '/home/yeonho/project3_ws/install/project3/share/project3/hook/pythonpath.dsv'
[3.442s] INFO:colcon.colcon_core.shell:Creating environment hook '/home/yeonho/project3_ws/install/project3/share/project3/hook/pythonpath.sh'
[3.443s] Level 1:colcon.colcon_core.environment:checking '/home/yeonho/project3_ws/install/project3/bin'
[3.443s] Level 1:colcon.colcon_core.environment:create_environment_scripts_only(project3)
[3.443s] INFO:colcon.colcon_core.shell:Creating package script '/home/yeonho/project3_ws/install/project3/share/project3/package.ps1'
[3.443s] INFO:colcon.colcon_core.shell:Creating package descriptor '/home/yeonho/project3_ws/install/project3/share/project3/package.dsv'
[3.444s] INFO:colcon.colcon_core.shell:Creating package script '/home/yeonho/project3_ws/install/project3/share/project3/package.sh'
[3.444s] INFO:colcon.colcon_core.shell:Creating package script '/home/yeonho/project3_ws/install/project3/share/project3/package.bash'
[3.444s] INFO:colcon.colcon_core.shell:Creating package script '/home/yeonho/project3_ws/install/project3/share/project3/package.zsh'
[3.445s] Level 1:colcon.colcon_core.environment:create_file_with_runtime_dependencies(/home/yeonho/project3_ws/install/project3/share/colcon-core/packages/project3)
[3.445s] DEBUG:colcon.colcon_parallel_executor.executor.parallel:closing loop
[3.445s] DEBUG:colcon.colcon_parallel_executor.executor.parallel:loop closed
[3.445s] DEBUG:colcon.colcon_parallel_executor.executor.parallel:run_until_complete finished with '0'
[3.445s] DEBUG:colcon.colcon_core.event_reactor:joining thread
[3.449s] INFO:colcon.colcon_core.plugin_system:Skipping extension 'colcon_notification.desktop_notification.terminal_notifier': Not used on non-Darwin systems
[3.449s] INFO:colcon.colcon_core.plugin_system:Skipping extension 'colcon_notification.desktop_notification.win32': Not used on non-Windows systems
[3.449s] INFO:colcon.colcon_notification.desktop_notification:Sending desktop notification using 'notify2'
[3.460s] DEBUG:colcon.colcon_core.event_reactor:joined thread
[3.460s] INFO:colcon.colcon_core.shell:Creating prefix script '/home/yeonho/project3_ws/install/local_setup.ps1'
[3.462s] INFO:colcon.colcon_core.shell:Creating prefix util module '/home/yeonho/project3_ws/install/_local_setup_util_ps1.py'
[3.463s] INFO:colcon.colcon_core.shell:Creating prefix chain script '/home/yeonho/project3_ws/install/setup.ps1'
[3.465s] INFO:colcon.colcon_core.shell:Creating prefix script '/home/yeonho/project3_ws/install/local_setup.sh'
[3.465s] INFO:colcon.colcon_core.shell:Creating prefix util module '/home/yeonho/project3_ws/install/_local_setup_util_sh.py'
[3.466s] INFO:colcon.colcon_core.shell:Creating prefix chain script '/home/yeonho/project3_ws/install/setup.sh'
[3.467s] INFO:colcon.colcon_core.shell:Creating prefix script '/home/yeonho/project3_ws/install/local_setup.bash'
[3.468s] INFO:colcon.colcon_core.shell:Creating prefix chain script '/home/yeonho/project3_ws/install/setup.bash'
[3.469s] INFO:colcon.colcon_core.shell:Creating prefix script '/home/yeonho/project3_ws/install/local_setup.zsh'
[3.469s] INFO:colcon.colcon_core.shell:Creating prefix chain script '/home/yeonho/project3_ws/install/setup.zsh'
