[0.010s] Invoking command in '/home/sujeong/rokey2_D1_Driving1/build/project3_interfaces': CMAKE_PREFIX_PATH=/home/sujeong/rokey2_D1_Driving1/install/project3_interfaces:/home/sujeong/rokey2_D1_Driving1/install/driving1:/home/sujeong/turtlebot3_ws/install/turtlebot3_teleop:/home/sujeong/turtlebot3_ws/install/turtlebot3_example:/home/sujeong/ros2_ws/install/my_package:/opt/ros/humble:/home/sujeong/rokey2_D1_Driving1/install/driving1_interfaces:/home/sujeong/turtlebot3_ws/install/turtlebot3:/home/sujeong/turtlebot3_ws/install/turtlebot3_simulations:/home/sujeong/turtlebot3_ws/install/turtlebot3_bringup:/home/sujeong/turtlebot3_ws/install/turtlebot3_node:/home/sujeong/turtlebot3_ws/install/turtlebot3_navigation2:/home/sujeong/turtlebot3_ws/install/turtlebot3_fake_node:/home/sujeong/turtlebot3_ws/install/turtlebot3_msgs:/home/sujeong/turtlebot3_ws/install/turtlebot3_gazebo:/home/sujeong/turtlebot3_ws/install/turtlebot3_description:/home/sujeong/turtlebot3_ws/install/turtlebot3_cartographer:/home/sujeong/turtlebot3_ws/install/dynamixel_sdk_examples:/home/sujeong/turtlebot3_ws/install/dynamixel_sdk_custom_interfaces:/home/sujeong/turtlebot3_ws/install/dynamixel_sdk /usr/bin/cmake --build /home/sujeong/rokey2_D1_Driving1/build/project3_interfaces -- -j16 -l16
[0.033s] -- Found ament_cmake: 1.3.11 (/opt/ros/humble/share/ament_cmake/cmake)
[0.164s] -- Found rosidl_default_generators: 1.2.0 (/opt/ros/humble/share/rosidl_default_generators/cmake)
[0.167s] -- Using all available rosidl_typesupport_c: rosidl_typesupport_fastrtps_c;rosidl_typesupport_introspection_c
[0.168s] -- Found rosidl_adapter: 3.1.6 (/opt/ros/humble/share/rosidl_adapter/cmake)
[0.189s] -- Using all available rosidl_typesupport_cpp: rosidl_typesupport_fastrtps_cpp;rosidl_typesupport_introspection_cpp
[0.425s] -- Found ament_cmake_ros: 0.10.0 (/opt/ros/humble/share/ament_cmake_ros/cmake)
[0.589s] -- Using all available rosidl_typesupport_c: rosidl_typesupport_fastrtps_c;rosidl_typesupport_introspection_c
[0.831s] -- Using all available rosidl_typesupport_cpp: rosidl_typesupport_fastrtps_cpp;rosidl_typesupport_introspection_cpp
[0.860s] -- Found python_cmake_module: 0.10.0 (/opt/ros/humble/share/python_cmake_module/cmake)
[0.879s] -- Using PYTHON_EXECUTABLE: /usr/local/bin/python3
[0.879s] -- Using PYTHON_INCLUDE_DIRS: /usr/local/include/python3.10
[0.879s] -- Using PYTHON_LIBRARIES: /usr/local/lib/libpython3.10.so
[0.980s] -- Using numpy include directory: /home/sujeong/.local/lib/python3.10/site-packages/numpy/_core/include
[0.986s] -- Found ament_lint_auto: 0.12.11 (/opt/ros/humble/share/ament_lint_auto/cmake)
[0.992s] -- Added test 'lint_cmake' to check CMake code style
[0.992s] -- Added test 'xmllint' to check XML markup files
[0.993s] -- Configuring done
[1.009s] -- Generating done
[1.015s] -- Build files have been written to: /home/sujeong/rokey2_D1_Driving1/build/project3_interfaces
[1.045s] [  3%] [34m[1mGenerating C code for ROS interfaces[0m
[1.059s] [  6%] [34m[1mGenerating C++ code for ROS interfaces[0m
[1.065s] [  6%] Built target ament_cmake_python_copy_project3_interfaces
[1.229s] running egg_info
[1.239s] writing project3_interfaces.egg-info/PKG-INFO
[1.239s] writing dependency_links to project3_interfaces.egg-info/dependency_links.txt
[1.240s] writing top-level names to project3_interfaces.egg-info/top_level.txt
[1.268s] reading manifest file 'project3_interfaces.egg-info/SOURCES.txt'
[1.269s] writing manifest file 'project3_interfaces.egg-info/SOURCES.txt'
[1.274s] [  6%] Built target project3_interfaces__cpp
[1.282s] [  9%] [34m[1mGenerating C++ type support for eProsima Fast-RTPS[0m
[1.283s] [ 12%] [34m[1mGenerating C++ introspection for ROS interfaces[0m
[1.286s] [ 16%] [34m[1mGenerating C++ type support dispatch for ROS interfaces[0m
[1.295s] [35m[1mConsolidate compiler generated dependencies of target project3_interfaces__rosidl_generator_c[0m
[1.296s] [ 16%] Built target ament_cmake_python_build_project3_interfaces_egg
[1.305s] [ 19%] [32mBuilding C object CMakeFiles/project3_interfaces__rosidl_generator_c.dir/rosidl_generator_c/project3_interfaces/msg/detail/table_command__functions.c.o[0m
[1.355s] [ 22%] [32m[1mLinking C shared library libproject3_interfaces__rosidl_generator_c.so[0m
[1.396s] [ 22%] Built target project3_interfaces__rosidl_generator_c
[1.407s] [ 25%] [34m[1mGenerating C introspection for ROS interfaces[0m
[1.409s] [ 32%] [34m[1mGenerating C type support for eProsima Fast-RTPS[0m
[1.409s] [ 32%] [34m[1mGenerating C type support dispatch for ROS interfaces[0m
[1.473s] [35m[1mConsolidate compiler generated dependencies of target project3_interfaces__rosidl_typesupport_introspection_cpp[0m
[1.473s] [35m[1mConsolidate compiler generated dependencies of target project3_interfaces__rosidl_typesupport_cpp[0m
[1.482s] [ 35%] [32mBuilding CXX object CMakeFiles/project3_interfaces__rosidl_typesupport_introspection_cpp.dir/rosidl_typesupport_introspection_cpp/project3_interfaces/msg/detail/table_command__type_support.cpp.o[0m
[1.483s] [ 38%] [32mBuilding CXX object CMakeFiles/project3_interfaces__rosidl_typesupport_cpp.dir/rosidl_typesupport_cpp/project3_interfaces/msg/table_command__type_support.cpp.o[0m
[1.489s] [35m[1mConsolidate compiler generated dependencies of target project3_interfaces__rosidl_typesupport_fastrtps_cpp[0m
[1.505s] [ 41%] [32mBuilding CXX object CMakeFiles/project3_interfaces__rosidl_typesupport_fastrtps_cpp.dir/rosidl_typesupport_fastrtps_cpp/project3_interfaces/msg/detail/dds_fastrtps/table_command__type_support.cpp.o[0m
[1.621s] [35m[1mConsolidate compiler generated dependencies of target project3_interfaces__rosidl_typesupport_introspection_c[0m
[1.636s] [ 45%] [32mBuilding C object CMakeFiles/project3_interfaces__rosidl_typesupport_introspection_c.dir/rosidl_typesupport_introspection_c/project3_interfaces/msg/detail/table_command__type_support.c.o[0m
[1.660s] [ 48%] [32m[1mLinking CXX shared library libproject3_interfaces__rosidl_typesupport_cpp.so[0m
[1.670s] [ 51%] [32m[1mLinking C shared library libproject3_interfaces__rosidl_typesupport_introspection_c.so[0m
[1.697s] [ 51%] Built target project3_interfaces__rosidl_typesupport_cpp
[1.705s] [ 51%] Built target project3_interfaces__rosidl_typesupport_introspection_c
[1.741s] [ 54%] [32m[1mLinking CXX shared library libproject3_interfaces__rosidl_typesupport_introspection_cpp.so[0m
[1.749s] [35m[1mConsolidate compiler generated dependencies of target project3_interfaces__rosidl_typesupport_c[0m
[1.763s] [ 58%] [32mBuilding CXX object CMakeFiles/project3_interfaces__rosidl_typesupport_c.dir/rosidl_typesupport_c/project3_interfaces/msg/table_command__type_support.cpp.o[0m
[1.771s] [ 61%] [32m[1mLinking CXX shared library libproject3_interfaces__rosidl_typesupport_fastrtps_cpp.so[0m
[1.781s] [35m[1mConsolidate compiler generated dependencies of target project3_interfaces__rosidl_typesupport_fastrtps_c[0m
[1.795s] [ 64%] [32m[1mLinking CXX shared library libproject3_interfaces__rosidl_typesupport_c.so[0m
[1.796s] [ 67%] [32mBuilding CXX object CMakeFiles/project3_interfaces__rosidl_typesupport_fastrtps_c.dir/rosidl_typesupport_fastrtps_c/project3_interfaces/msg/detail/table_command__type_support_c.cpp.o[0m
[1.796s] [ 67%] Built target project3_interfaces__rosidl_typesupport_introspection_cpp
[1.833s] [ 67%] Built target project3_interfaces__rosidl_typesupport_c
[1.847s] [ 67%] Built target project3_interfaces__rosidl_typesupport_fastrtps_cpp
[2.008s] [ 70%] [32m[1mLinking CXX shared library libproject3_interfaces__rosidl_typesupport_fastrtps_c.so[0m
[2.071s] [ 70%] Built target project3_interfaces__rosidl_typesupport_fastrtps_c
[2.100s] [ 70%] Built target project3_interfaces
[2.130s] [ 74%] [34m[1mGenerating Python code for ROS interfaces[0m
[2.379s] [ 74%] Built target project3_interfaces__py
[2.392s] [35m[1mConsolidate compiler generated dependencies of target project3_interfaces__rosidl_generator_py[0m
[2.412s] [ 77%] [32mBuilding C object CMakeFiles/project3_interfaces__rosidl_generator_py.dir/rosidl_generator_py/project3_interfaces/msg/_table_command_s.c.o[0m
[2.493s] [ 80%] [32m[1mLinking C shared library rosidl_generator_py/project3_interfaces/libproject3_interfaces__rosidl_generator_py.so[0m
[2.539s] [ 80%] Built target project3_interfaces__rosidl_generator_py
[2.553s] [35m[1mConsolidate compiler generated dependencies of target project3_interfaces__rosidl_typesupport_introspection_c__pyext[0m
[2.553s] [35m[1mConsolidate compiler generated dependencies of target project3_interfaces__rosidl_typesupport_c__pyext[0m
[2.553s] [35m[1mConsolidate compiler generated dependencies of target project3_interfaces__rosidl_typesupport_fastrtps_c__pyext[0m
[2.565s] [ 83%] [32mBuilding C object CMakeFiles/project3_interfaces__rosidl_typesupport_c__pyext.dir/rosidl_generator_py/project3_interfaces/_project3_interfaces_s.ep.rosidl_typesupport_c.c.o[0m
[2.565s] [ 87%] [32mBuilding C object CMakeFiles/project3_interfaces__rosidl_typesupport_introspection_c__pyext.dir/rosidl_generator_py/project3_interfaces/_project3_interfaces_s.ep.rosidl_typesupport_introspection_c.c.o[0m
[2.566s] [ 90%] [32mBuilding C object CMakeFiles/project3_interfaces__rosidl_typesupport_fastrtps_c__pyext.dir/rosidl_generator_py/project3_interfaces/_project3_interfaces_s.ep.rosidl_typesupport_fastrtps_c.c.o[0m
[2.631s] [ 93%] [32m[1mLinking C shared library rosidl_generator_py/project3_interfaces/project3_interfaces_s__rosidl_typesupport_c.cpython-310-x86_64-linux-gnu.so[0m
[2.633s] [ 96%] [32m[1mLinking C shared library rosidl_generator_py/project3_interfaces/project3_interfaces_s__rosidl_typesupport_introspection_c.cpython-310-x86_64-linux-gnu.so[0m
[2.638s] [100%] [32m[1mLinking C shared library rosidl_generator_py/project3_interfaces/project3_interfaces_s__rosidl_typesupport_fastrtps_c.cpython-310-x86_64-linux-gnu.so[0m
[2.657s] [100%] Built target project3_interfaces__rosidl_typesupport_c__pyext
[2.666s] [100%] Built target project3_interfaces__rosidl_typesupport_fastrtps_c__pyext
[2.666s] [100%] Built target project3_interfaces__rosidl_typesupport_introspection_c__pyext
[2.675s] Invoked command in '/home/sujeong/rokey2_D1_Driving1/build/project3_interfaces' returned '0': CMAKE_PREFIX_PATH=/home/sujeong/rokey2_D1_Driving1/install/project3_interfaces:/home/sujeong/rokey2_D1_Driving1/install/driving1:/home/sujeong/turtlebot3_ws/install/turtlebot3_teleop:/home/sujeong/turtlebot3_ws/install/turtlebot3_example:/home/sujeong/ros2_ws/install/my_package:/opt/ros/humble:/home/sujeong/rokey2_D1_Driving1/install/driving1_interfaces:/home/sujeong/turtlebot3_ws/install/turtlebot3:/home/sujeong/turtlebot3_ws/install/turtlebot3_simulations:/home/sujeong/turtlebot3_ws/install/turtlebot3_bringup:/home/sujeong/turtlebot3_ws/install/turtlebot3_node:/home/sujeong/turtlebot3_ws/install/turtlebot3_navigation2:/home/sujeong/turtlebot3_ws/install/turtlebot3_fake_node:/home/sujeong/turtlebot3_ws/install/turtlebot3_msgs:/home/sujeong/turtlebot3_ws/install/turtlebot3_gazebo:/home/sujeong/turtlebot3_ws/install/turtlebot3_description:/home/sujeong/turtlebot3_ws/install/turtlebot3_cartographer:/home/sujeong/turtlebot3_ws/install/dynamixel_sdk_examples:/home/sujeong/turtlebot3_ws/install/dynamixel_sdk_custom_interfaces:/home/sujeong/turtlebot3_ws/install/dynamixel_sdk /usr/bin/cmake --build /home/sujeong/rokey2_D1_Driving1/build/project3_interfaces -- -j16 -l16
[2.677s] Invoking command in '/home/sujeong/rokey2_D1_Driving1/build/project3_interfaces': CMAKE_PREFIX_PATH=/home/sujeong/rokey2_D1_Driving1/install/project3_interfaces:/home/sujeong/rokey2_D1_Driving1/install/driving1:/home/sujeong/turtlebot3_ws/install/turtlebot3_teleop:/home/sujeong/turtlebot3_ws/install/turtlebot3_example:/home/sujeong/ros2_ws/install/my_package:/opt/ros/humble:/home/sujeong/rokey2_D1_Driving1/install/driving1_interfaces:/home/sujeong/turtlebot3_ws/install/turtlebot3:/home/sujeong/turtlebot3_ws/install/turtlebot3_simulations:/home/sujeong/turtlebot3_ws/install/turtlebot3_bringup:/home/sujeong/turtlebot3_ws/install/turtlebot3_node:/home/sujeong/turtlebot3_ws/install/turtlebot3_navigation2:/home/sujeong/turtlebot3_ws/install/turtlebot3_fake_node:/home/sujeong/turtlebot3_ws/install/turtlebot3_msgs:/home/sujeong/turtlebot3_ws/install/turtlebot3_gazebo:/home/sujeong/turtlebot3_ws/install/turtlebot3_description:/home/sujeong/turtlebot3_ws/install/turtlebot3_cartographer:/home/sujeong/turtlebot3_ws/install/dynamixel_sdk_examples:/home/sujeong/turtlebot3_ws/install/dynamixel_sdk_custom_interfaces:/home/sujeong/turtlebot3_ws/install/dynamixel_sdk /usr/bin/cmake --install /home/sujeong/rokey2_D1_Driving1/build/project3_interfaces
[2.683s] -- Install configuration: ""
[2.683s] -- Up-to-date: /home/sujeong/rokey2_D1_Driving1/install/project3_interfaces/share/ament_index/resource_index/rosidl_interfaces/project3_interfaces
[2.683s] -- Up-to-date: /home/sujeong/rokey2_D1_Driving1/install/project3_interfaces/include/project3_interfaces/project3_interfaces
[2.683s] -- Up-to-date: /home/sujeong/rokey2_D1_Driving1/install/project3_interfaces/include/project3_interfaces/project3_interfaces/msg
[2.683s] -- Up-to-date: /home/sujeong/rokey2_D1_Driving1/install/project3_interfaces/include/project3_interfaces/project3_interfaces/msg/detail
[2.683s] -- Installing: /home/sujeong/rokey2_D1_Driving1/install/project3_interfaces/include/project3_interfaces/project3_interfaces/msg/detail/table_command__functions.h
[2.684s] -- Installing: /home/sujeong/rokey2_D1_Driving1/install/project3_interfaces/include/project3_interfaces/project3_interfaces/msg/detail/table_command__type_support.h
[2.684s] -- Installing: /home/sujeong/rokey2_D1_Driving1/install/project3_interfaces/include/project3_interfaces/project3_interfaces/msg/detail/table_command__struct.h
[2.684s] -- Installing: /home/sujeong/rokey2_D1_Driving1/install/project3_interfaces/include/project3_interfaces/project3_interfaces/msg/detail/table_command__functions.c
[2.684s] -- Installing: /home/sujeong/rokey2_D1_Driving1/install/project3_interfaces/include/project3_interfaces/project3_interfaces/msg/table_command.h
[2.684s] -- Up-to-date: /home/sujeong/rokey2_D1_Driving1/install/project3_interfaces/include/project3_interfaces/project3_interfaces/msg/rosidl_generator_c__visibility_control.h
[2.684s] -- Up-to-date: /home/sujeong/rokey2_D1_Driving1/install/project3_interfaces/share/project3_interfaces/environment/library_path.sh
[2.684s] -- Installing: /home/sujeong/rokey2_D1_Driving1/install/project3_interfaces/share/project3_interfaces/environment/library_path.dsv
[2.684s] -- Installing: /home/sujeong/rokey2_D1_Driving1/install/project3_interfaces/lib/libproject3_interfaces__rosidl_generator_c.so
[2.684s] -- Set runtime path of "/home/sujeong/rokey2_D1_Driving1/install/project3_interfaces/lib/libproject3_interfaces__rosidl_generator_c.so" to ""
[2.684s] -- Up-to-date: /home/sujeong/rokey2_D1_Driving1/install/project3_interfaces/include/project3_interfaces/project3_interfaces
[2.684s] -- Up-to-date: /home/sujeong/rokey2_D1_Driving1/install/project3_interfaces/include/project3_interfaces/project3_interfaces/msg
[2.685s] -- Up-to-date: /home/sujeong/rokey2_D1_Driving1/install/project3_interfaces/include/project3_interfaces/project3_interfaces/msg/detail
[2.685s] -- Installing: /home/sujeong/rokey2_D1_Driving1/install/project3_interfaces/include/project3_interfaces/project3_interfaces/msg/detail/table_command__rosidl_typesupport_fastrtps_c.h
[2.685s] -- Up-to-date: /home/sujeong/rokey2_D1_Driving1/install/project3_interfaces/include/project3_interfaces/project3_interfaces/msg/rosidl_typesupport_fastrtps_c__visibility_control.h
[2.685s] -- Installing: /home/sujeong/rokey2_D1_Driving1/install/project3_interfaces/lib/libproject3_interfaces__rosidl_typesupport_fastrtps_c.so
[2.685s] -- Set runtime path of "/home/sujeong/rokey2_D1_Driving1/install/project3_interfaces/lib/libproject3_interfaces__rosidl_typesupport_fastrtps_c.so" to ""
[2.685s] -- Up-to-date: /home/sujeong/rokey2_D1_Driving1/install/project3_interfaces/include/project3_interfaces/project3_interfaces
[2.685s] -- Up-to-date: /home/sujeong/rokey2_D1_Driving1/install/project3_interfaces/include/project3_interfaces/project3_interfaces/msg
[2.685s] -- Up-to-date: /home/sujeong/rokey2_D1_Driving1/install/project3_interfaces/include/project3_interfaces/project3_interfaces/msg/detail
[2.685s] -- Installing: /home/sujeong/rokey2_D1_Driving1/install/project3_interfaces/include/project3_interfaces/project3_interfaces/msg/detail/table_command__type_support.c
[2.686s] -- Installing: /home/sujeong/rokey2_D1_Driving1/install/project3_interfaces/include/project3_interfaces/project3_interfaces/msg/detail/table_command__rosidl_typesupport_introspection_c.h
[2.686s] -- Up-to-date: /home/sujeong/rokey2_D1_Driving1/install/project3_interfaces/include/project3_interfaces/project3_interfaces/msg/rosidl_typesupport_introspection_c__visibility_control.h
[2.686s] -- Installing: /home/sujeong/rokey2_D1_Driving1/install/project3_interfaces/lib/libproject3_interfaces__rosidl_typesupport_introspection_c.so
[2.686s] -- Set runtime path of "/home/sujeong/rokey2_D1_Driving1/install/project3_interfaces/lib/libproject3_interfaces__rosidl_typesupport_introspection_c.so" to ""
[2.686s] -- Installing: /home/sujeong/rokey2_D1_Driving1/install/project3_interfaces/lib/libproject3_interfaces__rosidl_typesupport_c.so
[2.686s] -- Set runtime path of "/home/sujeong/rokey2_D1_Driving1/install/project3_interfaces/lib/libproject3_interfaces__rosidl_typesupport_c.so" to ""
[2.686s] -- Up-to-date: /home/sujeong/rokey2_D1_Driving1/install/project3_interfaces/include/project3_interfaces/project3_interfaces
[2.686s] -- Up-to-date: /home/sujeong/rokey2_D1_Driving1/install/project3_interfaces/include/project3_interfaces/project3_interfaces/msg
[2.686s] -- Up-to-date: /home/sujeong/rokey2_D1_Driving1/install/project3_interfaces/include/project3_interfaces/project3_interfaces/msg/rosidl_generator_cpp__visibility_control.hpp
[2.686s] -- Up-to-date: /home/sujeong/rokey2_D1_Driving1/install/project3_interfaces/include/project3_interfaces/project3_interfaces/msg/detail
[2.687s] -- Installing: /home/sujeong/rokey2_D1_Driving1/install/project3_interfaces/include/project3_interfaces/project3_interfaces/msg/detail/table_command__traits.hpp
[2.687s] -- Installing: /home/sujeong/rokey2_D1_Driving1/install/project3_interfaces/include/project3_interfaces/project3_interfaces/msg/detail/table_command__struct.hpp
[2.687s] -- Installing: /home/sujeong/rokey2_D1_Driving1/install/project3_interfaces/include/project3_interfaces/project3_interfaces/msg/detail/table_command__type_support.hpp
[2.687s] -- Installing: /home/sujeong/rokey2_D1_Driving1/install/project3_interfaces/include/project3_interfaces/project3_interfaces/msg/detail/table_command__builder.hpp
[2.687s] -- Installing: /home/sujeong/rokey2_D1_Driving1/install/project3_interfaces/include/project3_interfaces/project3_interfaces/msg/table_command.hpp
[2.687s] -- Up-to-date: /home/sujeong/rokey2_D1_Driving1/install/project3_interfaces/include/project3_interfaces/project3_interfaces
[2.687s] -- Up-to-date: /home/sujeong/rokey2_D1_Driving1/install/project3_interfaces/include/project3_interfaces/project3_interfaces/msg
[2.687s] -- Up-to-date: /home/sujeong/rokey2_D1_Driving1/install/project3_interfaces/include/project3_interfaces/project3_interfaces/msg/detail
[2.687s] -- Up-to-date: /home/sujeong/rokey2_D1_Driving1/install/project3_interfaces/include/project3_interfaces/project3_interfaces/msg/detail/dds_fastrtps
[2.687s] -- Installing: /home/sujeong/rokey2_D1_Driving1/install/project3_interfaces/include/project3_interfaces/project3_interfaces/msg/detail/table_command__rosidl_typesupport_fastrtps_cpp.hpp
[2.687s] -- Up-to-date: /home/sujeong/rokey2_D1_Driving1/install/project3_interfaces/include/project3_interfaces/project3_interfaces/msg/rosidl_typesupport_fastrtps_cpp__visibility_control.h
[2.688s] -- Installing: /home/sujeong/rokey2_D1_Driving1/install/project3_interfaces/lib/libproject3_interfaces__rosidl_typesupport_fastrtps_cpp.so
[2.688s] -- Set runtime path of "/home/sujeong/rokey2_D1_Driving1/install/project3_interfaces/lib/libproject3_interfaces__rosidl_typesupport_fastrtps_cpp.so" to ""
[2.688s] -- Up-to-date: /home/sujeong/rokey2_D1_Driving1/install/project3_interfaces/include/project3_interfaces/project3_interfaces
[2.688s] -- Up-to-date: /home/sujeong/rokey2_D1_Driving1/install/project3_interfaces/include/project3_interfaces/project3_interfaces/msg
[2.688s] -- Up-to-date: /home/sujeong/rokey2_D1_Driving1/install/project3_interfaces/include/project3_interfaces/project3_interfaces/msg/detail
[2.688s] -- Installing: /home/sujeong/rokey2_D1_Driving1/install/project3_interfaces/include/project3_interfaces/project3_interfaces/msg/detail/table_command__type_support.cpp
[2.688s] -- Installing: /home/sujeong/rokey2_D1_Driving1/install/project3_interfaces/include/project3_interfaces/project3_interfaces/msg/detail/table_command__rosidl_typesupport_introspection_cpp.hpp
[2.688s] -- Installing: /home/sujeong/rokey2_D1_Driving1/install/project3_interfaces/lib/libproject3_interfaces__rosidl_typesupport_introspection_cpp.so
[2.688s] -- Set runtime path of "/home/sujeong/rokey2_D1_Driving1/install/project3_interfaces/lib/libproject3_interfaces__rosidl_typesupport_introspection_cpp.so" to ""
[2.688s] -- Installing: /home/sujeong/rokey2_D1_Driving1/install/project3_interfaces/lib/libproject3_interfaces__rosidl_typesupport_cpp.so
[2.688s] -- Set runtime path of "/home/sujeong/rokey2_D1_Driving1/install/project3_interfaces/lib/libproject3_interfaces__rosidl_typesupport_cpp.so" to ""
[2.688s] -- Up-to-date: /home/sujeong/rokey2_D1_Driving1/install/project3_interfaces/share/project3_interfaces/environment/pythonpath.sh
[2.689s] -- Installing: /home/sujeong/rokey2_D1_Driving1/install/project3_interfaces/share/project3_interfaces/environment/pythonpath.dsv
[2.689s] -- Up-to-date: /home/sujeong/rokey2_D1_Driving1/install/project3_interfaces/lib/python3.10/site-packages/project3_interfaces-0.0.0-py3.10.egg-info
[2.689s] -- Installing: /home/sujeong/rokey2_D1_Driving1/install/project3_interfaces/lib/python3.10/site-packages/project3_interfaces-0.0.0-py3.10.egg-info/top_level.txt
[2.689s] -- Installing: /home/sujeong/rokey2_D1_Driving1/install/project3_interfaces/lib/python3.10/site-packages/project3_interfaces-0.0.0-py3.10.egg-info/PKG-INFO
[2.689s] -- Installing: /home/sujeong/rokey2_D1_Driving1/install/project3_interfaces/lib/python3.10/site-packages/project3_interfaces-0.0.0-py3.10.egg-info/SOURCES.txt
[2.689s] -- Installing: /home/sujeong/rokey2_D1_Driving1/install/project3_interfaces/lib/python3.10/site-packages/project3_interfaces-0.0.0-py3.10.egg-info/dependency_links.txt
[2.689s] -- Up-to-date: /home/sujeong/rokey2_D1_Driving1/install/project3_interfaces/lib/python3.10/site-packages/project3_interfaces
[2.689s] -- Installing: /home/sujeong/rokey2_D1_Driving1/install/project3_interfaces/lib/python3.10/site-packages/project3_interfaces/_project3_interfaces_s.ep.rosidl_typesupport_introspection_c.c
[2.689s] -- Installing: /home/sujeong/rokey2_D1_Driving1/install/project3_interfaces/lib/python3.10/site-packages/project3_interfaces/_project3_interfaces_s.ep.rosidl_typesupport_c.c
[2.689s] -- Installing: /home/sujeong/rokey2_D1_Driving1/install/project3_interfaces/lib/python3.10/site-packages/project3_interfaces/project3_interfaces_s__rosidl_typesupport_c.cpython-310-x86_64-linux-gnu.so
[2.689s] -- Installing: /home/sujeong/rokey2_D1_Driving1/install/project3_interfaces/lib/python3.10/site-packages/project3_interfaces/__init__.py
[2.689s] -- Installing: /home/sujeong/rokey2_D1_Driving1/install/project3_interfaces/lib/python3.10/site-packages/project3_interfaces/project3_interfaces_s__rosidl_typesupport_fastrtps_c.cpython-310-x86_64-linux-gnu.so
[2.690s] -- Installing: /home/sujeong/rokey2_D1_Driving1/install/project3_interfaces/lib/python3.10/site-packages/project3_interfaces/project3_interfaces_s__rosidl_typesupport_introspection_c.cpython-310-x86_64-linux-gnu.so
[2.690s] -- Up-to-date: /home/sujeong/rokey2_D1_Driving1/install/project3_interfaces/lib/python3.10/site-packages/project3_interfaces/msg
[2.690s] -- Installing: /home/sujeong/rokey2_D1_Driving1/install/project3_interfaces/lib/python3.10/site-packages/project3_interfaces/msg/_table_command.py
[2.690s] -- Installing: /home/sujeong/rokey2_D1_Driving1/install/project3_interfaces/lib/python3.10/site-packages/project3_interfaces/msg/__init__.py
[2.690s] -- Installing: /home/sujeong/rokey2_D1_Driving1/install/project3_interfaces/lib/python3.10/site-packages/project3_interfaces/msg/_table_command_s.c
[2.690s] -- Installing: /home/sujeong/rokey2_D1_Driving1/install/project3_interfaces/lib/python3.10/site-packages/project3_interfaces/_project3_interfaces_s.ep.rosidl_typesupport_fastrtps_c.c
[2.690s] -- Installing: /home/sujeong/rokey2_D1_Driving1/install/project3_interfaces/lib/python3.10/site-packages/project3_interfaces/libproject3_interfaces__rosidl_generator_py.so
[2.720s] Listing '/home/sujeong/rokey2_D1_Driving1/install/project3_interfaces/lib/python3.10/site-packages/project3_interfaces'...
[2.720s] Compiling '/home/sujeong/rokey2_D1_Driving1/install/project3_interfaces/lib/python3.10/site-packages/project3_interfaces/__init__.py'...
[2.720s] Listing '/home/sujeong/rokey2_D1_Driving1/install/project3_interfaces/lib/python3.10/site-packages/project3_interfaces/msg'...
[2.720s] Compiling '/home/sujeong/rokey2_D1_Driving1/install/project3_interfaces/lib/python3.10/site-packages/project3_interfaces/msg/__init__.py'...
[2.720s] Compiling '/home/sujeong/rokey2_D1_Driving1/install/project3_interfaces/lib/python3.10/site-packages/project3_interfaces/msg/_table_command.py'...
[2.723s] -- Installing: /home/sujeong/rokey2_D1_Driving1/install/project3_interfaces/lib/python3.10/site-packages/project3_interfaces/project3_interfaces_s__rosidl_typesupport_fastrtps_c.cpython-310-x86_64-linux-gnu.so
[2.723s] -- Set runtime path of "/home/sujeong/rokey2_D1_Driving1/install/project3_interfaces/lib/python3.10/site-packages/project3_interfaces/project3_interfaces_s__rosidl_typesupport_fastrtps_c.cpython-310-x86_64-linux-gnu.so" to ""
[2.723s] -- Installing: /home/sujeong/rokey2_D1_Driving1/install/project3_interfaces/lib/python3.10/site-packages/project3_interfaces/project3_interfaces_s__rosidl_typesupport_introspection_c.cpython-310-x86_64-linux-gnu.so
[2.724s] -- Set runtime path of "/home/sujeong/rokey2_D1_Driving1/install/project3_interfaces/lib/python3.10/site-packages/project3_interfaces/project3_interfaces_s__rosidl_typesupport_introspection_c.cpython-310-x86_64-linux-gnu.so" to ""
[2.724s] -- Installing: /home/sujeong/rokey2_D1_Driving1/install/project3_interfaces/lib/python3.10/site-packages/project3_interfaces/project3_interfaces_s__rosidl_typesupport_c.cpython-310-x86_64-linux-gnu.so
[2.724s] -- Set runtime path of "/home/sujeong/rokey2_D1_Driving1/install/project3_interfaces/lib/python3.10/site-packages/project3_interfaces/project3_interfaces_s__rosidl_typesupport_c.cpython-310-x86_64-linux-gnu.so" to ""
[2.724s] -- Installing: /home/sujeong/rokey2_D1_Driving1/install/project3_interfaces/lib/libproject3_interfaces__rosidl_generator_py.so
[2.724s] -- Set runtime path of "/home/sujeong/rokey2_D1_Driving1/install/project3_interfaces/lib/libproject3_interfaces__rosidl_generator_py.so" to ""
[2.724s] -- Installing: /home/sujeong/rokey2_D1_Driving1/install/project3_interfaces/share/project3_interfaces/msg/TableCommand.idl
[2.724s] -- Installing: /home/sujeong/rokey2_D1_Driving1/install/project3_interfaces/share/project3_interfaces/msg/TableCommand.msg
[2.724s] -- Up-to-date: /home/sujeong/rokey2_D1_Driving1/install/project3_interfaces/share/ament_index/resource_index/package_run_dependencies/project3_interfaces
[2.725s] -- Up-to-date: /home/sujeong/rokey2_D1_Driving1/install/project3_interfaces/share/ament_index/resource_index/parent_prefix_path/project3_interfaces
[2.725s] -- Up-to-date: /home/sujeong/rokey2_D1_Driving1/install/project3_interfaces/share/project3_interfaces/environment/ament_prefix_path.sh
[2.725s] -- Installing: /home/sujeong/rokey2_D1_Driving1/install/project3_interfaces/share/project3_interfaces/environment/ament_prefix_path.dsv
[2.725s] -- Up-to-date: /home/sujeong/rokey2_D1_Driving1/install/project3_interfaces/share/project3_interfaces/environment/path.sh
[2.725s] -- Installing: /home/sujeong/rokey2_D1_Driving1/install/project3_interfaces/share/project3_interfaces/environment/path.dsv
[2.725s] -- Up-to-date: /home/sujeong/rokey2_D1_Driving1/install/project3_interfaces/share/project3_interfaces/local_setup.bash
[2.725s] -- Up-to-date: /home/sujeong/rokey2_D1_Driving1/install/project3_interfaces/share/project3_interfaces/local_setup.sh
[2.725s] -- Up-to-date: /home/sujeong/rokey2_D1_Driving1/install/project3_interfaces/share/project3_interfaces/local_setup.zsh
[2.725s] -- Installing: /home/sujeong/rokey2_D1_Driving1/install/project3_interfaces/share/project3_interfaces/local_setup.dsv
[2.726s] -- Installing: /home/sujeong/rokey2_D1_Driving1/install/project3_interfaces/share/project3_interfaces/package.dsv
[2.726s] -- Up-to-date: /home/sujeong/rokey2_D1_Driving1/install/project3_interfaces/share/ament_index/resource_index/packages/project3_interfaces
[2.726s] -- Up-to-date: /home/sujeong/rokey2_D1_Driving1/install/project3_interfaces/share/project3_interfaces/cmake/export_project3_interfaces__rosidl_generator_cExport.cmake
[2.726s] -- Up-to-date: /home/sujeong/rokey2_D1_Driving1/install/project3_interfaces/share/project3_interfaces/cmake/export_project3_interfaces__rosidl_generator_cExport-noconfig.cmake
[2.726s] -- Up-to-date: /home/sujeong/rokey2_D1_Driving1/install/project3_interfaces/share/project3_interfaces/cmake/export_project3_interfaces__rosidl_typesupport_fastrtps_cExport.cmake
[2.726s] -- Up-to-date: /home/sujeong/rokey2_D1_Driving1/install/project3_interfaces/share/project3_interfaces/cmake/export_project3_interfaces__rosidl_typesupport_fastrtps_cExport-noconfig.cmake
[2.726s] -- Up-to-date: /home/sujeong/rokey2_D1_Driving1/install/project3_interfaces/share/project3_interfaces/cmake/project3_interfaces__rosidl_typesupport_introspection_cExport.cmake
[2.726s] -- Up-to-date: /home/sujeong/rokey2_D1_Driving1/install/project3_interfaces/share/project3_interfaces/cmake/project3_interfaces__rosidl_typesupport_introspection_cExport-noconfig.cmake
[2.726s] -- Up-to-date: /home/sujeong/rokey2_D1_Driving1/install/project3_interfaces/share/project3_interfaces/cmake/project3_interfaces__rosidl_typesupport_cExport.cmake
[2.726s] -- Up-to-date: /home/sujeong/rokey2_D1_Driving1/install/project3_interfaces/share/project3_interfaces/cmake/project3_interfaces__rosidl_typesupport_cExport-noconfig.cmake
[2.726s] -- Up-to-date: /home/sujeong/rokey2_D1_Driving1/install/project3_interfaces/share/project3_interfaces/cmake/export_project3_interfaces__rosidl_generator_cppExport.cmake
[2.727s] -- Up-to-date: /home/sujeong/rokey2_D1_Driving1/install/project3_interfaces/share/project3_interfaces/cmake/export_project3_interfaces__rosidl_typesupport_fastrtps_cppExport.cmake
[2.727s] -- Up-to-date: /home/sujeong/rokey2_D1_Driving1/install/project3_interfaces/share/project3_interfaces/cmake/export_project3_interfaces__rosidl_typesupport_fastrtps_cppExport-noconfig.cmake
[2.727s] -- Up-to-date: /home/sujeong/rokey2_D1_Driving1/install/project3_interfaces/share/project3_interfaces/cmake/project3_interfaces__rosidl_typesupport_introspection_cppExport.cmake
[2.727s] -- Up-to-date: /home/sujeong/rokey2_D1_Driving1/install/project3_interfaces/share/project3_interfaces/cmake/project3_interfaces__rosidl_typesupport_introspection_cppExport-noconfig.cmake
[2.727s] -- Up-to-date: /home/sujeong/rokey2_D1_Driving1/install/project3_interfaces/share/project3_interfaces/cmake/project3_interfaces__rosidl_typesupport_cppExport.cmake
[2.727s] -- Up-to-date: /home/sujeong/rokey2_D1_Driving1/install/project3_interfaces/share/project3_interfaces/cmake/project3_interfaces__rosidl_typesupport_cppExport-noconfig.cmake
[2.727s] -- Up-to-date: /home/sujeong/rokey2_D1_Driving1/install/project3_interfaces/share/project3_interfaces/cmake/export_project3_interfaces__rosidl_generator_pyExport.cmake
[2.727s] -- Up-to-date: /home/sujeong/rokey2_D1_Driving1/install/project3_interfaces/share/project3_interfaces/cmake/export_project3_interfaces__rosidl_generator_pyExport-noconfig.cmake
[2.728s] -- Up-to-date: /home/sujeong/rokey2_D1_Driving1/install/project3_interfaces/share/project3_interfaces/cmake/rosidl_cmake-extras.cmake
[2.728s] -- Up-to-date: /home/sujeong/rokey2_D1_Driving1/install/project3_interfaces/share/project3_interfaces/cmake/ament_cmake_export_include_directories-extras.cmake
[2.728s] -- Up-to-date: /home/sujeong/rokey2_D1_Driving1/install/project3_interfaces/share/project3_interfaces/cmake/ament_cmake_export_libraries-extras.cmake
[2.729s] -- Up-to-date: /home/sujeong/rokey2_D1_Driving1/install/project3_interfaces/share/project3_interfaces/cmake/ament_cmake_export_targets-extras.cmake
[2.729s] -- Up-to-date: /home/sujeong/rokey2_D1_Driving1/install/project3_interfaces/share/project3_interfaces/cmake/rosidl_cmake_export_typesupport_targets-extras.cmake
[2.729s] -- Up-to-date: /home/sujeong/rokey2_D1_Driving1/install/project3_interfaces/share/project3_interfaces/cmake/ament_cmake_export_dependencies-extras.cmake
[2.729s] -- Up-to-date: /home/sujeong/rokey2_D1_Driving1/install/project3_interfaces/share/project3_interfaces/cmake/rosidl_cmake_export_typesupport_libraries-extras.cmake
[2.729s] -- Up-to-date: /home/sujeong/rokey2_D1_Driving1/install/project3_interfaces/share/project3_interfaces/cmake/project3_interfacesConfig.cmake
[2.729s] -- Up-to-date: /home/sujeong/rokey2_D1_Driving1/install/project3_interfaces/share/project3_interfaces/cmake/project3_interfacesConfig-version.cmake
[2.729s] -- Up-to-date: /home/sujeong/rokey2_D1_Driving1/install/project3_interfaces/share/project3_interfaces/package.xml
[2.730s] Invoked command in '/home/sujeong/rokey2_D1_Driving1/build/project3_interfaces' returned '0': CMAKE_PREFIX_PATH=/home/sujeong/rokey2_D1_Driving1/install/project3_interfaces:/home/sujeong/rokey2_D1_Driving1/install/driving1:/home/sujeong/turtlebot3_ws/install/turtlebot3_teleop:/home/sujeong/turtlebot3_ws/install/turtlebot3_example:/home/sujeong/ros2_ws/install/my_package:/opt/ros/humble:/home/sujeong/rokey2_D1_Driving1/install/driving1_interfaces:/home/sujeong/turtlebot3_ws/install/turtlebot3:/home/sujeong/turtlebot3_ws/install/turtlebot3_simulations:/home/sujeong/turtlebot3_ws/install/turtlebot3_bringup:/home/sujeong/turtlebot3_ws/install/turtlebot3_node:/home/sujeong/turtlebot3_ws/install/turtlebot3_navigation2:/home/sujeong/turtlebot3_ws/install/turtlebot3_fake_node:/home/sujeong/turtlebot3_ws/install/turtlebot3_msgs:/home/sujeong/turtlebot3_ws/install/turtlebot3_gazebo:/home/sujeong/turtlebot3_ws/install/turtlebot3_description:/home/sujeong/turtlebot3_ws/install/turtlebot3_cartographer:/home/sujeong/turtlebot3_ws/install/dynamixel_sdk_examples:/home/sujeong/turtlebot3_ws/install/dynamixel_sdk_custom_interfaces:/home/sujeong/turtlebot3_ws/install/dynamixel_sdk /usr/bin/cmake --install /home/sujeong/rokey2_D1_Driving1/build/project3_interfaces
