-- Found ament_cmake: 1.3.11 (/opt/ros/humble/share/ament_cmake/cmake)
-- Found rosidl_default_generators: 1.2.0 (/opt/ros/humble/share/rosidl_default_generators/cmake)
-- Using all available rosidl_typesupport_c: rosidl_typesupport_fastrtps_c;rosidl_typesupport_introspection_c
-- Found rosidl_adapter: 3.1.6 (/opt/ros/humble/share/rosidl_adapter/cmake)
-- Using all available rosidl_typesupport_cpp: rosidl_typesupport_fastrtps_cpp;rosidl_typesupport_introspection_cpp
-- Found std_msgs: 4.2.4 (/opt/ros/humble/share/std_msgs/cmake)
-- Found ament_cmake_ros: 0.10.0 (/opt/ros/humble/share/ament_cmake_ros/cmake)
-- Using all available rosidl_typesupport_c: rosidl_typesupport_fastrtps_c;rosidl_typesupport_introspection_c
-- Using all available rosidl_typesupport_cpp: rosidl_typesupport_fastrtps_cpp;rosidl_typesupport_introspection_cpp
-- Found python_cmake_module: 0.10.0 (/opt/ros/humble/share/python_cmake_module/cmake)
-- Using PYTHON_EXECUTABLE: /usr/local/bin/python3
-- Using PYTHON_INCLUDE_DIRS: /usr/local/include/python3.10
-- Using PYTHON_LIBRARIES: /usr/local/lib/libpython3.10.so
-- Using numpy include directory: /home/sujeong/.local/lib/python3.10/site-packages/numpy/_core/include
-- Configuring done
[33mCMake Warning at /opt/ros/humble/share/rosidl_generator_py/cmake/rosidl_generator_py_generate_interfaces.cmake:166 (add_library):
  Cannot generate a safe runtime search path for target
  driving1_interfaces__rosidl_generator_py because files in some directories
  may conflict with libraries in implicit directories:

    runtime library [libpython3.10.so.1.0] in /usr/lib/x86_64-linux-gnu may be hidden by files in:
      /usr/local/lib

  Some of these libraries may not be found correctly.
Call Stack (most recent call first):
  /opt/ros/humble/share/ament_cmake_core/cmake/core/ament_execute_extensions.cmake:48 (include)
  /opt/ros/humble/share/rosidl_cmake/cmake/rosidl_generate_interfaces.cmake:286 (ament_execute_extensions)
  CMakeLists.txt:10 (rosidl_generate_interfaces)

[0m
[33mCMake Warning at /opt/ros/humble/share/rosidl_generator_py/cmake/rosidl_generator_py_generate_interfaces.cmake:226 (add_library):
  Cannot generate a safe runtime search path for target
  driving1_interfaces__rosidl_typesupport_fastrtps_c__pyext because files in
  some directories may conflict with libraries in implicit directories:

    runtime library [libpython3.10.so.1.0] in /usr/lib/x86_64-linux-gnu may be hidden by files in:
      /usr/local/lib

  Some of these libraries may not be found correctly.
Call Stack (most recent call first):
  /opt/ros/humble/share/ament_cmake_core/cmake/core/ament_execute_extensions.cmake:48 (include)
  /opt/ros/humble/share/rosidl_cmake/cmake/rosidl_generate_interfaces.cmake:286 (ament_execute_extensions)
  CMakeLists.txt:10 (rosidl_generate_interfaces)

[0m
[33mCMake Warning at /opt/ros/humble/share/rosidl_generator_py/cmake/rosidl_generator_py_generate_interfaces.cmake:226 (add_library):
  Cannot generate a safe runtime search path for target
  driving1_interfaces__rosidl_typesupport_introspection_c__pyext because
  files in some directories may conflict with libraries in implicit
  directories:

    runtime library [libpython3.10.so.1.0] in /usr/lib/x86_64-linux-gnu may be hidden by files in:
      /usr/local/lib

  Some of these libraries may not be found correctly.
Call Stack (most recent call first):
  /opt/ros/humble/share/ament_cmake_core/cmake/core/ament_execute_extensions.cmake:48 (include)
  /opt/ros/humble/share/rosidl_cmake/cmake/rosidl_generate_interfaces.cmake:286 (ament_execute_extensions)
  CMakeLists.txt:10 (rosidl_generate_interfaces)

[0m
[33mCMake Warning at /opt/ros/humble/share/rosidl_generator_py/cmake/rosidl_generator_py_generate_interfaces.cmake:226 (add_library):
  Cannot generate a safe runtime search path for target
  driving1_interfaces__rosidl_typesupport_c__pyext because files in some
  directories may conflict with libraries in implicit directories:

    runtime library [libpython3.10.so.1.0] in /usr/lib/x86_64-linux-gnu may be hidden by files in:
      /usr/local/lib

  Some of these libraries may not be found correctly.
Call Stack (most recent call first):
  /opt/ros/humble/share/ament_cmake_core/cmake/core/ament_execute_extensions.cmake:48 (include)
  /opt/ros/humble/share/rosidl_cmake/cmake/rosidl_generate_interfaces.cmake:286 (ament_execute_extensions)
  CMakeLists.txt:10 (rosidl_generate_interfaces)

[0m
-- Generating done
-- Build files have been written to: /home/sujeong/rokey2_D1_Driving1/build/driving1_interfaces
[  3%] [34m[1mGenerating C code for ROS interfaces[0m
[  6%] [34m[1mGenerating C++ code for ROS interfaces[0m
[  6%] Built target ament_cmake_python_copy_driving1_interfaces
running egg_info
writing driving1_interfaces.egg-info/PKG-INFO
writing dependency_links to driving1_interfaces.egg-info/dependency_links.txt
writing top-level names to driving1_interfaces.egg-info/top_level.txt
reading manifest file 'driving1_interfaces.egg-info/SOURCES.txt'
writing manifest file 'driving1_interfaces.egg-info/SOURCES.txt'
[  6%] Built target ament_cmake_python_build_driving1_interfaces_egg
[  6%] Built target driving1_interfaces__cpp
[35m[1mConsolidate compiler generated dependencies of target driving1_interfaces__rosidl_generator_c[0m
[ 12%] [34m[1mGenerating C++ type support for eProsima Fast-RTPS[0m
[ 12%] [34m[1mGenerating C++ type support dispatch for ROS interfaces[0m
[ 16%] [34m[1mGenerating C++ introspection for ROS interfaces[0m
[ 19%] [32mBuilding C object CMakeFiles/driving1_interfaces__rosidl_generator_c.dir/rosidl_generator_c/driving1_interfaces/srv/detail/notify_soldout__functions.c.o[0m
[ 22%] [32m[1mLinking C shared library libdriving1_interfaces__rosidl_generator_c.so[0m
[ 22%] Built target driving1_interfaces__rosidl_generator_c
[ 32%] [34m[1mGenerating C introspection for ROS interfaces[0m
[ 32%] [34m[1mGenerating C type support dispatch for ROS interfaces[0m
[ 32%] [34m[1mGenerating C type support for eProsima Fast-RTPS[0m
[35m[1mConsolidate compiler generated dependencies of target driving1_interfaces__rosidl_typesupport_cpp[0m
[ 35%] [32mBuilding CXX object CMakeFiles/driving1_interfaces__rosidl_typesupport_cpp.dir/rosidl_typesupport_cpp/driving1_interfaces/srv/notify_soldout__type_support.cpp.o[0m
[35m[1mConsolidate compiler generated dependencies of target driving1_interfaces__rosidl_typesupport_introspection_cpp[0m
[ 38%] [32mBuilding CXX object CMakeFiles/driving1_interfaces__rosidl_typesupport_introspection_cpp.dir/rosidl_typesupport_introspection_cpp/driving1_interfaces/srv/detail/notify_soldout__type_support.cpp.o[0m
[35m[1mConsolidate compiler generated dependencies of target driving1_interfaces__rosidl_typesupport_fastrtps_cpp[0m
[ 41%] [32mBuilding CXX object CMakeFiles/driving1_interfaces__rosidl_typesupport_fastrtps_cpp.dir/rosidl_typesupport_fastrtps_cpp/driving1_interfaces/srv/detail/dds_fastrtps/notify_soldout__type_support.cpp.o[0m
[35m[1mConsolidate compiler generated dependencies of target driving1_interfaces__rosidl_typesupport_c[0m
[ 45%] [32mBuilding CXX object CMakeFiles/driving1_interfaces__rosidl_typesupport_c.dir/rosidl_typesupport_c/driving1_interfaces/srv/notify_soldout__type_support.cpp.o[0m
[ 48%] [32m[1mLinking CXX shared library libdriving1_interfaces__rosidl_typesupport_c.so[0m
[35m[1mConsolidate compiler generated dependencies of target driving1_interfaces__rosidl_typesupport_fastrtps_c[0m
[ 51%] [32m[1mLinking CXX shared library libdriving1_interfaces__rosidl_typesupport_cpp.so[0m
[ 54%] [32mBuilding CXX object CMakeFiles/driving1_interfaces__rosidl_typesupport_fastrtps_c.dir/rosidl_typesupport_fastrtps_c/driving1_interfaces/srv/detail/notify_soldout__type_support_c.cpp.o[0m
[ 54%] Built target driving1_interfaces__rosidl_typesupport_c
[ 54%] Built target driving1_interfaces__rosidl_typesupport_cpp
[ 58%] [32m[1mLinking CXX shared library libdriving1_interfaces__rosidl_typesupport_introspection_cpp.so[0m
[35m[1mConsolidate compiler generated dependencies of target driving1_interfaces__rosidl_typesupport_introspection_c[0m
[ 61%] [32mBuilding C object CMakeFiles/driving1_interfaces__rosidl_typesupport_introspection_c.dir/rosidl_typesupport_introspection_c/driving1_interfaces/srv/detail/notify_soldout__type_support.c.o[0m
[ 61%] Built target driving1_interfaces__rosidl_typesupport_introspection_cpp
[ 64%] [32m[1mLinking C shared library libdriving1_interfaces__rosidl_typesupport_introspection_c.so[0m
[ 67%] [32m[1mLinking CXX shared library libdriving1_interfaces__rosidl_typesupport_fastrtps_cpp.so[0m
[ 67%] Built target driving1_interfaces__rosidl_typesupport_introspection_c
[ 70%] [32m[1mLinking CXX shared library libdriving1_interfaces__rosidl_typesupport_fastrtps_c.so[0m
[ 70%] Built target driving1_interfaces__rosidl_typesupport_fastrtps_cpp
[ 70%] Built target driving1_interfaces__rosidl_typesupport_fastrtps_c
[ 70%] Built target driving1_interfaces
[ 74%] [34m[1mGenerating Python code for ROS interfaces[0m
[ 74%] Built target driving1_interfaces__py
[35m[1mConsolidate compiler generated dependencies of target driving1_interfaces__rosidl_generator_py[0m
[ 77%] [32mBuilding C object CMakeFiles/driving1_interfaces__rosidl_generator_py.dir/rosidl_generator_py/driving1_interfaces/srv/_notify_soldout_s.c.o[0m
[ 80%] [32m[1mLinking C shared library rosidl_generator_py/driving1_interfaces/libdriving1_interfaces__rosidl_generator_py.so[0m
[ 80%] Built target driving1_interfaces__rosidl_generator_py
[35m[1mConsolidate compiler generated dependencies of target driving1_interfaces__rosidl_typesupport_c__pyext[0m
[35m[1mConsolidate compiler generated dependencies of target driving1_interfaces__rosidl_typesupport_fastrtps_c__pyext[0m
[35m[1mConsolidate compiler generated dependencies of target driving1_interfaces__rosidl_typesupport_introspection_c__pyext[0m
[ 87%] [32mBuilding C object CMakeFiles/driving1_interfaces__rosidl_typesupport_c__pyext.dir/rosidl_generator_py/driving1_interfaces/_driving1_interfaces_s.ep.rosidl_typesupport_c.c.o[0m
[ 87%] [32mBuilding C object CMakeFiles/driving1_interfaces__rosidl_typesupport_introspection_c__pyext.dir/rosidl_generator_py/driving1_interfaces/_driving1_interfaces_s.ep.rosidl_typesupport_introspection_c.c.o[0m
[ 90%] [32mBuilding C object CMakeFiles/driving1_interfaces__rosidl_typesupport_fastrtps_c__pyext.dir/rosidl_generator_py/driving1_interfaces/_driving1_interfaces_s.ep.rosidl_typesupport_fastrtps_c.c.o[0m
[ 93%] [32m[1mLinking C shared library rosidl_generator_py/driving1_interfaces/driving1_interfaces_s__rosidl_typesupport_fastrtps_c.cpython-310-x86_64-linux-gnu.so[0m
[ 96%] [32m[1mLinking C shared library rosidl_generator_py/driving1_interfaces/driving1_interfaces_s__rosidl_typesupport_introspection_c.cpython-310-x86_64-linux-gnu.so[0m
[100%] [32m[1mLinking C shared library rosidl_generator_py/driving1_interfaces/driving1_interfaces_s__rosidl_typesupport_c.cpython-310-x86_64-linux-gnu.so[0m
[100%] Built target driving1_interfaces__rosidl_typesupport_introspection_c__pyext
[100%] Built target driving1_interfaces__rosidl_typesupport_fastrtps_c__pyext
[100%] Built target driving1_interfaces__rosidl_typesupport_c__pyext
-- Install configuration: ""
-- Up-to-date: /home/sujeong/rokey2_D1_Driving1/install/driving1_interfaces/share/ament_index/resource_index/rosidl_interfaces/driving1_interfaces
-- Up-to-date: /home/sujeong/rokey2_D1_Driving1/install/driving1_interfaces/include/driving1_interfaces/driving1_interfaces
-- Up-to-date: /home/sujeong/rokey2_D1_Driving1/install/driving1_interfaces/include/driving1_interfaces/driving1_interfaces/srv
-- Up-to-date: /home/sujeong/rokey2_D1_Driving1/install/driving1_interfaces/include/driving1_interfaces/driving1_interfaces/srv/detail
-- Installing: /home/sujeong/rokey2_D1_Driving1/install/driving1_interfaces/include/driving1_interfaces/driving1_interfaces/srv/detail/notify_soldout__functions.h
-- Installing: /home/sujeong/rokey2_D1_Driving1/install/driving1_interfaces/include/driving1_interfaces/driving1_interfaces/srv/detail/notify_soldout__functions.c
-- Installing: /home/sujeong/rokey2_D1_Driving1/install/driving1_interfaces/include/driving1_interfaces/driving1_interfaces/srv/detail/notify_soldout__type_support.h
-- Installing: /home/sujeong/rokey2_D1_Driving1/install/driving1_interfaces/include/driving1_interfaces/driving1_interfaces/srv/detail/notify_soldout__struct.h
-- Installing: /home/sujeong/rokey2_D1_Driving1/install/driving1_interfaces/include/driving1_interfaces/driving1_interfaces/srv/notify_soldout.h
-- Up-to-date: /home/sujeong/rokey2_D1_Driving1/install/driving1_interfaces/include/driving1_interfaces/driving1_interfaces/msg
-- Up-to-date: /home/sujeong/rokey2_D1_Driving1/install/driving1_interfaces/include/driving1_interfaces/driving1_interfaces/msg/rosidl_generator_c__visibility_control.h
-- Up-to-date: /home/sujeong/rokey2_D1_Driving1/install/driving1_interfaces/share/driving1_interfaces/environment/library_path.sh
-- Installing: /home/sujeong/rokey2_D1_Driving1/install/driving1_interfaces/share/driving1_interfaces/environment/library_path.dsv
-- Installing: /home/sujeong/rokey2_D1_Driving1/install/driving1_interfaces/lib/libdriving1_interfaces__rosidl_generator_c.so
-- Set runtime path of "/home/sujeong/rokey2_D1_Driving1/install/driving1_interfaces/lib/libdriving1_interfaces__rosidl_generator_c.so" to ""
-- Up-to-date: /home/sujeong/rokey2_D1_Driving1/install/driving1_interfaces/include/driving1_interfaces/driving1_interfaces
-- Up-to-date: /home/sujeong/rokey2_D1_Driving1/install/driving1_interfaces/include/driving1_interfaces/driving1_interfaces/srv
-- Up-to-date: /home/sujeong/rokey2_D1_Driving1/install/driving1_interfaces/include/driving1_interfaces/driving1_interfaces/srv/detail
-- Installing: /home/sujeong/rokey2_D1_Driving1/install/driving1_interfaces/include/driving1_interfaces/driving1_interfaces/srv/detail/notify_soldout__rosidl_typesupport_fastrtps_c.h
-- Up-to-date: /home/sujeong/rokey2_D1_Driving1/install/driving1_interfaces/include/driving1_interfaces/driving1_interfaces/msg
-- Up-to-date: /home/sujeong/rokey2_D1_Driving1/install/driving1_interfaces/include/driving1_interfaces/driving1_interfaces/msg/rosidl_typesupport_fastrtps_c__visibility_control.h
-- Installing: /home/sujeong/rokey2_D1_Driving1/install/driving1_interfaces/lib/libdriving1_interfaces__rosidl_typesupport_fastrtps_c.so
-- Set runtime path of "/home/sujeong/rokey2_D1_Driving1/install/driving1_interfaces/lib/libdriving1_interfaces__rosidl_typesupport_fastrtps_c.so" to ""
-- Up-to-date: /home/sujeong/rokey2_D1_Driving1/install/driving1_interfaces/include/driving1_interfaces/driving1_interfaces
-- Up-to-date: /home/sujeong/rokey2_D1_Driving1/install/driving1_interfaces/include/driving1_interfaces/driving1_interfaces/srv
-- Up-to-date: /home/sujeong/rokey2_D1_Driving1/install/driving1_interfaces/include/driving1_interfaces/driving1_interfaces/srv/detail
-- Installing: /home/sujeong/rokey2_D1_Driving1/install/driving1_interfaces/include/driving1_interfaces/driving1_interfaces/srv/detail/notify_soldout__type_support.c
-- Installing: /home/sujeong/rokey2_D1_Driving1/install/driving1_interfaces/include/driving1_interfaces/driving1_interfaces/srv/detail/notify_soldout__rosidl_typesupport_introspection_c.h
-- Up-to-date: /home/sujeong/rokey2_D1_Driving1/install/driving1_interfaces/include/driving1_interfaces/driving1_interfaces/msg
-- Up-to-date: /home/sujeong/rokey2_D1_Driving1/install/driving1_interfaces/include/driving1_interfaces/driving1_interfaces/msg/rosidl_typesupport_introspection_c__visibility_control.h
-- Installing: /home/sujeong/rokey2_D1_Driving1/install/driving1_interfaces/lib/libdriving1_interfaces__rosidl_typesupport_introspection_c.so
-- Set runtime path of "/home/sujeong/rokey2_D1_Driving1/install/driving1_interfaces/lib/libdriving1_interfaces__rosidl_typesupport_introspection_c.so" to ""
-- Installing: /home/sujeong/rokey2_D1_Driving1/install/driving1_interfaces/lib/libdriving1_interfaces__rosidl_typesupport_c.so
-- Set runtime path of "/home/sujeong/rokey2_D1_Driving1/install/driving1_interfaces/lib/libdriving1_interfaces__rosidl_typesupport_c.so" to ""
-- Up-to-date: /home/sujeong/rokey2_D1_Driving1/install/driving1_interfaces/include/driving1_interfaces/driving1_interfaces
-- Up-to-date: /home/sujeong/rokey2_D1_Driving1/install/driving1_interfaces/include/driving1_interfaces/driving1_interfaces/srv
-- Up-to-date: /home/sujeong/rokey2_D1_Driving1/install/driving1_interfaces/include/driving1_interfaces/driving1_interfaces/srv/detail
-- Installing: /home/sujeong/rokey2_D1_Driving1/install/driving1_interfaces/include/driving1_interfaces/driving1_interfaces/srv/detail/notify_soldout__type_support.hpp
-- Installing: /home/sujeong/rokey2_D1_Driving1/install/driving1_interfaces/include/driving1_interfaces/driving1_interfaces/srv/detail/notify_soldout__builder.hpp
-- Installing: /home/sujeong/rokey2_D1_Driving1/install/driving1_interfaces/include/driving1_interfaces/driving1_interfaces/srv/detail/notify_soldout__struct.hpp
-- Installing: /home/sujeong/rokey2_D1_Driving1/install/driving1_interfaces/include/driving1_interfaces/driving1_interfaces/srv/detail/notify_soldout__traits.hpp
-- Installing: /home/sujeong/rokey2_D1_Driving1/install/driving1_interfaces/include/driving1_interfaces/driving1_interfaces/srv/notify_soldout.hpp
-- Up-to-date: /home/sujeong/rokey2_D1_Driving1/install/driving1_interfaces/include/driving1_interfaces/driving1_interfaces/msg
-- Up-to-date: /home/sujeong/rokey2_D1_Driving1/install/driving1_interfaces/include/driving1_interfaces/driving1_interfaces/msg/rosidl_generator_cpp__visibility_control.hpp
-- Up-to-date: /home/sujeong/rokey2_D1_Driving1/install/driving1_interfaces/include/driving1_interfaces/driving1_interfaces
-- Up-to-date: /home/sujeong/rokey2_D1_Driving1/install/driving1_interfaces/include/driving1_interfaces/driving1_interfaces/srv
-- Up-to-date: /home/sujeong/rokey2_D1_Driving1/install/driving1_interfaces/include/driving1_interfaces/driving1_interfaces/srv/detail
-- Installing: /home/sujeong/rokey2_D1_Driving1/install/driving1_interfaces/include/driving1_interfaces/driving1_interfaces/srv/detail/notify_soldout__rosidl_typesupport_fastrtps_cpp.hpp
-- Up-to-date: /home/sujeong/rokey2_D1_Driving1/install/driving1_interfaces/include/driving1_interfaces/driving1_interfaces/srv/detail/dds_fastrtps
-- Up-to-date: /home/sujeong/rokey2_D1_Driving1/install/driving1_interfaces/include/driving1_interfaces/driving1_interfaces/msg
-- Up-to-date: /home/sujeong/rokey2_D1_Driving1/install/driving1_interfaces/include/driving1_interfaces/driving1_interfaces/msg/rosidl_typesupport_fastrtps_cpp__visibility_control.h
-- Installing: /home/sujeong/rokey2_D1_Driving1/install/driving1_interfaces/lib/libdriving1_interfaces__rosidl_typesupport_fastrtps_cpp.so
-- Set runtime path of "/home/sujeong/rokey2_D1_Driving1/install/driving1_interfaces/lib/libdriving1_interfaces__rosidl_typesupport_fastrtps_cpp.so" to ""
-- Up-to-date: /home/sujeong/rokey2_D1_Driving1/install/driving1_interfaces/include/driving1_interfaces/driving1_interfaces
-- Up-to-date: /home/sujeong/rokey2_D1_Driving1/install/driving1_interfaces/include/driving1_interfaces/driving1_interfaces/srv
-- Up-to-date: /home/sujeong/rokey2_D1_Driving1/install/driving1_interfaces/include/driving1_interfaces/driving1_interfaces/srv/detail
-- Installing: /home/sujeong/rokey2_D1_Driving1/install/driving1_interfaces/include/driving1_interfaces/driving1_interfaces/srv/detail/notify_soldout__rosidl_typesupport_introspection_cpp.hpp
-- Installing: /home/sujeong/rokey2_D1_Driving1/install/driving1_interfaces/include/driving1_interfaces/driving1_interfaces/srv/detail/notify_soldout__type_support.cpp
-- Installing: /home/sujeong/rokey2_D1_Driving1/install/driving1_interfaces/lib/libdriving1_interfaces__rosidl_typesupport_introspection_cpp.so
-- Set runtime path of "/home/sujeong/rokey2_D1_Driving1/install/driving1_interfaces/lib/libdriving1_interfaces__rosidl_typesupport_introspection_cpp.so" to ""
-- Installing: /home/sujeong/rokey2_D1_Driving1/install/driving1_interfaces/lib/libdriving1_interfaces__rosidl_typesupport_cpp.so
-- Set runtime path of "/home/sujeong/rokey2_D1_Driving1/install/driving1_interfaces/lib/libdriving1_interfaces__rosidl_typesupport_cpp.so" to ""
-- Up-to-date: /home/sujeong/rokey2_D1_Driving1/install/driving1_interfaces/share/driving1_interfaces/environment/pythonpath.sh
-- Installing: /home/sujeong/rokey2_D1_Driving1/install/driving1_interfaces/share/driving1_interfaces/environment/pythonpath.dsv
-- Up-to-date: /home/sujeong/rokey2_D1_Driving1/install/driving1_interfaces/lib/python3.10/site-packages/driving1_interfaces-0.0.0-py3.10.egg-info
-- Installing: /home/sujeong/rokey2_D1_Driving1/install/driving1_interfaces/lib/python3.10/site-packages/driving1_interfaces-0.0.0-py3.10.egg-info/top_level.txt
-- Installing: /home/sujeong/rokey2_D1_Driving1/install/driving1_interfaces/lib/python3.10/site-packages/driving1_interfaces-0.0.0-py3.10.egg-info/PKG-INFO
-- Installing: /home/sujeong/rokey2_D1_Driving1/install/driving1_interfaces/lib/python3.10/site-packages/driving1_interfaces-0.0.0-py3.10.egg-info/SOURCES.txt
-- Installing: /home/sujeong/rokey2_D1_Driving1/install/driving1_interfaces/lib/python3.10/site-packages/driving1_interfaces-0.0.0-py3.10.egg-info/dependency_links.txt
-- Up-to-date: /home/sujeong/rokey2_D1_Driving1/install/driving1_interfaces/lib/python3.10/site-packages/driving1_interfaces
-- Installing: /home/sujeong/rokey2_D1_Driving1/install/driving1_interfaces/lib/python3.10/site-packages/driving1_interfaces/_driving1_interfaces_s.ep.rosidl_typesupport_c.c
-- Installing: /home/sujeong/rokey2_D1_Driving1/install/driving1_interfaces/lib/python3.10/site-packages/driving1_interfaces/driving1_interfaces_s__rosidl_typesupport_fastrtps_c.cpython-310-x86_64-linux-gnu.so
-- Installing: /home/sujeong/rokey2_D1_Driving1/install/driving1_interfaces/lib/python3.10/site-packages/driving1_interfaces/driving1_interfaces_s__rosidl_typesupport_introspection_c.cpython-310-x86_64-linux-gnu.so
-- Installing: /home/sujeong/rokey2_D1_Driving1/install/driving1_interfaces/lib/python3.10/site-packages/driving1_interfaces/libdriving1_interfaces__rosidl_generator_py.so
-- Installing: /home/sujeong/rokey2_D1_Driving1/install/driving1_interfaces/lib/python3.10/site-packages/driving1_interfaces/_driving1_interfaces_s.ep.rosidl_typesupport_introspection_c.c
-- Installing: /home/sujeong/rokey2_D1_Driving1/install/driving1_interfaces/lib/python3.10/site-packages/driving1_interfaces/_driving1_interfaces_s.ep.rosidl_typesupport_fastrtps_c.c
-- Installing: /home/sujeong/rokey2_D1_Driving1/install/driving1_interfaces/lib/python3.10/site-packages/driving1_interfaces/__init__.py
-- Installing: /home/sujeong/rokey2_D1_Driving1/install/driving1_interfaces/lib/python3.10/site-packages/driving1_interfaces/driving1_interfaces_s__rosidl_typesupport_c.cpython-310-x86_64-linux-gnu.so
-- Up-to-date: /home/sujeong/rokey2_D1_Driving1/install/driving1_interfaces/lib/python3.10/site-packages/driving1_interfaces/srv
-- Installing: /home/sujeong/rokey2_D1_Driving1/install/driving1_interfaces/lib/python3.10/site-packages/driving1_interfaces/srv/_notify_soldout.py
-- Installing: /home/sujeong/rokey2_D1_Driving1/install/driving1_interfaces/lib/python3.10/site-packages/driving1_interfaces/srv/_notify_soldout_s.c
-- Installing: /home/sujeong/rokey2_D1_Driving1/install/driving1_interfaces/lib/python3.10/site-packages/driving1_interfaces/srv/__init__.py
Listing '/home/sujeong/rokey2_D1_Driving1/install/driving1_interfaces/lib/python3.10/site-packages/driving1_interfaces'...
Compiling '/home/sujeong/rokey2_D1_Driving1/install/driving1_interfaces/lib/python3.10/site-packages/driving1_interfaces/__init__.py'...
Listing '/home/sujeong/rokey2_D1_Driving1/install/driving1_interfaces/lib/python3.10/site-packages/driving1_interfaces/srv'...
Compiling '/home/sujeong/rokey2_D1_Driving1/install/driving1_interfaces/lib/python3.10/site-packages/driving1_interfaces/srv/__init__.py'...
Compiling '/home/sujeong/rokey2_D1_Driving1/install/driving1_interfaces/lib/python3.10/site-packages/driving1_interfaces/srv/_notify_soldout.py'...
-- Installing: /home/sujeong/rokey2_D1_Driving1/install/driving1_interfaces/lib/python3.10/site-packages/driving1_interfaces/driving1_interfaces_s__rosidl_typesupport_fastrtps_c.cpython-310-x86_64-linux-gnu.so
-- Set runtime path of "/home/sujeong/rokey2_D1_Driving1/install/driving1_interfaces/lib/python3.10/site-packages/driving1_interfaces/driving1_interfaces_s__rosidl_typesupport_fastrtps_c.cpython-310-x86_64-linux-gnu.so" to ""
-- Installing: /home/sujeong/rokey2_D1_Driving1/install/driving1_interfaces/lib/python3.10/site-packages/driving1_interfaces/driving1_interfaces_s__rosidl_typesupport_introspection_c.cpython-310-x86_64-linux-gnu.so
-- Set runtime path of "/home/sujeong/rokey2_D1_Driving1/install/driving1_interfaces/lib/python3.10/site-packages/driving1_interfaces/driving1_interfaces_s__rosidl_typesupport_introspection_c.cpython-310-x86_64-linux-gnu.so" to ""
-- Installing: /home/sujeong/rokey2_D1_Driving1/install/driving1_interfaces/lib/python3.10/site-packages/driving1_interfaces/driving1_interfaces_s__rosidl_typesupport_c.cpython-310-x86_64-linux-gnu.so
-- Set runtime path of "/home/sujeong/rokey2_D1_Driving1/install/driving1_interfaces/lib/python3.10/site-packages/driving1_interfaces/driving1_interfaces_s__rosidl_typesupport_c.cpython-310-x86_64-linux-gnu.so" to ""
-- Installing: /home/sujeong/rokey2_D1_Driving1/install/driving1_interfaces/lib/libdriving1_interfaces__rosidl_generator_py.so
-- Set runtime path of "/home/sujeong/rokey2_D1_Driving1/install/driving1_interfaces/lib/libdriving1_interfaces__rosidl_generator_py.so" to ""
-- Installing: /home/sujeong/rokey2_D1_Driving1/install/driving1_interfaces/share/driving1_interfaces/srv/NotifySoldout.idl
-- Installing: /home/sujeong/rokey2_D1_Driving1/install/driving1_interfaces/share/driving1_interfaces/srv/NotifySoldout.srv
-- Installing: /home/sujeong/rokey2_D1_Driving1/install/driving1_interfaces/share/driving1_interfaces/srv/NotifySoldout_Request.msg
-- Up-to-date: /home/sujeong/rokey2_D1_Driving1/install/driving1_interfaces/share/driving1_interfaces/srv/NotifySoldout_Response.msg
-- Up-to-date: /home/sujeong/rokey2_D1_Driving1/install/driving1_interfaces/share/ament_index/resource_index/package_run_dependencies/driving1_interfaces
-- Installing: /home/sujeong/rokey2_D1_Driving1/install/driving1_interfaces/share/ament_index/resource_index/parent_prefix_path/driving1_interfaces
-- Up-to-date: /home/sujeong/rokey2_D1_Driving1/install/driving1_interfaces/share/driving1_interfaces/environment/ament_prefix_path.sh
-- Installing: /home/sujeong/rokey2_D1_Driving1/install/driving1_interfaces/share/driving1_interfaces/environment/ament_prefix_path.dsv
-- Up-to-date: /home/sujeong/rokey2_D1_Driving1/install/driving1_interfaces/share/driving1_interfaces/environment/path.sh
-- Installing: /home/sujeong/rokey2_D1_Driving1/install/driving1_interfaces/share/driving1_interfaces/environment/path.dsv
-- Up-to-date: /home/sujeong/rokey2_D1_Driving1/install/driving1_interfaces/share/driving1_interfaces/local_setup.bash
-- Up-to-date: /home/sujeong/rokey2_D1_Driving1/install/driving1_interfaces/share/driving1_interfaces/local_setup.sh
-- Up-to-date: /home/sujeong/rokey2_D1_Driving1/install/driving1_interfaces/share/driving1_interfaces/local_setup.zsh
-- Installing: /home/sujeong/rokey2_D1_Driving1/install/driving1_interfaces/share/driving1_interfaces/local_setup.dsv
-- Installing: /home/sujeong/rokey2_D1_Driving1/install/driving1_interfaces/share/driving1_interfaces/package.dsv
-- Up-to-date: /home/sujeong/rokey2_D1_Driving1/install/driving1_interfaces/share/ament_index/resource_index/packages/driving1_interfaces
-- Up-to-date: /home/sujeong/rokey2_D1_Driving1/install/driving1_interfaces/share/driving1_interfaces/cmake/export_driving1_interfaces__rosidl_generator_cExport.cmake
-- Up-to-date: /home/sujeong/rokey2_D1_Driving1/install/driving1_interfaces/share/driving1_interfaces/cmake/export_driving1_interfaces__rosidl_generator_cExport-noconfig.cmake
-- Up-to-date: /home/sujeong/rokey2_D1_Driving1/install/driving1_interfaces/share/driving1_interfaces/cmake/export_driving1_interfaces__rosidl_typesupport_fastrtps_cExport.cmake
-- Up-to-date: /home/sujeong/rokey2_D1_Driving1/install/driving1_interfaces/share/driving1_interfaces/cmake/export_driving1_interfaces__rosidl_typesupport_fastrtps_cExport-noconfig.cmake
-- Up-to-date: /home/sujeong/rokey2_D1_Driving1/install/driving1_interfaces/share/driving1_interfaces/cmake/driving1_interfaces__rosidl_typesupport_introspection_cExport.cmake
-- Up-to-date: /home/sujeong/rokey2_D1_Driving1/install/driving1_interfaces/share/driving1_interfaces/cmake/driving1_interfaces__rosidl_typesupport_introspection_cExport-noconfig.cmake
-- Up-to-date: /home/sujeong/rokey2_D1_Driving1/install/driving1_interfaces/share/driving1_interfaces/cmake/driving1_interfaces__rosidl_typesupport_cExport.cmake
-- Up-to-date: /home/sujeong/rokey2_D1_Driving1/install/driving1_interfaces/share/driving1_interfaces/cmake/driving1_interfaces__rosidl_typesupport_cExport-noconfig.cmake
-- Up-to-date: /home/sujeong/rokey2_D1_Driving1/install/driving1_interfaces/share/driving1_interfaces/cmake/export_driving1_interfaces__rosidl_generator_cppExport.cmake
-- Up-to-date: /home/sujeong/rokey2_D1_Driving1/install/driving1_interfaces/share/driving1_interfaces/cmake/export_driving1_interfaces__rosidl_typesupport_fastrtps_cppExport.cmake
-- Up-to-date: /home/sujeong/rokey2_D1_Driving1/install/driving1_interfaces/share/driving1_interfaces/cmake/export_driving1_interfaces__rosidl_typesupport_fastrtps_cppExport-noconfig.cmake
-- Up-to-date: /home/sujeong/rokey2_D1_Driving1/install/driving1_interfaces/share/driving1_interfaces/cmake/driving1_interfaces__rosidl_typesupport_introspection_cppExport.cmake
-- Up-to-date: /home/sujeong/rokey2_D1_Driving1/install/driving1_interfaces/share/driving1_interfaces/cmake/driving1_interfaces__rosidl_typesupport_introspection_cppExport-noconfig.cmake
-- Up-to-date: /home/sujeong/rokey2_D1_Driving1/install/driving1_interfaces/share/driving1_interfaces/cmake/driving1_interfaces__rosidl_typesupport_cppExport.cmake
-- Up-to-date: /home/sujeong/rokey2_D1_Driving1/install/driving1_interfaces/share/driving1_interfaces/cmake/driving1_interfaces__rosidl_typesupport_cppExport-noconfig.cmake
-- Up-to-date: /home/sujeong/rokey2_D1_Driving1/install/driving1_interfaces/share/driving1_interfaces/cmake/export_driving1_interfaces__rosidl_generator_pyExport.cmake
-- Up-to-date: /home/sujeong/rokey2_D1_Driving1/install/driving1_interfaces/share/driving1_interfaces/cmake/export_driving1_interfaces__rosidl_generator_pyExport-noconfig.cmake
-- Up-to-date: /home/sujeong/rokey2_D1_Driving1/install/driving1_interfaces/share/driving1_interfaces/cmake/rosidl_cmake-extras.cmake
-- Up-to-date: /home/sujeong/rokey2_D1_Driving1/install/driving1_interfaces/share/driving1_interfaces/cmake/ament_cmake_export_dependencies-extras.cmake
-- Up-to-date: /home/sujeong/rokey2_D1_Driving1/install/driving1_interfaces/share/driving1_interfaces/cmake/ament_cmake_export_include_directories-extras.cmake
-- Up-to-date: /home/sujeong/rokey2_D1_Driving1/install/driving1_interfaces/share/driving1_interfaces/cmake/ament_cmake_export_libraries-extras.cmake
-- Up-to-date: /home/sujeong/rokey2_D1_Driving1/install/driving1_interfaces/share/driving1_interfaces/cmake/ament_cmake_export_targets-extras.cmake
-- Up-to-date: /home/sujeong/rokey2_D1_Driving1/install/driving1_interfaces/share/driving1_interfaces/cmake/rosidl_cmake_export_typesupport_targets-extras.cmake
-- Up-to-date: /home/sujeong/rokey2_D1_Driving1/install/driving1_interfaces/share/driving1_interfaces/cmake/rosidl_cmake_export_typesupport_libraries-extras.cmake
-- Up-to-date: /home/sujeong/rokey2_D1_Driving1/install/driving1_interfaces/share/driving1_interfaces/cmake/driving1_interfacesConfig.cmake
-- Up-to-date: /home/sujeong/rokey2_D1_Driving1/install/driving1_interfaces/share/driving1_interfaces/cmake/driving1_interfacesConfig-version.cmake
-- Up-to-date: /home/sujeong/rokey2_D1_Driving1/install/driving1_interfaces/share/driving1_interfaces/package.xml
