[0.011s] Invoking command in '/home/sujeong/rokey2_D1_Driving1/build/driving1_interfaces': /usr/bin/cmake --build /home/sujeong/rokey2_D1_Driving1/build/driving1_interfaces -- -j16 -l16
[0.036s] -- Found ament_cmake: 1.3.11 (/opt/ros/humble/share/ament_cmake/cmake)
[0.165s] -- Found rosidl_default_generators: 1.2.0 (/opt/ros/humble/share/rosidl_default_generators/cmake)
[0.172s] -- Using all available rosidl_typesupport_c: rosidl_typesupport_fastrtps_c;rosidl_typesupport_introspection_c
[0.176s] -- Found rosidl_adapter: 3.1.6 (/opt/ros/humble/share/rosidl_adapter/cmake)
[0.205s] -- Using all available rosidl_typesupport_cpp: rosidl_typesupport_fastrtps_cpp;rosidl_typesupport_introspection_cpp
[0.224s] -- Found std_msgs: 4.2.4 (/opt/ros/humble/share/std_msgs/cmake)
[0.509s] -- Found ament_cmake_ros: 0.10.0 (/opt/ros/humble/share/ament_cmake_ros/cmake)
[0.724s] -- Using all available rosidl_typesupport_c: rosidl_typesupport_fastrtps_c;rosidl_typesupport_introspection_c
[0.998s] -- Using all available rosidl_typesupport_cpp: rosidl_typesupport_fastrtps_cpp;rosidl_typesupport_introspection_cpp
[1.028s] -- Found python_cmake_module: 0.10.0 (/opt/ros/humble/share/python_cmake_module/cmake)
[1.063s] -- Using PYTHON_EXECUTABLE: /usr/local/bin/python3
[1.063s] -- Using PYTHON_INCLUDE_DIRS: /usr/local/include/python3.10
[1.063s] -- Using PYTHON_LIBRARIES: /usr/local/lib/libpython3.10.so
[1.162s] -- Using numpy include directory: /home/sujeong/.local/lib/python3.10/site-packages/numpy/_core/include
[1.180s] -- Configuring done
[1.193s] [33mCMake Warning at /opt/ros/humble/share/rosidl_generator_py/cmake/rosidl_generator_py_generate_interfaces.cmake:166 (add_library):
[1.193s]   Cannot generate a safe runtime search path for target
[1.193s]   driving1_interfaces__rosidl_generator_py because files in some directories
[1.193s]   may conflict with libraries in implicit directories:
[1.193s] 
[1.193s]     runtime library [libpython3.10.so.1.0] in /usr/lib/x86_64-linux-gnu may be hidden by files in:
[1.194s]       /usr/local/lib
[1.194s] 
[1.194s]   Some of these libraries may not be found correctly.
[1.194s] Call Stack (most recent call first):
[1.194s]   /opt/ros/humble/share/ament_cmake_core/cmake/core/ament_execute_extensions.cmake:48 (include)
[1.194s]   /opt/ros/humble/share/rosidl_cmake/cmake/rosidl_generate_interfaces.cmake:286 (ament_execute_extensions)
[1.194s]   CMakeLists.txt:10 (rosidl_generate_interfaces)
[1.194s] 
[1.194s] [0m
[1.194s] [33mCMake Warning at /opt/ros/humble/share/rosidl_generator_py/cmake/rosidl_generator_py_generate_interfaces.cmake:226 (add_library):
[1.194s]   Cannot generate a safe runtime search path for target
[1.195s]   driving1_interfaces__rosidl_typesupport_fastrtps_c__pyext because files in
[1.195s]   some directories may conflict with libraries in implicit directories:
[1.195s] 
[1.195s]     runtime library [libpython3.10.so.1.0] in /usr/lib/x86_64-linux-gnu may be hidden by files in:
[1.195s]       /usr/local/lib
[1.195s] 
[1.195s]   Some of these libraries may not be found correctly.
[1.195s] Call Stack (most recent call first):
[1.195s]   /opt/ros/humble/share/ament_cmake_core/cmake/core/ament_execute_extensions.cmake:48 (include)
[1.195s]   /opt/ros/humble/share/rosidl_cmake/cmake/rosidl_generate_interfaces.cmake:286 (ament_execute_extensions)
[1.195s]   CMakeLists.txt:10 (rosidl_generate_interfaces)
[1.195s] 
[1.196s] [0m
[1.196s] [33mCMake Warning at /opt/ros/humble/share/rosidl_generator_py/cmake/rosidl_generator_py_generate_interfaces.cmake:226 (add_library):
[1.196s]   Cannot generate a safe runtime search path for target
[1.196s]   driving1_interfaces__rosidl_typesupport_introspection_c__pyext because
[1.196s]   files in some directories may conflict with libraries in implicit
[1.196s]   directories:
[1.196s] 
[1.196s]     runtime library [libpython3.10.so.1.0] in /usr/lib/x86_64-linux-gnu may be hidden by files in:
[1.196s]       /usr/local/lib
[1.196s] 
[1.196s]   Some of these libraries may not be found correctly.
[1.196s] Call Stack (most recent call first):
[1.196s]   /opt/ros/humble/share/ament_cmake_core/cmake/core/ament_execute_extensions.cmake:48 (include)
[1.196s]   /opt/ros/humble/share/rosidl_cmake/cmake/rosidl_generate_interfaces.cmake:286 (ament_execute_extensions)
[1.196s]   CMakeLists.txt:10 (rosidl_generate_interfaces)
[1.196s] 
[1.196s] [0m
[1.197s] [33mCMake Warning at /opt/ros/humble/share/rosidl_generator_py/cmake/rosidl_generator_py_generate_interfaces.cmake:226 (add_library):
[1.197s]   Cannot generate a safe runtime search path for target
[1.198s]   driving1_interfaces__rosidl_typesupport_c__pyext because files in some
[1.198s]   directories may conflict with libraries in implicit directories:
[1.198s] 
[1.198s]     runtime library [libpython3.10.so.1.0] in /usr/lib/x86_64-linux-gnu may be hidden by files in:
[1.198s]       /usr/local/lib
[1.198s] 
[1.198s]   Some of these libraries may not be found correctly.
[1.198s] Call Stack (most recent call first):
[1.198s]   /opt/ros/humble/share/ament_cmake_core/cmake/core/ament_execute_extensions.cmake:48 (include)
[1.198s]   /opt/ros/humble/share/rosidl_cmake/cmake/rosidl_generate_interfaces.cmake:286 (ament_execute_extensions)
[1.198s]   CMakeLists.txt:10 (rosidl_generate_interfaces)
[1.198s] 
[1.198s] [0m
[1.201s] -- Generating done
[1.209s] -- Build files have been written to: /home/sujeong/rokey2_D1_Driving1/build/driving1_interfaces
[1.237s] [  3%] [34m[1mGenerating C code for ROS interfaces[0m
[1.247s] [  6%] [34m[1mGenerating C++ code for ROS interfaces[0m
[1.254s] [  6%] Built target ament_cmake_python_copy_driving1_interfaces
[1.417s] running egg_info
[1.426s] writing driving1_interfaces.egg-info/PKG-INFO
[1.426s] writing dependency_links to driving1_interfaces.egg-info/dependency_links.txt
[1.427s] writing top-level names to driving1_interfaces.egg-info/top_level.txt
[1.454s] reading manifest file 'driving1_interfaces.egg-info/SOURCES.txt'
[1.455s] writing manifest file 'driving1_interfaces.egg-info/SOURCES.txt'
[1.480s] [  6%] Built target ament_cmake_python_build_driving1_interfaces_egg
[1.493s] [  6%] Built target driving1_interfaces__cpp
[1.495s] [35m[1mConsolidate compiler generated dependencies of target driving1_interfaces__rosidl_generator_c[0m
[1.502s] [ 12%] [34m[1mGenerating C++ type support for eProsima Fast-RTPS[0m
[1.502s] [ 12%] [34m[1mGenerating C++ type support dispatch for ROS interfaces[0m
[1.504s] [ 16%] [34m[1mGenerating C++ introspection for ROS interfaces[0m
[1.509s] [ 19%] [32mBuilding C object CMakeFiles/driving1_interfaces__rosidl_generator_c.dir/rosidl_generator_c/driving1_interfaces/srv/detail/notify_soldout__functions.c.o[0m
[1.562s] [ 22%] [32m[1mLinking C shared library libdriving1_interfaces__rosidl_generator_c.so[0m
[1.604s] [ 22%] Built target driving1_interfaces__rosidl_generator_c
[1.617s] [ 32%] [34m[1mGenerating C introspection for ROS interfaces[0m
[1.617s] [ 32%] [34m[1mGenerating C type support dispatch for ROS interfaces[0m
[1.617s] [ 32%] [34m[1mGenerating C type support for eProsima Fast-RTPS[0m
[1.701s] [35m[1mConsolidate compiler generated dependencies of target driving1_interfaces__rosidl_typesupport_cpp[0m
[1.716s] [ 35%] [32mBuilding CXX object CMakeFiles/driving1_interfaces__rosidl_typesupport_cpp.dir/rosidl_typesupport_cpp/driving1_interfaces/srv/notify_soldout__type_support.cpp.o[0m
[1.727s] [35m[1mConsolidate compiler generated dependencies of target driving1_interfaces__rosidl_typesupport_introspection_cpp[0m
[1.740s] [ 38%] [32mBuilding CXX object CMakeFiles/driving1_interfaces__rosidl_typesupport_introspection_cpp.dir/rosidl_typesupport_introspection_cpp/driving1_interfaces/srv/detail/notify_soldout__type_support.cpp.o[0m
[1.793s] [35m[1mConsolidate compiler generated dependencies of target driving1_interfaces__rosidl_typesupport_fastrtps_cpp[0m
[1.809s] [ 41%] [32mBuilding CXX object CMakeFiles/driving1_interfaces__rosidl_typesupport_fastrtps_cpp.dir/rosidl_typesupport_fastrtps_cpp/driving1_interfaces/srv/detail/dds_fastrtps/notify_soldout__type_support.cpp.o[0m
[1.827s] [35m[1mConsolidate compiler generated dependencies of target driving1_interfaces__rosidl_typesupport_c[0m
[1.839s] [ 45%] [32mBuilding CXX object CMakeFiles/driving1_interfaces__rosidl_typesupport_c.dir/rosidl_typesupport_c/driving1_interfaces/srv/notify_soldout__type_support.cpp.o[0m
[1.874s] [ 48%] [32m[1mLinking CXX shared library libdriving1_interfaces__rosidl_typesupport_c.so[0m
[1.888s] [35m[1mConsolidate compiler generated dependencies of target driving1_interfaces__rosidl_typesupport_fastrtps_c[0m
[1.892s] [ 51%] [32m[1mLinking CXX shared library libdriving1_interfaces__rosidl_typesupport_cpp.so[0m
[1.902s] [ 54%] [32mBuilding CXX object CMakeFiles/driving1_interfaces__rosidl_typesupport_fastrtps_c.dir/rosidl_typesupport_fastrtps_c/driving1_interfaces/srv/detail/notify_soldout__type_support_c.cpp.o[0m
[1.921s] [ 54%] Built target driving1_interfaces__rosidl_typesupport_c
[1.929s] [ 54%] Built target driving1_interfaces__rosidl_typesupport_cpp
[1.990s] [ 58%] [32m[1mLinking CXX shared library libdriving1_interfaces__rosidl_typesupport_introspection_cpp.so[0m
[2.008s] [35m[1mConsolidate compiler generated dependencies of target driving1_interfaces__rosidl_typesupport_introspection_c[0m
[2.019s] [ 61%] [32mBuilding C object CMakeFiles/driving1_interfaces__rosidl_typesupport_introspection_c.dir/rosidl_typesupport_introspection_c/driving1_interfaces/srv/detail/notify_soldout__type_support.c.o[0m
[2.044s] [ 61%] Built target driving1_interfaces__rosidl_typesupport_introspection_cpp
[2.054s] [ 64%] [32m[1mLinking C shared library libdriving1_interfaces__rosidl_typesupport_introspection_c.so[0m
[2.074s] [ 67%] [32m[1mLinking CXX shared library libdriving1_interfaces__rosidl_typesupport_fastrtps_cpp.so[0m
[2.083s] [ 67%] Built target driving1_interfaces__rosidl_typesupport_introspection_c
[2.125s] [ 70%] [32m[1mLinking CXX shared library libdriving1_interfaces__rosidl_typesupport_fastrtps_c.so[0m
[2.136s] [ 70%] Built target driving1_interfaces__rosidl_typesupport_fastrtps_cpp
[2.189s] [ 70%] Built target driving1_interfaces__rosidl_typesupport_fastrtps_c
[2.206s] [ 70%] Built target driving1_interfaces
[2.233s] [ 74%] [34m[1mGenerating Python code for ROS interfaces[0m
[2.546s] [ 74%] Built target driving1_interfaces__py
[2.556s] [35m[1mConsolidate compiler generated dependencies of target driving1_interfaces__rosidl_generator_py[0m
[2.568s] [ 77%] [32mBuilding C object CMakeFiles/driving1_interfaces__rosidl_generator_py.dir/rosidl_generator_py/driving1_interfaces/srv/_notify_soldout_s.c.o[0m
[2.645s] [ 80%] [32m[1mLinking C shared library rosidl_generator_py/driving1_interfaces/libdriving1_interfaces__rosidl_generator_py.so[0m
[2.697s] [ 80%] Built target driving1_interfaces__rosidl_generator_py
[2.713s] [35m[1mConsolidate compiler generated dependencies of target driving1_interfaces__rosidl_typesupport_c__pyext[0m
[2.713s] [35m[1mConsolidate compiler generated dependencies of target driving1_interfaces__rosidl_typesupport_fastrtps_c__pyext[0m
[2.713s] [35m[1mConsolidate compiler generated dependencies of target driving1_interfaces__rosidl_typesupport_introspection_c__pyext[0m
[2.728s] [ 87%] [32mBuilding C object CMakeFiles/driving1_interfaces__rosidl_typesupport_c__pyext.dir/rosidl_generator_py/driving1_interfaces/_driving1_interfaces_s.ep.rosidl_typesupport_c.c.o[0m
[2.728s] [ 87%] [32mBuilding C object CMakeFiles/driving1_interfaces__rosidl_typesupport_introspection_c__pyext.dir/rosidl_generator_py/driving1_interfaces/_driving1_interfaces_s.ep.rosidl_typesupport_introspection_c.c.o[0m
[2.728s] [ 90%] [32mBuilding C object CMakeFiles/driving1_interfaces__rosidl_typesupport_fastrtps_c__pyext.dir/rosidl_generator_py/driving1_interfaces/_driving1_interfaces_s.ep.rosidl_typesupport_fastrtps_c.c.o[0m
[2.796s] [ 93%] [32m[1mLinking C shared library rosidl_generator_py/driving1_interfaces/driving1_interfaces_s__rosidl_typesupport_fastrtps_c.cpython-310-x86_64-linux-gnu.so[0m
[2.797s] [ 96%] [32m[1mLinking C shared library rosidl_generator_py/driving1_interfaces/driving1_interfaces_s__rosidl_typesupport_introspection_c.cpython-310-x86_64-linux-gnu.so[0m
[2.798s] [100%] [32m[1mLinking C shared library rosidl_generator_py/driving1_interfaces/driving1_interfaces_s__rosidl_typesupport_c.cpython-310-x86_64-linux-gnu.so[0m
[2.832s] [100%] Built target driving1_interfaces__rosidl_typesupport_introspection_c__pyext
[2.834s] [100%] Built target driving1_interfaces__rosidl_typesupport_fastrtps_c__pyext
[2.837s] [100%] Built target driving1_interfaces__rosidl_typesupport_c__pyext
[2.851s] Invoked command in '/home/sujeong/rokey2_D1_Driving1/build/driving1_interfaces' returned '0': /usr/bin/cmake --build /home/sujeong/rokey2_D1_Driving1/build/driving1_interfaces -- -j16 -l16
[2.854s] Invoking command in '/home/sujeong/rokey2_D1_Driving1/build/driving1_interfaces': /usr/bin/cmake --install /home/sujeong/rokey2_D1_Driving1/build/driving1_interfaces
[2.871s] -- Install configuration: ""
[2.871s] -- Up-to-date: /home/sujeong/rokey2_D1_Driving1/install/driving1_interfaces/share/ament_index/resource_index/rosidl_interfaces/driving1_interfaces
[2.871s] -- Up-to-date: /home/sujeong/rokey2_D1_Driving1/install/driving1_interfaces/include/driving1_interfaces/driving1_interfaces
[2.871s] -- Up-to-date: /home/sujeong/rokey2_D1_Driving1/install/driving1_interfaces/include/driving1_interfaces/driving1_interfaces/srv
[2.871s] -- Up-to-date: /home/sujeong/rokey2_D1_Driving1/install/driving1_interfaces/include/driving1_interfaces/driving1_interfaces/srv/detail
[2.871s] -- Installing: /home/sujeong/rokey2_D1_Driving1/install/driving1_interfaces/include/driving1_interfaces/driving1_interfaces/srv/detail/notify_soldout__functions.h
[2.872s] -- Installing: /home/sujeong/rokey2_D1_Driving1/install/driving1_interfaces/include/driving1_interfaces/driving1_interfaces/srv/detail/notify_soldout__functions.c
[2.872s] -- Installing: /home/sujeong/rokey2_D1_Driving1/install/driving1_interfaces/include/driving1_interfaces/driving1_interfaces/srv/detail/notify_soldout__type_support.h
[2.872s] -- Installing: /home/sujeong/rokey2_D1_Driving1/install/driving1_interfaces/include/driving1_interfaces/driving1_interfaces/srv/detail/notify_soldout__struct.h
[2.872s] -- Installing: /home/sujeong/rokey2_D1_Driving1/install/driving1_interfaces/include/driving1_interfaces/driving1_interfaces/srv/notify_soldout.h
[2.872s] -- Up-to-date: /home/sujeong/rokey2_D1_Driving1/install/driving1_interfaces/include/driving1_interfaces/driving1_interfaces/msg
[2.872s] -- Up-to-date: /home/sujeong/rokey2_D1_Driving1/install/driving1_interfaces/include/driving1_interfaces/driving1_interfaces/msg/rosidl_generator_c__visibility_control.h
[2.872s] -- Up-to-date: /home/sujeong/rokey2_D1_Driving1/install/driving1_interfaces/share/driving1_interfaces/environment/library_path.sh
[2.873s] -- Installing: /home/sujeong/rokey2_D1_Driving1/install/driving1_interfaces/share/driving1_interfaces/environment/library_path.dsv
[2.873s] -- Installing: /home/sujeong/rokey2_D1_Driving1/install/driving1_interfaces/lib/libdriving1_interfaces__rosidl_generator_c.so
[2.873s] -- Set runtime path of "/home/sujeong/rokey2_D1_Driving1/install/driving1_interfaces/lib/libdriving1_interfaces__rosidl_generator_c.so" to ""
[2.873s] -- Up-to-date: /home/sujeong/rokey2_D1_Driving1/install/driving1_interfaces/include/driving1_interfaces/driving1_interfaces
[2.873s] -- Up-to-date: /home/sujeong/rokey2_D1_Driving1/install/driving1_interfaces/include/driving1_interfaces/driving1_interfaces/srv
[2.873s] -- Up-to-date: /home/sujeong/rokey2_D1_Driving1/install/driving1_interfaces/include/driving1_interfaces/driving1_interfaces/srv/detail
[2.873s] -- Installing: /home/sujeong/rokey2_D1_Driving1/install/driving1_interfaces/include/driving1_interfaces/driving1_interfaces/srv/detail/notify_soldout__rosidl_typesupport_fastrtps_c.h
[2.873s] -- Up-to-date: /home/sujeong/rokey2_D1_Driving1/install/driving1_interfaces/include/driving1_interfaces/driving1_interfaces/msg
[2.874s] -- Up-to-date: /home/sujeong/rokey2_D1_Driving1/install/driving1_interfaces/include/driving1_interfaces/driving1_interfaces/msg/rosidl_typesupport_fastrtps_c__visibility_control.h
[2.874s] -- Installing: /home/sujeong/rokey2_D1_Driving1/install/driving1_interfaces/lib/libdriving1_interfaces__rosidl_typesupport_fastrtps_c.so
[2.874s] -- Set runtime path of "/home/sujeong/rokey2_D1_Driving1/install/driving1_interfaces/lib/libdriving1_interfaces__rosidl_typesupport_fastrtps_c.so" to ""
[2.874s] -- Up-to-date: /home/sujeong/rokey2_D1_Driving1/install/driving1_interfaces/include/driving1_interfaces/driving1_interfaces
[2.874s] -- Up-to-date: /home/sujeong/rokey2_D1_Driving1/install/driving1_interfaces/include/driving1_interfaces/driving1_interfaces/srv
[2.874s] -- Up-to-date: /home/sujeong/rokey2_D1_Driving1/install/driving1_interfaces/include/driving1_interfaces/driving1_interfaces/srv/detail
[2.874s] -- Installing: /home/sujeong/rokey2_D1_Driving1/install/driving1_interfaces/include/driving1_interfaces/driving1_interfaces/srv/detail/notify_soldout__type_support.c
[2.875s] -- Installing: /home/sujeong/rokey2_D1_Driving1/install/driving1_interfaces/include/driving1_interfaces/driving1_interfaces/srv/detail/notify_soldout__rosidl_typesupport_introspection_c.h
[2.875s] -- Up-to-date: /home/sujeong/rokey2_D1_Driving1/install/driving1_interfaces/include/driving1_interfaces/driving1_interfaces/msg
[2.875s] -- Up-to-date: /home/sujeong/rokey2_D1_Driving1/install/driving1_interfaces/include/driving1_interfaces/driving1_interfaces/msg/rosidl_typesupport_introspection_c__visibility_control.h
[2.875s] -- Installing: /home/sujeong/rokey2_D1_Driving1/install/driving1_interfaces/lib/libdriving1_interfaces__rosidl_typesupport_introspection_c.so
[2.875s] -- Set runtime path of "/home/sujeong/rokey2_D1_Driving1/install/driving1_interfaces/lib/libdriving1_interfaces__rosidl_typesupport_introspection_c.so" to ""
[2.875s] -- Installing: /home/sujeong/rokey2_D1_Driving1/install/driving1_interfaces/lib/libdriving1_interfaces__rosidl_typesupport_c.so
[2.875s] -- Set runtime path of "/home/sujeong/rokey2_D1_Driving1/install/driving1_interfaces/lib/libdriving1_interfaces__rosidl_typesupport_c.so" to ""
[2.876s] -- Up-to-date: /home/sujeong/rokey2_D1_Driving1/install/driving1_interfaces/include/driving1_interfaces/driving1_interfaces
[2.876s] -- Up-to-date: /home/sujeong/rokey2_D1_Driving1/install/driving1_interfaces/include/driving1_interfaces/driving1_interfaces/srv
[2.876s] -- Up-to-date: /home/sujeong/rokey2_D1_Driving1/install/driving1_interfaces/include/driving1_interfaces/driving1_interfaces/srv/detail
[2.876s] -- Installing: /home/sujeong/rokey2_D1_Driving1/install/driving1_interfaces/include/driving1_interfaces/driving1_interfaces/srv/detail/notify_soldout__type_support.hpp
[2.876s] -- Installing: /home/sujeong/rokey2_D1_Driving1/install/driving1_interfaces/include/driving1_interfaces/driving1_interfaces/srv/detail/notify_soldout__builder.hpp
[2.876s] -- Installing: /home/sujeong/rokey2_D1_Driving1/install/driving1_interfaces/include/driving1_interfaces/driving1_interfaces/srv/detail/notify_soldout__struct.hpp
[2.876s] -- Installing: /home/sujeong/rokey2_D1_Driving1/install/driving1_interfaces/include/driving1_interfaces/driving1_interfaces/srv/detail/notify_soldout__traits.hpp
[2.877s] -- Installing: /home/sujeong/rokey2_D1_Driving1/install/driving1_interfaces/include/driving1_interfaces/driving1_interfaces/srv/notify_soldout.hpp
[2.877s] -- Up-to-date: /home/sujeong/rokey2_D1_Driving1/install/driving1_interfaces/include/driving1_interfaces/driving1_interfaces/msg
[2.877s] -- Up-to-date: /home/sujeong/rokey2_D1_Driving1/install/driving1_interfaces/include/driving1_interfaces/driving1_interfaces/msg/rosidl_generator_cpp__visibility_control.hpp
[2.877s] -- Up-to-date: /home/sujeong/rokey2_D1_Driving1/install/driving1_interfaces/include/driving1_interfaces/driving1_interfaces
[2.877s] -- Up-to-date: /home/sujeong/rokey2_D1_Driving1/install/driving1_interfaces/include/driving1_interfaces/driving1_interfaces/srv
[2.877s] -- Up-to-date: /home/sujeong/rokey2_D1_Driving1/install/driving1_interfaces/include/driving1_interfaces/driving1_interfaces/srv/detail
[2.877s] -- Installing: /home/sujeong/rokey2_D1_Driving1/install/driving1_interfaces/include/driving1_interfaces/driving1_interfaces/srv/detail/notify_soldout__rosidl_typesupport_fastrtps_cpp.hpp
[2.878s] -- Up-to-date: /home/sujeong/rokey2_D1_Driving1/install/driving1_interfaces/include/driving1_interfaces/driving1_interfaces/srv/detail/dds_fastrtps
[2.878s] -- Up-to-date: /home/sujeong/rokey2_D1_Driving1/install/driving1_interfaces/include/driving1_interfaces/driving1_interfaces/msg
[2.878s] -- Up-to-date: /home/sujeong/rokey2_D1_Driving1/install/driving1_interfaces/include/driving1_interfaces/driving1_interfaces/msg/rosidl_typesupport_fastrtps_cpp__visibility_control.h
[2.878s] -- Installing: /home/sujeong/rokey2_D1_Driving1/install/driving1_interfaces/lib/libdriving1_interfaces__rosidl_typesupport_fastrtps_cpp.so
[2.878s] -- Set runtime path of "/home/sujeong/rokey2_D1_Driving1/install/driving1_interfaces/lib/libdriving1_interfaces__rosidl_typesupport_fastrtps_cpp.so" to ""
[2.878s] -- Up-to-date: /home/sujeong/rokey2_D1_Driving1/install/driving1_interfaces/include/driving1_interfaces/driving1_interfaces
[2.879s] -- Up-to-date: /home/sujeong/rokey2_D1_Driving1/install/driving1_interfaces/include/driving1_interfaces/driving1_interfaces/srv
[2.879s] -- Up-to-date: /home/sujeong/rokey2_D1_Driving1/install/driving1_interfaces/include/driving1_interfaces/driving1_interfaces/srv/detail
[2.879s] -- Installing: /home/sujeong/rokey2_D1_Driving1/install/driving1_interfaces/include/driving1_interfaces/driving1_interfaces/srv/detail/notify_soldout__rosidl_typesupport_introspection_cpp.hpp
[2.879s] -- Installing: /home/sujeong/rokey2_D1_Driving1/install/driving1_interfaces/include/driving1_interfaces/driving1_interfaces/srv/detail/notify_soldout__type_support.cpp
[2.879s] -- Installing: /home/sujeong/rokey2_D1_Driving1/install/driving1_interfaces/lib/libdriving1_interfaces__rosidl_typesupport_introspection_cpp.so
[2.879s] -- Set runtime path of "/home/sujeong/rokey2_D1_Driving1/install/driving1_interfaces/lib/libdriving1_interfaces__rosidl_typesupport_introspection_cpp.so" to ""
[2.879s] -- Installing: /home/sujeong/rokey2_D1_Driving1/install/driving1_interfaces/lib/libdriving1_interfaces__rosidl_typesupport_cpp.so
[2.879s] -- Set runtime path of "/home/sujeong/rokey2_D1_Driving1/install/driving1_interfaces/lib/libdriving1_interfaces__rosidl_typesupport_cpp.so" to ""
[2.880s] -- Up-to-date: /home/sujeong/rokey2_D1_Driving1/install/driving1_interfaces/share/driving1_interfaces/environment/pythonpath.sh
[2.880s] -- Installing: /home/sujeong/rokey2_D1_Driving1/install/driving1_interfaces/share/driving1_interfaces/environment/pythonpath.dsv
[2.880s] -- Up-to-date: /home/sujeong/rokey2_D1_Driving1/install/driving1_interfaces/lib/python3.10/site-packages/driving1_interfaces-0.0.0-py3.10.egg-info
[2.880s] -- Installing: /home/sujeong/rokey2_D1_Driving1/install/driving1_interfaces/lib/python3.10/site-packages/driving1_interfaces-0.0.0-py3.10.egg-info/top_level.txt
[2.880s] -- Installing: /home/sujeong/rokey2_D1_Driving1/install/driving1_interfaces/lib/python3.10/site-packages/driving1_interfaces-0.0.0-py3.10.egg-info/PKG-INFO
[2.880s] -- Installing: /home/sujeong/rokey2_D1_Driving1/install/driving1_interfaces/lib/python3.10/site-packages/driving1_interfaces-0.0.0-py3.10.egg-info/SOURCES.txt
[2.880s] -- Installing: /home/sujeong/rokey2_D1_Driving1/install/driving1_interfaces/lib/python3.10/site-packages/driving1_interfaces-0.0.0-py3.10.egg-info/dependency_links.txt
[2.880s] -- Up-to-date: /home/sujeong/rokey2_D1_Driving1/install/driving1_interfaces/lib/python3.10/site-packages/driving1_interfaces
[2.880s] -- Installing: /home/sujeong/rokey2_D1_Driving1/install/driving1_interfaces/lib/python3.10/site-packages/driving1_interfaces/_driving1_interfaces_s.ep.rosidl_typesupport_c.c
[2.880s] -- Installing: /home/sujeong/rokey2_D1_Driving1/install/driving1_interfaces/lib/python3.10/site-packages/driving1_interfaces/driving1_interfaces_s__rosidl_typesupport_fastrtps_c.cpython-310-x86_64-linux-gnu.so
[2.881s] -- Installing: /home/sujeong/rokey2_D1_Driving1/install/driving1_interfaces/lib/python3.10/site-packages/driving1_interfaces/driving1_interfaces_s__rosidl_typesupport_introspection_c.cpython-310-x86_64-linux-gnu.so
[2.881s] -- Installing: /home/sujeong/rokey2_D1_Driving1/install/driving1_interfaces/lib/python3.10/site-packages/driving1_interfaces/libdriving1_interfaces__rosidl_generator_py.so
[2.881s] -- Installing: /home/sujeong/rokey2_D1_Driving1/install/driving1_interfaces/lib/python3.10/site-packages/driving1_interfaces/_driving1_interfaces_s.ep.rosidl_typesupport_introspection_c.c
[2.881s] -- Installing: /home/sujeong/rokey2_D1_Driving1/install/driving1_interfaces/lib/python3.10/site-packages/driving1_interfaces/_driving1_interfaces_s.ep.rosidl_typesupport_fastrtps_c.c
[2.881s] -- Installing: /home/sujeong/rokey2_D1_Driving1/install/driving1_interfaces/lib/python3.10/site-packages/driving1_interfaces/__init__.py
[2.881s] -- Installing: /home/sujeong/rokey2_D1_Driving1/install/driving1_interfaces/lib/python3.10/site-packages/driving1_interfaces/driving1_interfaces_s__rosidl_typesupport_c.cpython-310-x86_64-linux-gnu.so
[2.881s] -- Up-to-date: /home/sujeong/rokey2_D1_Driving1/install/driving1_interfaces/lib/python3.10/site-packages/driving1_interfaces/srv
[2.881s] -- Installing: /home/sujeong/rokey2_D1_Driving1/install/driving1_interfaces/lib/python3.10/site-packages/driving1_interfaces/srv/_notify_soldout.py
[2.882s] -- Installing: /home/sujeong/rokey2_D1_Driving1/install/driving1_interfaces/lib/python3.10/site-packages/driving1_interfaces/srv/_notify_soldout_s.c
[2.882s] -- Installing: /home/sujeong/rokey2_D1_Driving1/install/driving1_interfaces/lib/python3.10/site-packages/driving1_interfaces/srv/__init__.py
[2.912s] Listing '/home/sujeong/rokey2_D1_Driving1/install/driving1_interfaces/lib/python3.10/site-packages/driving1_interfaces'...
[2.912s] Compiling '/home/sujeong/rokey2_D1_Driving1/install/driving1_interfaces/lib/python3.10/site-packages/driving1_interfaces/__init__.py'...
[2.912s] Listing '/home/sujeong/rokey2_D1_Driving1/install/driving1_interfaces/lib/python3.10/site-packages/driving1_interfaces/srv'...
[2.912s] Compiling '/home/sujeong/rokey2_D1_Driving1/install/driving1_interfaces/lib/python3.10/site-packages/driving1_interfaces/srv/__init__.py'...
[2.912s] Compiling '/home/sujeong/rokey2_D1_Driving1/install/driving1_interfaces/lib/python3.10/site-packages/driving1_interfaces/srv/_notify_soldout.py'...
[2.916s] -- Installing: /home/sujeong/rokey2_D1_Driving1/install/driving1_interfaces/lib/python3.10/site-packages/driving1_interfaces/driving1_interfaces_s__rosidl_typesupport_fastrtps_c.cpython-310-x86_64-linux-gnu.so
[2.916s] -- Set runtime path of "/home/sujeong/rokey2_D1_Driving1/install/driving1_interfaces/lib/python3.10/site-packages/driving1_interfaces/driving1_interfaces_s__rosidl_typesupport_fastrtps_c.cpython-310-x86_64-linux-gnu.so" to ""
[2.916s] -- Installing: /home/sujeong/rokey2_D1_Driving1/install/driving1_interfaces/lib/python3.10/site-packages/driving1_interfaces/driving1_interfaces_s__rosidl_typesupport_introspection_c.cpython-310-x86_64-linux-gnu.so
[2.916s] -- Set runtime path of "/home/sujeong/rokey2_D1_Driving1/install/driving1_interfaces/lib/python3.10/site-packages/driving1_interfaces/driving1_interfaces_s__rosidl_typesupport_introspection_c.cpython-310-x86_64-linux-gnu.so" to ""
[2.916s] -- Installing: /home/sujeong/rokey2_D1_Driving1/install/driving1_interfaces/lib/python3.10/site-packages/driving1_interfaces/driving1_interfaces_s__rosidl_typesupport_c.cpython-310-x86_64-linux-gnu.so
[2.916s] -- Set runtime path of "/home/sujeong/rokey2_D1_Driving1/install/driving1_interfaces/lib/python3.10/site-packages/driving1_interfaces/driving1_interfaces_s__rosidl_typesupport_c.cpython-310-x86_64-linux-gnu.so" to ""
[2.917s] -- Installing: /home/sujeong/rokey2_D1_Driving1/install/driving1_interfaces/lib/libdriving1_interfaces__rosidl_generator_py.so
[2.917s] -- Set runtime path of "/home/sujeong/rokey2_D1_Driving1/install/driving1_interfaces/lib/libdriving1_interfaces__rosidl_generator_py.so" to ""
[2.917s] -- Installing: /home/sujeong/rokey2_D1_Driving1/install/driving1_interfaces/share/driving1_interfaces/srv/NotifySoldout.idl
[2.917s] -- Installing: /home/sujeong/rokey2_D1_Driving1/install/driving1_interfaces/share/driving1_interfaces/srv/NotifySoldout.srv
[2.917s] -- Installing: /home/sujeong/rokey2_D1_Driving1/install/driving1_interfaces/share/driving1_interfaces/srv/NotifySoldout_Request.msg
[2.917s] -- Up-to-date: /home/sujeong/rokey2_D1_Driving1/install/driving1_interfaces/share/driving1_interfaces/srv/NotifySoldout_Response.msg
[2.917s] -- Up-to-date: /home/sujeong/rokey2_D1_Driving1/install/driving1_interfaces/share/ament_index/resource_index/package_run_dependencies/driving1_interfaces
[2.917s] -- Installing: /home/sujeong/rokey2_D1_Driving1/install/driving1_interfaces/share/ament_index/resource_index/parent_prefix_path/driving1_interfaces
[2.917s] -- Up-to-date: /home/sujeong/rokey2_D1_Driving1/install/driving1_interfaces/share/driving1_interfaces/environment/ament_prefix_path.sh
[2.917s] -- Installing: /home/sujeong/rokey2_D1_Driving1/install/driving1_interfaces/share/driving1_interfaces/environment/ament_prefix_path.dsv
[2.918s] -- Up-to-date: /home/sujeong/rokey2_D1_Driving1/install/driving1_interfaces/share/driving1_interfaces/environment/path.sh
[2.918s] -- Installing: /home/sujeong/rokey2_D1_Driving1/install/driving1_interfaces/share/driving1_interfaces/environment/path.dsv
[2.918s] -- Up-to-date: /home/sujeong/rokey2_D1_Driving1/install/driving1_interfaces/share/driving1_interfaces/local_setup.bash
[2.918s] -- Up-to-date: /home/sujeong/rokey2_D1_Driving1/install/driving1_interfaces/share/driving1_interfaces/local_setup.sh
[2.918s] -- Up-to-date: /home/sujeong/rokey2_D1_Driving1/install/driving1_interfaces/share/driving1_interfaces/local_setup.zsh
[2.918s] -- Installing: /home/sujeong/rokey2_D1_Driving1/install/driving1_interfaces/share/driving1_interfaces/local_setup.dsv
[2.918s] -- Installing: /home/sujeong/rokey2_D1_Driving1/install/driving1_interfaces/share/driving1_interfaces/package.dsv
[2.918s] -- Up-to-date: /home/sujeong/rokey2_D1_Driving1/install/driving1_interfaces/share/ament_index/resource_index/packages/driving1_interfaces
[2.918s] -- Up-to-date: /home/sujeong/rokey2_D1_Driving1/install/driving1_interfaces/share/driving1_interfaces/cmake/export_driving1_interfaces__rosidl_generator_cExport.cmake
[2.918s] -- Up-to-date: /home/sujeong/rokey2_D1_Driving1/install/driving1_interfaces/share/driving1_interfaces/cmake/export_driving1_interfaces__rosidl_generator_cExport-noconfig.cmake
[2.918s] -- Up-to-date: /home/sujeong/rokey2_D1_Driving1/install/driving1_interfaces/share/driving1_interfaces/cmake/export_driving1_interfaces__rosidl_typesupport_fastrtps_cExport.cmake
[2.918s] -- Up-to-date: /home/sujeong/rokey2_D1_Driving1/install/driving1_interfaces/share/driving1_interfaces/cmake/export_driving1_interfaces__rosidl_typesupport_fastrtps_cExport-noconfig.cmake
[2.918s] -- Up-to-date: /home/sujeong/rokey2_D1_Driving1/install/driving1_interfaces/share/driving1_interfaces/cmake/driving1_interfaces__rosidl_typesupport_introspection_cExport.cmake
[2.919s] -- Up-to-date: /home/sujeong/rokey2_D1_Driving1/install/driving1_interfaces/share/driving1_interfaces/cmake/driving1_interfaces__rosidl_typesupport_introspection_cExport-noconfig.cmake
[2.919s] -- Up-to-date: /home/sujeong/rokey2_D1_Driving1/install/driving1_interfaces/share/driving1_interfaces/cmake/driving1_interfaces__rosidl_typesupport_cExport.cmake
[2.919s] -- Up-to-date: /home/sujeong/rokey2_D1_Driving1/install/driving1_interfaces/share/driving1_interfaces/cmake/driving1_interfaces__rosidl_typesupport_cExport-noconfig.cmake
[2.919s] -- Up-to-date: /home/sujeong/rokey2_D1_Driving1/install/driving1_interfaces/share/driving1_interfaces/cmake/export_driving1_interfaces__rosidl_generator_cppExport.cmake
[2.919s] -- Up-to-date: /home/sujeong/rokey2_D1_Driving1/install/driving1_interfaces/share/driving1_interfaces/cmake/export_driving1_interfaces__rosidl_typesupport_fastrtps_cppExport.cmake
[2.919s] -- Up-to-date: /home/sujeong/rokey2_D1_Driving1/install/driving1_interfaces/share/driving1_interfaces/cmake/export_driving1_interfaces__rosidl_typesupport_fastrtps_cppExport-noconfig.cmake
[2.919s] -- Up-to-date: /home/sujeong/rokey2_D1_Driving1/install/driving1_interfaces/share/driving1_interfaces/cmake/driving1_interfaces__rosidl_typesupport_introspection_cppExport.cmake
[2.919s] -- Up-to-date: /home/sujeong/rokey2_D1_Driving1/install/driving1_interfaces/share/driving1_interfaces/cmake/driving1_interfaces__rosidl_typesupport_introspection_cppExport-noconfig.cmake
[2.919s] -- Up-to-date: /home/sujeong/rokey2_D1_Driving1/install/driving1_interfaces/share/driving1_interfaces/cmake/driving1_interfaces__rosidl_typesupport_cppExport.cmake
[2.919s] -- Up-to-date: /home/sujeong/rokey2_D1_Driving1/install/driving1_interfaces/share/driving1_interfaces/cmake/driving1_interfaces__rosidl_typesupport_cppExport-noconfig.cmake
[2.919s] -- Up-to-date: /home/sujeong/rokey2_D1_Driving1/install/driving1_interfaces/share/driving1_interfaces/cmake/export_driving1_interfaces__rosidl_generator_pyExport.cmake
[2.919s] -- Up-to-date: /home/sujeong/rokey2_D1_Driving1/install/driving1_interfaces/share/driving1_interfaces/cmake/export_driving1_interfaces__rosidl_generator_pyExport-noconfig.cmake
[2.919s] -- Up-to-date: /home/sujeong/rokey2_D1_Driving1/install/driving1_interfaces/share/driving1_interfaces/cmake/rosidl_cmake-extras.cmake
[2.919s] -- Up-to-date: /home/sujeong/rokey2_D1_Driving1/install/driving1_interfaces/share/driving1_interfaces/cmake/ament_cmake_export_dependencies-extras.cmake
[2.920s] -- Up-to-date: /home/sujeong/rokey2_D1_Driving1/install/driving1_interfaces/share/driving1_interfaces/cmake/ament_cmake_export_include_directories-extras.cmake
[2.920s] -- Up-to-date: /home/sujeong/rokey2_D1_Driving1/install/driving1_interfaces/share/driving1_interfaces/cmake/ament_cmake_export_libraries-extras.cmake
[2.920s] -- Up-to-date: /home/sujeong/rokey2_D1_Driving1/install/driving1_interfaces/share/driving1_interfaces/cmake/ament_cmake_export_targets-extras.cmake
[2.920s] -- Up-to-date: /home/sujeong/rokey2_D1_Driving1/install/driving1_interfaces/share/driving1_interfaces/cmake/rosidl_cmake_export_typesupport_targets-extras.cmake
[2.920s] -- Up-to-date: /home/sujeong/rokey2_D1_Driving1/install/driving1_interfaces/share/driving1_interfaces/cmake/rosidl_cmake_export_typesupport_libraries-extras.cmake
[2.920s] -- Up-to-date: /home/sujeong/rokey2_D1_Driving1/install/driving1_interfaces/share/driving1_interfaces/cmake/driving1_interfacesConfig.cmake
[2.920s] -- Up-to-date: /home/sujeong/rokey2_D1_Driving1/install/driving1_interfaces/share/driving1_interfaces/cmake/driving1_interfacesConfig-version.cmake
[2.920s] -- Up-to-date: /home/sujeong/rokey2_D1_Driving1/install/driving1_interfaces/share/driving1_interfaces/package.xml
[2.921s] Invoked command in '/home/sujeong/rokey2_D1_Driving1/build/driving1_interfaces' returned '0': /usr/bin/cmake --install /home/sujeong/rokey2_D1_Driving1/build/driving1_interfaces
