[1.579s] Invoking command in '/home/yeonho/project3_ws/src/project3': LD_LIBRARY_PATH=/home/yeonho/project3_ws/install/project3_interfaces/lib:/home/yeonho/turtlebot3_ws/install/turtlebot3_msgs/lib:/home/yeonho/turtlebot3_ws/install/dynamixel_sdk_custom_interfaces/lib:/home/yeonho/turtlebot3_ws/install/dynamixel_sdk/lib:/usr/lib/x86_64-linux-gnu/gazebo-11/plugins:/opt/ros/humble/opt/rviz_ogre_vendor/lib:/opt/ros/humble/lib/x86_64-linux-gnu:/opt/ros/humble/lib:/usr/lib/x86_64-linux-gnu/gazebo-11/plugins:/usr/lib/x86_64-linux-gnu/gazebo-11/plugins:/usr/lib/x86_64-linux-gnu/gazebo-11/plugins:/usr/lib/x86_64-linux-gnu/gazebo-11/plugins:/usr/lib/x86_64-linux-gnu/gazebo-11/plugins:/usr/lib/x86_64-linux-gnu/gazebo-11/plugins:/usr/lib/x86_64-linux-gnu/gazebo-11/plugins:/usr/lib/x86_64-linux-gnu/gazebo-11/plugins:/usr/lib/x86_64-linux-gnu/gazebo-11/plugins:/usr/lib/x86_64-linux-gnu/gazebo-11/plugins PYTHONPATH=/home/yeonho/project3_ws/build/project3/prefix_override:/usr/lib/python3/dist-packages/colcon_core/task/python/colcon_distutils_commands:/home/yeonho/project3_ws/install/project3/lib/python3.10/site-packages:${PYTHONPATH} /usr/bin/python3 -W ignore:setup.py install is deprecated -W ignore:easy_install command is deprecated setup.py egg_info --egg-base ../../build/project3 build --build-base /home/yeonho/project3_ws/build/project3/build install --record /home/yeonho/project3_ws/build/project3/install.log --single-version-externally-managed install_data
[2.198s] running egg_info
[2.199s] writing ../../build/project3/project3.egg-info/PKG-INFO
[2.200s] writing dependency_links to ../../build/project3/project3.egg-info/dependency_links.txt
[2.200s] writing entry points to ../../build/project3/project3.egg-info/entry_points.txt
[2.200s] writing requirements to ../../build/project3/project3.egg-info/requires.txt
[2.201s] writing top-level names to ../../build/project3/project3.egg-info/top_level.txt
[2.205s] reading manifest file '../../build/project3/project3.egg-info/SOURCES.txt'
[2.207s] writing manifest file '../../build/project3/project3.egg-info/SOURCES.txt'
[2.207s] running build
[2.207s] running build_py
[2.208s] copying project3/waylast.py -> /home/yeonho/project3_ws/build/project3/build/lib/project3
[2.209s] running install
[2.210s] running install_lib
[2.212s] copying /home/yeonho/project3_ws/build/project3/build/lib/project3/waylast.py -> /home/yeonho/project3_ws/install/project3/lib/python3.10/site-packages/project3
[2.214s] byte-compiling /home/yeonho/project3_ws/install/project3/lib/python3.10/site-packages/project3/waylast.py to waylast.cpython-310.pyc
[2.218s] running install_data
[2.218s] running install_egg_info
[2.222s] removing '/home/yeonho/project3_ws/install/project3/lib/python3.10/site-packages/project3-0.0.0-py3.10.egg-info' (and everything under it)
[2.223s] Copying ../../build/project3/project3.egg-info to /home/yeonho/project3_ws/install/project3/lib/python3.10/site-packages/project3-0.0.0-py3.10.egg-info
[2.225s] running install_scripts
[2.269s] Installing init script to /home/yeonho/project3_ws/install/project3/lib/project3
[2.269s] Installing pub script to /home/yeonho/project3_ws/install/project3/lib/project3
[2.270s] Installing pub_way script to /home/yeonho/project3_ws/install/project3/lib/project3
[2.270s] Installing sub script to /home/yeonho/project3_ws/install/project3/lib/project3
[2.270s] Installing way script to /home/yeonho/project3_ws/install/project3/lib/project3
[2.271s] Installing waylast script to /home/yeonho/project3_ws/install/project3/lib/project3
[2.272s] writing list of installed files to '/home/yeonho/project3_ws/build/project3/install.log'
[2.322s] Invoked command in '/home/yeonho/project3_ws/src/project3' returned '0': LD_LIBRARY_PATH=/home/yeonho/project3_ws/install/project3_interfaces/lib:/home/yeonho/turtlebot3_ws/install/turtlebot3_msgs/lib:/home/yeonho/turtlebot3_ws/install/dynamixel_sdk_custom_interfaces/lib:/home/yeonho/turtlebot3_ws/install/dynamixel_sdk/lib:/usr/lib/x86_64-linux-gnu/gazebo-11/plugins:/opt/ros/humble/opt/rviz_ogre_vendor/lib:/opt/ros/humble/lib/x86_64-linux-gnu:/opt/ros/humble/lib:/usr/lib/x86_64-linux-gnu/gazebo-11/plugins:/usr/lib/x86_64-linux-gnu/gazebo-11/plugins:/usr/lib/x86_64-linux-gnu/gazebo-11/plugins:/usr/lib/x86_64-linux-gnu/gazebo-11/plugins:/usr/lib/x86_64-linux-gnu/gazebo-11/plugins:/usr/lib/x86_64-linux-gnu/gazebo-11/plugins:/usr/lib/x86_64-linux-gnu/gazebo-11/plugins:/usr/lib/x86_64-linux-gnu/gazebo-11/plugins:/usr/lib/x86_64-linux-gnu/gazebo-11/plugins:/usr/lib/x86_64-linux-gnu/gazebo-11/plugins PYTHONPATH=/home/yeonho/project3_ws/build/project3/prefix_override:/usr/lib/python3/dist-packages/colcon_core/task/python/colcon_distutils_commands:/home/yeonho/project3_ws/install/project3/lib/python3.10/site-packages:${PYTHONPATH} /usr/bin/python3 -W ignore:setup.py install is deprecated -W ignore:easy_install command is deprecated setup.py egg_info --egg-base ../../build/project3 build --build-base /home/yeonho/project3_ws/build/project3/build install --record /home/yeonho/project3_ws/build/project3/install.log --single-version-externally-managed install_data
