[0.103s] DEBUG:colcon:Command line arguments: ['/usr/bin/colcon', 'build']
[0.103s] DEBUG:colcon:Parsed command line arguments: Namespace(log_base=None, log_level=None, verb_name='build', build_base='build', install_base='install', merge_install=False, symlink_install=False, test_result_base=None, continue_on_error=False, executor='parallel', parallel_workers=12, event_handlers=None, ignore_user_meta=False, metas=['./colcon.meta'], base_paths=['.'], packages_ignore=None, packages_ignore_regex=None, paths=None, packages_up_to=None, packages_up_to_regex=None, packages_above=None, packages_above_and_dependencies=None, packages_above_depth=None, packages_select_by_dep=None, packages_skip_by_dep=None, packages_skip_up_to=None, packages_select_build_failed=False, packages_skip_build_finished=False, packages_select_test_failures=False, packages_skip_test_passed=False, packages_select=None, packages_skip=None, packages_select_regex=None, packages_skip_regex=None, packages_start=None, packages_end=None, allow_overriding=[], cmake_args=None, cmake_target=None, cmake_target_skip_unavailable=False, cmake_clean_cache=False, cmake_clean_first=False, cmake_force_configure=False, ament_cmake_args=None, catkin_cmake_args=None, catkin_skip_building_tests=False, verb_parser=<colcon_defaults.argument_parser.defaults.DefaultArgumentsDecorator object at 0x7c6446fec280>, verb_extension=<colcon_core.verb.build.BuildVerb object at 0x7c6446f9f8e0>, main=<bound method BuildVerb.main of <colcon_core.verb.build.BuildVerb object at 0x7c6446f9f8e0>>)
[0.264s] Level 1:colcon.colcon_core.package_discovery:discover_packages(colcon_meta) check parameters
[0.264s] Level 1:colcon.colcon_core.package_discovery:discover_packages(recursive) check parameters
[0.264s] Level 1:colcon.colcon_core.package_discovery:discover_packages(ignore) check parameters
[0.264s] Level 1:colcon.colcon_core.package_discovery:discover_packages(path) check parameters
[0.264s] Level 1:colcon.colcon_core.package_discovery:discover_packages(colcon_meta) discover
[0.264s] Level 1:colcon.colcon_core.package_discovery:discover_packages(recursive) discover
[0.264s] INFO:colcon.colcon_core.package_discovery:Crawling recursively for packages in '/home/yeonho/project3_ws'
[0.264s] Level 1:colcon.colcon_core.package_identification:_identify(.) by extensions ['ignore', 'ignore_ament_install']
[0.264s] Level 1:colcon.colcon_core.package_identification:_identify(.) by extension 'ignore'
[0.264s] Level 1:colcon.colcon_core.package_identification:_identify(.) by extension 'ignore_ament_install'
[0.265s] Level 1:colcon.colcon_core.package_identification:_identify(.) by extensions ['colcon_pkg']
[0.265s] Level 1:colcon.colcon_core.package_identification:_identify(.) by extension 'colcon_pkg'
[0.265s] Level 1:colcon.colcon_core.package_identification:_identify(.) by extensions ['colcon_meta']
[0.265s] Level 1:colcon.colcon_core.package_identification:_identify(.) by extension 'colcon_meta'
[0.265s] Level 1:colcon.colcon_core.package_identification:_identify(.) by extensions ['ros']
[0.265s] Level 1:colcon.colcon_core.package_identification:_identify(.) by extension 'ros'
[0.273s] Level 1:colcon.colcon_core.package_identification:_identify(.) by extensions ['cmake', 'python']
[0.273s] Level 1:colcon.colcon_core.package_identification:_identify(.) by extension 'cmake'
[0.273s] Level 1:colcon.colcon_core.package_identification:_identify(.) by extension 'python'
[0.273s] Level 1:colcon.colcon_core.package_identification:_identify(.) by extensions ['python_setup_py']
[0.273s] Level 1:colcon.colcon_core.package_identification:_identify(.) by extension 'python_setup_py'
[0.274s] Level 1:colcon.colcon_core.package_identification:_identify(build) by extensions ['ignore', 'ignore_ament_install']
[0.274s] Level 1:colcon.colcon_core.package_identification:_identify(build) by extension 'ignore'
[0.274s] Level 1:colcon.colcon_core.package_identification:_identify(build) ignored
[0.274s] Level 1:colcon.colcon_core.package_identification:_identify(install) by extensions ['ignore', 'ignore_ament_install']
[0.274s] Level 1:colcon.colcon_core.package_identification:_identify(install) by extension 'ignore'
[0.274s] Level 1:colcon.colcon_core.package_identification:_identify(install) ignored
[0.274s] Level 1:colcon.colcon_core.package_identification:_identify(log) by extensions ['ignore', 'ignore_ament_install']
[0.274s] Level 1:colcon.colcon_core.package_identification:_identify(log) by extension 'ignore'
[0.274s] Level 1:colcon.colcon_core.package_identification:_identify(log) ignored
[0.274s] Level 1:colcon.colcon_core.package_identification:_identify(src) by extensions ['ignore', 'ignore_ament_install']
[0.274s] Level 1:colcon.colcon_core.package_identification:_identify(src) by extension 'ignore'
[0.274s] Level 1:colcon.colcon_core.package_identification:_identify(src) by extension 'ignore_ament_install'
[0.274s] Level 1:colcon.colcon_core.package_identification:_identify(src) by extensions ['colcon_pkg']
[0.274s] Level 1:colcon.colcon_core.package_identification:_identify(src) by extension 'colcon_pkg'
[0.274s] Level 1:colcon.colcon_core.package_identification:_identify(src) by extensions ['colcon_meta']
[0.274s] Level 1:colcon.colcon_core.package_identification:_identify(src) by extension 'colcon_meta'
[0.274s] Level 1:colcon.colcon_core.package_identification:_identify(src) by extensions ['ros']
[0.274s] Level 1:colcon.colcon_core.package_identification:_identify(src) by extension 'ros'
[0.274s] Level 1:colcon.colcon_core.package_identification:_identify(src) by extensions ['cmake', 'python']
[0.274s] Level 1:colcon.colcon_core.package_identification:_identify(src) by extension 'cmake'
[0.275s] Level 1:colcon.colcon_core.package_identification:_identify(src) by extension 'python'
[0.275s] Level 1:colcon.colcon_core.package_identification:_identify(src) by extensions ['python_setup_py']
[0.275s] Level 1:colcon.colcon_core.package_identification:_identify(src) by extension 'python_setup_py'
[0.275s] Level 1:colcon.colcon_core.package_identification:_identify(src/project3) by extensions ['ignore', 'ignore_ament_install']
[0.275s] Level 1:colcon.colcon_core.package_identification:_identify(src/project3) by extension 'ignore'
[0.275s] Level 1:colcon.colcon_core.package_identification:_identify(src/project3) by extension 'ignore_ament_install'
[0.275s] Level 1:colcon.colcon_core.package_identification:_identify(src/project3) by extensions ['colcon_pkg']
[0.275s] Level 1:colcon.colcon_core.package_identification:_identify(src/project3) by extension 'colcon_pkg'
[0.275s] Level 1:colcon.colcon_core.package_identification:_identify(src/project3) by extensions ['colcon_meta']
[0.275s] Level 1:colcon.colcon_core.package_identification:_identify(src/project3) by extension 'colcon_meta'
[0.275s] Level 1:colcon.colcon_core.package_identification:_identify(src/project3) by extensions ['ros']
[0.275s] Level 1:colcon.colcon_core.package_identification:_identify(src/project3) by extension 'ros'
[0.277s] DEBUG:colcon.colcon_core.package_identification:Package 'src/project3' with type 'ros.ament_python' and name 'project3'
[0.277s] Level 1:colcon.colcon_core.package_identification:_identify(src/project3_interfaces) by extensions ['ignore', 'ignore_ament_install']
[0.277s] Level 1:colcon.colcon_core.package_identification:_identify(src/project3_interfaces) by extension 'ignore'
[0.277s] Level 1:colcon.colcon_core.package_identification:_identify(src/project3_interfaces) by extension 'ignore_ament_install'
[0.277s] Level 1:colcon.colcon_core.package_identification:_identify(src/project3_interfaces) by extensions ['colcon_pkg']
[0.277s] Level 1:colcon.colcon_core.package_identification:_identify(src/project3_interfaces) by extension 'colcon_pkg'
[0.277s] Level 1:colcon.colcon_core.package_identification:_identify(src/project3_interfaces) by extensions ['colcon_meta']
[0.277s] Level 1:colcon.colcon_core.package_identification:_identify(src/project3_interfaces) by extension 'colcon_meta'
[0.277s] Level 1:colcon.colcon_core.package_identification:_identify(src/project3_interfaces) by extensions ['ros']
[0.277s] Level 1:colcon.colcon_core.package_identification:_identify(src/project3_interfaces) by extension 'ros'
[0.278s] DEBUG:colcon.colcon_core.package_identification:Package 'src/project3_interfaces' with type 'ros.ament_cmake' and name 'project3_interfaces'
[0.278s] Level 1:colcon.colcon_core.package_discovery:discover_packages(recursive) using defaults
[0.278s] Level 1:colcon.colcon_core.package_discovery:discover_packages(ignore) discover
[0.278s] Level 1:colcon.colcon_core.package_discovery:discover_packages(ignore) using defaults
[0.278s] Level 1:colcon.colcon_core.package_discovery:discover_packages(path) discover
[0.278s] Level 1:colcon.colcon_core.package_discovery:discover_packages(path) using defaults
[0.292s] Level 1:colcon.colcon_core.package_discovery:discover_packages(prefix_path) check parameters
[0.292s] Level 1:colcon.colcon_core.package_discovery:discover_packages(prefix_path) discover
[0.294s] DEBUG:colcon.colcon_installed_package_information.package_discovery:Found 1 installed packages in /home/yeonho/project3_interface_ws/install
[0.294s] DEBUG:colcon.colcon_installed_package_information.package_discovery:Found 8 installed packages in /home/yeonho/turtlebot3_ws/install
[0.296s] DEBUG:colcon.colcon_installed_package_information.package_discovery:Found 397 installed packages in /opt/ros/humble
[0.298s] Level 1:colcon.colcon_core.package_discovery:discover_packages(prefix_path) using defaults
[0.335s] Level 5:colcon.colcon_core.verb:set package 'project3_interfaces' build argument 'cmake_args' from command line to 'None'
[0.335s] Level 5:colcon.colcon_core.verb:set package 'project3_interfaces' build argument 'cmake_target' from command line to 'None'
[0.335s] Level 5:colcon.colcon_core.verb:set package 'project3_interfaces' build argument 'cmake_target_skip_unavailable' from command line to 'False'
[0.335s] Level 5:colcon.colcon_core.verb:set package 'project3_interfaces' build argument 'cmake_clean_cache' from command line to 'False'
[0.335s] Level 5:colcon.colcon_core.verb:set package 'project3_interfaces' build argument 'cmake_clean_first' from command line to 'False'
[0.335s] Level 5:colcon.colcon_core.verb:set package 'project3_interfaces' build argument 'cmake_force_configure' from command line to 'False'
[0.335s] Level 5:colcon.colcon_core.verb:set package 'project3_interfaces' build argument 'ament_cmake_args' from command line to 'None'
[0.335s] Level 5:colcon.colcon_core.verb:set package 'project3_interfaces' build argument 'catkin_cmake_args' from command line to 'None'
[0.335s] Level 5:colcon.colcon_core.verb:set package 'project3_interfaces' build argument 'catkin_skip_building_tests' from command line to 'False'
[0.335s] DEBUG:colcon.colcon_core.verb:Building package 'project3_interfaces' with the following arguments: {'ament_cmake_args': None, 'build_base': '/home/yeonho/project3_ws/build/project3_interfaces', 'catkin_cmake_args': None, 'catkin_skip_building_tests': False, 'cmake_args': None, 'cmake_clean_cache': False, 'cmake_clean_first': False, 'cmake_force_configure': False, 'cmake_target': None, 'cmake_target_skip_unavailable': False, 'install_base': '/home/yeonho/project3_ws/install/project3_interfaces', 'merge_install': False, 'path': '/home/yeonho/project3_ws/src/project3_interfaces', 'symlink_install': False, 'test_result_base': None}
[0.336s] Level 5:colcon.colcon_core.verb:set package 'project3' build argument 'cmake_args' from command line to 'None'
[0.336s] Level 5:colcon.colcon_core.verb:set package 'project3' build argument 'cmake_target' from command line to 'None'
[0.336s] Level 5:colcon.colcon_core.verb:set package 'project3' build argument 'cmake_target_skip_unavailable' from command line to 'False'
[0.336s] Level 5:colcon.colcon_core.verb:set package 'project3' build argument 'cmake_clean_cache' from command line to 'False'
[0.336s] Level 5:colcon.colcon_core.verb:set package 'project3' build argument 'cmake_clean_first' from command line to 'False'
[0.336s] Level 5:colcon.colcon_core.verb:set package 'project3' build argument 'cmake_force_configure' from command line to 'False'
[0.336s] Level 5:colcon.colcon_core.verb:set package 'project3' build argument 'ament_cmake_args' from command line to 'None'
[0.336s] Level 5:colcon.colcon_core.verb:set package 'project3' build argument 'catkin_cmake_args' from command line to 'None'
[0.336s] Level 5:colcon.colcon_core.verb:set package 'project3' build argument 'catkin_skip_building_tests' from command line to 'False'
[0.336s] DEBUG:colcon.colcon_core.verb:Building package 'project3' with the following arguments: {'ament_cmake_args': None, 'build_base': '/home/yeonho/project3_ws/build/project3', 'catkin_cmake_args': None, 'catkin_skip_building_tests': False, 'cmake_args': None, 'cmake_clean_cache': False, 'cmake_clean_first': False, 'cmake_force_configure': False, 'cmake_target': None, 'cmake_target_skip_unavailable': False, 'install_base': '/home/yeonho/project3_ws/install/project3', 'merge_install': False, 'path': '/home/yeonho/project3_ws/src/project3', 'symlink_install': False, 'test_result_base': None}
[0.336s] INFO:colcon.colcon_core.executor:Executing jobs using 'parallel' executor
[0.337s] DEBUG:colcon.colcon_parallel_executor.executor.parallel:run_until_complete
[0.337s] INFO:colcon.colcon_ros.task.ament_cmake.build:Building ROS package in '/home/yeonho/project3_ws/src/project3_interfaces' with build type 'ament_cmake'
[0.337s] INFO:colcon.colcon_cmake.task.cmake.build:Building CMake package in '/home/yeonho/project3_ws/src/project3_interfaces'
[0.339s] INFO:colcon.colcon_core.plugin_system:Skipping extension 'colcon_core.shell.bat': Not used on non-Windows systems
[0.339s] INFO:colcon.colcon_core.shell:Skip shell extension 'powershell' for command environment: Not usable outside of PowerShell
[0.339s] DEBUG:colcon.colcon_core.shell:Skip shell extension 'dsv' for command environment
[0.347s] DEBUG:colcon.colcon_core.event_handler.log_command:Invoking command in '/home/yeonho/project3_ws/build/project3_interfaces': CMAKE_PREFIX_PATH=${CMAKE_PREFIX_PATH}:/opt/ros/humble /usr/bin/cmake /home/yeonho/project3_ws/src/project3_interfaces -DCMAKE_INSTALL_PREFIX=/home/yeonho/project3_ws/install/project3_interfaces
[1.620s] DEBUG:colcon.colcon_core.event_handler.log_command:Invoked command in '/home/yeonho/project3_ws/build/project3_interfaces' returned '0': CMAKE_PREFIX_PATH=${CMAKE_PREFIX_PATH}:/opt/ros/humble /usr/bin/cmake /home/yeonho/project3_ws/src/project3_interfaces -DCMAKE_INSTALL_PREFIX=/home/yeonho/project3_ws/install/project3_interfaces
[1.622s] DEBUG:colcon.colcon_core.event_handler.log_command:Invoking command in '/home/yeonho/project3_ws/build/project3_interfaces': CMAKE_PREFIX_PATH=${CMAKE_PREFIX_PATH}:/opt/ros/humble /usr/bin/cmake --build /home/yeonho/project3_ws/build/project3_interfaces -- -j12 -l12
[3.037s] DEBUG:colcon.colcon_core.event_handler.log_command:Invoked command in '/home/yeonho/project3_ws/build/project3_interfaces' returned '0': CMAKE_PREFIX_PATH=${CMAKE_PREFIX_PATH}:/opt/ros/humble /usr/bin/cmake --build /home/yeonho/project3_ws/build/project3_interfaces -- -j12 -l12
[3.047s] DEBUG:colcon.colcon_core.event_handler.log_command:Invoking command in '/home/yeonho/project3_ws/build/project3_interfaces': CMAKE_PREFIX_PATH=${CMAKE_PREFIX_PATH}:/opt/ros/humble /usr/bin/cmake --install /home/yeonho/project3_ws/build/project3_interfaces
[3.105s] Level 1:colcon.colcon_core.environment:create_environment_scripts_only(project3_interfaces)
[3.105s] DEBUG:colcon.colcon_core.event_handler.log_command:Invoked command in '/home/yeonho/project3_ws/build/project3_interfaces' returned '0': CMAKE_PREFIX_PATH=${CMAKE_PREFIX_PATH}:/opt/ros/humble /usr/bin/cmake --install /home/yeonho/project3_ws/build/project3_interfaces
[3.107s] Level 1:colcon.colcon_core.environment:checking '/home/yeonho/project3_ws/install/project3_interfaces' for CMake module files
[3.107s] Level 1:colcon.colcon_core.environment:checking '/home/yeonho/project3_ws/install/project3_interfaces' for CMake config files
[3.108s] Level 1:colcon.colcon_core.shell:create_environment_hook('project3_interfaces', 'cmake_prefix_path')
[3.108s] INFO:colcon.colcon_core.shell:Creating environment hook '/home/yeonho/project3_ws/install/project3_interfaces/share/project3_interfaces/hook/cmake_prefix_path.ps1'
[3.108s] INFO:colcon.colcon_core.shell:Creating environment descriptor '/home/yeonho/project3_ws/install/project3_interfaces/share/project3_interfaces/hook/cmake_prefix_path.dsv'
[3.109s] INFO:colcon.colcon_core.shell:Creating environment hook '/home/yeonho/project3_ws/install/project3_interfaces/share/project3_interfaces/hook/cmake_prefix_path.sh'
[3.109s] Level 1:colcon.colcon_core.environment:checking '/home/yeonho/project3_ws/install/project3_interfaces/lib'
[3.109s] Level 1:colcon.colcon_core.shell:create_environment_hook('project3_interfaces', 'ld_library_path_lib')
[3.109s] INFO:colcon.colcon_core.shell:Creating environment hook '/home/yeonho/project3_ws/install/project3_interfaces/share/project3_interfaces/hook/ld_library_path_lib.ps1'
[3.110s] INFO:colcon.colcon_core.shell:Creating environment descriptor '/home/yeonho/project3_ws/install/project3_interfaces/share/project3_interfaces/hook/ld_library_path_lib.dsv'
[3.110s] INFO:colcon.colcon_core.shell:Creating environment hook '/home/yeonho/project3_ws/install/project3_interfaces/share/project3_interfaces/hook/ld_library_path_lib.sh'
[3.110s] Level 1:colcon.colcon_core.environment:checking '/home/yeonho/project3_ws/install/project3_interfaces/bin'
[3.110s] Level 1:colcon.colcon_core.environment:checking '/home/yeonho/project3_ws/install/project3_interfaces/lib/pkgconfig/project3_interfaces.pc'
[3.110s] Level 1:colcon.colcon_core.environment:checking '/home/yeonho/project3_ws/install/project3_interfaces/lib/python3.10/site-packages'
[3.110s] Level 1:colcon.colcon_core.environment:checking '/home/yeonho/project3_ws/install/project3_interfaces/bin'
[3.111s] INFO:colcon.colcon_core.shell:Creating package script '/home/yeonho/project3_ws/install/project3_interfaces/share/project3_interfaces/package.ps1'
[3.111s] INFO:colcon.colcon_core.shell:Creating package descriptor '/home/yeonho/project3_ws/install/project3_interfaces/share/project3_interfaces/package.dsv'
[3.112s] INFO:colcon.colcon_core.shell:Creating package script '/home/yeonho/project3_ws/install/project3_interfaces/share/project3_interfaces/package.sh'
[3.112s] INFO:colcon.colcon_core.shell:Creating package script '/home/yeonho/project3_ws/install/project3_interfaces/share/project3_interfaces/package.bash'
[3.113s] INFO:colcon.colcon_core.shell:Creating package script '/home/yeonho/project3_ws/install/project3_interfaces/share/project3_interfaces/package.zsh'
[3.113s] Level 1:colcon.colcon_core.environment:create_file_with_runtime_dependencies(/home/yeonho/project3_ws/install/project3_interfaces/share/colcon-core/packages/project3_interfaces)
[3.114s] Level 1:colcon.colcon_core.environment:create_environment_scripts_only(project3_interfaces)
[3.114s] Level 1:colcon.colcon_core.environment:checking '/home/yeonho/project3_ws/install/project3_interfaces' for CMake module files
[3.114s] Level 1:colcon.colcon_core.environment:checking '/home/yeonho/project3_ws/install/project3_interfaces' for CMake config files
[3.114s] Level 1:colcon.colcon_core.shell:create_environment_hook('project3_interfaces', 'cmake_prefix_path')
[3.115s] INFO:colcon.colcon_core.shell:Creating environment hook '/home/yeonho/project3_ws/install/project3_interfaces/share/project3_interfaces/hook/cmake_prefix_path.ps1'
[3.115s] INFO:colcon.colcon_core.shell:Creating environment descriptor '/home/yeonho/project3_ws/install/project3_interfaces/share/project3_interfaces/hook/cmake_prefix_path.dsv'
[3.115s] INFO:colcon.colcon_core.shell:Creating environment hook '/home/yeonho/project3_ws/install/project3_interfaces/share/project3_interfaces/hook/cmake_prefix_path.sh'
[3.115s] Level 1:colcon.colcon_core.environment:checking '/home/yeonho/project3_ws/install/project3_interfaces/lib'
[3.115s] Level 1:colcon.colcon_core.shell:create_environment_hook('project3_interfaces', 'ld_library_path_lib')
[3.116s] INFO:colcon.colcon_core.shell:Creating environment hook '/home/yeonho/project3_ws/install/project3_interfaces/share/project3_interfaces/hook/ld_library_path_lib.ps1'
[3.116s] INFO:colcon.colcon_core.shell:Creating environment descriptor '/home/yeonho/project3_ws/install/project3_interfaces/share/project3_interfaces/hook/ld_library_path_lib.dsv'
[3.116s] INFO:colcon.colcon_core.shell:Creating environment hook '/home/yeonho/project3_ws/install/project3_interfaces/share/project3_interfaces/hook/ld_library_path_lib.sh'
[3.116s] Level 1:colcon.colcon_core.environment:checking '/home/yeonho/project3_ws/install/project3_interfaces/bin'
[3.116s] Level 1:colcon.colcon_core.environment:checking '/home/yeonho/project3_ws/install/project3_interfaces/lib/pkgconfig/project3_interfaces.pc'
[3.117s] Level 1:colcon.colcon_core.environment:checking '/home/yeonho/project3_ws/install/project3_interfaces/lib/python3.10/site-packages'
[3.117s] Level 1:colcon.colcon_core.environment:checking '/home/yeonho/project3_ws/install/project3_interfaces/bin'
[3.117s] INFO:colcon.colcon_core.shell:Creating package script '/home/yeonho/project3_ws/install/project3_interfaces/share/project3_interfaces/package.ps1'
[3.117s] INFO:colcon.colcon_core.shell:Creating package descriptor '/home/yeonho/project3_ws/install/project3_interfaces/share/project3_interfaces/package.dsv'
[3.118s] INFO:colcon.colcon_core.shell:Creating package script '/home/yeonho/project3_ws/install/project3_interfaces/share/project3_interfaces/package.sh'
[3.118s] INFO:colcon.colcon_core.shell:Creating package script '/home/yeonho/project3_ws/install/project3_interfaces/share/project3_interfaces/package.bash'
[3.118s] INFO:colcon.colcon_core.shell:Creating package script '/home/yeonho/project3_ws/install/project3_interfaces/share/project3_interfaces/package.zsh'
[3.119s] Level 1:colcon.colcon_core.environment:create_file_with_runtime_dependencies(/home/yeonho/project3_ws/install/project3_interfaces/share/colcon-core/packages/project3_interfaces)
[3.119s] INFO:colcon.colcon_ros.task.ament_python.build:Building ROS package in '/home/yeonho/project3_ws/src/project3' with build type 'ament_python'
[3.119s] Level 1:colcon.colcon_core.shell:create_environment_hook('project3', 'ament_prefix_path')
[3.119s] INFO:colcon.colcon_core.shell:Creating environment hook '/home/yeonho/project3_ws/install/project3/share/project3/hook/ament_prefix_path.ps1'
[3.120s] INFO:colcon.colcon_core.shell:Creating environment descriptor '/home/yeonho/project3_ws/install/project3/share/project3/hook/ament_prefix_path.dsv'
[3.120s] INFO:colcon.colcon_core.shell:Creating environment hook '/home/yeonho/project3_ws/install/project3/share/project3/hook/ament_prefix_path.sh'
[3.120s] INFO:colcon.colcon_core.shell:Skip shell extension 'powershell' for command environment: Not usable outside of PowerShell
[3.120s] DEBUG:colcon.colcon_core.shell:Skip shell extension 'dsv' for command environment
[3.378s] DEBUG:colcon.colcon_parallel_executor.executor.parallel:closing loop
[3.378s] DEBUG:colcon.colcon_parallel_executor.executor.parallel:loop closed
[3.378s] DEBUG:colcon.colcon_parallel_executor.executor.parallel:run_until_complete finished with 'Command '['/usr/bin/python3', '-c', 'import sys;from contextlib import suppress;exec("with suppress(ImportError):    from setuptools.extern.packaging.specifiers    import SpecifierSet");exec("with suppress(ImportError):    from packaging.specifiers import SpecifierSet");from distutils.core import run_setup;dist = run_setup(    \'setup.py\', script_args=(\'--dry-run\',), stop_after=\'config\');skip_keys = (\'cmdclass\', \'distclass\', \'ext_modules\', \'metadata\');data = {    key: value for key, value in dist.__dict__.items()     if (        not key.startswith(\'_\') and         not callable(value) and         key not in skip_keys and         key not in dist.display_option_names    )};data[\'metadata\'] = {    k: v for k, v in dist.metadata.__dict__.items()     if k not in (\'license_files\', \'provides_extras\')};sys.stdout.buffer.write(repr(data).encode(\'utf-8\'))']' returned non-zero exit status 1.'
[3.379s] DEBUG:colcon.colcon_core.event_reactor:joining thread
[3.383s] INFO:colcon.colcon_core.plugin_system:Skipping extension 'colcon_notification.desktop_notification.terminal_notifier': Not used on non-Darwin systems
[3.383s] INFO:colcon.colcon_core.plugin_system:Skipping extension 'colcon_notification.desktop_notification.win32': Not used on non-Windows systems
[3.383s] INFO:colcon.colcon_notification.desktop_notification:Sending desktop notification using 'notify2'
[3.391s] DEBUG:colcon.colcon_core.event_reactor:joined thread
[3.392s] INFO:colcon.colcon_core.shell:Creating prefix script '/home/yeonho/project3_ws/install/local_setup.ps1'
[3.392s] INFO:colcon.colcon_core.shell:Creating prefix util module '/home/yeonho/project3_ws/install/_local_setup_util_ps1.py'
[3.394s] INFO:colcon.colcon_core.shell:Creating prefix chain script '/home/yeonho/project3_ws/install/setup.ps1'
[3.395s] INFO:colcon.colcon_core.shell:Creating prefix script '/home/yeonho/project3_ws/install/local_setup.sh'
[3.395s] INFO:colcon.colcon_core.shell:Creating prefix util module '/home/yeonho/project3_ws/install/_local_setup_util_sh.py'
[3.396s] INFO:colcon.colcon_core.shell:Creating prefix chain script '/home/yeonho/project3_ws/install/setup.sh'
[3.397s] INFO:colcon.colcon_core.shell:Creating prefix script '/home/yeonho/project3_ws/install/local_setup.bash'
[3.397s] INFO:colcon.colcon_core.shell:Creating prefix chain script '/home/yeonho/project3_ws/install/setup.bash'
[3.398s] INFO:colcon.colcon_core.shell:Creating prefix script '/home/yeonho/project3_ws/install/local_setup.zsh'
[3.399s] INFO:colcon.colcon_core.shell:Creating prefix chain script '/home/yeonho/project3_ws/install/setup.zsh'
