[0.522s] Invoking command in '/home/sujeong/rokey2_D1_Driving1/src/driving1': LD_LIBRARY_PATH=/home/sujeong/rokey2_D1_Driving1/install/project3_interfaces/lib:/home/sujeong/rokey2_D1_Driving1/install/driving1_interfaces/lib:/home/sujeong/turtlebot3_ws/install/turtlebot3_msgs/lib:/home/sujeong/turtlebot3_ws/install/dynamixel_sdk_custom_interfaces/lib:/home/sujeong/turtlebot3_ws/install/dynamixel_sdk/lib:/usr/lib/x86_64-linux-gnu/gazebo-11/plugins:/opt/ros/humble/opt/rviz_ogre_vendor/lib:/opt/ros/humble/lib/x86_64-linux-gnu:/opt/ros/humble/lib:/usr/lib/x86_64-linux-gnu/gazebo-11/plugins PYTHONPATH=/home/sujeong/rokey2_D1_Driving1/build/driving1/prefix_override:/usr/lib/python3/dist-packages/colcon_core/task/python/colcon_distutils_commands:/home/sujeong/rokey2_D1_Driving1/install/driving1/lib/python3.10/site-packages:/home/sujeong/rokey2_D1_Driving1/install/project3_interfaces/lib/python3.10/site-packages:/home/sujeong/rokey2_D1_Driving1/install/driving1_interfaces/lib/python3.10/site-packages:/home/sujeong/rokey2_D1_Driving1/install/driving1/lib/python3.10/site-packages:/home/sujeong/turtlebot3_ws/build/turtlebot3_teleop:/home/sujeong/turtlebot3_ws/install/turtlebot3_teleop/lib/python3.10/site-packages:/home/sujeong/turtlebot3_ws/build/turtlebot3_example:/home/sujeong/turtlebot3_ws/install/turtlebot3_example/lib/python3.10/site-packages:/home/sujeong/turtlebot3_ws/install/turtlebot3_msgs/lib/python3.10/site-packages:/home/sujeong/turtlebot3_ws/install/dynamixel_sdk_custom_interfaces/lib/python3.10/site-packages:/home/sujeong/ros2_ws/install/my_package/lib/python3.10/site-packages:/opt/ros/humble/lib/python3.10/site-packages:/opt/ros/humble/local/lib/python3.10/dist-packages /usr/bin/python3 -W ignore:setup.py install is deprecated -W ignore:easy_install command is deprecated setup.py egg_info --egg-base ../../build/driving1 build --build-base /home/sujeong/rokey2_D1_Driving1/build/driving1/build install --record /home/sujeong/rokey2_D1_Driving1/build/driving1/install.log --single-version-externally-managed install_data
[0.631s] /home/sujeong/.local/lib/python3.10/site-packages/setuptools/_distutils/dist.py:270: UserWarning: Unknown distribution option: 'tests_require'
[0.632s]   warnings.warn(msg)
[0.696s] running egg_info
[0.707s] writing ../../build/driving1/driving1.egg-info/PKG-INFO
[0.707s] writing dependency_links to ../../build/driving1/driving1.egg-info/dependency_links.txt
[0.707s] writing entry points to ../../build/driving1/driving1.egg-info/entry_points.txt
[0.707s] writing requirements to ../../build/driving1/driving1.egg-info/requires.txt
[0.707s] writing top-level names to ../../build/driving1/driving1.egg-info/top_level.txt
[0.729s] reading manifest file '../../build/driving1/driving1.egg-info/SOURCES.txt'
[0.730s] writing manifest file '../../build/driving1/driving1.egg-info/SOURCES.txt'
[0.730s] running build
[0.730s] running build_py
[0.731s] copying driving1/db_handler.py -> /home/sujeong/rokey2_D1_Driving1/build/driving1/build/lib/driving1
[0.731s] copying driving1/__init__.py -> /home/sujeong/rokey2_D1_Driving1/build/driving1/build/lib/driving1
[0.731s] copying driving1/kitchen_gui.py -> /home/sujeong/rokey2_D1_Driving1/build/driving1/build/lib/driving1
[0.731s] copying driving1/kitchen_main.py -> /home/sujeong/rokey2_D1_Driving1/build/driving1/build/lib/driving1
[0.731s] copying driving1/ros_kitchen_nodes.py -> /home/sujeong/rokey2_D1_Driving1/build/driving1/build/lib/driving1
[0.731s] copying driving1/ui_order.py -> /home/sujeong/rokey2_D1_Driving1/build/driving1/build/lib/driving1
[0.731s] running install
[0.734s] running install_lib
[0.746s] running install_data
[0.746s] copying resource/driving1 -> /home/sujeong/rokey2_D1_Driving1/install/driving1/share/ament_index/resource_index/packages
[0.746s] copying package.xml -> /home/sujeong/rokey2_D1_Driving1/install/driving1/share/driving1
[0.746s] running install_egg_info
[0.758s] removing '/home/sujeong/rokey2_D1_Driving1/install/driving1/lib/python3.10/site-packages/driving1-0.0.0-py3.10.egg-info' (and everything under it)
[0.758s] Copying ../../build/driving1/driving1.egg-info to /home/sujeong/rokey2_D1_Driving1/install/driving1/lib/python3.10/site-packages/driving1-0.0.0-py3.10.egg-info
[0.759s] running install_scripts
[0.844s] Installing kitchen_gui script to /home/sujeong/rokey2_D1_Driving1/install/driving1/lib/driving1
[0.845s] writing list of installed files to '/home/sujeong/rokey2_D1_Driving1/build/driving1/install.log'
[0.863s] Invoked command in '/home/sujeong/rokey2_D1_Driving1/src/driving1' returned '0': LD_LIBRARY_PATH=/home/sujeong/rokey2_D1_Driving1/install/project3_interfaces/lib:/home/sujeong/rokey2_D1_Driving1/install/driving1_interfaces/lib:/home/sujeong/turtlebot3_ws/install/turtlebot3_msgs/lib:/home/sujeong/turtlebot3_ws/install/dynamixel_sdk_custom_interfaces/lib:/home/sujeong/turtlebot3_ws/install/dynamixel_sdk/lib:/usr/lib/x86_64-linux-gnu/gazebo-11/plugins:/opt/ros/humble/opt/rviz_ogre_vendor/lib:/opt/ros/humble/lib/x86_64-linux-gnu:/opt/ros/humble/lib:/usr/lib/x86_64-linux-gnu/gazebo-11/plugins PYTHONPATH=/home/sujeong/rokey2_D1_Driving1/build/driving1/prefix_override:/usr/lib/python3/dist-packages/colcon_core/task/python/colcon_distutils_commands:/home/sujeong/rokey2_D1_Driving1/install/driving1/lib/python3.10/site-packages:/home/sujeong/rokey2_D1_Driving1/install/project3_interfaces/lib/python3.10/site-packages:/home/sujeong/rokey2_D1_Driving1/install/driving1_interfaces/lib/python3.10/site-packages:/home/sujeong/rokey2_D1_Driving1/install/driving1/lib/python3.10/site-packages:/home/sujeong/turtlebot3_ws/build/turtlebot3_teleop:/home/sujeong/turtlebot3_ws/install/turtlebot3_teleop/lib/python3.10/site-packages:/home/sujeong/turtlebot3_ws/build/turtlebot3_example:/home/sujeong/turtlebot3_ws/install/turtlebot3_example/lib/python3.10/site-packages:/home/sujeong/turtlebot3_ws/install/turtlebot3_msgs/lib/python3.10/site-packages:/home/sujeong/turtlebot3_ws/install/dynamixel_sdk_custom_interfaces/lib/python3.10/site-packages:/home/sujeong/ros2_ws/install/my_package/lib/python3.10/site-packages:/opt/ros/humble/lib/python3.10/site-packages:/opt/ros/humble/local/lib/python3.10/dist-packages /usr/bin/python3 -W ignore:setup.py install is deprecated -W ignore:easy_install command is deprecated setup.py egg_info --egg-base ../../build/driving1 build --build-base /home/sujeong/rokey2_D1_Driving1/build/driving1/build install --record /home/sujeong/rokey2_D1_Driving1/build/driving1/install.log --single-version-externally-managed install_data
