[0.015s] Invoking command in '/home/sujeong/rokey2_D1_Driving1/build/project3_interfaces': CMAKE_PREFIX_PATH=${CMAKE_PREFIX_PATH}:/home/sujeong/turtlebot3_ws/install/turtlebot3_teleop:/home/sujeong/turtlebot3_ws/install/turtlebot3_example:/home/sujeong/ros2_ws/install/my_package:/opt/ros/humble /usr/bin/cmake --build /home/sujeong/rokey2_D1_Driving1/build/project3_interfaces -- -j16 -l16
[0.087s] [  3%] Built target project3_interfaces__cpp
[0.094s] [ 12%] Built target project3_interfaces__rosidl_generator_c
[0.107s] [ 12%] Built target ament_cmake_python_copy_project3_interfaces
[0.136s] [ 22%] Built target project3_interfaces__rosidl_typesupport_cpp
[0.138s] [ 32%] Built target project3_interfaces__rosidl_typesupport_c
[0.138s] [ 41%] Built target project3_interfaces__rosidl_typesupport_fastrtps_cpp
[0.139s] [ 51%] Built target project3_interfaces__rosidl_typesupport_fastrtps_c
[0.139s] [ 61%] Built target project3_interfaces__rosidl_typesupport_introspection_cpp
[0.139s] [ 70%] Built target project3_interfaces__rosidl_typesupport_introspection_c
[0.159s] [ 70%] Built target project3_interfaces
[0.181s] [ 74%] Built target project3_interfaces__py
[0.205s] [ 80%] Built target project3_interfaces__rosidl_generator_py
[0.222s] [ 87%] Built target project3_interfaces__rosidl_typesupport_fastrtps_c__pyext
[0.227s] [ 93%] Built target project3_interfaces__rosidl_typesupport_introspection_c__pyext
[0.227s] [100%] Built target project3_interfaces__rosidl_typesupport_c__pyext
[0.282s] running egg_info
[0.290s] writing project3_interfaces.egg-info/PKG-INFO
[0.291s] writing dependency_links to project3_interfaces.egg-info/dependency_links.txt
[0.291s] writing top-level names to project3_interfaces.egg-info/top_level.txt
[0.317s] reading manifest file 'project3_interfaces.egg-info/SOURCES.txt'
[0.318s] writing manifest file 'project3_interfaces.egg-info/SOURCES.txt'
[0.341s] [100%] Built target ament_cmake_python_build_project3_interfaces_egg
[0.351s] Invoked command in '/home/sujeong/rokey2_D1_Driving1/build/project3_interfaces' returned '0': CMAKE_PREFIX_PATH=${CMAKE_PREFIX_PATH}:/home/sujeong/turtlebot3_ws/install/turtlebot3_teleop:/home/sujeong/turtlebot3_ws/install/turtlebot3_example:/home/sujeong/ros2_ws/install/my_package:/opt/ros/humble /usr/bin/cmake --build /home/sujeong/rokey2_D1_Driving1/build/project3_interfaces -- -j16 -l16
[0.360s] Invoking command in '/home/sujeong/rokey2_D1_Driving1/build/project3_interfaces': CMAKE_PREFIX_PATH=${CMAKE_PREFIX_PATH}:/home/sujeong/turtlebot3_ws/install/turtlebot3_teleop:/home/sujeong/turtlebot3_ws/install/turtlebot3_example:/home/sujeong/ros2_ws/install/my_package:/opt/ros/humble /usr/bin/cmake --install /home/sujeong/rokey2_D1_Driving1/build/project3_interfaces
[0.371s] -- Install configuration: ""
[0.371s] -- Up-to-date: /home/sujeong/rokey2_D1_Driving1/install/project3_interfaces/share/ament_index/resource_index/rosidl_interfaces/project3_interfaces
[0.371s] -- Up-to-date: /home/sujeong/rokey2_D1_Driving1/install/project3_interfaces/include/project3_interfaces/project3_interfaces
[0.371s] -- Up-to-date: /home/sujeong/rokey2_D1_Driving1/install/project3_interfaces/include/project3_interfaces/project3_interfaces/msg
[0.371s] -- Up-to-date: /home/sujeong/rokey2_D1_Driving1/install/project3_interfaces/include/project3_interfaces/project3_interfaces/msg/detail
[0.371s] -- Up-to-date: /home/sujeong/rokey2_D1_Driving1/install/project3_interfaces/include/project3_interfaces/project3_interfaces/msg/detail/table_command__functions.h
[0.372s] -- Up-to-date: /home/sujeong/rokey2_D1_Driving1/install/project3_interfaces/include/project3_interfaces/project3_interfaces/msg/detail/table_command__type_support.h
[0.372s] -- Up-to-date: /home/sujeong/rokey2_D1_Driving1/install/project3_interfaces/include/project3_interfaces/project3_interfaces/msg/detail/table_command__struct.h
[0.372s] -- Up-to-date: /home/sujeong/rokey2_D1_Driving1/install/project3_interfaces/include/project3_interfaces/project3_interfaces/msg/detail/table_command__functions.c
[0.372s] -- Up-to-date: /home/sujeong/rokey2_D1_Driving1/install/project3_interfaces/include/project3_interfaces/project3_interfaces/msg/table_command.h
[0.372s] -- Up-to-date: /home/sujeong/rokey2_D1_Driving1/install/project3_interfaces/include/project3_interfaces/project3_interfaces/msg/rosidl_generator_c__visibility_control.h
[0.372s] -- Up-to-date: /home/sujeong/rokey2_D1_Driving1/install/project3_interfaces/share/project3_interfaces/environment/library_path.sh
[0.372s] -- Up-to-date: /home/sujeong/rokey2_D1_Driving1/install/project3_interfaces/share/project3_interfaces/environment/library_path.dsv
[0.373s] -- Up-to-date: /home/sujeong/rokey2_D1_Driving1/install/project3_interfaces/lib/libproject3_interfaces__rosidl_generator_c.so
[0.373s] -- Up-to-date: /home/sujeong/rokey2_D1_Driving1/install/project3_interfaces/include/project3_interfaces/project3_interfaces
[0.373s] -- Up-to-date: /home/sujeong/rokey2_D1_Driving1/install/project3_interfaces/include/project3_interfaces/project3_interfaces/msg
[0.373s] -- Up-to-date: /home/sujeong/rokey2_D1_Driving1/install/project3_interfaces/include/project3_interfaces/project3_interfaces/msg/detail
[0.373s] -- Up-to-date: /home/sujeong/rokey2_D1_Driving1/install/project3_interfaces/include/project3_interfaces/project3_interfaces/msg/detail/table_command__rosidl_typesupport_fastrtps_c.h
[0.373s] -- Up-to-date: /home/sujeong/rokey2_D1_Driving1/install/project3_interfaces/include/project3_interfaces/project3_interfaces/msg/rosidl_typesupport_fastrtps_c__visibility_control.h
[0.373s] -- Up-to-date: /home/sujeong/rokey2_D1_Driving1/install/project3_interfaces/lib/libproject3_interfaces__rosidl_typesupport_fastrtps_c.so
[0.373s] -- Up-to-date: /home/sujeong/rokey2_D1_Driving1/install/project3_interfaces/include/project3_interfaces/project3_interfaces
[0.374s] -- Up-to-date: /home/sujeong/rokey2_D1_Driving1/install/project3_interfaces/include/project3_interfaces/project3_interfaces/msg
[0.374s] -- Up-to-date: /home/sujeong/rokey2_D1_Driving1/install/project3_interfaces/include/project3_interfaces/project3_interfaces/msg/detail
[0.374s] -- Up-to-date: /home/sujeong/rokey2_D1_Driving1/install/project3_interfaces/include/project3_interfaces/project3_interfaces/msg/detail/table_command__type_support.c
[0.374s] -- Up-to-date: /home/sujeong/rokey2_D1_Driving1/install/project3_interfaces/include/project3_interfaces/project3_interfaces/msg/detail/table_command__rosidl_typesupport_introspection_c.h
[0.374s] -- Up-to-date: /home/sujeong/rokey2_D1_Driving1/install/project3_interfaces/include/project3_interfaces/project3_interfaces/msg/rosidl_typesupport_introspection_c__visibility_control.h
[0.374s] -- Up-to-date: /home/sujeong/rokey2_D1_Driving1/install/project3_interfaces/lib/libproject3_interfaces__rosidl_typesupport_introspection_c.so
[0.374s] -- Up-to-date: /home/sujeong/rokey2_D1_Driving1/install/project3_interfaces/lib/libproject3_interfaces__rosidl_typesupport_c.so
[0.374s] -- Up-to-date: /home/sujeong/rokey2_D1_Driving1/install/project3_interfaces/include/project3_interfaces/project3_interfaces
[0.374s] -- Up-to-date: /home/sujeong/rokey2_D1_Driving1/install/project3_interfaces/include/project3_interfaces/project3_interfaces/msg
[0.375s] -- Up-to-date: /home/sujeong/rokey2_D1_Driving1/install/project3_interfaces/include/project3_interfaces/project3_interfaces/msg/rosidl_generator_cpp__visibility_control.hpp
[0.375s] -- Up-to-date: /home/sujeong/rokey2_D1_Driving1/install/project3_interfaces/include/project3_interfaces/project3_interfaces/msg/detail
[0.375s] -- Up-to-date: /home/sujeong/rokey2_D1_Driving1/install/project3_interfaces/include/project3_interfaces/project3_interfaces/msg/detail/table_command__traits.hpp
[0.375s] -- Up-to-date: /home/sujeong/rokey2_D1_Driving1/install/project3_interfaces/include/project3_interfaces/project3_interfaces/msg/detail/table_command__struct.hpp
[0.375s] -- Up-to-date: /home/sujeong/rokey2_D1_Driving1/install/project3_interfaces/include/project3_interfaces/project3_interfaces/msg/detail/table_command__type_support.hpp
[0.375s] -- Up-to-date: /home/sujeong/rokey2_D1_Driving1/install/project3_interfaces/include/project3_interfaces/project3_interfaces/msg/detail/table_command__builder.hpp
[0.375s] -- Up-to-date: /home/sujeong/rokey2_D1_Driving1/install/project3_interfaces/include/project3_interfaces/project3_interfaces/msg/table_command.hpp
[0.375s] -- Up-to-date: /home/sujeong/rokey2_D1_Driving1/install/project3_interfaces/include/project3_interfaces/project3_interfaces
[0.376s] -- Up-to-date: /home/sujeong/rokey2_D1_Driving1/install/project3_interfaces/include/project3_interfaces/project3_interfaces/msg
[0.376s] -- Up-to-date: /home/sujeong/rokey2_D1_Driving1/install/project3_interfaces/include/project3_interfaces/project3_interfaces/msg/detail
[0.376s] -- Up-to-date: /home/sujeong/rokey2_D1_Driving1/install/project3_interfaces/include/project3_interfaces/project3_interfaces/msg/detail/dds_fastrtps
[0.376s] -- Up-to-date: /home/sujeong/rokey2_D1_Driving1/install/project3_interfaces/include/project3_interfaces/project3_interfaces/msg/detail/table_command__rosidl_typesupport_fastrtps_cpp.hpp
[0.376s] -- Up-to-date: /home/sujeong/rokey2_D1_Driving1/install/project3_interfaces/include/project3_interfaces/project3_interfaces/msg/rosidl_typesupport_fastrtps_cpp__visibility_control.h
[0.376s] -- Up-to-date: /home/sujeong/rokey2_D1_Driving1/install/project3_interfaces/lib/libproject3_interfaces__rosidl_typesupport_fastrtps_cpp.so
[0.376s] -- Up-to-date: /home/sujeong/rokey2_D1_Driving1/install/project3_interfaces/include/project3_interfaces/project3_interfaces
[0.376s] -- Up-to-date: /home/sujeong/rokey2_D1_Driving1/install/project3_interfaces/include/project3_interfaces/project3_interfaces/msg
[0.377s] -- Up-to-date: /home/sujeong/rokey2_D1_Driving1/install/project3_interfaces/include/project3_interfaces/project3_interfaces/msg/detail
[0.377s] -- Up-to-date: /home/sujeong/rokey2_D1_Driving1/install/project3_interfaces/include/project3_interfaces/project3_interfaces/msg/detail/table_command__type_support.cpp
[0.377s] -- Up-to-date: /home/sujeong/rokey2_D1_Driving1/install/project3_interfaces/include/project3_interfaces/project3_interfaces/msg/detail/table_command__rosidl_typesupport_introspection_cpp.hpp
[0.377s] -- Up-to-date: /home/sujeong/rokey2_D1_Driving1/install/project3_interfaces/lib/libproject3_interfaces__rosidl_typesupport_introspection_cpp.so
[0.377s] -- Up-to-date: /home/sujeong/rokey2_D1_Driving1/install/project3_interfaces/lib/libproject3_interfaces__rosidl_typesupport_cpp.so
[0.377s] -- Up-to-date: /home/sujeong/rokey2_D1_Driving1/install/project3_interfaces/share/project3_interfaces/environment/pythonpath.sh
[0.378s] -- Up-to-date: /home/sujeong/rokey2_D1_Driving1/install/project3_interfaces/share/project3_interfaces/environment/pythonpath.dsv
[0.378s] -- Up-to-date: /home/sujeong/rokey2_D1_Driving1/install/project3_interfaces/lib/python3.10/site-packages/project3_interfaces-0.0.0-py3.10.egg-info
[0.378s] -- Installing: /home/sujeong/rokey2_D1_Driving1/install/project3_interfaces/lib/python3.10/site-packages/project3_interfaces-0.0.0-py3.10.egg-info/top_level.txt
[0.378s] -- Installing: /home/sujeong/rokey2_D1_Driving1/install/project3_interfaces/lib/python3.10/site-packages/project3_interfaces-0.0.0-py3.10.egg-info/PKG-INFO
[0.378s] -- Installing: /home/sujeong/rokey2_D1_Driving1/install/project3_interfaces/lib/python3.10/site-packages/project3_interfaces-0.0.0-py3.10.egg-info/SOURCES.txt
[0.378s] -- Installing: /home/sujeong/rokey2_D1_Driving1/install/project3_interfaces/lib/python3.10/site-packages/project3_interfaces-0.0.0-py3.10.egg-info/dependency_links.txt
[0.378s] -- Up-to-date: /home/sujeong/rokey2_D1_Driving1/install/project3_interfaces/lib/python3.10/site-packages/project3_interfaces
[0.378s] -- Up-to-date: /home/sujeong/rokey2_D1_Driving1/install/project3_interfaces/lib/python3.10/site-packages/project3_interfaces/_project3_interfaces_s.ep.rosidl_typesupport_introspection_c.c
[0.378s] -- Up-to-date: /home/sujeong/rokey2_D1_Driving1/install/project3_interfaces/lib/python3.10/site-packages/project3_interfaces/_project3_interfaces_s.ep.rosidl_typesupport_c.c
[0.378s] -- Up-to-date: /home/sujeong/rokey2_D1_Driving1/install/project3_interfaces/lib/python3.10/site-packages/project3_interfaces/project3_interfaces_s__rosidl_typesupport_c.cpython-310-x86_64-linux-gnu.so
[0.378s] -- Up-to-date: /home/sujeong/rokey2_D1_Driving1/install/project3_interfaces/lib/python3.10/site-packages/project3_interfaces/__init__.py
[0.378s] -- Up-to-date: /home/sujeong/rokey2_D1_Driving1/install/project3_interfaces/lib/python3.10/site-packages/project3_interfaces/project3_interfaces_s__rosidl_typesupport_fastrtps_c.cpython-310-x86_64-linux-gnu.so
[0.378s] -- Up-to-date: /home/sujeong/rokey2_D1_Driving1/install/project3_interfaces/lib/python3.10/site-packages/project3_interfaces/project3_interfaces_s__rosidl_typesupport_introspection_c.cpython-310-x86_64-linux-gnu.so
[0.379s] -- Up-to-date: /home/sujeong/rokey2_D1_Driving1/install/project3_interfaces/lib/python3.10/site-packages/project3_interfaces/msg
[0.379s] -- Up-to-date: /home/sujeong/rokey2_D1_Driving1/install/project3_interfaces/lib/python3.10/site-packages/project3_interfaces/msg/_table_command.py
[0.379s] -- Up-to-date: /home/sujeong/rokey2_D1_Driving1/install/project3_interfaces/lib/python3.10/site-packages/project3_interfaces/msg/__init__.py
[0.379s] -- Up-to-date: /home/sujeong/rokey2_D1_Driving1/install/project3_interfaces/lib/python3.10/site-packages/project3_interfaces/msg/_table_command_s.c
[0.379s] -- Up-to-date: /home/sujeong/rokey2_D1_Driving1/install/project3_interfaces/lib/python3.10/site-packages/project3_interfaces/_project3_interfaces_s.ep.rosidl_typesupport_fastrtps_c.c
[0.379s] -- Up-to-date: /home/sujeong/rokey2_D1_Driving1/install/project3_interfaces/lib/python3.10/site-packages/project3_interfaces/libproject3_interfaces__rosidl_generator_py.so
[0.406s] Listing '/home/sujeong/rokey2_D1_Driving1/install/project3_interfaces/lib/python3.10/site-packages/project3_interfaces'...
[0.406s] Listing '/home/sujeong/rokey2_D1_Driving1/install/project3_interfaces/lib/python3.10/site-packages/project3_interfaces/msg'...
[0.409s] -- Up-to-date: /home/sujeong/rokey2_D1_Driving1/install/project3_interfaces/lib/python3.10/site-packages/project3_interfaces/project3_interfaces_s__rosidl_typesupport_fastrtps_c.cpython-310-x86_64-linux-gnu.so
[0.410s] -- Up-to-date: /home/sujeong/rokey2_D1_Driving1/install/project3_interfaces/lib/python3.10/site-packages/project3_interfaces/project3_interfaces_s__rosidl_typesupport_introspection_c.cpython-310-x86_64-linux-gnu.so
[0.410s] -- Up-to-date: /home/sujeong/rokey2_D1_Driving1/install/project3_interfaces/lib/python3.10/site-packages/project3_interfaces/project3_interfaces_s__rosidl_typesupport_c.cpython-310-x86_64-linux-gnu.so
[0.410s] -- Up-to-date: /home/sujeong/rokey2_D1_Driving1/install/project3_interfaces/lib/libproject3_interfaces__rosidl_generator_py.so
[0.410s] -- Up-to-date: /home/sujeong/rokey2_D1_Driving1/install/project3_interfaces/share/project3_interfaces/msg/TableCommand.idl
[0.410s] -- Up-to-date: /home/sujeong/rokey2_D1_Driving1/install/project3_interfaces/share/project3_interfaces/msg/TableCommand.msg
[0.410s] -- Up-to-date: /home/sujeong/rokey2_D1_Driving1/install/project3_interfaces/share/ament_index/resource_index/package_run_dependencies/project3_interfaces
[0.410s] -- Up-to-date: /home/sujeong/rokey2_D1_Driving1/install/project3_interfaces/share/ament_index/resource_index/parent_prefix_path/project3_interfaces
[0.411s] -- Up-to-date: /home/sujeong/rokey2_D1_Driving1/install/project3_interfaces/share/project3_interfaces/environment/ament_prefix_path.sh
[0.411s] -- Up-to-date: /home/sujeong/rokey2_D1_Driving1/install/project3_interfaces/share/project3_interfaces/environment/ament_prefix_path.dsv
[0.411s] -- Up-to-date: /home/sujeong/rokey2_D1_Driving1/install/project3_interfaces/share/project3_interfaces/environment/path.sh
[0.411s] -- Up-to-date: /home/sujeong/rokey2_D1_Driving1/install/project3_interfaces/share/project3_interfaces/environment/path.dsv
[0.411s] -- Up-to-date: /home/sujeong/rokey2_D1_Driving1/install/project3_interfaces/share/project3_interfaces/local_setup.bash
[0.411s] -- Up-to-date: /home/sujeong/rokey2_D1_Driving1/install/project3_interfaces/share/project3_interfaces/local_setup.sh
[0.411s] -- Up-to-date: /home/sujeong/rokey2_D1_Driving1/install/project3_interfaces/share/project3_interfaces/local_setup.zsh
[0.411s] -- Up-to-date: /home/sujeong/rokey2_D1_Driving1/install/project3_interfaces/share/project3_interfaces/local_setup.dsv
[0.411s] -- Installing: /home/sujeong/rokey2_D1_Driving1/install/project3_interfaces/share/project3_interfaces/package.dsv
[0.412s] -- Up-to-date: /home/sujeong/rokey2_D1_Driving1/install/project3_interfaces/share/ament_index/resource_index/packages/project3_interfaces
[0.412s] -- Up-to-date: /home/sujeong/rokey2_D1_Driving1/install/project3_interfaces/share/project3_interfaces/cmake/export_project3_interfaces__rosidl_generator_cExport.cmake
[0.412s] -- Up-to-date: /home/sujeong/rokey2_D1_Driving1/install/project3_interfaces/share/project3_interfaces/cmake/export_project3_interfaces__rosidl_generator_cExport-noconfig.cmake
[0.412s] -- Up-to-date: /home/sujeong/rokey2_D1_Driving1/install/project3_interfaces/share/project3_interfaces/cmake/export_project3_interfaces__rosidl_typesupport_fastrtps_cExport.cmake
[0.412s] -- Up-to-date: /home/sujeong/rokey2_D1_Driving1/install/project3_interfaces/share/project3_interfaces/cmake/export_project3_interfaces__rosidl_typesupport_fastrtps_cExport-noconfig.cmake
[0.412s] -- Up-to-date: /home/sujeong/rokey2_D1_Driving1/install/project3_interfaces/share/project3_interfaces/cmake/project3_interfaces__rosidl_typesupport_introspection_cExport.cmake
[0.412s] -- Up-to-date: /home/sujeong/rokey2_D1_Driving1/install/project3_interfaces/share/project3_interfaces/cmake/project3_interfaces__rosidl_typesupport_introspection_cExport-noconfig.cmake
[0.412s] -- Up-to-date: /home/sujeong/rokey2_D1_Driving1/install/project3_interfaces/share/project3_interfaces/cmake/project3_interfaces__rosidl_typesupport_cExport.cmake
[0.412s] -- Up-to-date: /home/sujeong/rokey2_D1_Driving1/install/project3_interfaces/share/project3_interfaces/cmake/project3_interfaces__rosidl_typesupport_cExport-noconfig.cmake
[0.412s] -- Up-to-date: /home/sujeong/rokey2_D1_Driving1/install/project3_interfaces/share/project3_interfaces/cmake/export_project3_interfaces__rosidl_generator_cppExport.cmake
[0.413s] -- Up-to-date: /home/sujeong/rokey2_D1_Driving1/install/project3_interfaces/share/project3_interfaces/cmake/export_project3_interfaces__rosidl_typesupport_fastrtps_cppExport.cmake
[0.413s] -- Up-to-date: /home/sujeong/rokey2_D1_Driving1/install/project3_interfaces/share/project3_interfaces/cmake/export_project3_interfaces__rosidl_typesupport_fastrtps_cppExport-noconfig.cmake
[0.413s] -- Up-to-date: /home/sujeong/rokey2_D1_Driving1/install/project3_interfaces/share/project3_interfaces/cmake/project3_interfaces__rosidl_typesupport_introspection_cppExport.cmake
[0.413s] -- Up-to-date: /home/sujeong/rokey2_D1_Driving1/install/project3_interfaces/share/project3_interfaces/cmake/project3_interfaces__rosidl_typesupport_introspection_cppExport-noconfig.cmake
[0.413s] -- Up-to-date: /home/sujeong/rokey2_D1_Driving1/install/project3_interfaces/share/project3_interfaces/cmake/project3_interfaces__rosidl_typesupport_cppExport.cmake
[0.413s] -- Up-to-date: /home/sujeong/rokey2_D1_Driving1/install/project3_interfaces/share/project3_interfaces/cmake/project3_interfaces__rosidl_typesupport_cppExport-noconfig.cmake
[0.413s] -- Up-to-date: /home/sujeong/rokey2_D1_Driving1/install/project3_interfaces/share/project3_interfaces/cmake/export_project3_interfaces__rosidl_generator_pyExport.cmake
[0.413s] -- Up-to-date: /home/sujeong/rokey2_D1_Driving1/install/project3_interfaces/share/project3_interfaces/cmake/export_project3_interfaces__rosidl_generator_pyExport-noconfig.cmake
[0.414s] -- Up-to-date: /home/sujeong/rokey2_D1_Driving1/install/project3_interfaces/share/project3_interfaces/cmake/rosidl_cmake-extras.cmake
[0.414s] -- Up-to-date: /home/sujeong/rokey2_D1_Driving1/install/project3_interfaces/share/project3_interfaces/cmake/ament_cmake_export_include_directories-extras.cmake
[0.414s] -- Up-to-date: /home/sujeong/rokey2_D1_Driving1/install/project3_interfaces/share/project3_interfaces/cmake/ament_cmake_export_libraries-extras.cmake
[0.415s] -- Up-to-date: /home/sujeong/rokey2_D1_Driving1/install/project3_interfaces/share/project3_interfaces/cmake/ament_cmake_export_targets-extras.cmake
[0.415s] -- Up-to-date: /home/sujeong/rokey2_D1_Driving1/install/project3_interfaces/share/project3_interfaces/cmake/rosidl_cmake_export_typesupport_targets-extras.cmake
[0.416s] -- Up-to-date: /home/sujeong/rokey2_D1_Driving1/install/project3_interfaces/share/project3_interfaces/cmake/ament_cmake_export_dependencies-extras.cmake
[0.416s] -- Up-to-date: /home/sujeong/rokey2_D1_Driving1/install/project3_interfaces/share/project3_interfaces/cmake/rosidl_cmake_export_typesupport_libraries-extras.cmake
[0.416s] -- Up-to-date: /home/sujeong/rokey2_D1_Driving1/install/project3_interfaces/share/project3_interfaces/cmake/project3_interfacesConfig.cmake
[0.416s] -- Up-to-date: /home/sujeong/rokey2_D1_Driving1/install/project3_interfaces/share/project3_interfaces/cmake/project3_interfacesConfig-version.cmake
[0.416s] -- Up-to-date: /home/sujeong/rokey2_D1_Driving1/install/project3_interfaces/share/project3_interfaces/package.xml
[0.416s] Invoked command in '/home/sujeong/rokey2_D1_Driving1/build/project3_interfaces' returned '0': CMAKE_PREFIX_PATH=${CMAKE_PREFIX_PATH}:/home/sujeong/turtlebot3_ws/install/turtlebot3_teleop:/home/sujeong/turtlebot3_ws/install/turtlebot3_example:/home/sujeong/ros2_ws/install/my_package:/opt/ros/humble /usr/bin/cmake --install /home/sujeong/rokey2_D1_Driving1/build/project3_interfaces
