[0.033s] Invoking command in '/home/yeonho/project3_ws/build/project3_interfaces': CMAKE_PREFIX_PATH=${CMAKE_PREFIX_PATH}:/home/yeonho/project3_ws/install/project3:/opt/ros/humble /usr/bin/cmake --build /home/yeonho/project3_ws/build/project3_interfaces -- -j12 -l12
[0.170s] [  3%] Built target project3_interfaces__cpp
[0.170s] [ 12%] Built target project3_interfaces__rosidl_generator_c
[0.202s] [ 12%] Built target ament_cmake_python_copy_project3_interfaces
[0.233s] [ 32%] Built target project3_interfaces__rosidl_typesupport_introspection_cpp
[0.233s] [ 32%] Built target project3_interfaces__rosidl_typesupport_fastrtps_c
[0.233s] [ 41%] Built target project3_interfaces__rosidl_typesupport_cpp
[0.234s] [ 51%] Built target project3_interfaces__rosidl_typesupport_introspection_c
[0.235s] [ 61%] Built target project3_interfaces__rosidl_typesupport_c
[0.239s] [ 70%] Built target project3_interfaces__rosidl_typesupport_fastrtps_cpp
[0.297s] [ 70%] Built target project3_interfaces
[0.355s] [ 74%] Built target project3_interfaces__py
[0.416s] [ 80%] Built target project3_interfaces__rosidl_generator_py
[0.475s] [ 96%] Built target project3_interfaces__rosidl_typesupport_introspection_c__pyext
[0.475s] [ 96%] Built target project3_interfaces__rosidl_typesupport_fastrtps_c__pyext
[0.475s] [100%] Built target project3_interfaces__rosidl_typesupport_c__pyext
[0.847s] running egg_info
[0.849s] writing project3_interfaces.egg-info/PKG-INFO
[0.850s] writing dependency_links to project3_interfaces.egg-info/dependency_links.txt
[0.850s] writing top-level names to project3_interfaces.egg-info/top_level.txt
[0.856s] reading manifest file 'project3_interfaces.egg-info/SOURCES.txt'
[0.858s] writing manifest file 'project3_interfaces.egg-info/SOURCES.txt'
[0.915s] [100%] Built target ament_cmake_python_build_project3_interfaces_egg
[0.948s] Invoked command in '/home/yeonho/project3_ws/build/project3_interfaces' returned '0': CMAKE_PREFIX_PATH=${CMAKE_PREFIX_PATH}:/home/yeonho/project3_ws/install/project3:/opt/ros/humble /usr/bin/cmake --build /home/yeonho/project3_ws/build/project3_interfaces -- -j12 -l12
[0.975s] Invoking command in '/home/yeonho/project3_ws/build/project3_interfaces': CMAKE_PREFIX_PATH=${CMAKE_PREFIX_PATH}:/home/yeonho/project3_ws/install/project3:/opt/ros/humble /usr/bin/cmake --install /home/yeonho/project3_ws/build/project3_interfaces
[0.995s] -- Install configuration: ""
[0.996s] -- Up-to-date: /home/yeonho/project3_ws/install/project3_interfaces/share/ament_index/resource_index/rosidl_interfaces/project3_interfaces
[0.996s] -- Up-to-date: /home/yeonho/project3_ws/install/project3_interfaces/include/project3_interfaces/project3_interfaces
[0.996s] -- Up-to-date: /home/yeonho/project3_ws/install/project3_interfaces/include/project3_interfaces/project3_interfaces/msg
[0.997s] -- Up-to-date: /home/yeonho/project3_ws/install/project3_interfaces/include/project3_interfaces/project3_interfaces/msg/rosidl_generator_c__visibility_control.h
[0.997s] -- Up-to-date: /home/yeonho/project3_ws/install/project3_interfaces/include/project3_interfaces/project3_interfaces/msg/table_command.h
[0.997s] -- Up-to-date: /home/yeonho/project3_ws/install/project3_interfaces/include/project3_interfaces/project3_interfaces/msg/detail
[0.997s] -- Up-to-date: /home/yeonho/project3_ws/install/project3_interfaces/include/project3_interfaces/project3_interfaces/msg/detail/table_command__functions.h
[0.997s] -- Up-to-date: /home/yeonho/project3_ws/install/project3_interfaces/include/project3_interfaces/project3_interfaces/msg/detail/table_command__struct.h
[0.998s] -- Up-to-date: /home/yeonho/project3_ws/install/project3_interfaces/include/project3_interfaces/project3_interfaces/msg/detail/table_command__type_support.h
[0.998s] -- Up-to-date: /home/yeonho/project3_ws/install/project3_interfaces/include/project3_interfaces/project3_interfaces/msg/detail/table_command__functions.c
[0.998s] -- Up-to-date: /home/yeonho/project3_ws/install/project3_interfaces/share/project3_interfaces/environment/library_path.sh
[0.998s] -- Up-to-date: /home/yeonho/project3_ws/install/project3_interfaces/share/project3_interfaces/environment/library_path.dsv
[0.998s] -- Up-to-date: /home/yeonho/project3_ws/install/project3_interfaces/lib/libproject3_interfaces__rosidl_generator_c.so
[0.999s] -- Up-to-date: /home/yeonho/project3_ws/install/project3_interfaces/include/project3_interfaces/project3_interfaces
[0.999s] -- Up-to-date: /home/yeonho/project3_ws/install/project3_interfaces/include/project3_interfaces/project3_interfaces/msg
[0.999s] -- Up-to-date: /home/yeonho/project3_ws/install/project3_interfaces/include/project3_interfaces/project3_interfaces/msg/rosidl_typesupport_fastrtps_c__visibility_control.h
[0.999s] -- Up-to-date: /home/yeonho/project3_ws/install/project3_interfaces/include/project3_interfaces/project3_interfaces/msg/detail
[0.999s] -- Up-to-date: /home/yeonho/project3_ws/install/project3_interfaces/include/project3_interfaces/project3_interfaces/msg/detail/table_command__rosidl_typesupport_fastrtps_c.h
[0.999s] -- Up-to-date: /home/yeonho/project3_ws/install/project3_interfaces/lib/libproject3_interfaces__rosidl_typesupport_fastrtps_c.so
[1.000s] -- Up-to-date: /home/yeonho/project3_ws/install/project3_interfaces/include/project3_interfaces/project3_interfaces
[1.000s] -- Up-to-date: /home/yeonho/project3_ws/install/project3_interfaces/include/project3_interfaces/project3_interfaces/msg
[1.000s] -- Up-to-date: /home/yeonho/project3_ws/install/project3_interfaces/include/project3_interfaces/project3_interfaces/msg/rosidl_typesupport_introspection_c__visibility_control.h
[1.000s] -- Up-to-date: /home/yeonho/project3_ws/install/project3_interfaces/include/project3_interfaces/project3_interfaces/msg/detail
[1.001s] -- Up-to-date: /home/yeonho/project3_ws/install/project3_interfaces/include/project3_interfaces/project3_interfaces/msg/detail/table_command__rosidl_typesupport_introspection_c.h
[1.001s] -- Up-to-date: /home/yeonho/project3_ws/install/project3_interfaces/include/project3_interfaces/project3_interfaces/msg/detail/table_command__type_support.c
[1.001s] -- Up-to-date: /home/yeonho/project3_ws/install/project3_interfaces/lib/libproject3_interfaces__rosidl_typesupport_introspection_c.so
[1.001s] -- Up-to-date: /home/yeonho/project3_ws/install/project3_interfaces/lib/libproject3_interfaces__rosidl_typesupport_c.so
[1.002s] -- Up-to-date: /home/yeonho/project3_ws/install/project3_interfaces/include/project3_interfaces/project3_interfaces
[1.002s] -- Up-to-date: /home/yeonho/project3_ws/install/project3_interfaces/include/project3_interfaces/project3_interfaces/msg
[1.002s] -- Up-to-date: /home/yeonho/project3_ws/install/project3_interfaces/include/project3_interfaces/project3_interfaces/msg/table_command.hpp
[1.002s] -- Up-to-date: /home/yeonho/project3_ws/install/project3_interfaces/include/project3_interfaces/project3_interfaces/msg/detail
[1.002s] -- Up-to-date: /home/yeonho/project3_ws/install/project3_interfaces/include/project3_interfaces/project3_interfaces/msg/detail/table_command__builder.hpp
[1.002s] -- Up-to-date: /home/yeonho/project3_ws/install/project3_interfaces/include/project3_interfaces/project3_interfaces/msg/detail/table_command__traits.hpp
[1.003s] -- Up-to-date: /home/yeonho/project3_ws/install/project3_interfaces/include/project3_interfaces/project3_interfaces/msg/detail/table_command__struct.hpp
[1.003s] -- Up-to-date: /home/yeonho/project3_ws/install/project3_interfaces/include/project3_interfaces/project3_interfaces
[1.003s] -- Up-to-date: /home/yeonho/project3_ws/install/project3_interfaces/include/project3_interfaces/project3_interfaces/msg
[1.003s] -- Up-to-date: /home/yeonho/project3_ws/install/project3_interfaces/include/project3_interfaces/project3_interfaces/msg/rosidl_typesupport_fastrtps_cpp__visibility_control.h
[1.003s] -- Up-to-date: /home/yeonho/project3_ws/install/project3_interfaces/include/project3_interfaces/project3_interfaces/msg/detail
[1.003s] -- Up-to-date: /home/yeonho/project3_ws/install/project3_interfaces/include/project3_interfaces/project3_interfaces/msg/detail/table_command__rosidl_typesupport_fastrtps_cpp.hpp
[1.004s] -- Up-to-date: /home/yeonho/project3_ws/install/project3_interfaces/include/project3_interfaces/project3_interfaces/msg/detail/dds_fastrtps
[1.004s] -- Up-to-date: /home/yeonho/project3_ws/install/project3_interfaces/lib/libproject3_interfaces__rosidl_typesupport_fastrtps_cpp.so
[1.004s] -- Up-to-date: /home/yeonho/project3_ws/install/project3_interfaces/include/project3_interfaces/project3_interfaces
[1.004s] -- Up-to-date: /home/yeonho/project3_ws/install/project3_interfaces/include/project3_interfaces/project3_interfaces/msg
[1.004s] -- Up-to-date: /home/yeonho/project3_ws/install/project3_interfaces/include/project3_interfaces/project3_interfaces/msg/detail
[1.004s] -- Up-to-date: /home/yeonho/project3_ws/install/project3_interfaces/include/project3_interfaces/project3_interfaces/msg/detail/table_command__rosidl_typesupport_introspection_cpp.hpp
[1.004s] -- Up-to-date: /home/yeonho/project3_ws/install/project3_interfaces/include/project3_interfaces/project3_interfaces/msg/detail/table_command__type_support.cpp
[1.005s] -- Up-to-date: /home/yeonho/project3_ws/install/project3_interfaces/lib/libproject3_interfaces__rosidl_typesupport_introspection_cpp.so
[1.005s] -- Up-to-date: /home/yeonho/project3_ws/install/project3_interfaces/lib/libproject3_interfaces__rosidl_typesupport_cpp.so
[1.005s] -- Up-to-date: /home/yeonho/project3_ws/install/project3_interfaces/share/project3_interfaces/environment/pythonpath.sh
[1.005s] -- Up-to-date: /home/yeonho/project3_ws/install/project3_interfaces/share/project3_interfaces/environment/pythonpath.dsv
[1.005s] -- Up-to-date: /home/yeonho/project3_ws/install/project3_interfaces/local/lib/python3.10/dist-packages/project3_interfaces-0.0.0-py3.10.egg-info
[1.006s] -- Installing: /home/yeonho/project3_ws/install/project3_interfaces/local/lib/python3.10/dist-packages/project3_interfaces-0.0.0-py3.10.egg-info/PKG-INFO
[1.006s] -- Installing: /home/yeonho/project3_ws/install/project3_interfaces/local/lib/python3.10/dist-packages/project3_interfaces-0.0.0-py3.10.egg-info/SOURCES.txt
[1.006s] -- Installing: /home/yeonho/project3_ws/install/project3_interfaces/local/lib/python3.10/dist-packages/project3_interfaces-0.0.0-py3.10.egg-info/top_level.txt
[1.007s] -- Installing: /home/yeonho/project3_ws/install/project3_interfaces/local/lib/python3.10/dist-packages/project3_interfaces-0.0.0-py3.10.egg-info/dependency_links.txt
[1.007s] -- Up-to-date: /home/yeonho/project3_ws/install/project3_interfaces/local/lib/python3.10/dist-packages/project3_interfaces
[1.008s] -- Up-to-date: /home/yeonho/project3_ws/install/project3_interfaces/local/lib/python3.10/dist-packages/project3_interfaces/project3_interfaces_s__rosidl_typesupport_introspection_c.cpython-310-x86_64-linux-gnu.so
[1.008s] -- Up-to-date: /home/yeonho/project3_ws/install/project3_interfaces/local/lib/python3.10/dist-packages/project3_interfaces/libproject3_interfaces__rosidl_generator_py.so
[1.008s] -- Up-to-date: /home/yeonho/project3_ws/install/project3_interfaces/local/lib/python3.10/dist-packages/project3_interfaces/__init__.py
[1.008s] -- Up-to-date: /home/yeonho/project3_ws/install/project3_interfaces/local/lib/python3.10/dist-packages/project3_interfaces/project3_interfaces_s__rosidl_typesupport_fastrtps_c.cpython-310-x86_64-linux-gnu.so
[1.008s] -- Up-to-date: /home/yeonho/project3_ws/install/project3_interfaces/local/lib/python3.10/dist-packages/project3_interfaces/_project3_interfaces_s.ep.rosidl_typesupport_fastrtps_c.c
[1.008s] -- Up-to-date: /home/yeonho/project3_ws/install/project3_interfaces/local/lib/python3.10/dist-packages/project3_interfaces/msg
[1.009s] -- Up-to-date: /home/yeonho/project3_ws/install/project3_interfaces/local/lib/python3.10/dist-packages/project3_interfaces/msg/_table_command_s.c
[1.009s] -- Up-to-date: /home/yeonho/project3_ws/install/project3_interfaces/local/lib/python3.10/dist-packages/project3_interfaces/msg/__init__.py
[1.009s] -- Up-to-date: /home/yeonho/project3_ws/install/project3_interfaces/local/lib/python3.10/dist-packages/project3_interfaces/msg/_table_command.py
[1.009s] -- Up-to-date: /home/yeonho/project3_ws/install/project3_interfaces/local/lib/python3.10/dist-packages/project3_interfaces/_project3_interfaces_s.ep.rosidl_typesupport_introspection_c.c
[1.009s] -- Up-to-date: /home/yeonho/project3_ws/install/project3_interfaces/local/lib/python3.10/dist-packages/project3_interfaces/_project3_interfaces_s.ep.rosidl_typesupport_c.c
[1.009s] -- Up-to-date: /home/yeonho/project3_ws/install/project3_interfaces/local/lib/python3.10/dist-packages/project3_interfaces/project3_interfaces_s__rosidl_typesupport_c.cpython-310-x86_64-linux-gnu.so
[1.085s] Listing '/home/yeonho/project3_ws/install/project3_interfaces/local/lib/python3.10/dist-packages/project3_interfaces'...
[1.085s] Listing '/home/yeonho/project3_ws/install/project3_interfaces/local/lib/python3.10/dist-packages/project3_interfaces/msg'...
[1.096s] -- Up-to-date: /home/yeonho/project3_ws/install/project3_interfaces/local/lib/python3.10/dist-packages/project3_interfaces/project3_interfaces_s__rosidl_typesupport_fastrtps_c.cpython-310-x86_64-linux-gnu.so
[1.096s] -- Up-to-date: /home/yeonho/project3_ws/install/project3_interfaces/local/lib/python3.10/dist-packages/project3_interfaces/project3_interfaces_s__rosidl_typesupport_introspection_c.cpython-310-x86_64-linux-gnu.so
[1.097s] -- Up-to-date: /home/yeonho/project3_ws/install/project3_interfaces/local/lib/python3.10/dist-packages/project3_interfaces/project3_interfaces_s__rosidl_typesupport_c.cpython-310-x86_64-linux-gnu.so
[1.098s] -- Up-to-date: /home/yeonho/project3_ws/install/project3_interfaces/lib/libproject3_interfaces__rosidl_generator_py.so
[1.099s] -- Up-to-date: /home/yeonho/project3_ws/install/project3_interfaces/share/project3_interfaces/msg/TableCommand.idl
[1.099s] -- Up-to-date: /home/yeonho/project3_ws/install/project3_interfaces/share/project3_interfaces/msg/TableCommand.msg
[1.100s] -- Up-to-date: /home/yeonho/project3_ws/install/project3_interfaces/share/ament_index/resource_index/package_run_dependencies/project3_interfaces
[1.100s] -- Up-to-date: /home/yeonho/project3_ws/install/project3_interfaces/share/ament_index/resource_index/parent_prefix_path/project3_interfaces
[1.100s] -- Up-to-date: /home/yeonho/project3_ws/install/project3_interfaces/share/project3_interfaces/environment/ament_prefix_path.sh
[1.101s] -- Up-to-date: /home/yeonho/project3_ws/install/project3_interfaces/share/project3_interfaces/environment/ament_prefix_path.dsv
[1.101s] -- Up-to-date: /home/yeonho/project3_ws/install/project3_interfaces/share/project3_interfaces/environment/path.sh
[1.102s] -- Up-to-date: /home/yeonho/project3_ws/install/project3_interfaces/share/project3_interfaces/environment/path.dsv
[1.102s] -- Up-to-date: /home/yeonho/project3_ws/install/project3_interfaces/share/project3_interfaces/local_setup.bash
[1.103s] -- Up-to-date: /home/yeonho/project3_ws/install/project3_interfaces/share/project3_interfaces/local_setup.sh
[1.103s] -- Up-to-date: /home/yeonho/project3_ws/install/project3_interfaces/share/project3_interfaces/local_setup.zsh
[1.103s] -- Up-to-date: /home/yeonho/project3_ws/install/project3_interfaces/share/project3_interfaces/local_setup.dsv
[1.104s] -- Installing: /home/yeonho/project3_ws/install/project3_interfaces/share/project3_interfaces/package.dsv
[1.104s] -- Up-to-date: /home/yeonho/project3_ws/install/project3_interfaces/share/ament_index/resource_index/packages/project3_interfaces
[1.104s] -- Up-to-date: /home/yeonho/project3_ws/install/project3_interfaces/share/project3_interfaces/cmake/export_project3_interfaces__rosidl_generator_cExport.cmake
[1.105s] -- Up-to-date: /home/yeonho/project3_ws/install/project3_interfaces/share/project3_interfaces/cmake/export_project3_interfaces__rosidl_generator_cExport-noconfig.cmake
[1.105s] -- Up-to-date: /home/yeonho/project3_ws/install/project3_interfaces/share/project3_interfaces/cmake/export_project3_interfaces__rosidl_typesupport_fastrtps_cExport.cmake
[1.105s] -- Up-to-date: /home/yeonho/project3_ws/install/project3_interfaces/share/project3_interfaces/cmake/export_project3_interfaces__rosidl_typesupport_fastrtps_cExport-noconfig.cmake
[1.105s] -- Up-to-date: /home/yeonho/project3_ws/install/project3_interfaces/share/project3_interfaces/cmake/project3_interfaces__rosidl_typesupport_introspection_cExport.cmake
[1.106s] -- Up-to-date: /home/yeonho/project3_ws/install/project3_interfaces/share/project3_interfaces/cmake/project3_interfaces__rosidl_typesupport_introspection_cExport-noconfig.cmake
[1.106s] -- Up-to-date: /home/yeonho/project3_ws/install/project3_interfaces/share/project3_interfaces/cmake/project3_interfaces__rosidl_typesupport_cExport.cmake
[1.106s] -- Up-to-date: /home/yeonho/project3_ws/install/project3_interfaces/share/project3_interfaces/cmake/project3_interfaces__rosidl_typesupport_cExport-noconfig.cmake
[1.106s] -- Up-to-date: /home/yeonho/project3_ws/install/project3_interfaces/share/project3_interfaces/cmake/export_project3_interfaces__rosidl_generator_cppExport.cmake
[1.107s] -- Up-to-date: /home/yeonho/project3_ws/install/project3_interfaces/share/project3_interfaces/cmake/export_project3_interfaces__rosidl_typesupport_fastrtps_cppExport.cmake
[1.107s] -- Up-to-date: /home/yeonho/project3_ws/install/project3_interfaces/share/project3_interfaces/cmake/export_project3_interfaces__rosidl_typesupport_fastrtps_cppExport-noconfig.cmake
[1.107s] -- Up-to-date: /home/yeonho/project3_ws/install/project3_interfaces/share/project3_interfaces/cmake/project3_interfaces__rosidl_typesupport_introspection_cppExport.cmake
[1.107s] -- Up-to-date: /home/yeonho/project3_ws/install/project3_interfaces/share/project3_interfaces/cmake/project3_interfaces__rosidl_typesupport_introspection_cppExport-noconfig.cmake
[1.108s] -- Up-to-date: /home/yeonho/project3_ws/install/project3_interfaces/share/project3_interfaces/cmake/project3_interfaces__rosidl_typesupport_cppExport.cmake
[1.108s] -- Up-to-date: /home/yeonho/project3_ws/install/project3_interfaces/share/project3_interfaces/cmake/project3_interfaces__rosidl_typesupport_cppExport-noconfig.cmake
[1.108s] -- Up-to-date: /home/yeonho/project3_ws/install/project3_interfaces/share/project3_interfaces/cmake/export_project3_interfaces__rosidl_generator_pyExport.cmake
[1.108s] -- Up-to-date: /home/yeonho/project3_ws/install/project3_interfaces/share/project3_interfaces/cmake/export_project3_interfaces__rosidl_generator_pyExport-noconfig.cmake
[1.109s] -- Up-to-date: /home/yeonho/project3_ws/install/project3_interfaces/share/project3_interfaces/cmake/rosidl_cmake-extras.cmake
[1.109s] -- Up-to-date: /home/yeonho/project3_ws/install/project3_interfaces/share/project3_interfaces/cmake/ament_cmake_export_include_directories-extras.cmake
[1.109s] -- Up-to-date: /home/yeonho/project3_ws/install/project3_interfaces/share/project3_interfaces/cmake/ament_cmake_export_libraries-extras.cmake
[1.111s] -- Up-to-date: /home/yeonho/project3_ws/install/project3_interfaces/share/project3_interfaces/cmake/ament_cmake_export_targets-extras.cmake
[1.112s] -- Up-to-date: /home/yeonho/project3_ws/install/project3_interfaces/share/project3_interfaces/cmake/rosidl_cmake_export_typesupport_targets-extras.cmake
[1.112s] -- Up-to-date: /home/yeonho/project3_ws/install/project3_interfaces/share/project3_interfaces/cmake/ament_cmake_export_dependencies-extras.cmake
[1.112s] -- Up-to-date: /home/yeonho/project3_ws/install/project3_interfaces/share/project3_interfaces/cmake/rosidl_cmake_export_typesupport_libraries-extras.cmake
[1.112s] -- Up-to-date: /home/yeonho/project3_ws/install/project3_interfaces/share/project3_interfaces/cmake/project3_interfacesConfig.cmake
[1.112s] -- Up-to-date: /home/yeonho/project3_ws/install/project3_interfaces/share/project3_interfaces/cmake/project3_interfacesConfig-version.cmake
[1.112s] -- Up-to-date: /home/yeonho/project3_ws/install/project3_interfaces/share/project3_interfaces/package.xml
[1.113s] Invoked command in '/home/yeonho/project3_ws/build/project3_interfaces' returned '0': CMAKE_PREFIX_PATH=${CMAKE_PREFIX_PATH}:/home/yeonho/project3_ws/install/project3:/opt/ros/humble /usr/bin/cmake --install /home/yeonho/project3_ws/build/project3_interfaces
