[0.529s] Invoking command in '/home/sujeong/rokey2_D1_Driving1/src/driving1': LD_LIBRARY_PATH=/home/sujeong/rokey2_D1_Driving1/install/project3_interfaces/lib:/home/sujeong/rokey2_D1_Driving1/install/driving1_interfaces/lib:/home/sujeong/turtlebot3_ws/install/turtlebot3_msgs/lib:/home/sujeong/turtlebot3_ws/install/dynamixel_sdk_custom_interfaces/lib:/home/sujeong/turtlebot3_ws/install/dynamixel_sdk/lib:/usr/lib/x86_64-linux-gnu/gazebo-11/plugins:/opt/ros/humble/opt/rviz_ogre_vendor/lib:/opt/ros/humble/lib/x86_64-linux-gnu:/opt/ros/humble/lib:/usr/lib/x86_64-linux-gnu/gazebo-11/plugins PYTHONPATH=/home/sujeong/rokey2_D1_Driving1/build/driving1/prefix_override:/usr/lib/python3/dist-packages/colcon_core/task/python/colcon_distutils_commands:/home/sujeong/rokey2_D1_Driving1/install/driving1/lib/python3.10/site-packages:/home/sujeong/rokey2_D1_Driving1/install/project3_interfaces/lib/python3.10/site-packages:/home/sujeong/rokey2_D1_Driving1/install/driving1_interfaces/lib/python3.10/site-packages:/home/sujeong/rokey2_D1_Driving1/install/driving1/lib/python3.10/site-packages:/home/sujeong/turtlebot3_ws/build/turtlebot3_teleop:/home/sujeong/turtlebot3_ws/install/turtlebot3_teleop/lib/python3.10/site-packages:/home/sujeong/turtlebot3_ws/build/turtlebot3_example:/home/sujeong/turtlebot3_ws/install/turtlebot3_example/lib/python3.10/site-packages:/home/sujeong/turtlebot3_ws/install/turtlebot3_msgs/lib/python3.10/site-packages:/home/sujeong/turtlebot3_ws/install/dynamixel_sdk_custom_interfaces/lib/python3.10/site-packages:/home/sujeong/ros2_ws/install/my_package/lib/python3.10/site-packages:/opt/ros/humble/lib/python3.10/site-packages:/opt/ros/humble/local/lib/python3.10/dist-packages /usr/bin/python3 -W ignore:setup.py install is deprecated -W ignore:easy_install command is deprecated setup.py egg_info --egg-base ../../build/driving1 build --build-base /home/sujeong/rokey2_D1_Driving1/build/driving1/build install --record /home/sujeong/rokey2_D1_Driving1/build/driving1/install.log --single-version-externally-managed install_data
[0.636s] /home/sujeong/.local/lib/python3.10/site-packages/setuptools/_distutils/dist.py:270: UserWarning: Unknown distribution option: 'tests_require'
[0.636s]   warnings.warn(msg)
[0.697s] running egg_info
[0.709s] writing ../../build/driving1/driving1.egg-info/PKG-INFO
[0.709s] writing dependency_links to ../../build/driving1/driving1.egg-info/dependency_links.txt
[0.709s] writing entry points to ../../build/driving1/driving1.egg-info/entry_points.txt
[0.709s] writing requirements to ../../build/driving1/driving1.egg-info/requires.txt
[0.709s] writing top-level names to ../../build/driving1/driving1.egg-info/top_level.txt
[0.731s] reading manifest file '../../build/driving1/driving1.egg-info/SOURCES.txt'
[0.732s] writing manifest file '../../build/driving1/driving1.egg-info/SOURCES.txt'
[0.732s] running build
[0.732s] running build_py
[0.732s] copying driving1/jokitchen2.py -> /home/sujeong/rokey2_D1_Driving1/build/driving1/build/lib/driving1
[0.732s] copying driving1/server.py -> /home/sujeong/rokey2_D1_Driving1/build/driving1/build/lib/driving1
[0.733s] copying driving1/db_handler.py -> /home/sujeong/rokey2_D1_Driving1/build/driving1/build/lib/driving1
[0.733s] copying driving1/dbThings.py -> /home/sujeong/rokey2_D1_Driving1/build/driving1/build/lib/driving1
[0.733s] copying driving1/db_module.py -> /home/sujeong/rokey2_D1_Driving1/build/driving1/build/lib/driving1
[0.733s] copying driving1/ui_handler.py -> /home/sujeong/rokey2_D1_Driving1/build/driving1/build/lib/driving1
[0.733s] copying driving1/jokitchen3.py -> /home/sujeong/rokey2_D1_Driving1/build/driving1/build/lib/driving1
[0.733s] copying driving1/__init__.py -> /home/sujeong/rokey2_D1_Driving1/build/driving1/build/lib/driving1
[0.733s] copying driving1/kitchen_gui.py -> /home/sujeong/rokey2_D1_Driving1/build/driving1/build/lib/driving1
[0.733s] copying driving1/dbStock.py -> /home/sujeong/rokey2_D1_Driving1/build/driving1/build/lib/driving1
[0.733s] copying driving1/kitchen_main.py -> /home/sujeong/rokey2_D1_Driving1/build/driving1/build/lib/driving1
[0.733s] copying driving1/jok11.py -> /home/sujeong/rokey2_D1_Driving1/build/driving1/build/lib/driving1
[0.733s] copying driving1/jok8.py -> /home/sujeong/rokey2_D1_Driving1/build/driving1/build/lib/driving1
[0.733s] copying driving1/create_tables.py -> /home/sujeong/rokey2_D1_Driving1/build/driving1/build/lib/driving1
[0.733s] copying driving1/inventory.py -> /home/sujeong/rokey2_D1_Driving1/build/driving1/build/lib/driving1
[0.733s] copying driving1/revenue.py -> /home/sujeong/rokey2_D1_Driving1/build/driving1/build/lib/driving1
[0.734s] copying driving1/OrderSubscriber.py -> /home/sujeong/rokey2_D1_Driving1/build/driving1/build/lib/driving1
[0.734s] copying driving1/ros_kitchen_nodes.py -> /home/sujeong/rokey2_D1_Driving1/build/driving1/build/lib/driving1
[0.734s] copying driving1/ui_order.py -> /home/sujeong/rokey2_D1_Driving1/build/driving1/build/lib/driving1
[0.734s] copying driving1/jok9.py -> /home/sujeong/rokey2_D1_Driving1/build/driving1/build/lib/driving1
[0.734s] copying driving1/jok12.py -> /home/sujeong/rokey2_D1_Driving1/build/driving1/build/lib/driving1
[0.734s] running install
[0.737s] running install_lib
[0.748s] copying /home/sujeong/rokey2_D1_Driving1/build/driving1/build/lib/driving1/db_handler.py -> /home/sujeong/rokey2_D1_Driving1/install/driving1/lib/python3.10/site-packages/driving1
[0.748s] copying /home/sujeong/rokey2_D1_Driving1/build/driving1/build/lib/driving1/ui_handler.py -> /home/sujeong/rokey2_D1_Driving1/install/driving1/lib/python3.10/site-packages/driving1
[0.748s] copying /home/sujeong/rokey2_D1_Driving1/build/driving1/build/lib/driving1/kitchen_main.py -> /home/sujeong/rokey2_D1_Driving1/install/driving1/lib/python3.10/site-packages/driving1
[0.748s] copying /home/sujeong/rokey2_D1_Driving1/build/driving1/build/lib/driving1/ros_kitchen_nodes.py -> /home/sujeong/rokey2_D1_Driving1/install/driving1/lib/python3.10/site-packages/driving1
[0.748s] byte-compiling /home/sujeong/rokey2_D1_Driving1/install/driving1/lib/python3.10/site-packages/driving1/db_handler.py to db_handler.cpython-310.pyc
[0.750s] byte-compiling /home/sujeong/rokey2_D1_Driving1/install/driving1/lib/python3.10/site-packages/driving1/ui_handler.py to ui_handler.cpython-310.pyc
[0.750s] byte-compiling /home/sujeong/rokey2_D1_Driving1/install/driving1/lib/python3.10/site-packages/driving1/kitchen_main.py to kitchen_main.cpython-310.pyc
[0.751s] byte-compiling /home/sujeong/rokey2_D1_Driving1/install/driving1/lib/python3.10/site-packages/driving1/ros_kitchen_nodes.py to ros_kitchen_nodes.cpython-310.pyc
[0.752s] running install_data
[0.752s] copying resource/driving1 -> /home/sujeong/rokey2_D1_Driving1/install/driving1/share/ament_index/resource_index/packages
[0.752s] copying package.xml -> /home/sujeong/rokey2_D1_Driving1/install/driving1/share/driving1
[0.752s] running install_egg_info
[0.763s] removing '/home/sujeong/rokey2_D1_Driving1/install/driving1/lib/python3.10/site-packages/driving1-0.0.0-py3.10.egg-info' (and everything under it)
[0.763s] Copying ../../build/driving1/driving1.egg-info to /home/sujeong/rokey2_D1_Driving1/install/driving1/lib/python3.10/site-packages/driving1-0.0.0-py3.10.egg-info
[0.763s] running install_scripts
[0.847s] Installing kitchen_gui script to /home/sujeong/rokey2_D1_Driving1/install/driving1/lib/driving1
[0.847s] writing list of installed files to '/home/sujeong/rokey2_D1_Driving1/build/driving1/install.log'
[0.868s] Invoked command in '/home/sujeong/rokey2_D1_Driving1/src/driving1' returned '0': LD_LIBRARY_PATH=/home/sujeong/rokey2_D1_Driving1/install/project3_interfaces/lib:/home/sujeong/rokey2_D1_Driving1/install/driving1_interfaces/lib:/home/sujeong/turtlebot3_ws/install/turtlebot3_msgs/lib:/home/sujeong/turtlebot3_ws/install/dynamixel_sdk_custom_interfaces/lib:/home/sujeong/turtlebot3_ws/install/dynamixel_sdk/lib:/usr/lib/x86_64-linux-gnu/gazebo-11/plugins:/opt/ros/humble/opt/rviz_ogre_vendor/lib:/opt/ros/humble/lib/x86_64-linux-gnu:/opt/ros/humble/lib:/usr/lib/x86_64-linux-gnu/gazebo-11/plugins PYTHONPATH=/home/sujeong/rokey2_D1_Driving1/build/driving1/prefix_override:/usr/lib/python3/dist-packages/colcon_core/task/python/colcon_distutils_commands:/home/sujeong/rokey2_D1_Driving1/install/driving1/lib/python3.10/site-packages:/home/sujeong/rokey2_D1_Driving1/install/project3_interfaces/lib/python3.10/site-packages:/home/sujeong/rokey2_D1_Driving1/install/driving1_interfaces/lib/python3.10/site-packages:/home/sujeong/rokey2_D1_Driving1/install/driving1/lib/python3.10/site-packages:/home/sujeong/turtlebot3_ws/build/turtlebot3_teleop:/home/sujeong/turtlebot3_ws/install/turtlebot3_teleop/lib/python3.10/site-packages:/home/sujeong/turtlebot3_ws/build/turtlebot3_example:/home/sujeong/turtlebot3_ws/install/turtlebot3_example/lib/python3.10/site-packages:/home/sujeong/turtlebot3_ws/install/turtlebot3_msgs/lib/python3.10/site-packages:/home/sujeong/turtlebot3_ws/install/dynamixel_sdk_custom_interfaces/lib/python3.10/site-packages:/home/sujeong/ros2_ws/install/my_package/lib/python3.10/site-packages:/opt/ros/humble/lib/python3.10/site-packages:/opt/ros/humble/local/lib/python3.10/dist-packages /usr/bin/python3 -W ignore:setup.py install is deprecated -W ignore:easy_install command is deprecated setup.py egg_info --egg-base ../../build/driving1 build --build-base /home/sujeong/rokey2_D1_Driving1/build/driving1/build install --record /home/sujeong/rokey2_D1_Driving1/build/driving1/install.log --single-version-externally-managed install_data
