[0.017s] Invoking command in '/home/sujeong/rokey2_D1_Driving1/build/driving1_interfaces': /usr/bin/cmake --build /home/sujeong/rokey2_D1_Driving1/build/driving1_interfaces -- -j16 -l16
[0.092s] [  3%] Built target driving1_interfaces__cpp
[0.092s] [ 12%] Built target driving1_interfaces__rosidl_generator_c
[0.131s] [ 12%] Built target ament_cmake_python_copy_driving1_interfaces
[0.142s] [ 22%] Built target driving1_interfaces__rosidl_typesupport_introspection_c
[0.143s] [ 32%] Built target driving1_interfaces__rosidl_typesupport_fastrtps_c
[0.145s] [ 41%] Built target driving1_interfaces__rosidl_typesupport_fastrtps_cpp
[0.147s] [ 54%] Built target driving1_interfaces__rosidl_typesupport_introspection_cpp
[0.147s] [ 61%] Built target driving1_interfaces__rosidl_typesupport_cpp
[0.156s] [ 70%] Built target driving1_interfaces__rosidl_typesupport_c
[0.176s] [ 70%] Built target driving1_interfaces
[0.195s] [ 74%] Built target driving1_interfaces__py
[0.218s] [ 80%] Built target driving1_interfaces__rosidl_generator_py
[0.241s] [ 87%] Built target driving1_interfaces__rosidl_typesupport_c__pyext
[0.244s] [ 93%] Built target driving1_interfaces__rosidl_typesupport_introspection_c__pyext
[0.244s] [100%] Built target driving1_interfaces__rosidl_typesupport_fastrtps_c__pyext
[0.299s] running egg_info
[0.308s] writing driving1_interfaces.egg-info/PKG-INFO
[0.309s] writing dependency_links to driving1_interfaces.egg-info/dependency_links.txt
[0.309s] writing top-level names to driving1_interfaces.egg-info/top_level.txt
[0.336s] reading manifest file 'driving1_interfaces.egg-info/SOURCES.txt'
[0.336s] writing manifest file 'driving1_interfaces.egg-info/SOURCES.txt'
[0.362s] [100%] Built target ament_cmake_python_build_driving1_interfaces_egg
[0.374s] Invoked command in '/home/sujeong/rokey2_D1_Driving1/build/driving1_interfaces' returned '0': /usr/bin/cmake --build /home/sujeong/rokey2_D1_Driving1/build/driving1_interfaces -- -j16 -l16
[0.384s] Invoking command in '/home/sujeong/rokey2_D1_Driving1/build/driving1_interfaces': /usr/bin/cmake --install /home/sujeong/rokey2_D1_Driving1/build/driving1_interfaces
[0.394s] -- Install configuration: ""
[0.394s] -- Up-to-date: /home/sujeong/rokey2_D1_Driving1/install/driving1_interfaces/share/ament_index/resource_index/rosidl_interfaces/driving1_interfaces
[0.394s] -- Up-to-date: /home/sujeong/rokey2_D1_Driving1/install/driving1_interfaces/include/driving1_interfaces/driving1_interfaces
[0.395s] -- Up-to-date: /home/sujeong/rokey2_D1_Driving1/install/driving1_interfaces/include/driving1_interfaces/driving1_interfaces/srv
[0.395s] -- Up-to-date: /home/sujeong/rokey2_D1_Driving1/install/driving1_interfaces/include/driving1_interfaces/driving1_interfaces/srv/detail
[0.395s] -- Up-to-date: /home/sujeong/rokey2_D1_Driving1/install/driving1_interfaces/include/driving1_interfaces/driving1_interfaces/srv/detail/notify_soldout__functions.h
[0.395s] -- Up-to-date: /home/sujeong/rokey2_D1_Driving1/install/driving1_interfaces/include/driving1_interfaces/driving1_interfaces/srv/detail/notify_soldout__functions.c
[0.395s] -- Up-to-date: /home/sujeong/rokey2_D1_Driving1/install/driving1_interfaces/include/driving1_interfaces/driving1_interfaces/srv/detail/notify_soldout__type_support.h
[0.395s] -- Up-to-date: /home/sujeong/rokey2_D1_Driving1/install/driving1_interfaces/include/driving1_interfaces/driving1_interfaces/srv/detail/notify_soldout__struct.h
[0.396s] -- Up-to-date: /home/sujeong/rokey2_D1_Driving1/install/driving1_interfaces/include/driving1_interfaces/driving1_interfaces/srv/notify_soldout.h
[0.396s] -- Up-to-date: /home/sujeong/rokey2_D1_Driving1/install/driving1_interfaces/include/driving1_interfaces/driving1_interfaces/msg
[0.396s] -- Up-to-date: /home/sujeong/rokey2_D1_Driving1/install/driving1_interfaces/include/driving1_interfaces/driving1_interfaces/msg/rosidl_generator_c__visibility_control.h
[0.396s] -- Up-to-date: /home/sujeong/rokey2_D1_Driving1/install/driving1_interfaces/share/driving1_interfaces/environment/library_path.sh
[0.396s] -- Up-to-date: /home/sujeong/rokey2_D1_Driving1/install/driving1_interfaces/share/driving1_interfaces/environment/library_path.dsv
[0.397s] -- Up-to-date: /home/sujeong/rokey2_D1_Driving1/install/driving1_interfaces/lib/libdriving1_interfaces__rosidl_generator_c.so
[0.398s] -- Up-to-date: /home/sujeong/rokey2_D1_Driving1/install/driving1_interfaces/include/driving1_interfaces/driving1_interfaces
[0.398s] -- Up-to-date: /home/sujeong/rokey2_D1_Driving1/install/driving1_interfaces/include/driving1_interfaces/driving1_interfaces/srv
[0.398s] -- Up-to-date: /home/sujeong/rokey2_D1_Driving1/install/driving1_interfaces/include/driving1_interfaces/driving1_interfaces/srv/detail
[0.398s] -- Up-to-date: /home/sujeong/rokey2_D1_Driving1/install/driving1_interfaces/include/driving1_interfaces/driving1_interfaces/srv/detail/notify_soldout__rosidl_typesupport_fastrtps_c.h
[0.398s] -- Up-to-date: /home/sujeong/rokey2_D1_Driving1/install/driving1_interfaces/include/driving1_interfaces/driving1_interfaces/msg
[0.398s] -- Up-to-date: /home/sujeong/rokey2_D1_Driving1/install/driving1_interfaces/include/driving1_interfaces/driving1_interfaces/msg/rosidl_typesupport_fastrtps_c__visibility_control.h
[0.398s] -- Up-to-date: /home/sujeong/rokey2_D1_Driving1/install/driving1_interfaces/lib/libdriving1_interfaces__rosidl_typesupport_fastrtps_c.so
[0.398s] -- Up-to-date: /home/sujeong/rokey2_D1_Driving1/install/driving1_interfaces/include/driving1_interfaces/driving1_interfaces
[0.399s] -- Up-to-date: /home/sujeong/rokey2_D1_Driving1/install/driving1_interfaces/include/driving1_interfaces/driving1_interfaces/srv
[0.399s] -- Up-to-date: /home/sujeong/rokey2_D1_Driving1/install/driving1_interfaces/include/driving1_interfaces/driving1_interfaces/srv/detail
[0.399s] -- Up-to-date: /home/sujeong/rokey2_D1_Driving1/install/driving1_interfaces/include/driving1_interfaces/driving1_interfaces/srv/detail/notify_soldout__type_support.c
[0.399s] -- Up-to-date: /home/sujeong/rokey2_D1_Driving1/install/driving1_interfaces/include/driving1_interfaces/driving1_interfaces/srv/detail/notify_soldout__rosidl_typesupport_introspection_c.h
[0.399s] -- Up-to-date: /home/sujeong/rokey2_D1_Driving1/install/driving1_interfaces/include/driving1_interfaces/driving1_interfaces/msg
[0.399s] -- Up-to-date: /home/sujeong/rokey2_D1_Driving1/install/driving1_interfaces/include/driving1_interfaces/driving1_interfaces/msg/rosidl_typesupport_introspection_c__visibility_control.h
[0.399s] -- Up-to-date: /home/sujeong/rokey2_D1_Driving1/install/driving1_interfaces/lib/libdriving1_interfaces__rosidl_typesupport_introspection_c.so
[0.400s] -- Up-to-date: /home/sujeong/rokey2_D1_Driving1/install/driving1_interfaces/lib/libdriving1_interfaces__rosidl_typesupport_c.so
[0.400s] -- Up-to-date: /home/sujeong/rokey2_D1_Driving1/install/driving1_interfaces/include/driving1_interfaces/driving1_interfaces
[0.400s] -- Up-to-date: /home/sujeong/rokey2_D1_Driving1/install/driving1_interfaces/include/driving1_interfaces/driving1_interfaces/srv
[0.400s] -- Up-to-date: /home/sujeong/rokey2_D1_Driving1/install/driving1_interfaces/include/driving1_interfaces/driving1_interfaces/srv/detail
[0.400s] -- Up-to-date: /home/sujeong/rokey2_D1_Driving1/install/driving1_interfaces/include/driving1_interfaces/driving1_interfaces/srv/detail/notify_soldout__type_support.hpp
[0.400s] -- Up-to-date: /home/sujeong/rokey2_D1_Driving1/install/driving1_interfaces/include/driving1_interfaces/driving1_interfaces/srv/detail/notify_soldout__builder.hpp
[0.400s] -- Up-to-date: /home/sujeong/rokey2_D1_Driving1/install/driving1_interfaces/include/driving1_interfaces/driving1_interfaces/srv/detail/notify_soldout__struct.hpp
[0.400s] -- Up-to-date: /home/sujeong/rokey2_D1_Driving1/install/driving1_interfaces/include/driving1_interfaces/driving1_interfaces/srv/detail/notify_soldout__traits.hpp
[0.401s] -- Up-to-date: /home/sujeong/rokey2_D1_Driving1/install/driving1_interfaces/include/driving1_interfaces/driving1_interfaces/srv/notify_soldout.hpp
[0.401s] -- Up-to-date: /home/sujeong/rokey2_D1_Driving1/install/driving1_interfaces/include/driving1_interfaces/driving1_interfaces/msg
[0.401s] -- Up-to-date: /home/sujeong/rokey2_D1_Driving1/install/driving1_interfaces/include/driving1_interfaces/driving1_interfaces/msg/rosidl_generator_cpp__visibility_control.hpp
[0.401s] -- Up-to-date: /home/sujeong/rokey2_D1_Driving1/install/driving1_interfaces/include/driving1_interfaces/driving1_interfaces
[0.401s] -- Up-to-date: /home/sujeong/rokey2_D1_Driving1/install/driving1_interfaces/include/driving1_interfaces/driving1_interfaces/srv
[0.401s] -- Up-to-date: /home/sujeong/rokey2_D1_Driving1/install/driving1_interfaces/include/driving1_interfaces/driving1_interfaces/srv/detail
[0.401s] -- Up-to-date: /home/sujeong/rokey2_D1_Driving1/install/driving1_interfaces/include/driving1_interfaces/driving1_interfaces/srv/detail/notify_soldout__rosidl_typesupport_fastrtps_cpp.hpp
[0.401s] -- Up-to-date: /home/sujeong/rokey2_D1_Driving1/install/driving1_interfaces/include/driving1_interfaces/driving1_interfaces/srv/detail/dds_fastrtps
[0.401s] -- Up-to-date: /home/sujeong/rokey2_D1_Driving1/install/driving1_interfaces/include/driving1_interfaces/driving1_interfaces/msg
[0.401s] -- Up-to-date: /home/sujeong/rokey2_D1_Driving1/install/driving1_interfaces/include/driving1_interfaces/driving1_interfaces/msg/rosidl_typesupport_fastrtps_cpp__visibility_control.h
[0.401s] -- Up-to-date: /home/sujeong/rokey2_D1_Driving1/install/driving1_interfaces/lib/libdriving1_interfaces__rosidl_typesupport_fastrtps_cpp.so
[0.402s] -- Up-to-date: /home/sujeong/rokey2_D1_Driving1/install/driving1_interfaces/include/driving1_interfaces/driving1_interfaces
[0.402s] -- Up-to-date: /home/sujeong/rokey2_D1_Driving1/install/driving1_interfaces/include/driving1_interfaces/driving1_interfaces/srv
[0.403s] -- Up-to-date: /home/sujeong/rokey2_D1_Driving1/install/driving1_interfaces/include/driving1_interfaces/driving1_interfaces/srv/detail
[0.403s] -- Up-to-date: /home/sujeong/rokey2_D1_Driving1/install/driving1_interfaces/include/driving1_interfaces/driving1_interfaces/srv/detail/notify_soldout__rosidl_typesupport_introspection_cpp.hpp
[0.403s] -- Up-to-date: /home/sujeong/rokey2_D1_Driving1/install/driving1_interfaces/include/driving1_interfaces/driving1_interfaces/srv/detail/notify_soldout__type_support.cpp
[0.403s] -- Up-to-date: /home/sujeong/rokey2_D1_Driving1/install/driving1_interfaces/lib/libdriving1_interfaces__rosidl_typesupport_introspection_cpp.so
[0.403s] -- Up-to-date: /home/sujeong/rokey2_D1_Driving1/install/driving1_interfaces/lib/libdriving1_interfaces__rosidl_typesupport_cpp.so
[0.403s] -- Up-to-date: /home/sujeong/rokey2_D1_Driving1/install/driving1_interfaces/share/driving1_interfaces/environment/pythonpath.sh
[0.403s] -- Up-to-date: /home/sujeong/rokey2_D1_Driving1/install/driving1_interfaces/share/driving1_interfaces/environment/pythonpath.dsv
[0.403s] -- Up-to-date: /home/sujeong/rokey2_D1_Driving1/install/driving1_interfaces/lib/python3.10/site-packages/driving1_interfaces-0.0.0-py3.10.egg-info
[0.403s] -- Installing: /home/sujeong/rokey2_D1_Driving1/install/driving1_interfaces/lib/python3.10/site-packages/driving1_interfaces-0.0.0-py3.10.egg-info/top_level.txt
[0.404s] -- Installing: /home/sujeong/rokey2_D1_Driving1/install/driving1_interfaces/lib/python3.10/site-packages/driving1_interfaces-0.0.0-py3.10.egg-info/PKG-INFO
[0.404s] -- Installing: /home/sujeong/rokey2_D1_Driving1/install/driving1_interfaces/lib/python3.10/site-packages/driving1_interfaces-0.0.0-py3.10.egg-info/SOURCES.txt
[0.404s] -- Installing: /home/sujeong/rokey2_D1_Driving1/install/driving1_interfaces/lib/python3.10/site-packages/driving1_interfaces-0.0.0-py3.10.egg-info/dependency_links.txt
[0.404s] -- Up-to-date: /home/sujeong/rokey2_D1_Driving1/install/driving1_interfaces/lib/python3.10/site-packages/driving1_interfaces
[0.405s] -- Up-to-date: /home/sujeong/rokey2_D1_Driving1/install/driving1_interfaces/lib/python3.10/site-packages/driving1_interfaces/_driving1_interfaces_s.ep.rosidl_typesupport_c.c
[0.405s] -- Up-to-date: /home/sujeong/rokey2_D1_Driving1/install/driving1_interfaces/lib/python3.10/site-packages/driving1_interfaces/driving1_interfaces_s__rosidl_typesupport_fastrtps_c.cpython-310-x86_64-linux-gnu.so
[0.405s] -- Up-to-date: /home/sujeong/rokey2_D1_Driving1/install/driving1_interfaces/lib/python3.10/site-packages/driving1_interfaces/driving1_interfaces_s__rosidl_typesupport_introspection_c.cpython-310-x86_64-linux-gnu.so
[0.405s] -- Up-to-date: /home/sujeong/rokey2_D1_Driving1/install/driving1_interfaces/lib/python3.10/site-packages/driving1_interfaces/libdriving1_interfaces__rosidl_generator_py.so
[0.405s] -- Up-to-date: /home/sujeong/rokey2_D1_Driving1/install/driving1_interfaces/lib/python3.10/site-packages/driving1_interfaces/_driving1_interfaces_s.ep.rosidl_typesupport_introspection_c.c
[0.405s] -- Up-to-date: /home/sujeong/rokey2_D1_Driving1/install/driving1_interfaces/lib/python3.10/site-packages/driving1_interfaces/_driving1_interfaces_s.ep.rosidl_typesupport_fastrtps_c.c
[0.405s] -- Up-to-date: /home/sujeong/rokey2_D1_Driving1/install/driving1_interfaces/lib/python3.10/site-packages/driving1_interfaces/__init__.py
[0.405s] -- Up-to-date: /home/sujeong/rokey2_D1_Driving1/install/driving1_interfaces/lib/python3.10/site-packages/driving1_interfaces/driving1_interfaces_s__rosidl_typesupport_c.cpython-310-x86_64-linux-gnu.so
[0.405s] -- Up-to-date: /home/sujeong/rokey2_D1_Driving1/install/driving1_interfaces/lib/python3.10/site-packages/driving1_interfaces/srv
[0.405s] -- Up-to-date: /home/sujeong/rokey2_D1_Driving1/install/driving1_interfaces/lib/python3.10/site-packages/driving1_interfaces/srv/_notify_soldout.py
[0.405s] -- Up-to-date: /home/sujeong/rokey2_D1_Driving1/install/driving1_interfaces/lib/python3.10/site-packages/driving1_interfaces/srv/_notify_soldout_s.c
[0.406s] -- Up-to-date: /home/sujeong/rokey2_D1_Driving1/install/driving1_interfaces/lib/python3.10/site-packages/driving1_interfaces/srv/__init__.py
[0.425s] Listing '/home/sujeong/rokey2_D1_Driving1/install/driving1_interfaces/lib/python3.10/site-packages/driving1_interfaces'...
[0.426s] Listing '/home/sujeong/rokey2_D1_Driving1/install/driving1_interfaces/lib/python3.10/site-packages/driving1_interfaces/srv'...
[0.433s] -- Up-to-date: /home/sujeong/rokey2_D1_Driving1/install/driving1_interfaces/lib/python3.10/site-packages/driving1_interfaces/driving1_interfaces_s__rosidl_typesupport_fastrtps_c.cpython-310-x86_64-linux-gnu.so
[0.433s] -- Up-to-date: /home/sujeong/rokey2_D1_Driving1/install/driving1_interfaces/lib/python3.10/site-packages/driving1_interfaces/driving1_interfaces_s__rosidl_typesupport_introspection_c.cpython-310-x86_64-linux-gnu.so
[0.433s] -- Up-to-date: /home/sujeong/rokey2_D1_Driving1/install/driving1_interfaces/lib/python3.10/site-packages/driving1_interfaces/driving1_interfaces_s__rosidl_typesupport_c.cpython-310-x86_64-linux-gnu.so
[0.433s] -- Up-to-date: /home/sujeong/rokey2_D1_Driving1/install/driving1_interfaces/lib/libdriving1_interfaces__rosidl_generator_py.so
[0.433s] -- Up-to-date: /home/sujeong/rokey2_D1_Driving1/install/driving1_interfaces/share/driving1_interfaces/srv/NotifySoldout.idl
[0.434s] -- Up-to-date: /home/sujeong/rokey2_D1_Driving1/install/driving1_interfaces/share/driving1_interfaces/srv/NotifySoldout.srv
[0.434s] -- Up-to-date: /home/sujeong/rokey2_D1_Driving1/install/driving1_interfaces/share/driving1_interfaces/srv/NotifySoldout_Request.msg
[0.434s] -- Up-to-date: /home/sujeong/rokey2_D1_Driving1/install/driving1_interfaces/share/driving1_interfaces/srv/NotifySoldout_Response.msg
[0.434s] -- Up-to-date: /home/sujeong/rokey2_D1_Driving1/install/driving1_interfaces/share/ament_index/resource_index/package_run_dependencies/driving1_interfaces
[0.434s] -- Up-to-date: /home/sujeong/rokey2_D1_Driving1/install/driving1_interfaces/share/ament_index/resource_index/parent_prefix_path/driving1_interfaces
[0.434s] -- Up-to-date: /home/sujeong/rokey2_D1_Driving1/install/driving1_interfaces/share/driving1_interfaces/environment/ament_prefix_path.sh
[0.435s] -- Up-to-date: /home/sujeong/rokey2_D1_Driving1/install/driving1_interfaces/share/driving1_interfaces/environment/ament_prefix_path.dsv
[0.435s] -- Up-to-date: /home/sujeong/rokey2_D1_Driving1/install/driving1_interfaces/share/driving1_interfaces/environment/path.sh
[0.435s] -- Up-to-date: /home/sujeong/rokey2_D1_Driving1/install/driving1_interfaces/share/driving1_interfaces/environment/path.dsv
[0.435s] -- Up-to-date: /home/sujeong/rokey2_D1_Driving1/install/driving1_interfaces/share/driving1_interfaces/local_setup.bash
[0.435s] -- Up-to-date: /home/sujeong/rokey2_D1_Driving1/install/driving1_interfaces/share/driving1_interfaces/local_setup.sh
[0.435s] -- Up-to-date: /home/sujeong/rokey2_D1_Driving1/install/driving1_interfaces/share/driving1_interfaces/local_setup.zsh
[0.435s] -- Up-to-date: /home/sujeong/rokey2_D1_Driving1/install/driving1_interfaces/share/driving1_interfaces/local_setup.dsv
[0.435s] -- Installing: /home/sujeong/rokey2_D1_Driving1/install/driving1_interfaces/share/driving1_interfaces/package.dsv
[0.435s] -- Up-to-date: /home/sujeong/rokey2_D1_Driving1/install/driving1_interfaces/share/ament_index/resource_index/packages/driving1_interfaces
[0.436s] -- Up-to-date: /home/sujeong/rokey2_D1_Driving1/install/driving1_interfaces/share/driving1_interfaces/cmake/export_driving1_interfaces__rosidl_generator_cExport.cmake
[0.436s] -- Up-to-date: /home/sujeong/rokey2_D1_Driving1/install/driving1_interfaces/share/driving1_interfaces/cmake/export_driving1_interfaces__rosidl_generator_cExport-noconfig.cmake
[0.436s] -- Up-to-date: /home/sujeong/rokey2_D1_Driving1/install/driving1_interfaces/share/driving1_interfaces/cmake/export_driving1_interfaces__rosidl_typesupport_fastrtps_cExport.cmake
[0.436s] -- Up-to-date: /home/sujeong/rokey2_D1_Driving1/install/driving1_interfaces/share/driving1_interfaces/cmake/export_driving1_interfaces__rosidl_typesupport_fastrtps_cExport-noconfig.cmake
[0.436s] -- Up-to-date: /home/sujeong/rokey2_D1_Driving1/install/driving1_interfaces/share/driving1_interfaces/cmake/driving1_interfaces__rosidl_typesupport_introspection_cExport.cmake
[0.436s] -- Up-to-date: /home/sujeong/rokey2_D1_Driving1/install/driving1_interfaces/share/driving1_interfaces/cmake/driving1_interfaces__rosidl_typesupport_introspection_cExport-noconfig.cmake
[0.436s] -- Up-to-date: /home/sujeong/rokey2_D1_Driving1/install/driving1_interfaces/share/driving1_interfaces/cmake/driving1_interfaces__rosidl_typesupport_cExport.cmake
[0.436s] -- Up-to-date: /home/sujeong/rokey2_D1_Driving1/install/driving1_interfaces/share/driving1_interfaces/cmake/driving1_interfaces__rosidl_typesupport_cExport-noconfig.cmake
[0.436s] -- Up-to-date: /home/sujeong/rokey2_D1_Driving1/install/driving1_interfaces/share/driving1_interfaces/cmake/export_driving1_interfaces__rosidl_generator_cppExport.cmake
[0.437s] -- Up-to-date: /home/sujeong/rokey2_D1_Driving1/install/driving1_interfaces/share/driving1_interfaces/cmake/export_driving1_interfaces__rosidl_typesupport_fastrtps_cppExport.cmake
[0.437s] -- Up-to-date: /home/sujeong/rokey2_D1_Driving1/install/driving1_interfaces/share/driving1_interfaces/cmake/export_driving1_interfaces__rosidl_typesupport_fastrtps_cppExport-noconfig.cmake
[0.437s] -- Up-to-date: /home/sujeong/rokey2_D1_Driving1/install/driving1_interfaces/share/driving1_interfaces/cmake/driving1_interfaces__rosidl_typesupport_introspection_cppExport.cmake
[0.437s] -- Up-to-date: /home/sujeong/rokey2_D1_Driving1/install/driving1_interfaces/share/driving1_interfaces/cmake/driving1_interfaces__rosidl_typesupport_introspection_cppExport-noconfig.cmake
[0.438s] -- Up-to-date: /home/sujeong/rokey2_D1_Driving1/install/driving1_interfaces/share/driving1_interfaces/cmake/driving1_interfaces__rosidl_typesupport_cppExport.cmake
[0.438s] -- Up-to-date: /home/sujeong/rokey2_D1_Driving1/install/driving1_interfaces/share/driving1_interfaces/cmake/driving1_interfaces__rosidl_typesupport_cppExport-noconfig.cmake
[0.438s] -- Up-to-date: /home/sujeong/rokey2_D1_Driving1/install/driving1_interfaces/share/driving1_interfaces/cmake/export_driving1_interfaces__rosidl_generator_pyExport.cmake
[0.438s] -- Up-to-date: /home/sujeong/rokey2_D1_Driving1/install/driving1_interfaces/share/driving1_interfaces/cmake/export_driving1_interfaces__rosidl_generator_pyExport-noconfig.cmake
[0.438s] -- Up-to-date: /home/sujeong/rokey2_D1_Driving1/install/driving1_interfaces/share/driving1_interfaces/cmake/rosidl_cmake-extras.cmake
[0.439s] -- Up-to-date: /home/sujeong/rokey2_D1_Driving1/install/driving1_interfaces/share/driving1_interfaces/cmake/ament_cmake_export_dependencies-extras.cmake
[0.439s] -- Up-to-date: /home/sujeong/rokey2_D1_Driving1/install/driving1_interfaces/share/driving1_interfaces/cmake/ament_cmake_export_include_directories-extras.cmake
[0.439s] -- Up-to-date: /home/sujeong/rokey2_D1_Driving1/install/driving1_interfaces/share/driving1_interfaces/cmake/ament_cmake_export_libraries-extras.cmake
[0.439s] -- Up-to-date: /home/sujeong/rokey2_D1_Driving1/install/driving1_interfaces/share/driving1_interfaces/cmake/ament_cmake_export_targets-extras.cmake
[0.439s] -- Up-to-date: /home/sujeong/rokey2_D1_Driving1/install/driving1_interfaces/share/driving1_interfaces/cmake/rosidl_cmake_export_typesupport_targets-extras.cmake
[0.439s] -- Up-to-date: /home/sujeong/rokey2_D1_Driving1/install/driving1_interfaces/share/driving1_interfaces/cmake/rosidl_cmake_export_typesupport_libraries-extras.cmake
[0.439s] -- Up-to-date: /home/sujeong/rokey2_D1_Driving1/install/driving1_interfaces/share/driving1_interfaces/cmake/driving1_interfacesConfig.cmake
[0.439s] -- Up-to-date: /home/sujeong/rokey2_D1_Driving1/install/driving1_interfaces/share/driving1_interfaces/cmake/driving1_interfacesConfig-version.cmake
[0.439s] -- Up-to-date: /home/sujeong/rokey2_D1_Driving1/install/driving1_interfaces/share/driving1_interfaces/package.xml
[0.451s] Invoked command in '/home/sujeong/rokey2_D1_Driving1/build/driving1_interfaces' returned '0': /usr/bin/cmake --install /home/sujeong/rokey2_D1_Driving1/build/driving1_interfaces
