[0.069s] DEBUG:colcon:Command line arguments: ['/usr/bin/colcon', 'build']
[0.069s] DEBUG:colcon:Parsed command line arguments: Namespace(log_base=None, log_level=None, verb_name='build', build_base='build', install_base='install', merge_install=False, symlink_install=False, test_result_base=None, continue_on_error=False, executor='parallel', parallel_workers=16, event_handlers=None, ignore_user_meta=False, metas=['./colcon.meta'], base_paths=['.'], packages_ignore=None, packages_ignore_regex=None, paths=None, packages_up_to=None, packages_up_to_regex=None, packages_above=None, packages_above_and_dependencies=None, packages_above_depth=None, packages_select_by_dep=None, packages_skip_by_dep=None, packages_skip_up_to=None, packages_select_build_failed=False, packages_skip_build_finished=False, packages_select_test_failures=False, packages_skip_test_passed=False, packages_select=None, packages_skip=None, packages_select_regex=None, packages_skip_regex=None, packages_start=None, packages_end=None, allow_overriding=[], cmake_args=None, cmake_target=None, cmake_target_skip_unavailable=False, cmake_clean_cache=False, cmake_clean_first=False, cmake_force_configure=False, ament_cmake_args=None, catkin_cmake_args=None, catkin_skip_building_tests=False, verb_parser=<colcon_defaults.argument_parser.defaults.DefaultArgumentsDecorator object at 0x75f8d156ecb0>, verb_extension=<colcon_core.verb.build.BuildVerb object at 0x75f8d16c0760>, main=<bound method BuildVerb.main of <colcon_core.verb.build.BuildVerb object at 0x75f8d16c0760>>)
[0.095s] Level 1:colcon.colcon_core.package_discovery:discover_packages(colcon_meta) check parameters
[0.095s] Level 1:colcon.colcon_core.package_discovery:discover_packages(recursive) check parameters
[0.095s] Level 1:colcon.colcon_core.package_discovery:discover_packages(ignore) check parameters
[0.095s] Level 1:colcon.colcon_core.package_discovery:discover_packages(path) check parameters
[0.095s] Level 1:colcon.colcon_core.package_discovery:discover_packages(colcon_meta) discover
[0.095s] Level 1:colcon.colcon_core.package_discovery:discover_packages(recursive) discover
[0.095s] INFO:colcon.colcon_core.package_discovery:Crawling recursively for packages in '/home/sujeong/rokey2_D1_Driving1'
[0.095s] Level 1:colcon.colcon_core.package_identification:_identify(.) by extensions ['ignore', 'ignore_ament_install']
[0.095s] Level 1:colcon.colcon_core.package_identification:_identify(.) by extension 'ignore'
[0.095s] Level 1:colcon.colcon_core.package_identification:_identify(.) by extension 'ignore_ament_install'
[0.095s] Level 1:colcon.colcon_core.package_identification:_identify(.) by extensions ['colcon_pkg']
[0.096s] Level 1:colcon.colcon_core.package_identification:_identify(.) by extension 'colcon_pkg'
[0.096s] Level 1:colcon.colcon_core.package_identification:_identify(.) by extensions ['colcon_meta']
[0.096s] Level 1:colcon.colcon_core.package_identification:_identify(.) by extension 'colcon_meta'
[0.096s] Level 1:colcon.colcon_core.package_identification:_identify(.) by extensions ['ros']
[0.096s] Level 1:colcon.colcon_core.package_identification:_identify(.) by extension 'ros'
[0.112s] Level 1:colcon.colcon_core.package_identification:_identify(.) by extensions ['cmake', 'python']
[0.112s] Level 1:colcon.colcon_core.package_identification:_identify(.) by extension 'cmake'
[0.112s] Level 1:colcon.colcon_core.package_identification:_identify(.) by extension 'python'
[0.112s] Level 1:colcon.colcon_core.package_identification:_identify(.) by extensions ['python_setup_py']
[0.112s] Level 1:colcon.colcon_core.package_identification:_identify(.) by extension 'python_setup_py'
[0.112s] Level 1:colcon.colcon_core.package_identification:_identify(build) by extensions ['ignore', 'ignore_ament_install']
[0.113s] Level 1:colcon.colcon_core.package_identification:_identify(build) by extension 'ignore'
[0.113s] Level 1:colcon.colcon_core.package_identification:_identify(build) ignored
[0.113s] Level 1:colcon.colcon_core.package_identification:_identify(install) by extensions ['ignore', 'ignore_ament_install']
[0.113s] Level 1:colcon.colcon_core.package_identification:_identify(install) by extension 'ignore'
[0.113s] Level 1:colcon.colcon_core.package_identification:_identify(install) ignored
[0.113s] Level 1:colcon.colcon_core.package_identification:_identify(log) by extensions ['ignore', 'ignore_ament_install']
[0.113s] Level 1:colcon.colcon_core.package_identification:_identify(log) by extension 'ignore'
[0.113s] Level 1:colcon.colcon_core.package_identification:_identify(log) ignored
[0.113s] Level 1:colcon.colcon_core.package_identification:_identify(src) by extensions ['ignore', 'ignore_ament_install']
[0.113s] Level 1:colcon.colcon_core.package_identification:_identify(src) by extension 'ignore'
[0.113s] Level 1:colcon.colcon_core.package_identification:_identify(src) by extension 'ignore_ament_install'
[0.113s] Level 1:colcon.colcon_core.package_identification:_identify(src) by extensions ['colcon_pkg']
[0.113s] Level 1:colcon.colcon_core.package_identification:_identify(src) by extension 'colcon_pkg'
[0.113s] Level 1:colcon.colcon_core.package_identification:_identify(src) by extensions ['colcon_meta']
[0.113s] Level 1:colcon.colcon_core.package_identification:_identify(src) by extension 'colcon_meta'
[0.113s] Level 1:colcon.colcon_core.package_identification:_identify(src) by extensions ['ros']
[0.113s] Level 1:colcon.colcon_core.package_identification:_identify(src) by extension 'ros'
[0.113s] Level 1:colcon.colcon_core.package_identification:_identify(src) by extensions ['cmake', 'python']
[0.113s] Level 1:colcon.colcon_core.package_identification:_identify(src) by extension 'cmake'
[0.113s] Level 1:colcon.colcon_core.package_identification:_identify(src) by extension 'python'
[0.113s] Level 1:colcon.colcon_core.package_identification:_identify(src) by extensions ['python_setup_py']
[0.113s] Level 1:colcon.colcon_core.package_identification:_identify(src) by extension 'python_setup_py'
[0.113s] Level 1:colcon.colcon_core.package_identification:_identify(src/build) by extensions ['ignore', 'ignore_ament_install']
[0.113s] Level 1:colcon.colcon_core.package_identification:_identify(src/build) by extension 'ignore'
[0.113s] Level 1:colcon.colcon_core.package_identification:_identify(src/build) ignored
[0.113s] Level 1:colcon.colcon_core.package_identification:_identify(src/driving1) by extensions ['ignore', 'ignore_ament_install']
[0.113s] Level 1:colcon.colcon_core.package_identification:_identify(src/driving1) by extension 'ignore'
[0.113s] Level 1:colcon.colcon_core.package_identification:_identify(src/driving1) by extension 'ignore_ament_install'
[0.113s] Level 1:colcon.colcon_core.package_identification:_identify(src/driving1) by extensions ['colcon_pkg']
[0.114s] Level 1:colcon.colcon_core.package_identification:_identify(src/driving1) by extension 'colcon_pkg'
[0.114s] Level 1:colcon.colcon_core.package_identification:_identify(src/driving1) by extensions ['colcon_meta']
[0.114s] Level 1:colcon.colcon_core.package_identification:_identify(src/driving1) by extension 'colcon_meta'
[0.114s] Level 1:colcon.colcon_core.package_identification:_identify(src/driving1) by extensions ['ros']
[0.114s] Level 1:colcon.colcon_core.package_identification:_identify(src/driving1) by extension 'ros'
[0.115s] DEBUG:colcon.colcon_core.package_identification:Package 'src/driving1' with type 'ros.ament_python' and name 'driving1'
[0.116s] Level 1:colcon.colcon_core.package_identification:_identify(src/driving1_interfaces) by extensions ['ignore', 'ignore_ament_install']
[0.116s] Level 1:colcon.colcon_core.package_identification:_identify(src/driving1_interfaces) by extension 'ignore'
[0.116s] Level 1:colcon.colcon_core.package_identification:_identify(src/driving1_interfaces) by extension 'ignore_ament_install'
[0.116s] Level 1:colcon.colcon_core.package_identification:_identify(src/driving1_interfaces) by extensions ['colcon_pkg']
[0.116s] Level 1:colcon.colcon_core.package_identification:_identify(src/driving1_interfaces) by extension 'colcon_pkg'
[0.116s] Level 1:colcon.colcon_core.package_identification:_identify(src/driving1_interfaces) by extensions ['colcon_meta']
[0.116s] Level 1:colcon.colcon_core.package_identification:_identify(src/driving1_interfaces) by extension 'colcon_meta'
[0.116s] Level 1:colcon.colcon_core.package_identification:_identify(src/driving1_interfaces) by extensions ['ros']
[0.116s] Level 1:colcon.colcon_core.package_identification:_identify(src/driving1_interfaces) by extension 'ros'
[0.116s] DEBUG:colcon.colcon_core.package_identification:Package 'src/driving1_interfaces' with type 'ros.catkin' and name 'driving1_interfaces'
[0.116s] Level 1:colcon.colcon_core.package_identification:_identify(src/install) by extensions ['ignore', 'ignore_ament_install']
[0.116s] Level 1:colcon.colcon_core.package_identification:_identify(src/install) by extension 'ignore'
[0.116s] Level 1:colcon.colcon_core.package_identification:_identify(src/install) ignored
[0.116s] Level 1:colcon.colcon_core.package_identification:_identify(src/log) by extensions ['ignore', 'ignore_ament_install']
[0.116s] Level 1:colcon.colcon_core.package_identification:_identify(src/log) by extension 'ignore'
[0.116s] Level 1:colcon.colcon_core.package_identification:_identify(src/log) ignored
[0.116s] Level 1:colcon.colcon_core.package_identification:_identify(src/project3_interfaces) by extensions ['ignore', 'ignore_ament_install']
[0.116s] Level 1:colcon.colcon_core.package_identification:_identify(src/project3_interfaces) by extension 'ignore'
[0.116s] Level 1:colcon.colcon_core.package_identification:_identify(src/project3_interfaces) by extension 'ignore_ament_install'
[0.116s] Level 1:colcon.colcon_core.package_identification:_identify(src/project3_interfaces) by extensions ['colcon_pkg']
[0.117s] Level 1:colcon.colcon_core.package_identification:_identify(src/project3_interfaces) by extension 'colcon_pkg'
[0.117s] Level 1:colcon.colcon_core.package_identification:_identify(src/project3_interfaces) by extensions ['colcon_meta']
[0.117s] Level 1:colcon.colcon_core.package_identification:_identify(src/project3_interfaces) by extension 'colcon_meta'
[0.117s] Level 1:colcon.colcon_core.package_identification:_identify(src/project3_interfaces) by extensions ['ros']
[0.117s] Level 1:colcon.colcon_core.package_identification:_identify(src/project3_interfaces) by extension 'ros'
[0.117s] DEBUG:colcon.colcon_core.package_identification:Package 'src/project3_interfaces' with type 'ros.ament_cmake' and name 'project3_interfaces'
[0.117s] Level 1:colcon.colcon_core.package_discovery:discover_packages(recursive) using defaults
[0.117s] Level 1:colcon.colcon_core.package_discovery:discover_packages(ignore) discover
[0.117s] Level 1:colcon.colcon_core.package_discovery:discover_packages(ignore) using defaults
[0.117s] Level 1:colcon.colcon_core.package_discovery:discover_packages(path) discover
[0.117s] Level 1:colcon.colcon_core.package_discovery:discover_packages(path) using defaults
[0.130s] Level 1:colcon.colcon_core.package_discovery:discover_packages(prefix_path) check parameters
[0.130s] Level 1:colcon.colcon_core.package_discovery:discover_packages(prefix_path) discover
[0.131s] DEBUG:colcon.colcon_installed_package_information.package_discovery:Found 15 installed packages in /home/sujeong/turtlebot3_ws/install
[0.131s] DEBUG:colcon.colcon_installed_package_information.package_discovery:Found 1 installed packages in /home/sujeong/ros2_ws/install
[0.132s] DEBUG:colcon.colcon_installed_package_information.package_discovery:Found 379 installed packages in /opt/ros/humble
[0.134s] Level 1:colcon.colcon_core.package_discovery:discover_packages(prefix_path) using defaults
[0.169s] Level 5:colcon.colcon_core.verb:set package 'driving1_interfaces' build argument 'cmake_args' from command line to 'None'
[0.169s] Level 5:colcon.colcon_core.verb:set package 'driving1_interfaces' build argument 'cmake_target' from command line to 'None'
[0.169s] Level 5:colcon.colcon_core.verb:set package 'driving1_interfaces' build argument 'cmake_target_skip_unavailable' from command line to 'False'
[0.169s] Level 5:colcon.colcon_core.verb:set package 'driving1_interfaces' build argument 'cmake_clean_cache' from command line to 'False'
[0.169s] Level 5:colcon.colcon_core.verb:set package 'driving1_interfaces' build argument 'cmake_clean_first' from command line to 'False'
[0.169s] Level 5:colcon.colcon_core.verb:set package 'driving1_interfaces' build argument 'cmake_force_configure' from command line to 'False'
[0.169s] Level 5:colcon.colcon_core.verb:set package 'driving1_interfaces' build argument 'ament_cmake_args' from command line to 'None'
[0.169s] Level 5:colcon.colcon_core.verb:set package 'driving1_interfaces' build argument 'catkin_cmake_args' from command line to 'None'
[0.169s] Level 5:colcon.colcon_core.verb:set package 'driving1_interfaces' build argument 'catkin_skip_building_tests' from command line to 'False'
[0.169s] DEBUG:colcon.colcon_core.verb:Building package 'driving1_interfaces' with the following arguments: {'ament_cmake_args': None, 'build_base': '/home/sujeong/rokey2_D1_Driving1/build/driving1_interfaces', 'catkin_cmake_args': None, 'catkin_skip_building_tests': False, 'cmake_args': None, 'cmake_clean_cache': False, 'cmake_clean_first': False, 'cmake_force_configure': False, 'cmake_target': None, 'cmake_target_skip_unavailable': False, 'install_base': '/home/sujeong/rokey2_D1_Driving1/install/driving1_interfaces', 'merge_install': False, 'path': '/home/sujeong/rokey2_D1_Driving1/src/driving1_interfaces', 'symlink_install': False, 'test_result_base': None}
[0.169s] Level 5:colcon.colcon_core.verb:set package 'project3_interfaces' build argument 'cmake_args' from command line to 'None'
[0.169s] Level 5:colcon.colcon_core.verb:set package 'project3_interfaces' build argument 'cmake_target' from command line to 'None'
[0.169s] Level 5:colcon.colcon_core.verb:set package 'project3_interfaces' build argument 'cmake_target_skip_unavailable' from command line to 'False'
[0.169s] Level 5:colcon.colcon_core.verb:set package 'project3_interfaces' build argument 'cmake_clean_cache' from command line to 'False'
[0.169s] Level 5:colcon.colcon_core.verb:set package 'project3_interfaces' build argument 'cmake_clean_first' from command line to 'False'
[0.169s] Level 5:colcon.colcon_core.verb:set package 'project3_interfaces' build argument 'cmake_force_configure' from command line to 'False'
[0.169s] Level 5:colcon.colcon_core.verb:set package 'project3_interfaces' build argument 'ament_cmake_args' from command line to 'None'
[0.169s] Level 5:colcon.colcon_core.verb:set package 'project3_interfaces' build argument 'catkin_cmake_args' from command line to 'None'
[0.169s] Level 5:colcon.colcon_core.verb:set package 'project3_interfaces' build argument 'catkin_skip_building_tests' from command line to 'False'
[0.169s] DEBUG:colcon.colcon_core.verb:Building package 'project3_interfaces' with the following arguments: {'ament_cmake_args': None, 'build_base': '/home/sujeong/rokey2_D1_Driving1/build/project3_interfaces', 'catkin_cmake_args': None, 'catkin_skip_building_tests': False, 'cmake_args': None, 'cmake_clean_cache': False, 'cmake_clean_first': False, 'cmake_force_configure': False, 'cmake_target': None, 'cmake_target_skip_unavailable': False, 'install_base': '/home/sujeong/rokey2_D1_Driving1/install/project3_interfaces', 'merge_install': False, 'path': '/home/sujeong/rokey2_D1_Driving1/src/project3_interfaces', 'symlink_install': False, 'test_result_base': None}
[0.170s] Level 5:colcon.colcon_core.verb:set package 'driving1' build argument 'cmake_args' from command line to 'None'
[0.170s] Level 5:colcon.colcon_core.verb:set package 'driving1' build argument 'cmake_target' from command line to 'None'
[0.170s] Level 5:colcon.colcon_core.verb:set package 'driving1' build argument 'cmake_target_skip_unavailable' from command line to 'False'
[0.170s] Level 5:colcon.colcon_core.verb:set package 'driving1' build argument 'cmake_clean_cache' from command line to 'False'
[0.170s] Level 5:colcon.colcon_core.verb:set package 'driving1' build argument 'cmake_clean_first' from command line to 'False'
[0.170s] Level 5:colcon.colcon_core.verb:set package 'driving1' build argument 'cmake_force_configure' from command line to 'False'
[0.170s] Level 5:colcon.colcon_core.verb:set package 'driving1' build argument 'ament_cmake_args' from command line to 'None'
[0.170s] Level 5:colcon.colcon_core.verb:set package 'driving1' build argument 'catkin_cmake_args' from command line to 'None'
[0.170s] Level 5:colcon.colcon_core.verb:set package 'driving1' build argument 'catkin_skip_building_tests' from command line to 'False'
[0.170s] DEBUG:colcon.colcon_core.verb:Building package 'driving1' with the following arguments: {'ament_cmake_args': None, 'build_base': '/home/sujeong/rokey2_D1_Driving1/build/driving1', 'catkin_cmake_args': None, 'catkin_skip_building_tests': False, 'cmake_args': None, 'cmake_clean_cache': False, 'cmake_clean_first': False, 'cmake_force_configure': False, 'cmake_target': None, 'cmake_target_skip_unavailable': False, 'install_base': '/home/sujeong/rokey2_D1_Driving1/install/driving1', 'merge_install': False, 'path': '/home/sujeong/rokey2_D1_Driving1/src/driving1', 'symlink_install': False, 'test_result_base': None}
[0.170s] INFO:colcon.colcon_core.executor:Executing jobs using 'parallel' executor
[0.171s] DEBUG:colcon.colcon_parallel_executor.executor.parallel:run_until_complete
[0.171s] INFO:colcon.colcon_ros.task.catkin.build:Building ROS package in '/home/sujeong/rokey2_D1_Driving1/src/driving1_interfaces' with build type 'catkin'
[0.171s] INFO:colcon.colcon_cmake.task.cmake.build:Building CMake package in '/home/sujeong/rokey2_D1_Driving1/src/driving1_interfaces'
[0.172s] INFO:colcon.colcon_core.plugin_system:Skipping extension 'colcon_core.shell.bat': Not used on non-Windows systems
[0.172s] INFO:colcon.colcon_core.shell:Skip shell extension 'powershell' for command environment: Not usable outside of PowerShell
[0.172s] DEBUG:colcon.colcon_core.shell:Skip shell extension 'dsv' for command environment
[0.175s] INFO:colcon.colcon_ros.task.ament_cmake.build:Building ROS package in '/home/sujeong/rokey2_D1_Driving1/src/project3_interfaces' with build type 'ament_cmake'
[0.175s] INFO:colcon.colcon_cmake.task.cmake.build:Building CMake package in '/home/sujeong/rokey2_D1_Driving1/src/project3_interfaces'
[0.176s] INFO:colcon.colcon_core.shell:Skip shell extension 'powershell' for command environment: Not usable outside of PowerShell
[0.176s] DEBUG:colcon.colcon_core.shell:Skip shell extension 'dsv' for command environment
[0.186s] DEBUG:colcon.colcon_core.event_handler.log_command:Invoking command in '/home/sujeong/rokey2_D1_Driving1/build/driving1_interfaces': /usr/bin/cmake --build /home/sujeong/rokey2_D1_Driving1/build/driving1_interfaces -- -j16 -l16
[0.190s] DEBUG:colcon.colcon_core.event_handler.log_command:Invoking command in '/home/sujeong/rokey2_D1_Driving1/build/project3_interfaces': CMAKE_PREFIX_PATH=${CMAKE_PREFIX_PATH}:/home/sujeong/turtlebot3_ws/install/turtlebot3_teleop:/home/sujeong/turtlebot3_ws/install/turtlebot3_example:/home/sujeong/ros2_ws/install/my_package:/opt/ros/humble /usr/bin/cmake --build /home/sujeong/rokey2_D1_Driving1/build/project3_interfaces -- -j16 -l16
[0.527s] DEBUG:colcon.colcon_core.event_handler.log_command:Invoked command in '/home/sujeong/rokey2_D1_Driving1/build/project3_interfaces' returned '0': CMAKE_PREFIX_PATH=${CMAKE_PREFIX_PATH}:/home/sujeong/turtlebot3_ws/install/turtlebot3_teleop:/home/sujeong/turtlebot3_ws/install/turtlebot3_example:/home/sujeong/ros2_ws/install/my_package:/opt/ros/humble /usr/bin/cmake --build /home/sujeong/rokey2_D1_Driving1/build/project3_interfaces -- -j16 -l16
[0.536s] DEBUG:colcon.colcon_core.event_handler.log_command:Invoking command in '/home/sujeong/rokey2_D1_Driving1/build/project3_interfaces': CMAKE_PREFIX_PATH=${CMAKE_PREFIX_PATH}:/home/sujeong/turtlebot3_ws/install/turtlebot3_teleop:/home/sujeong/turtlebot3_ws/install/turtlebot3_example:/home/sujeong/ros2_ws/install/my_package:/opt/ros/humble /usr/bin/cmake --install /home/sujeong/rokey2_D1_Driving1/build/project3_interfaces
[0.543s] DEBUG:colcon.colcon_core.event_handler.log_command:Invoked command in '/home/sujeong/rokey2_D1_Driving1/build/driving1_interfaces' returned '0': /usr/bin/cmake --build /home/sujeong/rokey2_D1_Driving1/build/driving1_interfaces -- -j16 -l16
[0.546s] DEBUG:colcon.colcon_core.event_handler.log_command:Invoking command in '/home/sujeong/rokey2_D1_Driving1/build/driving1_interfaces': /usr/bin/cmake --install /home/sujeong/rokey2_D1_Driving1/build/driving1_interfaces
[0.590s] Level 1:colcon.colcon_core.environment:create_environment_scripts_only(project3_interfaces)
[0.592s] DEBUG:colcon.colcon_core.event_handler.log_command:Invoked command in '/home/sujeong/rokey2_D1_Driving1/build/project3_interfaces' returned '0': CMAKE_PREFIX_PATH=${CMAKE_PREFIX_PATH}:/home/sujeong/turtlebot3_ws/install/turtlebot3_teleop:/home/sujeong/turtlebot3_ws/install/turtlebot3_example:/home/sujeong/ros2_ws/install/my_package:/opt/ros/humble /usr/bin/cmake --install /home/sujeong/rokey2_D1_Driving1/build/project3_interfaces
[0.594s] Level 1:colcon.colcon_core.environment:checking '/home/sujeong/rokey2_D1_Driving1/install/project3_interfaces' for CMake module files
[0.595s] Level 1:colcon.colcon_core.environment:checking '/home/sujeong/rokey2_D1_Driving1/install/project3_interfaces' for CMake config files
[0.595s] Level 1:colcon.colcon_core.shell:create_environment_hook('project3_interfaces', 'cmake_prefix_path')
[0.595s] INFO:colcon.colcon_core.shell:Creating environment hook '/home/sujeong/rokey2_D1_Driving1/install/project3_interfaces/share/project3_interfaces/hook/cmake_prefix_path.ps1'
[0.596s] INFO:colcon.colcon_core.shell:Creating environment descriptor '/home/sujeong/rokey2_D1_Driving1/install/project3_interfaces/share/project3_interfaces/hook/cmake_prefix_path.dsv'
[0.596s] INFO:colcon.colcon_core.shell:Creating environment hook '/home/sujeong/rokey2_D1_Driving1/install/project3_interfaces/share/project3_interfaces/hook/cmake_prefix_path.sh'
[0.597s] Level 1:colcon.colcon_core.environment:checking '/home/sujeong/rokey2_D1_Driving1/install/project3_interfaces/lib'
[0.597s] Level 1:colcon.colcon_core.shell:create_environment_hook('project3_interfaces', 'ld_library_path_lib')
[0.597s] INFO:colcon.colcon_core.shell:Creating environment hook '/home/sujeong/rokey2_D1_Driving1/install/project3_interfaces/share/project3_interfaces/hook/ld_library_path_lib.ps1'
[0.597s] INFO:colcon.colcon_core.shell:Creating environment descriptor '/home/sujeong/rokey2_D1_Driving1/install/project3_interfaces/share/project3_interfaces/hook/ld_library_path_lib.dsv'
[0.597s] INFO:colcon.colcon_core.shell:Creating environment hook '/home/sujeong/rokey2_D1_Driving1/install/project3_interfaces/share/project3_interfaces/hook/ld_library_path_lib.sh'
[0.597s] Level 1:colcon.colcon_core.environment:checking '/home/sujeong/rokey2_D1_Driving1/install/project3_interfaces/bin'
[0.598s] Level 1:colcon.colcon_core.environment:checking '/home/sujeong/rokey2_D1_Driving1/install/project3_interfaces/lib/pkgconfig/project3_interfaces.pc'
[0.598s] Level 1:colcon.colcon_core.environment:checking '/home/sujeong/rokey2_D1_Driving1/install/project3_interfaces/lib/python3.10/site-packages'
[0.598s] Level 1:colcon.colcon_core.shell:create_environment_hook('project3_interfaces', 'pythonpath')
[0.598s] INFO:colcon.colcon_core.shell:Creating environment hook '/home/sujeong/rokey2_D1_Driving1/install/project3_interfaces/share/project3_interfaces/hook/pythonpath.ps1'
[0.598s] INFO:colcon.colcon_core.shell:Creating environment descriptor '/home/sujeong/rokey2_D1_Driving1/install/project3_interfaces/share/project3_interfaces/hook/pythonpath.dsv'
[0.598s] INFO:colcon.colcon_core.shell:Creating environment hook '/home/sujeong/rokey2_D1_Driving1/install/project3_interfaces/share/project3_interfaces/hook/pythonpath.sh'
[0.599s] Level 1:colcon.colcon_core.environment:checking '/home/sujeong/rokey2_D1_Driving1/install/project3_interfaces/bin'
[0.599s] INFO:colcon.colcon_core.shell:Creating package script '/home/sujeong/rokey2_D1_Driving1/install/project3_interfaces/share/project3_interfaces/package.ps1'
[0.599s] INFO:colcon.colcon_core.shell:Creating package descriptor '/home/sujeong/rokey2_D1_Driving1/install/project3_interfaces/share/project3_interfaces/package.dsv'
[0.600s] INFO:colcon.colcon_core.shell:Creating package script '/home/sujeong/rokey2_D1_Driving1/install/project3_interfaces/share/project3_interfaces/package.sh'
[0.600s] INFO:colcon.colcon_core.shell:Creating package script '/home/sujeong/rokey2_D1_Driving1/install/project3_interfaces/share/project3_interfaces/package.bash'
[0.601s] INFO:colcon.colcon_core.shell:Creating package script '/home/sujeong/rokey2_D1_Driving1/install/project3_interfaces/share/project3_interfaces/package.zsh'
[0.601s] Level 1:colcon.colcon_core.environment:create_file_with_runtime_dependencies(/home/sujeong/rokey2_D1_Driving1/install/project3_interfaces/share/colcon-core/packages/project3_interfaces)
[0.601s] Level 1:colcon.colcon_core.environment:create_environment_scripts_only(project3_interfaces)
[0.602s] Level 1:colcon.colcon_core.environment:checking '/home/sujeong/rokey2_D1_Driving1/install/project3_interfaces' for CMake module files
[0.602s] Level 1:colcon.colcon_core.environment:checking '/home/sujeong/rokey2_D1_Driving1/install/project3_interfaces' for CMake config files
[0.602s] Level 1:colcon.colcon_core.shell:create_environment_hook('project3_interfaces', 'cmake_prefix_path')
[0.602s] INFO:colcon.colcon_core.shell:Creating environment hook '/home/sujeong/rokey2_D1_Driving1/install/project3_interfaces/share/project3_interfaces/hook/cmake_prefix_path.ps1'
[0.602s] INFO:colcon.colcon_core.shell:Creating environment descriptor '/home/sujeong/rokey2_D1_Driving1/install/project3_interfaces/share/project3_interfaces/hook/cmake_prefix_path.dsv'
[0.603s] INFO:colcon.colcon_core.shell:Creating environment hook '/home/sujeong/rokey2_D1_Driving1/install/project3_interfaces/share/project3_interfaces/hook/cmake_prefix_path.sh'
[0.603s] Level 1:colcon.colcon_core.environment:checking '/home/sujeong/rokey2_D1_Driving1/install/project3_interfaces/lib'
[0.603s] Level 1:colcon.colcon_core.shell:create_environment_hook('project3_interfaces', 'ld_library_path_lib')
[0.603s] INFO:colcon.colcon_core.shell:Creating environment hook '/home/sujeong/rokey2_D1_Driving1/install/project3_interfaces/share/project3_interfaces/hook/ld_library_path_lib.ps1'
[0.603s] INFO:colcon.colcon_core.shell:Creating environment descriptor '/home/sujeong/rokey2_D1_Driving1/install/project3_interfaces/share/project3_interfaces/hook/ld_library_path_lib.dsv'
[0.603s] INFO:colcon.colcon_core.shell:Creating environment hook '/home/sujeong/rokey2_D1_Driving1/install/project3_interfaces/share/project3_interfaces/hook/ld_library_path_lib.sh'
[0.604s] Level 1:colcon.colcon_core.environment:checking '/home/sujeong/rokey2_D1_Driving1/install/project3_interfaces/bin'
[0.604s] Level 1:colcon.colcon_core.environment:checking '/home/sujeong/rokey2_D1_Driving1/install/project3_interfaces/lib/pkgconfig/project3_interfaces.pc'
[0.604s] Level 1:colcon.colcon_core.environment:checking '/home/sujeong/rokey2_D1_Driving1/install/project3_interfaces/lib/python3.10/site-packages'
[0.604s] Level 1:colcon.colcon_core.shell:create_environment_hook('project3_interfaces', 'pythonpath')
[0.604s] INFO:colcon.colcon_core.shell:Creating environment hook '/home/sujeong/rokey2_D1_Driving1/install/project3_interfaces/share/project3_interfaces/hook/pythonpath.ps1'
[0.604s] INFO:colcon.colcon_core.shell:Creating environment descriptor '/home/sujeong/rokey2_D1_Driving1/install/project3_interfaces/share/project3_interfaces/hook/pythonpath.dsv'
[0.604s] INFO:colcon.colcon_core.shell:Creating environment hook '/home/sujeong/rokey2_D1_Driving1/install/project3_interfaces/share/project3_interfaces/hook/pythonpath.sh'
[0.605s] Level 1:colcon.colcon_core.environment:checking '/home/sujeong/rokey2_D1_Driving1/install/project3_interfaces/bin'
[0.605s] INFO:colcon.colcon_core.shell:Creating package script '/home/sujeong/rokey2_D1_Driving1/install/project3_interfaces/share/project3_interfaces/package.ps1'
[0.605s] INFO:colcon.colcon_core.shell:Creating package descriptor '/home/sujeong/rokey2_D1_Driving1/install/project3_interfaces/share/project3_interfaces/package.dsv'
[0.606s] INFO:colcon.colcon_core.shell:Creating package script '/home/sujeong/rokey2_D1_Driving1/install/project3_interfaces/share/project3_interfaces/package.sh'
[0.606s] INFO:colcon.colcon_core.shell:Creating package script '/home/sujeong/rokey2_D1_Driving1/install/project3_interfaces/share/project3_interfaces/package.bash'
[0.606s] INFO:colcon.colcon_core.shell:Creating package script '/home/sujeong/rokey2_D1_Driving1/install/project3_interfaces/share/project3_interfaces/package.zsh'
[0.606s] Level 1:colcon.colcon_core.environment:create_file_with_runtime_dependencies(/home/sujeong/rokey2_D1_Driving1/install/project3_interfaces/share/colcon-core/packages/project3_interfaces)
[0.607s] DEBUG:colcon.colcon_core.event_handler.log_command:Invoked command in '/home/sujeong/rokey2_D1_Driving1/build/driving1_interfaces' returned '0': /usr/bin/cmake --install /home/sujeong/rokey2_D1_Driving1/build/driving1_interfaces
[0.607s] Level 1:colcon.colcon_core.shell:create_environment_hook('driving1_interfaces', 'ros_package_path')
[0.607s] INFO:colcon.colcon_core.shell:Creating environment hook '/home/sujeong/rokey2_D1_Driving1/install/driving1_interfaces/share/driving1_interfaces/hook/ros_package_path.ps1'
[0.608s] INFO:colcon.colcon_core.shell:Creating environment descriptor '/home/sujeong/rokey2_D1_Driving1/install/driving1_interfaces/share/driving1_interfaces/hook/ros_package_path.dsv'
[0.608s] INFO:colcon.colcon_core.shell:Creating environment hook '/home/sujeong/rokey2_D1_Driving1/install/driving1_interfaces/share/driving1_interfaces/hook/ros_package_path.sh'
[0.608s] Level 1:colcon.colcon_ros.task.catkin:checking '/home/sujeong/rokey2_D1_Driving1/install/driving1_interfaces/lib/python3.10/site-packages'
[0.608s] Level 1:colcon.colcon_core.shell:create_environment_hook('driving1_interfaces', 'catkin_pythonpath')
[0.608s] INFO:colcon.colcon_core.shell:Creating environment hook '/home/sujeong/rokey2_D1_Driving1/install/driving1_interfaces/share/driving1_interfaces/hook/catkin_pythonpath.ps1'
[0.609s] INFO:colcon.colcon_core.shell:Creating environment descriptor '/home/sujeong/rokey2_D1_Driving1/install/driving1_interfaces/share/driving1_interfaces/hook/catkin_pythonpath.dsv'
[0.609s] INFO:colcon.colcon_core.shell:Creating environment hook '/home/sujeong/rokey2_D1_Driving1/install/driving1_interfaces/share/driving1_interfaces/hook/catkin_pythonpath.sh'
[0.609s] Level 1:colcon.colcon_core.shell:create_environment_hook('driving1_interfaces', 'pkg_config_path')
[0.609s] INFO:colcon.colcon_core.shell:Creating environment hook '/home/sujeong/rokey2_D1_Driving1/install/driving1_interfaces/share/driving1_interfaces/hook/pkg_config_path.ps1'
[0.609s] INFO:colcon.colcon_core.shell:Creating environment descriptor '/home/sujeong/rokey2_D1_Driving1/install/driving1_interfaces/share/driving1_interfaces/hook/pkg_config_path.dsv'
[0.609s] INFO:colcon.colcon_core.shell:Creating environment hook '/home/sujeong/rokey2_D1_Driving1/install/driving1_interfaces/share/driving1_interfaces/hook/pkg_config_path.sh'
[0.611s] Level 1:colcon.colcon_core.shell:create_environment_hook('driving1_interfaces', 'pkg_config_path_multiarch')
[0.611s] INFO:colcon.colcon_core.shell:Creating environment hook '/home/sujeong/rokey2_D1_Driving1/install/driving1_interfaces/share/driving1_interfaces/hook/pkg_config_path_multiarch.ps1'
[0.612s] INFO:colcon.colcon_core.shell:Creating environment descriptor '/home/sujeong/rokey2_D1_Driving1/install/driving1_interfaces/share/driving1_interfaces/hook/pkg_config_path_multiarch.dsv'
[0.612s] INFO:colcon.colcon_core.shell:Creating environment hook '/home/sujeong/rokey2_D1_Driving1/install/driving1_interfaces/share/driving1_interfaces/hook/pkg_config_path_multiarch.sh'
[0.614s] Level 1:colcon.colcon_core.environment:create_environment_scripts_only(driving1_interfaces)
[0.614s] Level 1:colcon.colcon_core.environment:checking '/home/sujeong/rokey2_D1_Driving1/install/driving1_interfaces' for CMake module files
[0.615s] Level 1:colcon.colcon_core.environment:checking '/home/sujeong/rokey2_D1_Driving1/install/driving1_interfaces' for CMake config files
[0.615s] Level 1:colcon.colcon_core.shell:create_environment_hook('driving1_interfaces', 'cmake_prefix_path')
[0.616s] INFO:colcon.colcon_core.shell:Creating environment hook '/home/sujeong/rokey2_D1_Driving1/install/driving1_interfaces/share/driving1_interfaces/hook/cmake_prefix_path.ps1'
[0.616s] INFO:colcon.colcon_core.shell:Creating environment descriptor '/home/sujeong/rokey2_D1_Driving1/install/driving1_interfaces/share/driving1_interfaces/hook/cmake_prefix_path.dsv'
[0.617s] INFO:colcon.colcon_core.shell:Creating environment hook '/home/sujeong/rokey2_D1_Driving1/install/driving1_interfaces/share/driving1_interfaces/hook/cmake_prefix_path.sh'
[0.617s] Level 1:colcon.colcon_core.environment:checking '/home/sujeong/rokey2_D1_Driving1/install/driving1_interfaces/lib'
[0.617s] Level 1:colcon.colcon_core.shell:create_environment_hook('driving1_interfaces', 'ld_library_path_lib')
[0.618s] INFO:colcon.colcon_core.shell:Creating environment hook '/home/sujeong/rokey2_D1_Driving1/install/driving1_interfaces/share/driving1_interfaces/hook/ld_library_path_lib.ps1'
[0.618s] INFO:colcon.colcon_core.shell:Creating environment descriptor '/home/sujeong/rokey2_D1_Driving1/install/driving1_interfaces/share/driving1_interfaces/hook/ld_library_path_lib.dsv'
[0.619s] INFO:colcon.colcon_core.shell:Creating environment hook '/home/sujeong/rokey2_D1_Driving1/install/driving1_interfaces/share/driving1_interfaces/hook/ld_library_path_lib.sh'
[0.619s] Level 1:colcon.colcon_core.environment:checking '/home/sujeong/rokey2_D1_Driving1/install/driving1_interfaces/bin'
[0.619s] Level 1:colcon.colcon_core.environment:checking '/home/sujeong/rokey2_D1_Driving1/install/driving1_interfaces/lib/pkgconfig/driving1_interfaces.pc'
[0.620s] Level 1:colcon.colcon_core.environment:checking '/home/sujeong/rokey2_D1_Driving1/install/driving1_interfaces/lib/python3.10/site-packages'
[0.620s] Level 1:colcon.colcon_core.shell:create_environment_hook('driving1_interfaces', 'pythonpath')
[0.620s] INFO:colcon.colcon_core.shell:Creating environment hook '/home/sujeong/rokey2_D1_Driving1/install/driving1_interfaces/share/driving1_interfaces/hook/pythonpath.ps1'
[0.621s] INFO:colcon.colcon_core.shell:Creating environment descriptor '/home/sujeong/rokey2_D1_Driving1/install/driving1_interfaces/share/driving1_interfaces/hook/pythonpath.dsv'
[0.621s] INFO:colcon.colcon_core.shell:Creating environment hook '/home/sujeong/rokey2_D1_Driving1/install/driving1_interfaces/share/driving1_interfaces/hook/pythonpath.sh'
[0.622s] Level 1:colcon.colcon_core.environment:checking '/home/sujeong/rokey2_D1_Driving1/install/driving1_interfaces/bin'
[0.623s] INFO:colcon.colcon_core.shell:Creating package script '/home/sujeong/rokey2_D1_Driving1/install/driving1_interfaces/share/driving1_interfaces/package.ps1'
[0.624s] INFO:colcon.colcon_core.shell:Creating package descriptor '/home/sujeong/rokey2_D1_Driving1/install/driving1_interfaces/share/driving1_interfaces/package.dsv'
[0.625s] INFO:colcon.colcon_core.shell:Creating package script '/home/sujeong/rokey2_D1_Driving1/install/driving1_interfaces/share/driving1_interfaces/package.sh'
[0.626s] INFO:colcon.colcon_core.shell:Creating package script '/home/sujeong/rokey2_D1_Driving1/install/driving1_interfaces/share/driving1_interfaces/package.bash'
[0.627s] INFO:colcon.colcon_core.shell:Creating package script '/home/sujeong/rokey2_D1_Driving1/install/driving1_interfaces/share/driving1_interfaces/package.zsh'
[0.627s] Level 1:colcon.colcon_core.environment:create_file_with_runtime_dependencies(/home/sujeong/rokey2_D1_Driving1/install/driving1_interfaces/share/colcon-core/packages/driving1_interfaces)
[0.627s] INFO:colcon.colcon_ros.task.ament_python.build:Building ROS package in '/home/sujeong/rokey2_D1_Driving1/src/driving1' with build type 'ament_python'
[0.628s] Level 1:colcon.colcon_core.shell:create_environment_hook('driving1', 'ament_prefix_path')
[0.628s] INFO:colcon.colcon_core.shell:Creating environment hook '/home/sujeong/rokey2_D1_Driving1/install/driving1/share/driving1/hook/ament_prefix_path.ps1'
[0.629s] INFO:colcon.colcon_core.shell:Creating environment descriptor '/home/sujeong/rokey2_D1_Driving1/install/driving1/share/driving1/hook/ament_prefix_path.dsv'
[0.629s] INFO:colcon.colcon_core.shell:Creating environment hook '/home/sujeong/rokey2_D1_Driving1/install/driving1/share/driving1/hook/ament_prefix_path.sh'
[0.630s] INFO:colcon.colcon_core.shell:Skip shell extension 'powershell' for command environment: Not usable outside of PowerShell
[0.630s] DEBUG:colcon.colcon_core.shell:Skip shell extension 'dsv' for command environment
[0.802s] INFO:colcon.colcon_core.task.python.build:Building Python package in '/home/sujeong/rokey2_D1_Driving1/src/driving1'
[0.803s] INFO:colcon.colcon_core.shell:Skip shell extension 'powershell' for command environment: Not usable outside of PowerShell
[0.803s] DEBUG:colcon.colcon_core.shell:Skip shell extension 'dsv' for command environment
[1.157s] DEBUG:colcon.colcon_core.event_handler.log_command:Invoking command in '/home/sujeong/rokey2_D1_Driving1/src/driving1': AMENT_PREFIX_PATH=/home/sujeong/rokey2_D1_Driving1/install/project3_interfaces:${AMENT_PREFIX_PATH} CMAKE_PREFIX_PATH=/home/sujeong/rokey2_D1_Driving1/install/project3_interfaces:/home/sujeong/rokey2_D1_Driving1/install/driving1_interfaces:${CMAKE_PREFIX_PATH} LD_LIBRARY_PATH=/home/sujeong/rokey2_D1_Driving1/install/project3_interfaces/lib:/home/sujeong/rokey2_D1_Driving1/install/driving1_interfaces/lib:/home/sujeong/turtlebot3_ws/install/turtlebot3_msgs/lib:/home/sujeong/turtlebot3_ws/install/dynamixel_sdk_custom_interfaces/lib:/home/sujeong/turtlebot3_ws/install/dynamixel_sdk/lib:/usr/lib/x86_64-linux-gnu/gazebo-11/plugins:/opt/ros/humble/opt/rviz_ogre_vendor/lib:/opt/ros/humble/lib/x86_64-linux-gnu:/opt/ros/humble/lib:/usr/lib/x86_64-linux-gnu/gazebo-11/plugins PKG_CONFIG_PATH=/home/sujeong/rokey2_D1_Driving1/install/driving1_interfaces/lib/x86_64-linux-gnu/pkgconfig:/home/sujeong/rokey2_D1_Driving1/install/driving1_interfaces/lib/pkgconfig PYTHONPATH=/home/sujeong/rokey2_D1_Driving1/build/driving1/prefix_override:/usr/lib/python3/dist-packages/colcon_core/task/python/colcon_distutils_commands:/home/sujeong/rokey2_D1_Driving1/install/driving1/lib/python3.10/site-packages:/home/sujeong/rokey2_D1_Driving1/install/project3_interfaces/lib/python3.10/site-packages:/home/sujeong/rokey2_D1_Driving1/install/driving1_interfaces/lib/python3.10/site-packages:${PYTHONPATH} ROS_PACKAGE_PATH=/home/sujeong/rokey2_D1_Driving1/install/driving1_interfaces/share /usr/bin/python3 -W ignore:setup.py install is deprecated -W ignore:easy_install command is deprecated setup.py egg_info --egg-base ../../build/driving1 build --build-base /home/sujeong/rokey2_D1_Driving1/build/driving1/build install --record /home/sujeong/rokey2_D1_Driving1/build/driving1/install.log --single-version-externally-managed install_data
[1.511s] Level 1:colcon.colcon_core.environment:checking '/home/sujeong/rokey2_D1_Driving1/install/driving1' for CMake module files
[1.512s] DEBUG:colcon.colcon_core.event_handler.log_command:Invoked command in '/home/sujeong/rokey2_D1_Driving1/src/driving1' returned '0': AMENT_PREFIX_PATH=/home/sujeong/rokey2_D1_Driving1/install/project3_interfaces:${AMENT_PREFIX_PATH} CMAKE_PREFIX_PATH=/home/sujeong/rokey2_D1_Driving1/install/project3_interfaces:/home/sujeong/rokey2_D1_Driving1/install/driving1_interfaces:${CMAKE_PREFIX_PATH} LD_LIBRARY_PATH=/home/sujeong/rokey2_D1_Driving1/install/project3_interfaces/lib:/home/sujeong/rokey2_D1_Driving1/install/driving1_interfaces/lib:/home/sujeong/turtlebot3_ws/install/turtlebot3_msgs/lib:/home/sujeong/turtlebot3_ws/install/dynamixel_sdk_custom_interfaces/lib:/home/sujeong/turtlebot3_ws/install/dynamixel_sdk/lib:/usr/lib/x86_64-linux-gnu/gazebo-11/plugins:/opt/ros/humble/opt/rviz_ogre_vendor/lib:/opt/ros/humble/lib/x86_64-linux-gnu:/opt/ros/humble/lib:/usr/lib/x86_64-linux-gnu/gazebo-11/plugins PKG_CONFIG_PATH=/home/sujeong/rokey2_D1_Driving1/install/driving1_interfaces/lib/x86_64-linux-gnu/pkgconfig:/home/sujeong/rokey2_D1_Driving1/install/driving1_interfaces/lib/pkgconfig PYTHONPATH=/home/sujeong/rokey2_D1_Driving1/build/driving1/prefix_override:/usr/lib/python3/dist-packages/colcon_core/task/python/colcon_distutils_commands:/home/sujeong/rokey2_D1_Driving1/install/driving1/lib/python3.10/site-packages:/home/sujeong/rokey2_D1_Driving1/install/project3_interfaces/lib/python3.10/site-packages:/home/sujeong/rokey2_D1_Driving1/install/driving1_interfaces/lib/python3.10/site-packages:${PYTHONPATH} ROS_PACKAGE_PATH=/home/sujeong/rokey2_D1_Driving1/install/driving1_interfaces/share /usr/bin/python3 -W ignore:setup.py install is deprecated -W ignore:easy_install command is deprecated setup.py egg_info --egg-base ../../build/driving1 build --build-base /home/sujeong/rokey2_D1_Driving1/build/driving1/build install --record /home/sujeong/rokey2_D1_Driving1/build/driving1/install.log --single-version-externally-managed install_data
[1.512s] Level 1:colcon.colcon_core.environment:checking '/home/sujeong/rokey2_D1_Driving1/install/driving1' for CMake config files
[1.512s] Level 1:colcon.colcon_core.environment:checking '/home/sujeong/rokey2_D1_Driving1/install/driving1/lib'
[1.512s] Level 1:colcon.colcon_core.environment:checking '/home/sujeong/rokey2_D1_Driving1/install/driving1/bin'
[1.513s] Level 1:colcon.colcon_core.environment:checking '/home/sujeong/rokey2_D1_Driving1/install/driving1/lib/pkgconfig/driving1.pc'
[1.513s] Level 1:colcon.colcon_core.environment:checking '/home/sujeong/rokey2_D1_Driving1/install/driving1/lib/python3.10/site-packages'
[1.513s] Level 1:colcon.colcon_core.shell:create_environment_hook('driving1', 'pythonpath')
[1.513s] INFO:colcon.colcon_core.shell:Creating environment hook '/home/sujeong/rokey2_D1_Driving1/install/driving1/share/driving1/hook/pythonpath.ps1'
[1.513s] INFO:colcon.colcon_core.shell:Creating environment descriptor '/home/sujeong/rokey2_D1_Driving1/install/driving1/share/driving1/hook/pythonpath.dsv'
[1.513s] INFO:colcon.colcon_core.shell:Creating environment hook '/home/sujeong/rokey2_D1_Driving1/install/driving1/share/driving1/hook/pythonpath.sh'
[1.514s] Level 1:colcon.colcon_core.environment:checking '/home/sujeong/rokey2_D1_Driving1/install/driving1/bin'
[1.514s] Level 1:colcon.colcon_core.environment:create_environment_scripts_only(driving1)
[1.514s] INFO:colcon.colcon_core.shell:Creating package script '/home/sujeong/rokey2_D1_Driving1/install/driving1/share/driving1/package.ps1'
[1.514s] INFO:colcon.colcon_core.shell:Creating package descriptor '/home/sujeong/rokey2_D1_Driving1/install/driving1/share/driving1/package.dsv'
[1.514s] INFO:colcon.colcon_core.shell:Creating package script '/home/sujeong/rokey2_D1_Driving1/install/driving1/share/driving1/package.sh'
[1.515s] INFO:colcon.colcon_core.shell:Creating package script '/home/sujeong/rokey2_D1_Driving1/install/driving1/share/driving1/package.bash'
[1.515s] INFO:colcon.colcon_core.shell:Creating package script '/home/sujeong/rokey2_D1_Driving1/install/driving1/share/driving1/package.zsh'
[1.515s] Level 1:colcon.colcon_core.environment:create_file_with_runtime_dependencies(/home/sujeong/rokey2_D1_Driving1/install/driving1/share/colcon-core/packages/driving1)
[1.515s] DEBUG:colcon.colcon_parallel_executor.executor.parallel:closing loop
[1.515s] DEBUG:colcon.colcon_parallel_executor.executor.parallel:loop closed
[1.515s] DEBUG:colcon.colcon_parallel_executor.executor.parallel:run_until_complete finished with '0'
[1.515s] DEBUG:colcon.colcon_core.event_reactor:joining thread
[1.520s] INFO:colcon.colcon_core.plugin_system:Skipping extension 'colcon_notification.desktop_notification.terminal_notifier': Not used on non-Darwin systems
[1.520s] INFO:colcon.colcon_core.plugin_system:Skipping extension 'colcon_notification.desktop_notification.win32': Not used on non-Windows systems
[1.520s] INFO:colcon.colcon_notification.desktop_notification:Sending desktop notification using 'notify2'
[1.531s] DEBUG:colcon.colcon_core.event_reactor:joined thread
[1.532s] INFO:colcon.colcon_core.shell:Creating prefix script '/home/sujeong/rokey2_D1_Driving1/install/local_setup.ps1'
[1.533s] INFO:colcon.colcon_core.shell:Creating prefix util module '/home/sujeong/rokey2_D1_Driving1/install/_local_setup_util_ps1.py'
[1.534s] INFO:colcon.colcon_core.shell:Creating prefix chain script '/home/sujeong/rokey2_D1_Driving1/install/setup.ps1'
[1.536s] INFO:colcon.colcon_core.shell:Creating prefix script '/home/sujeong/rokey2_D1_Driving1/install/local_setup.sh'
[1.537s] INFO:colcon.colcon_core.shell:Creating prefix util module '/home/sujeong/rokey2_D1_Driving1/install/_local_setup_util_sh.py'
[1.538s] INFO:colcon.colcon_core.shell:Creating prefix chain script '/home/sujeong/rokey2_D1_Driving1/install/setup.sh'
[1.540s] INFO:colcon.colcon_core.shell:Creating prefix script '/home/sujeong/rokey2_D1_Driving1/install/local_setup.bash'
[1.540s] INFO:colcon.colcon_core.shell:Creating prefix chain script '/home/sujeong/rokey2_D1_Driving1/install/setup.bash'
[1.542s] INFO:colcon.colcon_core.shell:Creating prefix script '/home/sujeong/rokey2_D1_Driving1/install/local_setup.zsh'
[1.543s] INFO:colcon.colcon_core.shell:Creating prefix chain script '/home/sujeong/rokey2_D1_Driving1/install/setup.zsh'
