[0.008s] Invoking command in '/home/sujeong/rokey2_D1_Driving1/src/build/project3_interfaces': CMAKE_PREFIX_PATH=${CMAKE_PREFIX_PATH}:/home/sujeong/turtlebot3_ws/install/turtlebot3_teleop:/home/sujeong/turtlebot3_ws/install/turtlebot3_example:/home/sujeong/ros2_ws/install/my_package:/opt/ros/humble /usr/bin/cmake /home/sujeong/rokey2_D1_Driving1/src/project3_interfaces -DCMAKE_INSTALL_PREFIX=/home/sujeong/rokey2_D1_Driving1/src/install/project3_interfaces
[0.097s] -- The C compiler identification is GNU 11.4.0
[0.149s] -- The CXX compiler identification is GNU 11.4.0
[0.155s] -- Detecting C compiler ABI info
[0.217s] -- Detecting C compiler ABI info - done
[0.223s] -- Check for working C compiler: /usr/bin/cc - skipped
[0.223s] -- Detecting C compile features
[0.223s] -- Detecting C compile features - done
[0.225s] -- Detecting CXX compiler ABI info
[0.312s] -- Detecting CXX compiler ABI info - done
[0.317s] -- Check for working CXX compiler: /usr/bin/c++ - skipped
[0.317s] -- Detecting CXX compile features
[0.317s] -- Detecting CXX compile features - done
[0.324s] -- Found ament_cmake: 1.3.11 (/opt/ros/humble/share/ament_cmake/cmake)
[0.610s] -- Found Python3: /usr/local/bin/python3 (found version "3.10.12") found components: Interpreter 
[0.695s] -- Found rosidl_default_generators: 1.2.0 (/opt/ros/humble/share/rosidl_default_generators/cmake)
[0.699s] -- Using all available rosidl_typesupport_c: rosidl_typesupport_fastrtps_c;rosidl_typesupport_introspection_c
[0.705s] -- Found rosidl_adapter: 3.1.6 (/opt/ros/humble/share/rosidl_adapter/cmake)
[0.739s] -- Using all available rosidl_typesupport_cpp: rosidl_typesupport_fastrtps_cpp;rosidl_typesupport_introspection_cpp
[0.970s] -- Found ament_cmake_ros: 0.10.0 (/opt/ros/humble/share/ament_cmake_ros/cmake)
[1.116s] -- Using all available rosidl_typesupport_c: rosidl_typesupport_fastrtps_c;rosidl_typesupport_introspection_c
[1.303s] -- Using all available rosidl_typesupport_cpp: rosidl_typesupport_fastrtps_cpp;rosidl_typesupport_introspection_cpp
[1.320s] -- Found PythonInterp: /usr/local/bin/python3 (found suitable version "3.10.12", minimum required is "3.6") 
[1.323s] -- Found python_cmake_module: 0.10.0 (/opt/ros/humble/share/python_cmake_module/cmake)
[1.341s] -- Found PythonLibs: /usr/local/lib/libpython3.10.so (found suitable version "3.10.12", minimum required is "3.5") 
[1.342s] -- Using PYTHON_EXECUTABLE: /usr/local/bin/python3
[1.342s] -- Using PYTHON_INCLUDE_DIRS: /usr/local/include/python3.10
[1.342s] -- Using PYTHON_LIBRARIES: /usr/local/lib/libpython3.10.so
[1.355s] -- Found PythonExtra: .so  
[1.530s] -- Using numpy include directory: /home/sujeong/.local/lib/python3.10/site-packages/numpy/_core/include
[1.541s] -- Found ament_lint_auto: 0.12.11 (/opt/ros/humble/share/ament_lint_auto/cmake)
[1.563s] -- Added test 'lint_cmake' to check CMake code style
[1.563s] -- Added test 'xmllint' to check XML markup files
[1.563s] -- Configuring done
[1.585s] -- Generating done
[1.594s] -- Build files have been written to: /home/sujeong/rokey2_D1_Driving1/src/build/project3_interfaces
[1.614s] Invoked command in '/home/sujeong/rokey2_D1_Driving1/src/build/project3_interfaces' returned '0': CMAKE_PREFIX_PATH=${CMAKE_PREFIX_PATH}:/home/sujeong/turtlebot3_ws/install/turtlebot3_teleop:/home/sujeong/turtlebot3_ws/install/turtlebot3_example:/home/sujeong/ros2_ws/install/my_package:/opt/ros/humble /usr/bin/cmake /home/sujeong/rokey2_D1_Driving1/src/project3_interfaces -DCMAKE_INSTALL_PREFIX=/home/sujeong/rokey2_D1_Driving1/src/install/project3_interfaces
[1.614s] Invoking command in '/home/sujeong/rokey2_D1_Driving1/src/build/project3_interfaces': CMAKE_PREFIX_PATH=${CMAKE_PREFIX_PATH}:/home/sujeong/turtlebot3_ws/install/turtlebot3_teleop:/home/sujeong/turtlebot3_ws/install/turtlebot3_example:/home/sujeong/ros2_ws/install/my_package:/opt/ros/humble /usr/bin/cmake --build /home/sujeong/rokey2_D1_Driving1/src/build/project3_interfaces -- -j16 -l16
[1.665s] [  3%] [34m[1mGenerating C code for ROS interfaces[0m
[1.673s] [  6%] [34m[1mGenerating C++ code for ROS interfaces[0m
[1.686s] [  6%] Built target ament_cmake_python_copy_project3_interfaces
[1.845s] running egg_info
[1.854s] creating project3_interfaces.egg-info
[1.854s] writing project3_interfaces.egg-info/PKG-INFO
[1.855s] writing dependency_links to project3_interfaces.egg-info/dependency_links.txt
[1.855s] writing top-level names to project3_interfaces.egg-info/top_level.txt
[1.855s] writing manifest file 'project3_interfaces.egg-info/SOURCES.txt'
[1.878s] [  6%] Built target project3_interfaces__cpp
[1.883s] reading manifest file 'project3_interfaces.egg-info/SOURCES.txt'
[1.884s] writing manifest file 'project3_interfaces.egg-info/SOURCES.txt'
[1.886s] [  9%] [34m[1mGenerating C++ introspection for ROS interfaces[0m
[1.890s] [ 19%] [34m[1mGenerating C++ type support for eProsima Fast-RTPS[0m
[1.890s] [ 19%] [32mBuilding C object CMakeFiles/project3_interfaces__rosidl_generator_c.dir/rosidl_generator_c/project3_interfaces/msg/detail/table_command__functions.c.o[0m
[1.890s] [ 19%] [34m[1mGenerating C++ type support dispatch for ROS interfaces[0m
[1.910s] [ 19%] Built target ament_cmake_python_build_project3_interfaces_egg
[1.926s] [ 22%] [32m[1mLinking C shared library libproject3_interfaces__rosidl_generator_c.so[0m
[1.964s] [ 22%] Built target project3_interfaces__rosidl_generator_c
[1.972s] [ 25%] [34m[1mGenerating C type support dispatch for ROS interfaces[0m
[1.975s] [ 32%] [34m[1mGenerating C type support for eProsima Fast-RTPS[0m
[1.975s] [ 32%] [34m[1mGenerating C introspection for ROS interfaces[0m
[2.125s] [ 35%] [32mBuilding CXX object CMakeFiles/project3_interfaces__rosidl_typesupport_fastrtps_cpp.dir/rosidl_typesupport_fastrtps_cpp/project3_interfaces/msg/detail/dds_fastrtps/table_command__type_support.cpp.o[0m
[2.161s] [ 38%] [32mBuilding CXX object CMakeFiles/project3_interfaces__rosidl_typesupport_c.dir/rosidl_typesupport_c/project3_interfaces/msg/table_command__type_support.cpp.o[0m
[2.174s] [ 41%] [32mBuilding CXX object CMakeFiles/project3_interfaces__rosidl_typesupport_cpp.dir/rosidl_typesupport_cpp/project3_interfaces/msg/table_command__type_support.cpp.o[0m
[2.218s] [ 45%] [32m[1mLinking CXX shared library libproject3_interfaces__rosidl_typesupport_c.so[0m
[2.266s] [ 45%] Built target project3_interfaces__rosidl_typesupport_c
[2.297s] [ 48%] [32mBuilding CXX object CMakeFiles/project3_interfaces__rosidl_typesupport_fastrtps_c.dir/rosidl_typesupport_fastrtps_c/project3_interfaces/msg/detail/table_command__type_support_c.cpp.o[0m
[2.302s] [ 51%] [32mBuilding CXX object CMakeFiles/project3_interfaces__rosidl_typesupport_introspection_cpp.dir/rosidl_typesupport_introspection_cpp/project3_interfaces/msg/detail/table_command__type_support.cpp.o[0m
[2.449s] [ 54%] [32mBuilding C object CMakeFiles/project3_interfaces__rosidl_typesupport_introspection_c.dir/rosidl_typesupport_introspection_c/project3_interfaces/msg/detail/table_command__type_support.c.o[0m
[2.488s] [ 58%] [32m[1mLinking CXX shared library libproject3_interfaces__rosidl_typesupport_fastrtps_cpp.so[0m
[2.489s] [ 61%] [32m[1mLinking C shared library libproject3_interfaces__rosidl_typesupport_introspection_c.so[0m
[2.528s] [ 61%] Built target project3_interfaces__rosidl_typesupport_introspection_c
[2.565s] [ 61%] Built target project3_interfaces__rosidl_typesupport_fastrtps_cpp
[2.571s] [ 64%] [32m[1mLinking CXX shared library libproject3_interfaces__rosidl_typesupport_cpp.so[0m
[2.606s] [ 64%] Built target project3_interfaces__rosidl_typesupport_cpp
[2.644s] [ 67%] [32m[1mLinking CXX shared library libproject3_interfaces__rosidl_typesupport_fastrtps_c.so[0m
[2.710s] [ 67%] Built target project3_interfaces__rosidl_typesupport_fastrtps_c
[2.767s] [ 70%] [32m[1mLinking CXX shared library libproject3_interfaces__rosidl_typesupport_introspection_cpp.so[0m
[2.817s] [ 70%] Built target project3_interfaces__rosidl_typesupport_introspection_cpp
[2.840s] [ 70%] Built target project3_interfaces
[2.865s] [ 74%] [34m[1mGenerating Python code for ROS interfaces[0m
[3.102s] [ 74%] Built target project3_interfaces__py
[3.122s] [ 77%] [32mBuilding C object CMakeFiles/project3_interfaces__rosidl_generator_py.dir/rosidl_generator_py/project3_interfaces/msg/_table_command_s.c.o[0m
[3.201s] [ 80%] [32m[1mLinking C shared library rosidl_generator_py/project3_interfaces/libproject3_interfaces__rosidl_generator_py.so[0m
[3.245s] [ 80%] Built target project3_interfaces__rosidl_generator_py
[3.266s] [ 83%] [32mBuilding C object CMakeFiles/project3_interfaces__rosidl_typesupport_introspection_c__pyext.dir/rosidl_generator_py/project3_interfaces/_project3_interfaces_s.ep.rosidl_typesupport_introspection_c.c.o[0m
[3.268s] [ 90%] [32mBuilding C object CMakeFiles/project3_interfaces__rosidl_typesupport_fastrtps_c__pyext.dir/rosidl_generator_py/project3_interfaces/_project3_interfaces_s.ep.rosidl_typesupport_fastrtps_c.c.o[0m
[3.268s] [ 90%] [32mBuilding C object CMakeFiles/project3_interfaces__rosidl_typesupport_c__pyext.dir/rosidl_generator_py/project3_interfaces/_project3_interfaces_s.ep.rosidl_typesupport_c.c.o[0m
[3.331s] [ 96%] [32m[1mLinking C shared library rosidl_generator_py/project3_interfaces/project3_interfaces_s__rosidl_typesupport_c.cpython-310-x86_64-linux-gnu.so[0m
[3.331s] [ 96%] [32m[1mLinking C shared library rosidl_generator_py/project3_interfaces/project3_interfaces_s__rosidl_typesupport_introspection_c.cpython-310-x86_64-linux-gnu.so[0m
[3.338s] [100%] [32m[1mLinking C shared library rosidl_generator_py/project3_interfaces/project3_interfaces_s__rosidl_typesupport_fastrtps_c.cpython-310-x86_64-linux-gnu.so[0m
[3.359s] [100%] Built target project3_interfaces__rosidl_typesupport_c__pyext
[3.364s] [100%] Built target project3_interfaces__rosidl_typesupport_introspection_c__pyext
[3.370s] [100%] Built target project3_interfaces__rosidl_typesupport_fastrtps_c__pyext
[3.382s] Invoked command in '/home/sujeong/rokey2_D1_Driving1/src/build/project3_interfaces' returned '0': CMAKE_PREFIX_PATH=${CMAKE_PREFIX_PATH}:/home/sujeong/turtlebot3_ws/install/turtlebot3_teleop:/home/sujeong/turtlebot3_ws/install/turtlebot3_example:/home/sujeong/ros2_ws/install/my_package:/opt/ros/humble /usr/bin/cmake --build /home/sujeong/rokey2_D1_Driving1/src/build/project3_interfaces -- -j16 -l16
[3.393s] Invoking command in '/home/sujeong/rokey2_D1_Driving1/src/build/project3_interfaces': CMAKE_PREFIX_PATH=${CMAKE_PREFIX_PATH}:/home/sujeong/turtlebot3_ws/install/turtlebot3_teleop:/home/sujeong/turtlebot3_ws/install/turtlebot3_example:/home/sujeong/ros2_ws/install/my_package:/opt/ros/humble /usr/bin/cmake --install /home/sujeong/rokey2_D1_Driving1/src/build/project3_interfaces
[3.399s] -- Install configuration: ""
[3.399s] -- Installing: /home/sujeong/rokey2_D1_Driving1/src/install/project3_interfaces/share/ament_index/resource_index/rosidl_interfaces/project3_interfaces
[3.399s] -- Installing: /home/sujeong/rokey2_D1_Driving1/src/install/project3_interfaces/include/project3_interfaces/project3_interfaces
[3.399s] -- Installing: /home/sujeong/rokey2_D1_Driving1/src/install/project3_interfaces/include/project3_interfaces/project3_interfaces/msg
[3.399s] -- Installing: /home/sujeong/rokey2_D1_Driving1/src/install/project3_interfaces/include/project3_interfaces/project3_interfaces/msg/detail
[3.399s] -- Installing: /home/sujeong/rokey2_D1_Driving1/src/install/project3_interfaces/include/project3_interfaces/project3_interfaces/msg/detail/table_command__functions.h
[3.399s] -- Installing: /home/sujeong/rokey2_D1_Driving1/src/install/project3_interfaces/include/project3_interfaces/project3_interfaces/msg/detail/table_command__type_support.h
[3.399s] -- Installing: /home/sujeong/rokey2_D1_Driving1/src/install/project3_interfaces/include/project3_interfaces/project3_interfaces/msg/detail/table_command__struct.h
[3.399s] -- Installing: /home/sujeong/rokey2_D1_Driving1/src/install/project3_interfaces/include/project3_interfaces/project3_interfaces/msg/detail/table_command__functions.c
[3.399s] -- Installing: /home/sujeong/rokey2_D1_Driving1/src/install/project3_interfaces/include/project3_interfaces/project3_interfaces/msg/table_command.h
[3.399s] -- Installing: /home/sujeong/rokey2_D1_Driving1/src/install/project3_interfaces/include/project3_interfaces/project3_interfaces/msg/rosidl_generator_c__visibility_control.h
[3.399s] -- Installing: /home/sujeong/rokey2_D1_Driving1/src/install/project3_interfaces/share/project3_interfaces/environment/library_path.sh
[3.399s] -- Installing: /home/sujeong/rokey2_D1_Driving1/src/install/project3_interfaces/share/project3_interfaces/environment/library_path.dsv
[3.399s] -- Installing: /home/sujeong/rokey2_D1_Driving1/src/install/project3_interfaces/lib/libproject3_interfaces__rosidl_generator_c.so
[3.400s] -- Set runtime path of "/home/sujeong/rokey2_D1_Driving1/src/install/project3_interfaces/lib/libproject3_interfaces__rosidl_generator_c.so" to ""
[3.400s] -- Up-to-date: /home/sujeong/rokey2_D1_Driving1/src/install/project3_interfaces/include/project3_interfaces/project3_interfaces
[3.400s] -- Up-to-date: /home/sujeong/rokey2_D1_Driving1/src/install/project3_interfaces/include/project3_interfaces/project3_interfaces/msg
[3.400s] -- Up-to-date: /home/sujeong/rokey2_D1_Driving1/src/install/project3_interfaces/include/project3_interfaces/project3_interfaces/msg/detail
[3.400s] -- Installing: /home/sujeong/rokey2_D1_Driving1/src/install/project3_interfaces/include/project3_interfaces/project3_interfaces/msg/detail/table_command__rosidl_typesupport_fastrtps_c.h
[3.400s] -- Installing: /home/sujeong/rokey2_D1_Driving1/src/install/project3_interfaces/include/project3_interfaces/project3_interfaces/msg/rosidl_typesupport_fastrtps_c__visibility_control.h
[3.400s] -- Installing: /home/sujeong/rokey2_D1_Driving1/src/install/project3_interfaces/lib/libproject3_interfaces__rosidl_typesupport_fastrtps_c.so
[3.400s] -- Set runtime path of "/home/sujeong/rokey2_D1_Driving1/src/install/project3_interfaces/lib/libproject3_interfaces__rosidl_typesupport_fastrtps_c.so" to ""
[3.400s] -- Up-to-date: /home/sujeong/rokey2_D1_Driving1/src/install/project3_interfaces/include/project3_interfaces/project3_interfaces
[3.400s] -- Up-to-date: /home/sujeong/rokey2_D1_Driving1/src/install/project3_interfaces/include/project3_interfaces/project3_interfaces/msg
[3.400s] -- Up-to-date: /home/sujeong/rokey2_D1_Driving1/src/install/project3_interfaces/include/project3_interfaces/project3_interfaces/msg/detail
[3.400s] -- Installing: /home/sujeong/rokey2_D1_Driving1/src/install/project3_interfaces/include/project3_interfaces/project3_interfaces/msg/detail/table_command__type_support.c
[3.400s] -- Installing: /home/sujeong/rokey2_D1_Driving1/src/install/project3_interfaces/include/project3_interfaces/project3_interfaces/msg/detail/table_command__rosidl_typesupport_introspection_c.h
[3.400s] -- Installing: /home/sujeong/rokey2_D1_Driving1/src/install/project3_interfaces/include/project3_interfaces/project3_interfaces/msg/rosidl_typesupport_introspection_c__visibility_control.h
[3.400s] -- Installing: /home/sujeong/rokey2_D1_Driving1/src/install/project3_interfaces/lib/libproject3_interfaces__rosidl_typesupport_introspection_c.so
[3.400s] -- Set runtime path of "/home/sujeong/rokey2_D1_Driving1/src/install/project3_interfaces/lib/libproject3_interfaces__rosidl_typesupport_introspection_c.so" to ""
[3.400s] -- Installing: /home/sujeong/rokey2_D1_Driving1/src/install/project3_interfaces/lib/libproject3_interfaces__rosidl_typesupport_c.so
[3.401s] -- Set runtime path of "/home/sujeong/rokey2_D1_Driving1/src/install/project3_interfaces/lib/libproject3_interfaces__rosidl_typesupport_c.so" to ""
[3.401s] -- Up-to-date: /home/sujeong/rokey2_D1_Driving1/src/install/project3_interfaces/include/project3_interfaces/project3_interfaces
[3.401s] -- Up-to-date: /home/sujeong/rokey2_D1_Driving1/src/install/project3_interfaces/include/project3_interfaces/project3_interfaces/msg
[3.401s] -- Installing: /home/sujeong/rokey2_D1_Driving1/src/install/project3_interfaces/include/project3_interfaces/project3_interfaces/msg/rosidl_generator_cpp__visibility_control.hpp
[3.401s] -- Up-to-date: /home/sujeong/rokey2_D1_Driving1/src/install/project3_interfaces/include/project3_interfaces/project3_interfaces/msg/detail
[3.401s] -- Installing: /home/sujeong/rokey2_D1_Driving1/src/install/project3_interfaces/include/project3_interfaces/project3_interfaces/msg/detail/table_command__traits.hpp
[3.401s] -- Installing: /home/sujeong/rokey2_D1_Driving1/src/install/project3_interfaces/include/project3_interfaces/project3_interfaces/msg/detail/table_command__struct.hpp
[3.401s] -- Installing: /home/sujeong/rokey2_D1_Driving1/src/install/project3_interfaces/include/project3_interfaces/project3_interfaces/msg/detail/table_command__type_support.hpp
[3.401s] -- Installing: /home/sujeong/rokey2_D1_Driving1/src/install/project3_interfaces/include/project3_interfaces/project3_interfaces/msg/detail/table_command__builder.hpp
[3.401s] -- Installing: /home/sujeong/rokey2_D1_Driving1/src/install/project3_interfaces/include/project3_interfaces/project3_interfaces/msg/table_command.hpp
[3.401s] -- Up-to-date: /home/sujeong/rokey2_D1_Driving1/src/install/project3_interfaces/include/project3_interfaces/project3_interfaces
[3.401s] -- Up-to-date: /home/sujeong/rokey2_D1_Driving1/src/install/project3_interfaces/include/project3_interfaces/project3_interfaces/msg
[3.401s] -- Up-to-date: /home/sujeong/rokey2_D1_Driving1/src/install/project3_interfaces/include/project3_interfaces/project3_interfaces/msg/detail
[3.401s] -- Installing: /home/sujeong/rokey2_D1_Driving1/src/install/project3_interfaces/include/project3_interfaces/project3_interfaces/msg/detail/dds_fastrtps
[3.401s] -- Installing: /home/sujeong/rokey2_D1_Driving1/src/install/project3_interfaces/include/project3_interfaces/project3_interfaces/msg/detail/table_command__rosidl_typesupport_fastrtps_cpp.hpp
[3.401s] -- Installing: /home/sujeong/rokey2_D1_Driving1/src/install/project3_interfaces/include/project3_interfaces/project3_interfaces/msg/rosidl_typesupport_fastrtps_cpp__visibility_control.h
[3.401s] -- Installing: /home/sujeong/rokey2_D1_Driving1/src/install/project3_interfaces/lib/libproject3_interfaces__rosidl_typesupport_fastrtps_cpp.so
[3.401s] -- Set runtime path of "/home/sujeong/rokey2_D1_Driving1/src/install/project3_interfaces/lib/libproject3_interfaces__rosidl_typesupport_fastrtps_cpp.so" to ""
[3.401s] -- Up-to-date: /home/sujeong/rokey2_D1_Driving1/src/install/project3_interfaces/include/project3_interfaces/project3_interfaces
[3.401s] -- Up-to-date: /home/sujeong/rokey2_D1_Driving1/src/install/project3_interfaces/include/project3_interfaces/project3_interfaces/msg
[3.401s] -- Up-to-date: /home/sujeong/rokey2_D1_Driving1/src/install/project3_interfaces/include/project3_interfaces/project3_interfaces/msg/detail
[3.401s] -- Installing: /home/sujeong/rokey2_D1_Driving1/src/install/project3_interfaces/include/project3_interfaces/project3_interfaces/msg/detail/table_command__type_support.cpp
[3.401s] -- Installing: /home/sujeong/rokey2_D1_Driving1/src/install/project3_interfaces/include/project3_interfaces/project3_interfaces/msg/detail/table_command__rosidl_typesupport_introspection_cpp.hpp
[3.401s] -- Installing: /home/sujeong/rokey2_D1_Driving1/src/install/project3_interfaces/lib/libproject3_interfaces__rosidl_typesupport_introspection_cpp.so
[3.402s] -- Set runtime path of "/home/sujeong/rokey2_D1_Driving1/src/install/project3_interfaces/lib/libproject3_interfaces__rosidl_typesupport_introspection_cpp.so" to ""
[3.402s] -- Installing: /home/sujeong/rokey2_D1_Driving1/src/install/project3_interfaces/lib/libproject3_interfaces__rosidl_typesupport_cpp.so
[3.402s] -- Set runtime path of "/home/sujeong/rokey2_D1_Driving1/src/install/project3_interfaces/lib/libproject3_interfaces__rosidl_typesupport_cpp.so" to ""
[3.402s] -- Installing: /home/sujeong/rokey2_D1_Driving1/src/install/project3_interfaces/share/project3_interfaces/environment/pythonpath.sh
[3.402s] -- Installing: /home/sujeong/rokey2_D1_Driving1/src/install/project3_interfaces/share/project3_interfaces/environment/pythonpath.dsv
[3.402s] -- Installing: /home/sujeong/rokey2_D1_Driving1/src/install/project3_interfaces/lib/python3.10/site-packages/project3_interfaces-0.0.0-py3.10.egg-info
[3.402s] -- Installing: /home/sujeong/rokey2_D1_Driving1/src/install/project3_interfaces/lib/python3.10/site-packages/project3_interfaces-0.0.0-py3.10.egg-info/top_level.txt
[3.402s] -- Installing: /home/sujeong/rokey2_D1_Driving1/src/install/project3_interfaces/lib/python3.10/site-packages/project3_interfaces-0.0.0-py3.10.egg-info/PKG-INFO
[3.402s] -- Installing: /home/sujeong/rokey2_D1_Driving1/src/install/project3_interfaces/lib/python3.10/site-packages/project3_interfaces-0.0.0-py3.10.egg-info/SOURCES.txt
[3.402s] -- Installing: /home/sujeong/rokey2_D1_Driving1/src/install/project3_interfaces/lib/python3.10/site-packages/project3_interfaces-0.0.0-py3.10.egg-info/dependency_links.txt
[3.402s] -- Installing: /home/sujeong/rokey2_D1_Driving1/src/install/project3_interfaces/lib/python3.10/site-packages/project3_interfaces
[3.402s] -- Installing: /home/sujeong/rokey2_D1_Driving1/src/install/project3_interfaces/lib/python3.10/site-packages/project3_interfaces/_project3_interfaces_s.ep.rosidl_typesupport_introspection_c.c
[3.402s] -- Installing: /home/sujeong/rokey2_D1_Driving1/src/install/project3_interfaces/lib/python3.10/site-packages/project3_interfaces/_project3_interfaces_s.ep.rosidl_typesupport_c.c
[3.402s] -- Installing: /home/sujeong/rokey2_D1_Driving1/src/install/project3_interfaces/lib/python3.10/site-packages/project3_interfaces/project3_interfaces_s__rosidl_typesupport_c.cpython-310-x86_64-linux-gnu.so
[3.402s] -- Installing: /home/sujeong/rokey2_D1_Driving1/src/install/project3_interfaces/lib/python3.10/site-packages/project3_interfaces/__init__.py
[3.402s] -- Installing: /home/sujeong/rokey2_D1_Driving1/src/install/project3_interfaces/lib/python3.10/site-packages/project3_interfaces/project3_interfaces_s__rosidl_typesupport_fastrtps_c.cpython-310-x86_64-linux-gnu.so
[3.402s] -- Installing: /home/sujeong/rokey2_D1_Driving1/src/install/project3_interfaces/lib/python3.10/site-packages/project3_interfaces/project3_interfaces_s__rosidl_typesupport_introspection_c.cpython-310-x86_64-linux-gnu.so
[3.402s] -- Installing: /home/sujeong/rokey2_D1_Driving1/src/install/project3_interfaces/lib/python3.10/site-packages/project3_interfaces/msg
[3.402s] -- Installing: /home/sujeong/rokey2_D1_Driving1/src/install/project3_interfaces/lib/python3.10/site-packages/project3_interfaces/msg/_table_command.py
[3.402s] -- Installing: /home/sujeong/rokey2_D1_Driving1/src/install/project3_interfaces/lib/python3.10/site-packages/project3_interfaces/msg/__init__.py
[3.403s] -- Installing: /home/sujeong/rokey2_D1_Driving1/src/install/project3_interfaces/lib/python3.10/site-packages/project3_interfaces/msg/_table_command_s.c
[3.403s] -- Installing: /home/sujeong/rokey2_D1_Driving1/src/install/project3_interfaces/lib/python3.10/site-packages/project3_interfaces/_project3_interfaces_s.ep.rosidl_typesupport_fastrtps_c.c
[3.403s] -- Installing: /home/sujeong/rokey2_D1_Driving1/src/install/project3_interfaces/lib/python3.10/site-packages/project3_interfaces/libproject3_interfaces__rosidl_generator_py.so
[3.435s] Listing '/home/sujeong/rokey2_D1_Driving1/src/install/project3_interfaces/lib/python3.10/site-packages/project3_interfaces'...
[3.435s] Compiling '/home/sujeong/rokey2_D1_Driving1/src/install/project3_interfaces/lib/python3.10/site-packages/project3_interfaces/__init__.py'...
[3.435s] Listing '/home/sujeong/rokey2_D1_Driving1/src/install/project3_interfaces/lib/python3.10/site-packages/project3_interfaces/msg'...
[3.435s] Compiling '/home/sujeong/rokey2_D1_Driving1/src/install/project3_interfaces/lib/python3.10/site-packages/project3_interfaces/msg/__init__.py'...
[3.435s] Compiling '/home/sujeong/rokey2_D1_Driving1/src/install/project3_interfaces/lib/python3.10/site-packages/project3_interfaces/msg/_table_command.py'...
[3.439s] -- Installing: /home/sujeong/rokey2_D1_Driving1/src/install/project3_interfaces/lib/python3.10/site-packages/project3_interfaces/project3_interfaces_s__rosidl_typesupport_fastrtps_c.cpython-310-x86_64-linux-gnu.so
[3.439s] -- Set runtime path of "/home/sujeong/rokey2_D1_Driving1/src/install/project3_interfaces/lib/python3.10/site-packages/project3_interfaces/project3_interfaces_s__rosidl_typesupport_fastrtps_c.cpython-310-x86_64-linux-gnu.so" to ""
[3.439s] -- Installing: /home/sujeong/rokey2_D1_Driving1/src/install/project3_interfaces/lib/python3.10/site-packages/project3_interfaces/project3_interfaces_s__rosidl_typesupport_introspection_c.cpython-310-x86_64-linux-gnu.so
[3.440s] -- Set runtime path of "/home/sujeong/rokey2_D1_Driving1/src/install/project3_interfaces/lib/python3.10/site-packages/project3_interfaces/project3_interfaces_s__rosidl_typesupport_introspection_c.cpython-310-x86_64-linux-gnu.so" to ""
[3.440s] -- Installing: /home/sujeong/rokey2_D1_Driving1/src/install/project3_interfaces/lib/python3.10/site-packages/project3_interfaces/project3_interfaces_s__rosidl_typesupport_c.cpython-310-x86_64-linux-gnu.so
[3.440s] -- Set runtime path of "/home/sujeong/rokey2_D1_Driving1/src/install/project3_interfaces/lib/python3.10/site-packages/project3_interfaces/project3_interfaces_s__rosidl_typesupport_c.cpython-310-x86_64-linux-gnu.so" to ""
[3.440s] -- Installing: /home/sujeong/rokey2_D1_Driving1/src/install/project3_interfaces/lib/libproject3_interfaces__rosidl_generator_py.so
[3.440s] -- Set runtime path of "/home/sujeong/rokey2_D1_Driving1/src/install/project3_interfaces/lib/libproject3_interfaces__rosidl_generator_py.so" to ""
[3.441s] -- Installing: /home/sujeong/rokey2_D1_Driving1/src/install/project3_interfaces/share/project3_interfaces/msg/TableCommand.idl
[3.441s] -- Installing: /home/sujeong/rokey2_D1_Driving1/src/install/project3_interfaces/share/project3_interfaces/msg/TableCommand.msg
[3.441s] -- Installing: /home/sujeong/rokey2_D1_Driving1/src/install/project3_interfaces/share/ament_index/resource_index/package_run_dependencies/project3_interfaces
[3.441s] -- Installing: /home/sujeong/rokey2_D1_Driving1/src/install/project3_interfaces/share/ament_index/resource_index/parent_prefix_path/project3_interfaces
[3.441s] -- Installing: /home/sujeong/rokey2_D1_Driving1/src/install/project3_interfaces/share/project3_interfaces/environment/ament_prefix_path.sh
[3.441s] -- Installing: /home/sujeong/rokey2_D1_Driving1/src/install/project3_interfaces/share/project3_interfaces/environment/ament_prefix_path.dsv
[3.442s] -- Installing: /home/sujeong/rokey2_D1_Driving1/src/install/project3_interfaces/share/project3_interfaces/environment/path.sh
[3.442s] -- Installing: /home/sujeong/rokey2_D1_Driving1/src/install/project3_interfaces/share/project3_interfaces/environment/path.dsv
[3.442s] -- Installing: /home/sujeong/rokey2_D1_Driving1/src/install/project3_interfaces/share/project3_interfaces/local_setup.bash
[3.442s] -- Installing: /home/sujeong/rokey2_D1_Driving1/src/install/project3_interfaces/share/project3_interfaces/local_setup.sh
[3.442s] -- Installing: /home/sujeong/rokey2_D1_Driving1/src/install/project3_interfaces/share/project3_interfaces/local_setup.zsh
[3.442s] -- Installing: /home/sujeong/rokey2_D1_Driving1/src/install/project3_interfaces/share/project3_interfaces/local_setup.dsv
[3.442s] -- Installing: /home/sujeong/rokey2_D1_Driving1/src/install/project3_interfaces/share/project3_interfaces/package.dsv
[3.443s] -- Installing: /home/sujeong/rokey2_D1_Driving1/src/install/project3_interfaces/share/ament_index/resource_index/packages/project3_interfaces
[3.443s] -- Installing: /home/sujeong/rokey2_D1_Driving1/src/install/project3_interfaces/share/project3_interfaces/cmake/export_project3_interfaces__rosidl_generator_cExport.cmake
[3.443s] -- Installing: /home/sujeong/rokey2_D1_Driving1/src/install/project3_interfaces/share/project3_interfaces/cmake/export_project3_interfaces__rosidl_generator_cExport-noconfig.cmake
[3.443s] -- Installing: /home/sujeong/rokey2_D1_Driving1/src/install/project3_interfaces/share/project3_interfaces/cmake/export_project3_interfaces__rosidl_typesupport_fastrtps_cExport.cmake
[3.443s] -- Installing: /home/sujeong/rokey2_D1_Driving1/src/install/project3_interfaces/share/project3_interfaces/cmake/export_project3_interfaces__rosidl_typesupport_fastrtps_cExport-noconfig.cmake
[3.443s] -- Installing: /home/sujeong/rokey2_D1_Driving1/src/install/project3_interfaces/share/project3_interfaces/cmake/project3_interfaces__rosidl_typesupport_introspection_cExport.cmake
[3.444s] -- Installing: /home/sujeong/rokey2_D1_Driving1/src/install/project3_interfaces/share/project3_interfaces/cmake/project3_interfaces__rosidl_typesupport_introspection_cExport-noconfig.cmake
[3.444s] -- Installing: /home/sujeong/rokey2_D1_Driving1/src/install/project3_interfaces/share/project3_interfaces/cmake/project3_interfaces__rosidl_typesupport_cExport.cmake
[3.444s] -- Installing: /home/sujeong/rokey2_D1_Driving1/src/install/project3_interfaces/share/project3_interfaces/cmake/project3_interfaces__rosidl_typesupport_cExport-noconfig.cmake
[3.444s] -- Installing: /home/sujeong/rokey2_D1_Driving1/src/install/project3_interfaces/share/project3_interfaces/cmake/export_project3_interfaces__rosidl_generator_cppExport.cmake
[3.444s] -- Installing: /home/sujeong/rokey2_D1_Driving1/src/install/project3_interfaces/share/project3_interfaces/cmake/export_project3_interfaces__rosidl_typesupport_fastrtps_cppExport.cmake
[3.444s] -- Installing: /home/sujeong/rokey2_D1_Driving1/src/install/project3_interfaces/share/project3_interfaces/cmake/export_project3_interfaces__rosidl_typesupport_fastrtps_cppExport-noconfig.cmake
[3.445s] -- Installing: /home/sujeong/rokey2_D1_Driving1/src/install/project3_interfaces/share/project3_interfaces/cmake/project3_interfaces__rosidl_typesupport_introspection_cppExport.cmake
[3.445s] -- Installing: /home/sujeong/rokey2_D1_Driving1/src/install/project3_interfaces/share/project3_interfaces/cmake/project3_interfaces__rosidl_typesupport_introspection_cppExport-noconfig.cmake
[3.445s] -- Installing: /home/sujeong/rokey2_D1_Driving1/src/install/project3_interfaces/share/project3_interfaces/cmake/project3_interfaces__rosidl_typesupport_cppExport.cmake
[3.445s] -- Installing: /home/sujeong/rokey2_D1_Driving1/src/install/project3_interfaces/share/project3_interfaces/cmake/project3_interfaces__rosidl_typesupport_cppExport-noconfig.cmake
[3.445s] -- Installing: /home/sujeong/rokey2_D1_Driving1/src/install/project3_interfaces/share/project3_interfaces/cmake/export_project3_interfaces__rosidl_generator_pyExport.cmake
[3.445s] -- Installing: /home/sujeong/rokey2_D1_Driving1/src/install/project3_interfaces/share/project3_interfaces/cmake/export_project3_interfaces__rosidl_generator_pyExport-noconfig.cmake
[3.445s] -- Installing: /home/sujeong/rokey2_D1_Driving1/src/install/project3_interfaces/share/project3_interfaces/cmake/rosidl_cmake-extras.cmake
[3.446s] -- Installing: /home/sujeong/rokey2_D1_Driving1/src/install/project3_interfaces/share/project3_interfaces/cmake/ament_cmake_export_include_directories-extras.cmake
[3.446s] -- Installing: /home/sujeong/rokey2_D1_Driving1/src/install/project3_interfaces/share/project3_interfaces/cmake/ament_cmake_export_libraries-extras.cmake
[3.446s] -- Installing: /home/sujeong/rokey2_D1_Driving1/src/install/project3_interfaces/share/project3_interfaces/cmake/ament_cmake_export_targets-extras.cmake
[3.446s] -- Installing: /home/sujeong/rokey2_D1_Driving1/src/install/project3_interfaces/share/project3_interfaces/cmake/rosidl_cmake_export_typesupport_targets-extras.cmake
[3.446s] -- Installing: /home/sujeong/rokey2_D1_Driving1/src/install/project3_interfaces/share/project3_interfaces/cmake/ament_cmake_export_dependencies-extras.cmake
[3.446s] -- Installing: /home/sujeong/rokey2_D1_Driving1/src/install/project3_interfaces/share/project3_interfaces/cmake/rosidl_cmake_export_typesupport_libraries-extras.cmake
[3.446s] -- Installing: /home/sujeong/rokey2_D1_Driving1/src/install/project3_interfaces/share/project3_interfaces/cmake/project3_interfacesConfig.cmake
[3.446s] -- Installing: /home/sujeong/rokey2_D1_Driving1/src/install/project3_interfaces/share/project3_interfaces/cmake/project3_interfacesConfig-version.cmake
[3.447s] -- Installing: /home/sujeong/rokey2_D1_Driving1/src/install/project3_interfaces/share/project3_interfaces/package.xml
[3.449s] Invoked command in '/home/sujeong/rokey2_D1_Driving1/src/build/project3_interfaces' returned '0': CMAKE_PREFIX_PATH=${CMAKE_PREFIX_PATH}:/home/sujeong/turtlebot3_ws/install/turtlebot3_teleop:/home/sujeong/turtlebot3_ws/install/turtlebot3_example:/home/sujeong/ros2_ws/install/my_package:/opt/ros/humble /usr/bin/cmake --install /home/sujeong/rokey2_D1_Driving1/src/build/project3_interfaces
