/home/yeonho/project3_ws/install/project3/lib/python3.10/site-packages/project3/init.py
/home/yeonho/project3_ws/install/project3/lib/python3.10/site-packages/project3/pub_way.py
/home/yeonho/project3_ws/install/project3/lib/python3.10/site-packages/project3/__init__.py
/home/yeonho/project3_ws/install/project3/lib/python3.10/site-packages/project3/waylast.py
/home/yeonho/project3_ws/install/project3/lib/python3.10/site-packages/project3/__pycache__/init.cpython-310.pyc
/home/yeonho/project3_ws/install/project3/lib/python3.10/site-packages/project3/__pycache__/pub_way.cpython-310.pyc
/home/yeonho/project3_ws/install/project3/lib/python3.10/site-packages/project3/__pycache__/__init__.cpython-310.pyc
/home/yeonho/project3_ws/install/project3/lib/python3.10/site-packages/project3/__pycache__/waylast.cpython-310.pyc
/home/yeonho/project3_ws/install/project3/share/ament_index/resource_index/packages/project3
/home/yeonho/project3_ws/install/project3/share/project3/package.xml
/home/yeonho/project3_ws/install/project3/share/project3/launch/robot_launch.py
/home/yeonho/project3_ws/install/project3/lib/python3.10/site-packages/project3-0.0.0-py3.10.egg-info/requires.txt
/home/yeonho/project3_ws/install/project3/lib/python3.10/site-packages/project3-0.0.0-py3.10.egg-info/zip-safe
/home/yeonho/project3_ws/install/project3/lib/python3.10/site-packages/project3-0.0.0-py3.10.egg-info/entry_points.txt
/home/yeonho/project3_ws/install/project3/lib/python3.10/site-packages/project3-0.0.0-py3.10.egg-info/PKG-INFO
/home/yeonho/project3_ws/install/project3/lib/python3.10/site-packages/project3-0.0.0-py3.10.egg-info/SOURCES.txt
/home/yeonho/project3_ws/install/project3/lib/python3.10/site-packages/project3-0.0.0-py3.10.egg-info/top_level.txt
/home/yeonho/project3_ws/install/project3/lib/python3.10/site-packages/project3-0.0.0-py3.10.egg-info/dependency_links.txt
/home/yeonho/project3_ws/install/project3/lib/project3/init
/home/yeonho/project3_ws/install/project3/lib/project3/pub
/home/yeonho/project3_ws/install/project3/lib/project3/pub_way
/home/yeonho/project3_ws/install/project3/lib/project3/sub
/home/yeonho/project3_ws/install/project3/lib/project3/way
/home/yeonho/project3_ws/install/project3/lib/project3/waylast
