[0.512s] Invoking command in '/home/sujeong/rokey2_D1_Driving1/src/driving1': AMENT_PREFIX_PATH=/home/sujeong/rokey2_D1_Driving1/install/project3_interfaces:${AMENT_PREFIX_PATH} CMAKE_PREFIX_PATH=/home/sujeong/rokey2_D1_Driving1/install/project3_interfaces:/home/sujeong/rokey2_D1_Driving1/install/driving1_interfaces:${CMAKE_PREFIX_PATH} LD_LIBRARY_PATH=/home/sujeong/rokey2_D1_Driving1/install/project3_interfaces/lib:/home/sujeong/rokey2_D1_Driving1/install/driving1_interfaces/lib:/home/sujeong/turtlebot3_ws/install/turtlebot3_msgs/lib:/home/sujeong/turtlebot3_ws/install/dynamixel_sdk_custom_interfaces/lib:/home/sujeong/turtlebot3_ws/install/dynamixel_sdk/lib:/usr/lib/x86_64-linux-gnu/gazebo-11/plugins:/opt/ros/humble/opt/rviz_ogre_vendor/lib:/opt/ros/humble/lib/x86_64-linux-gnu:/opt/ros/humble/lib:/usr/lib/x86_64-linux-gnu/gazebo-11/plugins PKG_CONFIG_PATH=/home/sujeong/rokey2_D1_Driving1/install/driving1_interfaces/lib/x86_64-linux-gnu/pkgconfig:/home/sujeong/rokey2_D1_Driving1/install/driving1_interfaces/lib/pkgconfig PYTHONPATH=/home/sujeong/rokey2_D1_Driving1/build/driving1/prefix_override:/usr/lib/python3/dist-packages/colcon_core/task/python/colcon_distutils_commands:/home/sujeong/rokey2_D1_Driving1/install/driving1/lib/python3.10/site-packages:/home/sujeong/rokey2_D1_Driving1/install/project3_interfaces/lib/python3.10/site-packages:/home/sujeong/rokey2_D1_Driving1/install/driving1_interfaces/lib/python3.10/site-packages:${PYTHONPATH} ROS_PACKAGE_PATH=/home/sujeong/rokey2_D1_Driving1/install/driving1_interfaces/share /usr/bin/python3 -W ignore:setup.py install is deprecated -W ignore:easy_install command is deprecated setup.py egg_info --egg-base ../../build/driving1 build --build-base /home/sujeong/rokey2_D1_Driving1/build/driving1/build install --record /home/sujeong/rokey2_D1_Driving1/build/driving1/install.log --single-version-externally-managed install_data
[0.621s] /home/sujeong/.local/lib/python3.10/site-packages/setuptools/_distutils/dist.py:270: UserWarning: Unknown distribution option: 'tests_require'
[0.621s]   warnings.warn(msg)
[0.685s] running egg_info
[0.697s] writing ../../build/driving1/driving1.egg-info/PKG-INFO
[0.697s] writing dependency_links to ../../build/driving1/driving1.egg-info/dependency_links.txt
[0.697s] writing entry points to ../../build/driving1/driving1.egg-info/entry_points.txt
[0.698s] writing requirements to ../../build/driving1/driving1.egg-info/requires.txt
[0.698s] writing top-level names to ../../build/driving1/driving1.egg-info/top_level.txt
[0.720s] reading manifest file '../../build/driving1/driving1.egg-info/SOURCES.txt'
[0.721s] writing manifest file '../../build/driving1/driving1.egg-info/SOURCES.txt'
[0.721s] running build
[0.721s] running build_py
[0.721s] copying driving1/RevenueAnalysis.py -> /home/sujeong/rokey2_D1_Driving1/build/driving1/build/lib/driving1
[0.721s] copying driving1/db_handler2.py -> /home/sujeong/rokey2_D1_Driving1/build/driving1/build/lib/driving1
[0.721s] copying driving1/db_handler.py -> /home/sujeong/rokey2_D1_Driving1/build/driving1/build/lib/driving1
[0.722s] copying driving1/jokfinal.py -> /home/sujeong/rokey2_D1_Driving1/build/driving1/build/lib/driving1
[0.722s] copying driving1/kitchen_main3.py -> /home/sujeong/rokey2_D1_Driving1/build/driving1/build/lib/driving1
[0.722s] copying driving1/__init__.py -> /home/sujeong/rokey2_D1_Driving1/build/driving1/build/lib/driving1
[0.722s] copying driving1/kitchen_gui.py -> /home/sujeong/rokey2_D1_Driving1/build/driving1/build/lib/driving1
[0.722s] copying driving1/kitchen_main.py -> /home/sujeong/rokey2_D1_Driving1/build/driving1/build/lib/driving1
[0.722s] copying driving1/create_tables.py -> /home/sujeong/rokey2_D1_Driving1/build/driving1/build/lib/driving1
[0.722s] copying driving1/ros_kitchen_nodes2.py -> /home/sujeong/rokey2_D1_Driving1/build/driving1/build/lib/driving1
[0.722s] copying driving1/jokfinal3.py -> /home/sujeong/rokey2_D1_Driving1/build/driving1/build/lib/driving1
[0.722s] copying driving1/ros_kitchen_nodes.py -> /home/sujeong/rokey2_D1_Driving1/build/driving1/build/lib/driving1
[0.723s] copying driving1/jokfinal2.py -> /home/sujeong/rokey2_D1_Driving1/build/driving1/build/lib/driving1
[0.723s] copying driving1/ui_order.py -> /home/sujeong/rokey2_D1_Driving1/build/driving1/build/lib/driving1
[0.723s] running install
[0.729s] running install_lib
[0.746s] copying /home/sujeong/rokey2_D1_Driving1/build/driving1/build/lib/driving1/db_handler2.py -> /home/sujeong/rokey2_D1_Driving1/install/driving1/lib/python3.10/site-packages/driving1
[0.746s] copying /home/sujeong/rokey2_D1_Driving1/build/driving1/build/lib/driving1/db_handler.py -> /home/sujeong/rokey2_D1_Driving1/install/driving1/lib/python3.10/site-packages/driving1
[0.746s] copying /home/sujeong/rokey2_D1_Driving1/build/driving1/build/lib/driving1/kitchen_main3.py -> /home/sujeong/rokey2_D1_Driving1/install/driving1/lib/python3.10/site-packages/driving1
[0.746s] copying /home/sujeong/rokey2_D1_Driving1/build/driving1/build/lib/driving1/kitchen_gui.py -> /home/sujeong/rokey2_D1_Driving1/install/driving1/lib/python3.10/site-packages/driving1
[0.746s] copying /home/sujeong/rokey2_D1_Driving1/build/driving1/build/lib/driving1/kitchen_main.py -> /home/sujeong/rokey2_D1_Driving1/install/driving1/lib/python3.10/site-packages/driving1
[0.746s] copying /home/sujeong/rokey2_D1_Driving1/build/driving1/build/lib/driving1/ros_kitchen_nodes2.py -> /home/sujeong/rokey2_D1_Driving1/install/driving1/lib/python3.10/site-packages/driving1
[0.747s] copying /home/sujeong/rokey2_D1_Driving1/build/driving1/build/lib/driving1/jokfinal3.py -> /home/sujeong/rokey2_D1_Driving1/install/driving1/lib/python3.10/site-packages/driving1
[0.747s] copying /home/sujeong/rokey2_D1_Driving1/build/driving1/build/lib/driving1/ros_kitchen_nodes.py -> /home/sujeong/rokey2_D1_Driving1/install/driving1/lib/python3.10/site-packages/driving1
[0.747s] copying /home/sujeong/rokey2_D1_Driving1/build/driving1/build/lib/driving1/jokfinal2.py -> /home/sujeong/rokey2_D1_Driving1/install/driving1/lib/python3.10/site-packages/driving1
[0.747s] byte-compiling /home/sujeong/rokey2_D1_Driving1/install/driving1/lib/python3.10/site-packages/driving1/db_handler2.py to db_handler2.cpython-310.pyc
[0.749s] byte-compiling /home/sujeong/rokey2_D1_Driving1/install/driving1/lib/python3.10/site-packages/driving1/db_handler.py to db_handler.cpython-310.pyc
[0.750s] byte-compiling /home/sujeong/rokey2_D1_Driving1/install/driving1/lib/python3.10/site-packages/driving1/kitchen_main3.py to kitchen_main3.cpython-310.pyc
[0.750s] byte-compiling /home/sujeong/rokey2_D1_Driving1/install/driving1/lib/python3.10/site-packages/driving1/kitchen_gui.py to kitchen_gui.cpython-310.pyc
[0.751s] byte-compiling /home/sujeong/rokey2_D1_Driving1/install/driving1/lib/python3.10/site-packages/driving1/kitchen_main.py to kitchen_main.cpython-310.pyc
[0.752s] byte-compiling /home/sujeong/rokey2_D1_Driving1/install/driving1/lib/python3.10/site-packages/driving1/ros_kitchen_nodes2.py to ros_kitchen_nodes2.cpython-310.pyc
[0.753s] byte-compiling /home/sujeong/rokey2_D1_Driving1/install/driving1/lib/python3.10/site-packages/driving1/jokfinal3.py to jokfinal3.cpython-310.pyc
[0.754s] byte-compiling /home/sujeong/rokey2_D1_Driving1/install/driving1/lib/python3.10/site-packages/driving1/ros_kitchen_nodes.py to ros_kitchen_nodes.cpython-310.pyc
[0.755s] byte-compiling /home/sujeong/rokey2_D1_Driving1/install/driving1/lib/python3.10/site-packages/driving1/jokfinal2.py to jokfinal2.cpython-310.pyc
[0.756s] running install_data
[0.756s] copying resource/driving1 -> /home/sujeong/rokey2_D1_Driving1/install/driving1/share/ament_index/resource_index/packages
[0.757s] copying package.xml -> /home/sujeong/rokey2_D1_Driving1/install/driving1/share/driving1
[0.757s] running install_egg_info
[0.768s] removing '/home/sujeong/rokey2_D1_Driving1/install/driving1/lib/python3.10/site-packages/driving1-0.0.0-py3.10.egg-info' (and everything under it)
[0.769s] Copying ../../build/driving1/driving1.egg-info to /home/sujeong/rokey2_D1_Driving1/install/driving1/lib/python3.10/site-packages/driving1-0.0.0-py3.10.egg-info
[0.770s] running install_scripts
[0.855s] Installing kitchen_gui script to /home/sujeong/rokey2_D1_Driving1/install/driving1/lib/driving1
[0.856s] writing list of installed files to '/home/sujeong/rokey2_D1_Driving1/build/driving1/install.log'
[0.878s] Invoked command in '/home/sujeong/rokey2_D1_Driving1/src/driving1' returned '0': AMENT_PREFIX_PATH=/home/sujeong/rokey2_D1_Driving1/install/project3_interfaces:${AMENT_PREFIX_PATH} CMAKE_PREFIX_PATH=/home/sujeong/rokey2_D1_Driving1/install/project3_interfaces:/home/sujeong/rokey2_D1_Driving1/install/driving1_interfaces:${CMAKE_PREFIX_PATH} LD_LIBRARY_PATH=/home/sujeong/rokey2_D1_Driving1/install/project3_interfaces/lib:/home/sujeong/rokey2_D1_Driving1/install/driving1_interfaces/lib:/home/sujeong/turtlebot3_ws/install/turtlebot3_msgs/lib:/home/sujeong/turtlebot3_ws/install/dynamixel_sdk_custom_interfaces/lib:/home/sujeong/turtlebot3_ws/install/dynamixel_sdk/lib:/usr/lib/x86_64-linux-gnu/gazebo-11/plugins:/opt/ros/humble/opt/rviz_ogre_vendor/lib:/opt/ros/humble/lib/x86_64-linux-gnu:/opt/ros/humble/lib:/usr/lib/x86_64-linux-gnu/gazebo-11/plugins PKG_CONFIG_PATH=/home/sujeong/rokey2_D1_Driving1/install/driving1_interfaces/lib/x86_64-linux-gnu/pkgconfig:/home/sujeong/rokey2_D1_Driving1/install/driving1_interfaces/lib/pkgconfig PYTHONPATH=/home/sujeong/rokey2_D1_Driving1/build/driving1/prefix_override:/usr/lib/python3/dist-packages/colcon_core/task/python/colcon_distutils_commands:/home/sujeong/rokey2_D1_Driving1/install/driving1/lib/python3.10/site-packages:/home/sujeong/rokey2_D1_Driving1/install/project3_interfaces/lib/python3.10/site-packages:/home/sujeong/rokey2_D1_Driving1/install/driving1_interfaces/lib/python3.10/site-packages:${PYTHONPATH} ROS_PACKAGE_PATH=/home/sujeong/rokey2_D1_Driving1/install/driving1_interfaces/share /usr/bin/python3 -W ignore:setup.py install is deprecated -W ignore:easy_install command is deprecated setup.py egg_info --egg-base ../../build/driving1 build --build-base /home/sujeong/rokey2_D1_Driving1/build/driving1/build install --record /home/sujeong/rokey2_D1_Driving1/build/driving1/install.log --single-version-externally-managed install_data
