[0.010s] Invoking command in '/home/sujeong/rokey2_D1_Driving1/build/driving1_interfaces': /usr/bin/cmake --build /home/sujeong/rokey2_D1_Driving1/build/driving1_interfaces -- -j16 -l16
[0.031s] -- Found ament_cmake: 1.3.11 (/opt/ros/humble/share/ament_cmake/cmake)
[0.180s] -- Found rosidl_default_generators: 1.2.0 (/opt/ros/humble/share/rosidl_default_generators/cmake)
[0.184s] -- Using all available rosidl_typesupport_c: rosidl_typesupport_fastrtps_c;rosidl_typesupport_introspection_c
[0.187s] -- Found rosidl_adapter: 3.1.6 (/opt/ros/humble/share/rosidl_adapter/cmake)
[0.209s] -- Using all available rosidl_typesupport_cpp: rosidl_typesupport_fastrtps_cpp;rosidl_typesupport_introspection_cpp
[0.225s] -- Found std_msgs: 4.2.4 (/opt/ros/humble/share/std_msgs/cmake)
[0.474s] -- Found ament_cmake_ros: 0.10.0 (/opt/ros/humble/share/ament_cmake_ros/cmake)
[0.699s] -- Using all available rosidl_typesupport_c: rosidl_typesupport_fastrtps_c;rosidl_typesupport_introspection_c
[0.939s] -- Using all available rosidl_typesupport_cpp: rosidl_typesupport_fastrtps_cpp;rosidl_typesupport_introspection_cpp
[0.962s] -- Found python_cmake_module: 0.10.0 (/opt/ros/humble/share/python_cmake_module/cmake)
[0.992s] -- Using PYTHON_EXECUTABLE: /usr/local/bin/python3
[0.993s] -- Using PYTHON_INCLUDE_DIRS: /usr/local/include/python3.10
[0.993s] -- Using PYTHON_LIBRARIES: /usr/local/lib/libpython3.10.so
[1.111s] -- Using numpy include directory: /home/sujeong/.local/lib/python3.10/site-packages/numpy/_core/include
[1.123s] -- Configuring done
[1.135s] [33mCMake Warning at /opt/ros/humble/share/rosidl_generator_py/cmake/rosidl_generator_py_generate_interfaces.cmake:166 (add_library):
[1.135s]   Cannot generate a safe runtime search path for target
[1.135s]   driving1_interfaces__rosidl_generator_py because files in some directories
[1.135s]   may conflict with libraries in implicit directories:
[1.135s] 
[1.135s]     runtime library [libpython3.10.so.1.0] in /usr/lib/x86_64-linux-gnu may be hidden by files in:
[1.135s]       /usr/local/lib
[1.136s] 
[1.136s]   Some of these libraries may not be found correctly.
[1.136s] Call Stack (most recent call first):
[1.136s]   /opt/ros/humble/share/ament_cmake_core/cmake/core/ament_execute_extensions.cmake:48 (include)
[1.136s]   /opt/ros/humble/share/rosidl_cmake/cmake/rosidl_generate_interfaces.cmake:286 (ament_execute_extensions)
[1.136s]   CMakeLists.txt:10 (rosidl_generate_interfaces)
[1.136s] 
[1.136s] [0m
[1.136s] [33mCMake Warning at /opt/ros/humble/share/rosidl_generator_py/cmake/rosidl_generator_py_generate_interfaces.cmake:226 (add_library):
[1.136s]   Cannot generate a safe runtime search path for target
[1.136s]   driving1_interfaces__rosidl_typesupport_fastrtps_c__pyext because files in
[1.136s]   some directories may conflict with libraries in implicit directories:
[1.136s] 
[1.136s]     runtime library [libpython3.10.so.1.0] in /usr/lib/x86_64-linux-gnu may be hidden by files in:
[1.136s]       /usr/local/lib
[1.136s] 
[1.136s]   Some of these libraries may not be found correctly.
[1.137s] Call Stack (most recent call first):
[1.137s]   /opt/ros/humble/share/ament_cmake_core/cmake/core/ament_execute_extensions.cmake:48 (include)
[1.137s]   /opt/ros/humble/share/rosidl_cmake/cmake/rosidl_generate_interfaces.cmake:286 (ament_execute_extensions)
[1.137s]   CMakeLists.txt:10 (rosidl_generate_interfaces)
[1.137s] 
[1.137s] [0m
[1.138s] [33mCMake Warning at /opt/ros/humble/share/rosidl_generator_py/cmake/rosidl_generator_py_generate_interfaces.cmake:226 (add_library):
[1.138s]   Cannot generate a safe runtime search path for target
[1.138s]   driving1_interfaces__rosidl_typesupport_introspection_c__pyext because
[1.138s]   files in some directories may conflict with libraries in implicit
[1.138s]   directories:
[1.138s] 
[1.138s]     runtime library [libpython3.10.so.1.0] in /usr/lib/x86_64-linux-gnu may be hidden by files in:
[1.138s]       /usr/local/lib
[1.138s] 
[1.138s]   Some of these libraries may not be found correctly.
[1.138s] Call Stack (most recent call first):
[1.138s]   /opt/ros/humble/share/ament_cmake_core/cmake/core/ament_execute_extensions.cmake:48 (include)
[1.138s]   /opt/ros/humble/share/rosidl_cmake/cmake/rosidl_generate_interfaces.cmake:286 (ament_execute_extensions)
[1.138s]   CMakeLists.txt:10 (rosidl_generate_interfaces)
[1.138s] 
[1.138s] [0m
[1.139s] [33mCMake Warning at /opt/ros/humble/share/rosidl_generator_py/cmake/rosidl_generator_py_generate_interfaces.cmake:226 (add_library):
[1.139s]   Cannot generate a safe runtime search path for target
[1.139s]   driving1_interfaces__rosidl_typesupport_c__pyext because files in some
[1.140s]   directories may conflict with libraries in implicit directories:
[1.140s] 
[1.140s]     runtime library [libpython3.10.so.1.0] in /usr/lib/x86_64-linux-gnu may be hidden by files in:
[1.140s]       /usr/local/lib
[1.140s] 
[1.140s]   Some of these libraries may not be found correctly.
[1.140s] Call Stack (most recent call first):
[1.140s]   /opt/ros/humble/share/ament_cmake_core/cmake/core/ament_execute_extensions.cmake:48 (include)
[1.140s]   /opt/ros/humble/share/rosidl_cmake/cmake/rosidl_generate_interfaces.cmake:286 (ament_execute_extensions)
[1.140s]   CMakeLists.txt:10 (rosidl_generate_interfaces)
[1.140s] 
[1.140s] [0m
[1.142s] -- Generating done
[1.150s] -- Build files have been written to: /home/sujeong/rokey2_D1_Driving1/build/driving1_interfaces
[1.173s] [  3%] [34m[1mGenerating C code for ROS interfaces[0m
[1.186s] [  6%] [34m[1mGenerating C++ code for ROS interfaces[0m
[1.195s] [  6%] Built target ament_cmake_python_copy_driving1_interfaces
[1.359s] running egg_info
[1.369s] writing driving1_interfaces.egg-info/PKG-INFO
[1.369s] writing dependency_links to driving1_interfaces.egg-info/dependency_links.txt
[1.370s] writing top-level names to driving1_interfaces.egg-info/top_level.txt
[1.397s] reading manifest file 'driving1_interfaces.egg-info/SOURCES.txt'
[1.398s] writing manifest file 'driving1_interfaces.egg-info/SOURCES.txt'
[1.424s] [  6%] Built target ament_cmake_python_build_driving1_interfaces_egg
[1.431s] [35m[1mConsolidate compiler generated dependencies of target driving1_interfaces__rosidl_generator_c[0m
[1.441s] [  9%] [32mBuilding C object CMakeFiles/driving1_interfaces__rosidl_generator_c.dir/rosidl_generator_c/driving1_interfaces/srv/detail/notify_soldout__functions.c.o[0m
[1.441s] [  9%] Built target driving1_interfaces__cpp
[1.453s] [ 12%] [34m[1mGenerating C++ type support dispatch for ROS interfaces[0m
[1.454s] [ 16%] [34m[1mGenerating C++ type support for eProsima Fast-RTPS[0m
[1.454s] [ 19%] [34m[1mGenerating C++ introspection for ROS interfaces[0m
[1.490s] [ 22%] [32m[1mLinking C shared library libdriving1_interfaces__rosidl_generator_c.so[0m
[1.529s] [ 22%] Built target driving1_interfaces__rosidl_generator_c
[1.538s] [ 25%] [34m[1mGenerating C type support dispatch for ROS interfaces[0m
[1.541s] [ 29%] [34m[1mGenerating C introspection for ROS interfaces[0m
[1.541s] [ 32%] [34m[1mGenerating C type support for eProsima Fast-RTPS[0m
[1.659s] [35m[1mConsolidate compiler generated dependencies of target driving1_interfaces__rosidl_typesupport_cpp[0m
[1.675s] [ 35%] [32mBuilding CXX object CMakeFiles/driving1_interfaces__rosidl_typesupport_cpp.dir/rosidl_typesupport_cpp/driving1_interfaces/srv/notify_soldout__type_support.cpp.o[0m
[1.734s] [35m[1mConsolidate compiler generated dependencies of target driving1_interfaces__rosidl_typesupport_c[0m
[1.746s] [ 38%] [32mBuilding CXX object CMakeFiles/driving1_interfaces__rosidl_typesupport_c.dir/rosidl_typesupport_c/driving1_interfaces/srv/notify_soldout__type_support.cpp.o[0m
[1.774s] [35m[1mConsolidate compiler generated dependencies of target driving1_interfaces__rosidl_typesupport_fastrtps_c[0m
[1.774s] [ 41%] [32m[1mLinking CXX shared library libdriving1_interfaces__rosidl_typesupport_c.so[0m
[1.788s] [ 45%] [32mBuilding CXX object CMakeFiles/driving1_interfaces__rosidl_typesupport_fastrtps_c.dir/rosidl_typesupport_fastrtps_c/driving1_interfaces/srv/detail/notify_soldout__type_support_c.cpp.o[0m
[1.809s] [ 45%] Built target driving1_interfaces__rosidl_typesupport_c
[1.827s] [35m[1mConsolidate compiler generated dependencies of target driving1_interfaces__rosidl_typesupport_fastrtps_cpp[0m
[1.841s] [ 48%] [32mBuilding CXX object CMakeFiles/driving1_interfaces__rosidl_typesupport_fastrtps_cpp.dir/rosidl_typesupport_fastrtps_cpp/driving1_interfaces/srv/detail/dds_fastrtps/notify_soldout__type_support.cpp.o[0m
[1.856s] [ 51%] [32m[1mLinking CXX shared library libdriving1_interfaces__rosidl_typesupport_cpp.so[0m
[1.873s] [35m[1mConsolidate compiler generated dependencies of target driving1_interfaces__rosidl_typesupport_introspection_cpp[0m
[1.882s] [35m[1mConsolidate compiler generated dependencies of target driving1_interfaces__rosidl_typesupport_introspection_c[0m
[1.886s] [ 54%] [32mBuilding CXX object CMakeFiles/driving1_interfaces__rosidl_typesupport_introspection_cpp.dir/rosidl_typesupport_introspection_cpp/driving1_interfaces/srv/detail/notify_soldout__type_support.cpp.o[0m
[1.893s] [ 58%] [32mBuilding C object CMakeFiles/driving1_interfaces__rosidl_typesupport_introspection_c.dir/rosidl_typesupport_introspection_c/driving1_interfaces/srv/detail/notify_soldout__type_support.c.o[0m
[1.905s] [ 58%] Built target driving1_interfaces__rosidl_typesupport_cpp
[1.922s] [ 61%] [32m[1mLinking C shared library libdriving1_interfaces__rosidl_typesupport_introspection_c.so[0m
[1.960s] [ 61%] Built target driving1_interfaces__rosidl_typesupport_introspection_c
[2.014s] [ 64%] [32m[1mLinking CXX shared library libdriving1_interfaces__rosidl_typesupport_fastrtps_c.so[0m
[2.080s] [ 64%] Built target driving1_interfaces__rosidl_typesupport_fastrtps_c
[2.094s] [ 67%] [32m[1mLinking CXX shared library libdriving1_interfaces__rosidl_typesupport_fastrtps_cpp.so[0m
[2.132s] [ 70%] [32m[1mLinking CXX shared library libdriving1_interfaces__rosidl_typesupport_introspection_cpp.so[0m
[2.151s] [ 70%] Built target driving1_interfaces__rosidl_typesupport_fastrtps_cpp
[2.182s] [ 70%] Built target driving1_interfaces__rosidl_typesupport_introspection_cpp
[2.208s] [ 70%] Built target driving1_interfaces
[2.240s] [ 74%] [34m[1mGenerating Python code for ROS interfaces[0m
[2.551s] [ 74%] Built target driving1_interfaces__py
[2.560s] [35m[1mConsolidate compiler generated dependencies of target driving1_interfaces__rosidl_generator_py[0m
[2.579s] [ 77%] [32mBuilding C object CMakeFiles/driving1_interfaces__rosidl_generator_py.dir/rosidl_generator_py/driving1_interfaces/srv/_notify_soldout_s.c.o[0m
[2.661s] [ 80%] [32m[1mLinking C shared library rosidl_generator_py/driving1_interfaces/libdriving1_interfaces__rosidl_generator_py.so[0m
[2.705s] [ 80%] Built target driving1_interfaces__rosidl_generator_py
[2.718s] [35m[1mConsolidate compiler generated dependencies of target driving1_interfaces__rosidl_typesupport_introspection_c__pyext[0m
[2.718s] [35m[1mConsolidate compiler generated dependencies of target driving1_interfaces__rosidl_typesupport_c__pyext[0m
[2.720s] [35m[1mConsolidate compiler generated dependencies of target driving1_interfaces__rosidl_typesupport_fastrtps_c__pyext[0m
[2.732s] [ 83%] [32mBuilding C object CMakeFiles/driving1_interfaces__rosidl_typesupport_introspection_c__pyext.dir/rosidl_generator_py/driving1_interfaces/_driving1_interfaces_s.ep.rosidl_typesupport_introspection_c.c.o[0m
[2.733s] [ 87%] [32mBuilding C object CMakeFiles/driving1_interfaces__rosidl_typesupport_c__pyext.dir/rosidl_generator_py/driving1_interfaces/_driving1_interfaces_s.ep.rosidl_typesupport_c.c.o[0m
[2.738s] [ 90%] [32mBuilding C object CMakeFiles/driving1_interfaces__rosidl_typesupport_fastrtps_c__pyext.dir/rosidl_generator_py/driving1_interfaces/_driving1_interfaces_s.ep.rosidl_typesupport_fastrtps_c.c.o[0m
[2.806s] [ 96%] [32m[1mLinking C shared library rosidl_generator_py/driving1_interfaces/driving1_interfaces_s__rosidl_typesupport_introspection_c.cpython-310-x86_64-linux-gnu.so[0m
[2.806s] [ 96%] [32m[1mLinking C shared library rosidl_generator_py/driving1_interfaces/driving1_interfaces_s__rosidl_typesupport_c.cpython-310-x86_64-linux-gnu.so[0m
[2.810s] [100%] [32m[1mLinking C shared library rosidl_generator_py/driving1_interfaces/driving1_interfaces_s__rosidl_typesupport_fastrtps_c.cpython-310-x86_64-linux-gnu.so[0m
[2.841s] [100%] Built target driving1_interfaces__rosidl_typesupport_introspection_c__pyext
[2.846s] [100%] Built target driving1_interfaces__rosidl_typesupport_fastrtps_c__pyext
[2.846s] [100%] Built target driving1_interfaces__rosidl_typesupport_c__pyext
[2.861s] Invoked command in '/home/sujeong/rokey2_D1_Driving1/build/driving1_interfaces' returned '0': /usr/bin/cmake --build /home/sujeong/rokey2_D1_Driving1/build/driving1_interfaces -- -j16 -l16
[2.864s] Invoking command in '/home/sujeong/rokey2_D1_Driving1/build/driving1_interfaces': /usr/bin/cmake --install /home/sujeong/rokey2_D1_Driving1/build/driving1_interfaces
[2.873s] -- Install configuration: ""
[2.873s] -- Up-to-date: /home/sujeong/rokey2_D1_Driving1/install/driving1_interfaces/share/ament_index/resource_index/rosidl_interfaces/driving1_interfaces
[2.873s] -- Up-to-date: /home/sujeong/rokey2_D1_Driving1/install/driving1_interfaces/include/driving1_interfaces/driving1_interfaces
[2.873s] -- Up-to-date: /home/sujeong/rokey2_D1_Driving1/install/driving1_interfaces/include/driving1_interfaces/driving1_interfaces/srv
[2.873s] -- Up-to-date: /home/sujeong/rokey2_D1_Driving1/install/driving1_interfaces/include/driving1_interfaces/driving1_interfaces/srv/detail
[2.873s] -- Installing: /home/sujeong/rokey2_D1_Driving1/install/driving1_interfaces/include/driving1_interfaces/driving1_interfaces/srv/detail/notify_soldout__functions.h
[2.873s] -- Installing: /home/sujeong/rokey2_D1_Driving1/install/driving1_interfaces/include/driving1_interfaces/driving1_interfaces/srv/detail/notify_soldout__functions.c
[2.873s] -- Installing: /home/sujeong/rokey2_D1_Driving1/install/driving1_interfaces/include/driving1_interfaces/driving1_interfaces/srv/detail/notify_soldout__type_support.h
[2.873s] -- Installing: /home/sujeong/rokey2_D1_Driving1/install/driving1_interfaces/include/driving1_interfaces/driving1_interfaces/srv/detail/notify_soldout__struct.h
[2.874s] -- Installing: /home/sujeong/rokey2_D1_Driving1/install/driving1_interfaces/include/driving1_interfaces/driving1_interfaces/srv/notify_soldout.h
[2.874s] -- Up-to-date: /home/sujeong/rokey2_D1_Driving1/install/driving1_interfaces/include/driving1_interfaces/driving1_interfaces/msg
[2.874s] -- Up-to-date: /home/sujeong/rokey2_D1_Driving1/install/driving1_interfaces/include/driving1_interfaces/driving1_interfaces/msg/rosidl_generator_c__visibility_control.h
[2.874s] -- Up-to-date: /home/sujeong/rokey2_D1_Driving1/install/driving1_interfaces/share/driving1_interfaces/environment/library_path.sh
[2.874s] -- Installing: /home/sujeong/rokey2_D1_Driving1/install/driving1_interfaces/share/driving1_interfaces/environment/library_path.dsv
[2.874s] -- Installing: /home/sujeong/rokey2_D1_Driving1/install/driving1_interfaces/lib/libdriving1_interfaces__rosidl_generator_c.so
[2.874s] -- Set runtime path of "/home/sujeong/rokey2_D1_Driving1/install/driving1_interfaces/lib/libdriving1_interfaces__rosidl_generator_c.so" to ""
[2.874s] -- Up-to-date: /home/sujeong/rokey2_D1_Driving1/install/driving1_interfaces/include/driving1_interfaces/driving1_interfaces
[2.874s] -- Up-to-date: /home/sujeong/rokey2_D1_Driving1/install/driving1_interfaces/include/driving1_interfaces/driving1_interfaces/srv
[2.874s] -- Up-to-date: /home/sujeong/rokey2_D1_Driving1/install/driving1_interfaces/include/driving1_interfaces/driving1_interfaces/srv/detail
[2.874s] -- Installing: /home/sujeong/rokey2_D1_Driving1/install/driving1_interfaces/include/driving1_interfaces/driving1_interfaces/srv/detail/notify_soldout__rosidl_typesupport_fastrtps_c.h
[2.874s] -- Up-to-date: /home/sujeong/rokey2_D1_Driving1/install/driving1_interfaces/include/driving1_interfaces/driving1_interfaces/msg
[2.874s] -- Up-to-date: /home/sujeong/rokey2_D1_Driving1/install/driving1_interfaces/include/driving1_interfaces/driving1_interfaces/msg/rosidl_typesupport_fastrtps_c__visibility_control.h
[2.874s] -- Installing: /home/sujeong/rokey2_D1_Driving1/install/driving1_interfaces/lib/libdriving1_interfaces__rosidl_typesupport_fastrtps_c.so
[2.874s] -- Set runtime path of "/home/sujeong/rokey2_D1_Driving1/install/driving1_interfaces/lib/libdriving1_interfaces__rosidl_typesupport_fastrtps_c.so" to ""
[2.874s] -- Up-to-date: /home/sujeong/rokey2_D1_Driving1/install/driving1_interfaces/include/driving1_interfaces/driving1_interfaces
[2.874s] -- Up-to-date: /home/sujeong/rokey2_D1_Driving1/install/driving1_interfaces/include/driving1_interfaces/driving1_interfaces/srv
[2.874s] -- Up-to-date: /home/sujeong/rokey2_D1_Driving1/install/driving1_interfaces/include/driving1_interfaces/driving1_interfaces/srv/detail
[2.874s] -- Installing: /home/sujeong/rokey2_D1_Driving1/install/driving1_interfaces/include/driving1_interfaces/driving1_interfaces/srv/detail/notify_soldout__type_support.c
[2.874s] -- Installing: /home/sujeong/rokey2_D1_Driving1/install/driving1_interfaces/include/driving1_interfaces/driving1_interfaces/srv/detail/notify_soldout__rosidl_typesupport_introspection_c.h
[2.875s] -- Up-to-date: /home/sujeong/rokey2_D1_Driving1/install/driving1_interfaces/include/driving1_interfaces/driving1_interfaces/msg
[2.875s] -- Up-to-date: /home/sujeong/rokey2_D1_Driving1/install/driving1_interfaces/include/driving1_interfaces/driving1_interfaces/msg/rosidl_typesupport_introspection_c__visibility_control.h
[2.875s] -- Installing: /home/sujeong/rokey2_D1_Driving1/install/driving1_interfaces/lib/libdriving1_interfaces__rosidl_typesupport_introspection_c.so
[2.875s] -- Set runtime path of "/home/sujeong/rokey2_D1_Driving1/install/driving1_interfaces/lib/libdriving1_interfaces__rosidl_typesupport_introspection_c.so" to ""
[2.875s] -- Installing: /home/sujeong/rokey2_D1_Driving1/install/driving1_interfaces/lib/libdriving1_interfaces__rosidl_typesupport_c.so
[2.875s] -- Set runtime path of "/home/sujeong/rokey2_D1_Driving1/install/driving1_interfaces/lib/libdriving1_interfaces__rosidl_typesupport_c.so" to ""
[2.875s] -- Up-to-date: /home/sujeong/rokey2_D1_Driving1/install/driving1_interfaces/include/driving1_interfaces/driving1_interfaces
[2.875s] -- Up-to-date: /home/sujeong/rokey2_D1_Driving1/install/driving1_interfaces/include/driving1_interfaces/driving1_interfaces/srv
[2.875s] -- Up-to-date: /home/sujeong/rokey2_D1_Driving1/install/driving1_interfaces/include/driving1_interfaces/driving1_interfaces/srv/detail
[2.875s] -- Installing: /home/sujeong/rokey2_D1_Driving1/install/driving1_interfaces/include/driving1_interfaces/driving1_interfaces/srv/detail/notify_soldout__type_support.hpp
[2.875s] -- Installing: /home/sujeong/rokey2_D1_Driving1/install/driving1_interfaces/include/driving1_interfaces/driving1_interfaces/srv/detail/notify_soldout__builder.hpp
[2.875s] -- Installing: /home/sujeong/rokey2_D1_Driving1/install/driving1_interfaces/include/driving1_interfaces/driving1_interfaces/srv/detail/notify_soldout__struct.hpp
[2.875s] -- Installing: /home/sujeong/rokey2_D1_Driving1/install/driving1_interfaces/include/driving1_interfaces/driving1_interfaces/srv/detail/notify_soldout__traits.hpp
[2.875s] -- Installing: /home/sujeong/rokey2_D1_Driving1/install/driving1_interfaces/include/driving1_interfaces/driving1_interfaces/srv/notify_soldout.hpp
[2.875s] -- Up-to-date: /home/sujeong/rokey2_D1_Driving1/install/driving1_interfaces/include/driving1_interfaces/driving1_interfaces/msg
[2.875s] -- Up-to-date: /home/sujeong/rokey2_D1_Driving1/install/driving1_interfaces/include/driving1_interfaces/driving1_interfaces/msg/rosidl_generator_cpp__visibility_control.hpp
[2.876s] -- Up-to-date: /home/sujeong/rokey2_D1_Driving1/install/driving1_interfaces/include/driving1_interfaces/driving1_interfaces
[2.876s] -- Up-to-date: /home/sujeong/rokey2_D1_Driving1/install/driving1_interfaces/include/driving1_interfaces/driving1_interfaces/srv
[2.876s] -- Up-to-date: /home/sujeong/rokey2_D1_Driving1/install/driving1_interfaces/include/driving1_interfaces/driving1_interfaces/srv/detail
[2.876s] -- Installing: /home/sujeong/rokey2_D1_Driving1/install/driving1_interfaces/include/driving1_interfaces/driving1_interfaces/srv/detail/notify_soldout__rosidl_typesupport_fastrtps_cpp.hpp
[2.876s] -- Up-to-date: /home/sujeong/rokey2_D1_Driving1/install/driving1_interfaces/include/driving1_interfaces/driving1_interfaces/srv/detail/dds_fastrtps
[2.876s] -- Up-to-date: /home/sujeong/rokey2_D1_Driving1/install/driving1_interfaces/include/driving1_interfaces/driving1_interfaces/msg
[2.876s] -- Up-to-date: /home/sujeong/rokey2_D1_Driving1/install/driving1_interfaces/include/driving1_interfaces/driving1_interfaces/msg/rosidl_typesupport_fastrtps_cpp__visibility_control.h
[2.876s] -- Installing: /home/sujeong/rokey2_D1_Driving1/install/driving1_interfaces/lib/libdriving1_interfaces__rosidl_typesupport_fastrtps_cpp.so
[2.877s] -- Set runtime path of "/home/sujeong/rokey2_D1_Driving1/install/driving1_interfaces/lib/libdriving1_interfaces__rosidl_typesupport_fastrtps_cpp.so" to ""
[2.877s] -- Up-to-date: /home/sujeong/rokey2_D1_Driving1/install/driving1_interfaces/include/driving1_interfaces/driving1_interfaces
[2.877s] -- Up-to-date: /home/sujeong/rokey2_D1_Driving1/install/driving1_interfaces/include/driving1_interfaces/driving1_interfaces/srv
[2.877s] -- Up-to-date: /home/sujeong/rokey2_D1_Driving1/install/driving1_interfaces/include/driving1_interfaces/driving1_interfaces/srv/detail
[2.877s] -- Installing: /home/sujeong/rokey2_D1_Driving1/install/driving1_interfaces/include/driving1_interfaces/driving1_interfaces/srv/detail/notify_soldout__rosidl_typesupport_introspection_cpp.hpp
[2.877s] -- Installing: /home/sujeong/rokey2_D1_Driving1/install/driving1_interfaces/include/driving1_interfaces/driving1_interfaces/srv/detail/notify_soldout__type_support.cpp
[2.877s] -- Installing: /home/sujeong/rokey2_D1_Driving1/install/driving1_interfaces/lib/libdriving1_interfaces__rosidl_typesupport_introspection_cpp.so
[2.877s] -- Set runtime path of "/home/sujeong/rokey2_D1_Driving1/install/driving1_interfaces/lib/libdriving1_interfaces__rosidl_typesupport_introspection_cpp.so" to ""
[2.877s] -- Installing: /home/sujeong/rokey2_D1_Driving1/install/driving1_interfaces/lib/libdriving1_interfaces__rosidl_typesupport_cpp.so
[2.877s] -- Set runtime path of "/home/sujeong/rokey2_D1_Driving1/install/driving1_interfaces/lib/libdriving1_interfaces__rosidl_typesupport_cpp.so" to ""
[2.878s] -- Up-to-date: /home/sujeong/rokey2_D1_Driving1/install/driving1_interfaces/share/driving1_interfaces/environment/pythonpath.sh
[2.878s] -- Installing: /home/sujeong/rokey2_D1_Driving1/install/driving1_interfaces/share/driving1_interfaces/environment/pythonpath.dsv
[2.878s] -- Up-to-date: /home/sujeong/rokey2_D1_Driving1/install/driving1_interfaces/lib/python3.10/site-packages/driving1_interfaces-0.0.0-py3.10.egg-info
[2.878s] -- Installing: /home/sujeong/rokey2_D1_Driving1/install/driving1_interfaces/lib/python3.10/site-packages/driving1_interfaces-0.0.0-py3.10.egg-info/top_level.txt
[2.878s] -- Installing: /home/sujeong/rokey2_D1_Driving1/install/driving1_interfaces/lib/python3.10/site-packages/driving1_interfaces-0.0.0-py3.10.egg-info/PKG-INFO
[2.878s] -- Installing: /home/sujeong/rokey2_D1_Driving1/install/driving1_interfaces/lib/python3.10/site-packages/driving1_interfaces-0.0.0-py3.10.egg-info/SOURCES.txt
[2.878s] -- Installing: /home/sujeong/rokey2_D1_Driving1/install/driving1_interfaces/lib/python3.10/site-packages/driving1_interfaces-0.0.0-py3.10.egg-info/dependency_links.txt
[2.878s] -- Up-to-date: /home/sujeong/rokey2_D1_Driving1/install/driving1_interfaces/lib/python3.10/site-packages/driving1_interfaces
[2.878s] -- Installing: /home/sujeong/rokey2_D1_Driving1/install/driving1_interfaces/lib/python3.10/site-packages/driving1_interfaces/_driving1_interfaces_s.ep.rosidl_typesupport_c.c
[2.878s] -- Installing: /home/sujeong/rokey2_D1_Driving1/install/driving1_interfaces/lib/python3.10/site-packages/driving1_interfaces/driving1_interfaces_s__rosidl_typesupport_fastrtps_c.cpython-310-x86_64-linux-gnu.so
[2.878s] -- Installing: /home/sujeong/rokey2_D1_Driving1/install/driving1_interfaces/lib/python3.10/site-packages/driving1_interfaces/driving1_interfaces_s__rosidl_typesupport_introspection_c.cpython-310-x86_64-linux-gnu.so
[2.878s] -- Installing: /home/sujeong/rokey2_D1_Driving1/install/driving1_interfaces/lib/python3.10/site-packages/driving1_interfaces/libdriving1_interfaces__rosidl_generator_py.so
[2.879s] -- Installing: /home/sujeong/rokey2_D1_Driving1/install/driving1_interfaces/lib/python3.10/site-packages/driving1_interfaces/_driving1_interfaces_s.ep.rosidl_typesupport_introspection_c.c
[2.879s] -- Installing: /home/sujeong/rokey2_D1_Driving1/install/driving1_interfaces/lib/python3.10/site-packages/driving1_interfaces/_driving1_interfaces_s.ep.rosidl_typesupport_fastrtps_c.c
[2.879s] -- Installing: /home/sujeong/rokey2_D1_Driving1/install/driving1_interfaces/lib/python3.10/site-packages/driving1_interfaces/__init__.py
[2.879s] -- Installing: /home/sujeong/rokey2_D1_Driving1/install/driving1_interfaces/lib/python3.10/site-packages/driving1_interfaces/driving1_interfaces_s__rosidl_typesupport_c.cpython-310-x86_64-linux-gnu.so
[2.879s] -- Up-to-date: /home/sujeong/rokey2_D1_Driving1/install/driving1_interfaces/lib/python3.10/site-packages/driving1_interfaces/srv
[2.879s] -- Installing: /home/sujeong/rokey2_D1_Driving1/install/driving1_interfaces/lib/python3.10/site-packages/driving1_interfaces/srv/_notify_soldout.py
[2.879s] -- Installing: /home/sujeong/rokey2_D1_Driving1/install/driving1_interfaces/lib/python3.10/site-packages/driving1_interfaces/srv/_notify_soldout_s.c
[2.879s] -- Installing: /home/sujeong/rokey2_D1_Driving1/install/driving1_interfaces/lib/python3.10/site-packages/driving1_interfaces/srv/__init__.py
[2.916s] Listing '/home/sujeong/rokey2_D1_Driving1/install/driving1_interfaces/lib/python3.10/site-packages/driving1_interfaces'...
[2.916s] Compiling '/home/sujeong/rokey2_D1_Driving1/install/driving1_interfaces/lib/python3.10/site-packages/driving1_interfaces/__init__.py'...
[2.916s] Listing '/home/sujeong/rokey2_D1_Driving1/install/driving1_interfaces/lib/python3.10/site-packages/driving1_interfaces/srv'...
[2.916s] Compiling '/home/sujeong/rokey2_D1_Driving1/install/driving1_interfaces/lib/python3.10/site-packages/driving1_interfaces/srv/__init__.py'...
[2.916s] Compiling '/home/sujeong/rokey2_D1_Driving1/install/driving1_interfaces/lib/python3.10/site-packages/driving1_interfaces/srv/_notify_soldout.py'...
[2.919s] -- Installing: /home/sujeong/rokey2_D1_Driving1/install/driving1_interfaces/lib/python3.10/site-packages/driving1_interfaces/driving1_interfaces_s__rosidl_typesupport_fastrtps_c.cpython-310-x86_64-linux-gnu.so
[2.919s] -- Set runtime path of "/home/sujeong/rokey2_D1_Driving1/install/driving1_interfaces/lib/python3.10/site-packages/driving1_interfaces/driving1_interfaces_s__rosidl_typesupport_fastrtps_c.cpython-310-x86_64-linux-gnu.so" to ""
[2.919s] -- Installing: /home/sujeong/rokey2_D1_Driving1/install/driving1_interfaces/lib/python3.10/site-packages/driving1_interfaces/driving1_interfaces_s__rosidl_typesupport_introspection_c.cpython-310-x86_64-linux-gnu.so
[2.920s] -- Set runtime path of "/home/sujeong/rokey2_D1_Driving1/install/driving1_interfaces/lib/python3.10/site-packages/driving1_interfaces/driving1_interfaces_s__rosidl_typesupport_introspection_c.cpython-310-x86_64-linux-gnu.so" to ""
[2.920s] -- Installing: /home/sujeong/rokey2_D1_Driving1/install/driving1_interfaces/lib/python3.10/site-packages/driving1_interfaces/driving1_interfaces_s__rosidl_typesupport_c.cpython-310-x86_64-linux-gnu.so
[2.920s] -- Set runtime path of "/home/sujeong/rokey2_D1_Driving1/install/driving1_interfaces/lib/python3.10/site-packages/driving1_interfaces/driving1_interfaces_s__rosidl_typesupport_c.cpython-310-x86_64-linux-gnu.so" to ""
[2.920s] -- Installing: /home/sujeong/rokey2_D1_Driving1/install/driving1_interfaces/lib/libdriving1_interfaces__rosidl_generator_py.so
[2.920s] -- Set runtime path of "/home/sujeong/rokey2_D1_Driving1/install/driving1_interfaces/lib/libdriving1_interfaces__rosidl_generator_py.so" to ""
[2.920s] -- Installing: /home/sujeong/rokey2_D1_Driving1/install/driving1_interfaces/share/driving1_interfaces/srv/NotifySoldout.idl
[2.920s] -- Installing: /home/sujeong/rokey2_D1_Driving1/install/driving1_interfaces/share/driving1_interfaces/srv/NotifySoldout.srv
[2.920s] -- Installing: /home/sujeong/rokey2_D1_Driving1/install/driving1_interfaces/share/driving1_interfaces/srv/NotifySoldout_Request.msg
[2.920s] -- Up-to-date: /home/sujeong/rokey2_D1_Driving1/install/driving1_interfaces/share/driving1_interfaces/srv/NotifySoldout_Response.msg
[2.920s] -- Up-to-date: /home/sujeong/rokey2_D1_Driving1/install/driving1_interfaces/share/ament_index/resource_index/package_run_dependencies/driving1_interfaces
[2.920s] -- Installing: /home/sujeong/rokey2_D1_Driving1/install/driving1_interfaces/share/ament_index/resource_index/parent_prefix_path/driving1_interfaces
[2.920s] -- Up-to-date: /home/sujeong/rokey2_D1_Driving1/install/driving1_interfaces/share/driving1_interfaces/environment/ament_prefix_path.sh
[2.920s] -- Installing: /home/sujeong/rokey2_D1_Driving1/install/driving1_interfaces/share/driving1_interfaces/environment/ament_prefix_path.dsv
[2.920s] -- Up-to-date: /home/sujeong/rokey2_D1_Driving1/install/driving1_interfaces/share/driving1_interfaces/environment/path.sh
[2.921s] -- Installing: /home/sujeong/rokey2_D1_Driving1/install/driving1_interfaces/share/driving1_interfaces/environment/path.dsv
[2.921s] -- Up-to-date: /home/sujeong/rokey2_D1_Driving1/install/driving1_interfaces/share/driving1_interfaces/local_setup.bash
[2.921s] -- Up-to-date: /home/sujeong/rokey2_D1_Driving1/install/driving1_interfaces/share/driving1_interfaces/local_setup.sh
[2.921s] -- Up-to-date: /home/sujeong/rokey2_D1_Driving1/install/driving1_interfaces/share/driving1_interfaces/local_setup.zsh
[2.921s] -- Installing: /home/sujeong/rokey2_D1_Driving1/install/driving1_interfaces/share/driving1_interfaces/local_setup.dsv
[2.921s] -- Installing: /home/sujeong/rokey2_D1_Driving1/install/driving1_interfaces/share/driving1_interfaces/package.dsv
[2.921s] -- Up-to-date: /home/sujeong/rokey2_D1_Driving1/install/driving1_interfaces/share/ament_index/resource_index/packages/driving1_interfaces
[2.921s] -- Up-to-date: /home/sujeong/rokey2_D1_Driving1/install/driving1_interfaces/share/driving1_interfaces/cmake/export_driving1_interfaces__rosidl_generator_cExport.cmake
[2.921s] -- Up-to-date: /home/sujeong/rokey2_D1_Driving1/install/driving1_interfaces/share/driving1_interfaces/cmake/export_driving1_interfaces__rosidl_generator_cExport-noconfig.cmake
[2.921s] -- Up-to-date: /home/sujeong/rokey2_D1_Driving1/install/driving1_interfaces/share/driving1_interfaces/cmake/export_driving1_interfaces__rosidl_typesupport_fastrtps_cExport.cmake
[2.921s] -- Up-to-date: /home/sujeong/rokey2_D1_Driving1/install/driving1_interfaces/share/driving1_interfaces/cmake/export_driving1_interfaces__rosidl_typesupport_fastrtps_cExport-noconfig.cmake
[2.921s] -- Up-to-date: /home/sujeong/rokey2_D1_Driving1/install/driving1_interfaces/share/driving1_interfaces/cmake/driving1_interfaces__rosidl_typesupport_introspection_cExport.cmake
[2.921s] -- Up-to-date: /home/sujeong/rokey2_D1_Driving1/install/driving1_interfaces/share/driving1_interfaces/cmake/driving1_interfaces__rosidl_typesupport_introspection_cExport-noconfig.cmake
[2.921s] -- Up-to-date: /home/sujeong/rokey2_D1_Driving1/install/driving1_interfaces/share/driving1_interfaces/cmake/driving1_interfaces__rosidl_typesupport_cExport.cmake
[2.921s] -- Up-to-date: /home/sujeong/rokey2_D1_Driving1/install/driving1_interfaces/share/driving1_interfaces/cmake/driving1_interfaces__rosidl_typesupport_cExport-noconfig.cmake
[2.921s] -- Up-to-date: /home/sujeong/rokey2_D1_Driving1/install/driving1_interfaces/share/driving1_interfaces/cmake/export_driving1_interfaces__rosidl_generator_cppExport.cmake
[2.921s] -- Up-to-date: /home/sujeong/rokey2_D1_Driving1/install/driving1_interfaces/share/driving1_interfaces/cmake/export_driving1_interfaces__rosidl_typesupport_fastrtps_cppExport.cmake
[2.921s] -- Up-to-date: /home/sujeong/rokey2_D1_Driving1/install/driving1_interfaces/share/driving1_interfaces/cmake/export_driving1_interfaces__rosidl_typesupport_fastrtps_cppExport-noconfig.cmake
[2.921s] -- Up-to-date: /home/sujeong/rokey2_D1_Driving1/install/driving1_interfaces/share/driving1_interfaces/cmake/driving1_interfaces__rosidl_typesupport_introspection_cppExport.cmake
[2.921s] -- Up-to-date: /home/sujeong/rokey2_D1_Driving1/install/driving1_interfaces/share/driving1_interfaces/cmake/driving1_interfaces__rosidl_typesupport_introspection_cppExport-noconfig.cmake
[2.921s] -- Up-to-date: /home/sujeong/rokey2_D1_Driving1/install/driving1_interfaces/share/driving1_interfaces/cmake/driving1_interfaces__rosidl_typesupport_cppExport.cmake
[2.921s] -- Up-to-date: /home/sujeong/rokey2_D1_Driving1/install/driving1_interfaces/share/driving1_interfaces/cmake/driving1_interfaces__rosidl_typesupport_cppExport-noconfig.cmake
[2.921s] -- Up-to-date: /home/sujeong/rokey2_D1_Driving1/install/driving1_interfaces/share/driving1_interfaces/cmake/export_driving1_interfaces__rosidl_generator_pyExport.cmake
[2.921s] -- Up-to-date: /home/sujeong/rokey2_D1_Driving1/install/driving1_interfaces/share/driving1_interfaces/cmake/export_driving1_interfaces__rosidl_generator_pyExport-noconfig.cmake
[2.921s] -- Up-to-date: /home/sujeong/rokey2_D1_Driving1/install/driving1_interfaces/share/driving1_interfaces/cmake/rosidl_cmake-extras.cmake
[2.921s] -- Up-to-date: /home/sujeong/rokey2_D1_Driving1/install/driving1_interfaces/share/driving1_interfaces/cmake/ament_cmake_export_dependencies-extras.cmake
[2.922s] -- Up-to-date: /home/sujeong/rokey2_D1_Driving1/install/driving1_interfaces/share/driving1_interfaces/cmake/ament_cmake_export_include_directories-extras.cmake
[2.922s] -- Up-to-date: /home/sujeong/rokey2_D1_Driving1/install/driving1_interfaces/share/driving1_interfaces/cmake/ament_cmake_export_libraries-extras.cmake
[2.922s] -- Up-to-date: /home/sujeong/rokey2_D1_Driving1/install/driving1_interfaces/share/driving1_interfaces/cmake/ament_cmake_export_targets-extras.cmake
[2.922s] -- Up-to-date: /home/sujeong/rokey2_D1_Driving1/install/driving1_interfaces/share/driving1_interfaces/cmake/rosidl_cmake_export_typesupport_targets-extras.cmake
[2.922s] -- Up-to-date: /home/sujeong/rokey2_D1_Driving1/install/driving1_interfaces/share/driving1_interfaces/cmake/rosidl_cmake_export_typesupport_libraries-extras.cmake
[2.922s] -- Up-to-date: /home/sujeong/rokey2_D1_Driving1/install/driving1_interfaces/share/driving1_interfaces/cmake/driving1_interfacesConfig.cmake
[2.922s] -- Up-to-date: /home/sujeong/rokey2_D1_Driving1/install/driving1_interfaces/share/driving1_interfaces/cmake/driving1_interfacesConfig-version.cmake
[2.922s] -- Up-to-date: /home/sujeong/rokey2_D1_Driving1/install/driving1_interfaces/share/driving1_interfaces/package.xml
[2.923s] Invoked command in '/home/sujeong/rokey2_D1_Driving1/build/driving1_interfaces' returned '0': /usr/bin/cmake --install /home/sujeong/rokey2_D1_Driving1/build/driving1_interfaces
