[0.500s] Invoking command in '/home/sujeong/rokey2_D1_Driving1/src/driving1': PYTHONPATH=/home/sujeong/rokey2_D1_Driving1/build/driving1/prefix_override:/usr/lib/python3/dist-packages/colcon_core/task/python/colcon_distutils_commands:/home/sujeong/rokey2_D1_Driving1/install/driving1/lib/python3.10/site-packages:${PYTHONPATH} /usr/bin/python3 -W ignore:setup.py install is deprecated -W ignore:easy_install command is deprecated setup.py egg_info --egg-base ../../build/driving1 build --build-base /home/sujeong/rokey2_D1_Driving1/build/driving1/build install --record /home/sujeong/rokey2_D1_Driving1/build/driving1/install.log --single-version-externally-managed install_data
[0.624s] /home/sujeong/.local/lib/python3.10/site-packages/setuptools/_distutils/dist.py:270: UserWarning: Unknown distribution option: 'tests_require'
[0.624s]   warnings.warn(msg)
[0.686s] running egg_info
[0.696s] writing ../../build/driving1/driving1.egg-info/PKG-INFO
[0.696s] writing dependency_links to ../../build/driving1/driving1.egg-info/dependency_links.txt
[0.696s] writing entry points to ../../build/driving1/driving1.egg-info/entry_points.txt
[0.697s] writing requirements to ../../build/driving1/driving1.egg-info/requires.txt
[0.697s] writing top-level names to ../../build/driving1/driving1.egg-info/top_level.txt
[0.718s] reading manifest file '../../build/driving1/driving1.egg-info/SOURCES.txt'
[0.719s] writing manifest file '../../build/driving1/driving1.egg-info/SOURCES.txt'
[0.719s] running build
[0.719s] running build_py
[0.719s] copying driving1/__init__.py -> /home/sujeong/rokey2_D1_Driving1/build/driving1/build/lib/driving1
[0.719s] copying driving1/jokitchen.py -> /home/sujeong/rokey2_D1_Driving1/build/driving1/build/lib/driving1
[0.719s] copying driving1/kitchen_gui.py -> /home/sujeong/rokey2_D1_Driving1/build/driving1/build/lib/driving1
[0.720s] copying driving1/dbStock.py -> /home/sujeong/rokey2_D1_Driving1/build/driving1/build/lib/driving1
[0.720s] copying driving1/create_tables.py -> /home/sujeong/rokey2_D1_Driving1/build/driving1/build/lib/driving1
[0.720s] copying driving1/OrderSubscriber.py -> /home/sujeong/rokey2_D1_Driving1/build/driving1/build/lib/driving1
[0.720s] running install
[0.723s] running install_lib
[0.733s] copying /home/sujeong/rokey2_D1_Driving1/build/driving1/build/lib/driving1/jokitchen.py -> /home/sujeong/rokey2_D1_Driving1/install/driving1/lib/python3.10/site-packages/driving1
[0.734s] copying /home/sujeong/rokey2_D1_Driving1/build/driving1/build/lib/driving1/dbStock.py -> /home/sujeong/rokey2_D1_Driving1/install/driving1/lib/python3.10/site-packages/driving1
[0.734s] copying /home/sujeong/rokey2_D1_Driving1/build/driving1/build/lib/driving1/create_tables.py -> /home/sujeong/rokey2_D1_Driving1/install/driving1/lib/python3.10/site-packages/driving1
[0.734s] copying /home/sujeong/rokey2_D1_Driving1/build/driving1/build/lib/driving1/OrderSubscriber.py -> /home/sujeong/rokey2_D1_Driving1/install/driving1/lib/python3.10/site-packages/driving1
[0.734s] byte-compiling /home/sujeong/rokey2_D1_Driving1/install/driving1/lib/python3.10/site-packages/driving1/jokitchen.py to jokitchen.cpython-310.pyc
[0.735s] byte-compiling /home/sujeong/rokey2_D1_Driving1/install/driving1/lib/python3.10/site-packages/driving1/dbStock.py to dbStock.cpython-310.pyc
[0.736s] byte-compiling /home/sujeong/rokey2_D1_Driving1/install/driving1/lib/python3.10/site-packages/driving1/create_tables.py to create_tables.cpython-310.pyc
[0.736s] byte-compiling /home/sujeong/rokey2_D1_Driving1/install/driving1/lib/python3.10/site-packages/driving1/OrderSubscriber.py to OrderSubscriber.cpython-310.pyc
[0.736s] running install_data
[0.736s] copying resource/driving1 -> /home/sujeong/rokey2_D1_Driving1/install/driving1/share/ament_index/resource_index/packages
[0.737s] copying package.xml -> /home/sujeong/rokey2_D1_Driving1/install/driving1/share/driving1
[0.737s] running install_egg_info
[0.748s] removing '/home/sujeong/rokey2_D1_Driving1/install/driving1/lib/python3.10/site-packages/driving1-0.0.0-py3.10.egg-info' (and everything under it)
[0.748s] Copying ../../build/driving1/driving1.egg-info to /home/sujeong/rokey2_D1_Driving1/install/driving1/lib/python3.10/site-packages/driving1-0.0.0-py3.10.egg-info
[0.748s] running install_scripts
[0.832s] Installing kitchen_gui script to /home/sujeong/rokey2_D1_Driving1/install/driving1/lib/driving1
[0.833s] writing list of installed files to '/home/sujeong/rokey2_D1_Driving1/build/driving1/install.log'
[0.851s] Invoked command in '/home/sujeong/rokey2_D1_Driving1/src/driving1' returned '0': PYTHONPATH=/home/sujeong/rokey2_D1_Driving1/build/driving1/prefix_override:/usr/lib/python3/dist-packages/colcon_core/task/python/colcon_distutils_commands:/home/sujeong/rokey2_D1_Driving1/install/driving1/lib/python3.10/site-packages:${PYTHONPATH} /usr/bin/python3 -W ignore:setup.py install is deprecated -W ignore:easy_install command is deprecated setup.py egg_info --egg-base ../../build/driving1 build --build-base /home/sujeong/rokey2_D1_Driving1/build/driving1/build install --record /home/sujeong/rokey2_D1_Driving1/build/driving1/install.log --single-version-externally-managed install_data
